[ 2018-05-13T21:06:12+08:00 ] ::1 /thinkphp/upload/XQ/small_IMG_20180513013110_877.jpg
INFO: [ app_init ] --START--
INFO: Run Behavior\BuildLiteBehavior [ RunTime:0.000043s ]
INFO: [ app_init ] --END-- [ RunTime:0.001230s ]
ERR: 无法加载模块:Upload

[ 2018-05-13T21:08:44+08:00 ] ::1 /thinkphp//upload/XQ/small_IMG_20180512233054_881.jpg
INFO: [ app_init ] --START--
INFO: Run Behavior\BuildLiteBehavior [ RunTime:0.000037s ]
INFO: [ app_init ] --END-- [ RunTime:0.000698s ]
ERR: 无法加载模块:Upload

[ 2018-05-13T21:08:49+08:00 ] ::1 /thinkphp//upload/XQ/small_IMG_20180512233054_881.jpg
INFO: [ app_init ] --START--
INFO: Run Behavior\BuildLiteBehavior [ RunTime:0.000040s ]
INFO: [ app_init ] --END-- [ RunTime:0.000843s ]
ERR: 无法加载模块:Upload

[ 2018-05-13T21:08:56+08:00 ] ::1 /thinkphp/upload/XQ/small_IMG_20180512233054_881.jpg
INFO: [ app_init ] --START--
INFO: Run Behavior\BuildLiteBehavior [ RunTime:0.000022s ]
INFO: [ app_init ] --END-- [ RunTime:0.000530s ]
ERR: 无法加载模块:Upload

