[ 2018-10-14T11:22:06+08:00 ] 192.168.1.103 /thinkphp/app-debug.apk
INFO: [ app_init ] --START--
INFO: Run Behavior\BuildLiteBehavior [ RunTime:0.000051s ]
INFO: [ app_init ] --END-- [ RunTime:0.001452s ]
ERR: 无法加载模块:App-debug

[ 2018-10-14T14:19:48+08:00 ] 192.168.1.103 /thinkphp/app-debug.apk
INFO: [ app_init ] --START--
INFO: Run Behavior\BuildLiteBehavior [ RunTime:0.000040s ]
INFO: [ app_init ] --END-- [ RunTime:0.000793s ]
ERR: 无法加载模块:App-debug

[ 2018-10-14T14:20:16+08:00 ] 192.168.1.103 /thinkphp/app-debug.apk
INFO: [ app_init ] --START--
INFO: Run Behavior\BuildLiteBehavior [ RunTime:0.000030s ]
INFO: [ app_init ] --END-- [ RunTime:0.000720s ]
ERR: 无法加载模块:App-debug

[ 2018-10-14T14:49:06+08:00 ] 192.168.1.103 /thinkphp/app-debug.apk
INFO: [ app_init ] --START--
INFO: Run Behavior\BuildLiteBehavior [ RunTime:0.000029s ]
INFO: [ app_init ] --END-- [ RunTime:0.000788s ]
ERR: 无法加载模块:App-debug

[ 2018-10-14T15:12:24+08:00 ] 192.168.1.103 /thinkphp/app-debug.apk
INFO: [ app_init ] --START--
INFO: Run Behavior\BuildLiteBehavior [ RunTime:0.000029s ]
INFO: [ app_init ] --END-- [ RunTime:0.000805s ]
ERR: 无法加载模块:App-debug

