[ 2018-05-20T22:54:47+08:00 ] 192.168.1.103 /thinkphp/Sample_Mjmz/User/login?userName=wys30201&password=123456
INFO: [ app_init ] --START--
INFO: Run Behavior\BuildLiteBehavior [ RunTime:0.000034s ]
INFO: [ app_init ] --END-- [ RunTime:0.009024s ]
INFO: [ app_begin ] --START--
INFO: Run Behavior\ReadHtmlCacheBehavior [ RunTime:0.012469s ]
INFO: [ app_begin ] --END-- [ RunTime:0.012603s ]
SQL: SHOW COLUMNS FROM `xq_user` [ RunTime:0.2010s ]
SQL: SELECT * FROM `xq_user` WHERE ( user_name='wys30201' )  [ RunTime:0.1136s ]
SQL: SELECT * FROM `xq_user` WHERE ( user_name='wys30201' ) LIMIT 1   [ RunTime:0.0006s ]
SQL: SHOW COLUMNS FROM `xq_user_info` [ RunTime:0.0671s ]
SQL: SELECT `user_id`,`user_name`,`nick_name`,`gender`,`level`,`balance`,`age`,`tall`,`scholling`,`professional`,`native_place`,`marrige`,`job_address`,`phone`,`head_image`,`create_time`,`modify_time` FROM `xq_user_info` WHERE ( user_name='wys30201' ) LIMIT 1   [ RunTime:0.0009s ]
NOTIC: [8] Use of undefined constant COM - assumed 'COM' E:\xampp\htdocs\thinkphp\Application\Sample_Mjmz\Controller\BaseController.class.php 第 28 行.
NOTIC: [2] key() expects parameter 1 to be array, null given E:\xampp\htdocs\thinkphp\Application\Sample_Mjmz\Controller\BaseController.class.php 第 39 行.
NOTIC: [8] Undefined index: type E:\xampp\htdocs\thinkphp\Application\Sample_Mjmz\Controller\BaseController.class.php 第 57 行.

[ 2018-05-20T22:55:10+08:00 ] 192.168.1.103 /thinkphp/Sample_Mjmz/User/updateUserInfo?native_place=%E6%B9%96%E5%8D%97&phone=&job_address=&nickName=%E9%A3%8E%E9%9B%A8&age=0&marrige=0&gender=%E7%94%B7&userName=wys30201&professional=&scholling=&tall=0
INFO: [ app_init ] --START--
INFO: Run Behavior\BuildLiteBehavior [ RunTime:0.000028s ]
INFO: [ app_init ] --END-- [ RunTime:0.000889s ]
INFO: [ app_begin ] --START--
INFO: Run Behavior\ReadHtmlCacheBehavior [ RunTime:0.001020s ]
INFO: [ app_begin ] --END-- [ RunTime:0.001202s ]
SQL: SHOW COLUMNS FROM `xq_user_info` [ RunTime:0.0037s ]
SQL: SHOW COLUMNS FROM `xq_user` [ RunTime:0.0095s ]
SQL: SELECT * FROM `xq_user` WHERE ( user_name='wys30201' )  [ RunTime:0.0005s ]
NOTIC: [8] Undefined index: user_id E:\xampp\htdocs\thinkphp\Application\Sample_Mjmz\Utils\SqlManager.class.php 第 106 行.
SQL: SELECT * FROM `xq_user_info` WHERE ( user_name='wys30201' )  [ RunTime:0.0005s ]
SQL: UPDATE `xq_user_info` SET `user_name`='wys30201',`nick_name`='风雨',`gender`='男',`user_id`=NULL,`modify_time`='2018-05-20 22:55:09' WHERE ( user_name='wys30201' ) [ RunTime:0.1768s ]
SQL: SELECT `user_id`,`user_name`,`nick_name`,`gender`,`level`,`balance`,`age`,`tall`,`scholling`,`professional`,`native_place`,`marrige`,`job_address`,`phone`,`head_image`,`create_time`,`modify_time` FROM `xq_user_info` WHERE ( user_name='wys30201' ) LIMIT 1   [ RunTime:0.0011s ]
NOTIC: [8] Use of undefined constant COM - assumed 'COM' E:\xampp\htdocs\thinkphp\Application\Sample_Mjmz\Controller\BaseController.class.php 第 28 行.
NOTIC: [2] key() expects parameter 1 to be array, null given E:\xampp\htdocs\thinkphp\Application\Sample_Mjmz\Controller\BaseController.class.php 第 39 行.
NOTIC: [8] Undefined index: type E:\xampp\htdocs\thinkphp\Application\Sample_Mjmz\Controller\BaseController.class.php 第 57 行.

[ 2018-05-20T22:57:16+08:00 ] ::1 /thinkphp/Sample_Mjmz/user/updateUserInfo?userName=wys30201&type=0&nickName=%E5%AD%A4%E5%8D%95%E7%9A%84%E4%BA%BA&gender=%E7%94%B7
INFO: [ app_init ] --START--
INFO: Run Behavior\BuildLiteBehavior [ RunTime:0.000025s ]
INFO: [ app_init ] --END-- [ RunTime:0.000635s ]
INFO: [ app_begin ] --START--
INFO: Run Behavior\ReadHtmlCacheBehavior [ RunTime:0.001156s ]
INFO: [ app_begin ] --END-- [ RunTime:0.001342s ]
NOTIC: [8] Undefined index: age E:\xampp\htdocs\thinkphp\Application\Sample_Mjmz\Controller\UserController.class.php 第 92 行.
NOTIC: [8] Undefined index: tall E:\xampp\htdocs\thinkphp\Application\Sample_Mjmz\Controller\UserController.class.php 第 93 行.
NOTIC: [8] Undefined index: scholling E:\xampp\htdocs\thinkphp\Application\Sample_Mjmz\Controller\UserController.class.php 第 94 行.
NOTIC: [8] Undefined index: professional E:\xampp\htdocs\thinkphp\Application\Sample_Mjmz\Controller\UserController.class.php 第 95 行.
NOTIC: [8] Undefined index: native_place E:\xampp\htdocs\thinkphp\Application\Sample_Mjmz\Controller\UserController.class.php 第 96 行.
NOTIC: [8] Undefined index: marrige E:\xampp\htdocs\thinkphp\Application\Sample_Mjmz\Controller\UserController.class.php 第 97 行.
NOTIC: [8] Undefined index: job_address E:\xampp\htdocs\thinkphp\Application\Sample_Mjmz\Controller\UserController.class.php 第 98 行.
NOTIC: [8] Undefined index: phone E:\xampp\htdocs\thinkphp\Application\Sample_Mjmz\Controller\UserController.class.php 第 99 行.
SQL: SHOW COLUMNS FROM `xq_user_info` [ RunTime:0.0058s ]
SQL: SHOW COLUMNS FROM `xq_user` [ RunTime:0.0108s ]
SQL: SELECT * FROM `xq_user` WHERE ( user_name='wys30201' )  [ RunTime:0.0004s ]
NOTIC: [8] Undefined index: user_id E:\xampp\htdocs\thinkphp\Application\Sample_Mjmz\Utils\SqlManager.class.php 第 106 行.
SQL: SELECT * FROM `xq_user_info` WHERE ( user_name='wys30201' )  [ RunTime:0.0003s ]
SQL: UPDATE `xq_user_info` SET `user_name`='wys30201',`nick_name`='孤单的人',`gender`='男',`user_id`=NULL,`modify_time`='2018-05-20 22:57:16' WHERE ( user_name='wys30201' ) [ RunTime:0.3847s ]
SQL: SELECT `user_id`,`user_name`,`nick_name`,`gender`,`level`,`balance`,`age`,`tall`,`scholling`,`professional`,`native_place`,`marrige`,`job_address`,`phone`,`head_image`,`create_time`,`modify_time` FROM `xq_user_info` WHERE ( user_name='wys30201' ) LIMIT 1   [ RunTime:0.0479s ]
NOTIC: [8] Use of undefined constant COM - assumed 'COM' E:\xampp\htdocs\thinkphp\Application\Sample_Mjmz\Controller\BaseController.class.php 第 28 行.
NOTIC: [2] key() expects parameter 1 to be array, null given E:\xampp\htdocs\thinkphp\Application\Sample_Mjmz\Controller\BaseController.class.php 第 39 行.

