[ 2018-08-23T22:23:07+08:00 ] 192.168.1.101 /thinkphp/Sample_Mjmz/User/login?userName=wys30201&password=123456
INFO: [ app_init ] --START--
INFO: Run Behavior\BuildLiteBehavior [ RunTime:0.000028s ]
INFO: [ app_init ] --END-- [ RunTime:0.024535s ]
INFO: [ app_begin ] --START--
INFO: Run Behavior\ReadHtmlCacheBehavior [ RunTime:0.008315s ]
INFO: [ app_begin ] --END-- [ RunTime:0.008681s ]
SQL: SHOW COLUMNS FROM `xq_user` [ RunTime:0.1489s ]
SQL: SELECT * FROM `xq_user` WHERE ( user_name='wys30201' )  [ RunTime:0.0315s ]
SQL: SELECT * FROM `xq_user` WHERE ( user_name='wys30201' ) LIMIT 1   [ RunTime:0.0005s ]
SQL: SHOW COLUMNS FROM `xq_user_info` [ RunTime:0.0698s ]
SQL: SELECT `user_id`,`user_name`,`nick_name`,`gender`,`role_type`,`level`,`balance`,`age`,`tall`,`scholling`,`professional`,`native_place`,`marrige`,`job_address`,`phone`,`head_image`,`create_time`,`modify_time` FROM `xq_user_info` WHERE ( user_name='wys30201' ) LIMIT 1   [ RunTime:0.0005s ]
NOTIC: [8] Use of undefined constant COM - assumed 'COM' E:\xampp\htdocs\thinkphp\Application\Sample_Mjmz\Controller\BaseController.class.php 第 28 行.
NOTIC: [2] key() expects parameter 1 to be array, null given E:\xampp\htdocs\thinkphp\Application\Sample_Mjmz\Controller\BaseController.class.php 第 39 行.
NOTIC: [8] Undefined index: type E:\xampp\htdocs\thinkphp\Application\Sample_Mjmz\Controller\BaseController.class.php 第 57 行.

[ 2018-08-23T22:23:55+08:00 ] 192.168.1.101 /thinkphp/Sample_Mjmz/JMessage/createChartRoom?limitAngel=1&gender=%E7%94%B7&limitLevel=-1&userName=wys30201&limitLady=2&limitMan=1&level=0
INFO: [ app_init ] --START--
INFO: Run Behavior\BuildLiteBehavior [ RunTime:0.000030s ]
INFO: [ app_init ] --END-- [ RunTime:0.000610s ]
INFO: [ app_begin ] --START--
INFO: Run Behavior\ReadHtmlCacheBehavior [ RunTime:0.000858s ]
INFO: [ app_begin ] --END-- [ RunTime:0.000981s ]
SQL: SHOW COLUMNS FROM `xq_user_info` [ RunTime:0.0032s ]
SQL: SELECT `user_id`,`user_name`,`nick_name`,`gender`,`role_type`,`level`,`balance`,`age`,`tall`,`scholling`,`professional`,`native_place`,`marrige`,`job_address`,`phone`,`head_image`,`create_time`,`modify_time` FROM `xq_user_info` WHERE ( user_name='wys30201' ) LIMIT 1   [ RunTime:0.0005s ]
NOTIC: [8] Undefined index: error E:\xampp\htdocs\thinkphp\Application\Sample_Mjmz\Custom\Jchart\JMChartRoomHandler.class.php 第 57 行.
NOTIC: [8] Use of undefined constant COM - assumed 'COM' E:\xampp\htdocs\thinkphp\Application\Sample_Mjmz\Controller\BaseController.class.php 第 28 行.
NOTIC: [2] key() expects parameter 1 to be array, null given E:\xampp\htdocs\thinkphp\Application\Sample_Mjmz\Controller\BaseController.class.php 第 39 行.
NOTIC: [8] Undefined index: type E:\xampp\htdocs\thinkphp\Application\Sample_Mjmz\Controller\BaseController.class.php 第 57 行.

[ 2018-08-23T22:24:14+08:00 ] 192.168.1.101 /thinkphp/Sample_Mjmz/JMessage/exitChartRoom?userName=wys30201&roomId=12614355
INFO: [ app_init ] --START--
INFO: Run Behavior\BuildLiteBehavior [ RunTime:0.000040s ]
INFO: [ app_init ] --END-- [ RunTime:0.002016s ]
INFO: [ app_begin ] --START--
INFO: Run Behavior\ReadHtmlCacheBehavior [ RunTime:0.002830s ]
INFO: [ app_begin ] --END-- [ RunTime:0.003035s ]
NOTIC: [8] Use of undefined constant COM - assumed 'COM' E:\xampp\htdocs\thinkphp\Application\Sample_Mjmz\Controller\BaseController.class.php 第 28 行.
NOTIC: [2] key() expects parameter 1 to be array, null given E:\xampp\htdocs\thinkphp\Application\Sample_Mjmz\Controller\BaseController.class.php 第 39 行.
NOTIC: [8] Undefined index: type E:\xampp\htdocs\thinkphp\Application\Sample_Mjmz\Controller\BaseController.class.php 第 57 行.

[ 2018-08-23T22:24:20+08:00 ] 192.168.1.101 /thinkphp/Sample_Mjmz/JMessage/createChartRoom?limitAngel=1&gender=%E7%94%B7&limitLevel=-1&userName=wys30201&limitLady=2&limitMan=1&level=0
INFO: [ app_init ] --START--
INFO: Run Behavior\BuildLiteBehavior [ RunTime:0.000035s ]
INFO: [ app_init ] --END-- [ RunTime:0.000978s ]
INFO: [ app_begin ] --START--
INFO: Run Behavior\ReadHtmlCacheBehavior [ RunTime:0.000863s ]
INFO: [ app_begin ] --END-- [ RunTime:0.000970s ]
SQL: SHOW COLUMNS FROM `xq_user_info` [ RunTime:0.0035s ]
SQL: SELECT `user_id`,`user_name`,`nick_name`,`gender`,`role_type`,`level`,`balance`,`age`,`tall`,`scholling`,`professional`,`native_place`,`marrige`,`job_address`,`phone`,`head_image`,`create_time`,`modify_time` FROM `xq_user_info` WHERE ( user_name='wys30201' ) LIMIT 1   [ RunTime:0.0005s ]
NOTIC: [8] Undefined index: error E:\xampp\htdocs\thinkphp\Application\Sample_Mjmz\Custom\Jchart\JMChartRoomHandler.class.php 第 57 行.
NOTIC: [8] Use of undefined constant COM - assumed 'COM' E:\xampp\htdocs\thinkphp\Application\Sample_Mjmz\Controller\BaseController.class.php 第 28 行.
NOTIC: [2] key() expects parameter 1 to be array, null given E:\xampp\htdocs\thinkphp\Application\Sample_Mjmz\Controller\BaseController.class.php 第 39 行.
NOTIC: [8] Undefined index: type E:\xampp\htdocs\thinkphp\Application\Sample_Mjmz\Controller\BaseController.class.php 第 57 行.

[ 2018-08-23T22:25:52+08:00 ] 192.168.1.101 /thinkphp/Sample_Mjmz/JMessage/exitChartRoom?userName=wys30201&roomId=15005748
INFO: [ app_init ] --START--
INFO: Run Behavior\BuildLiteBehavior [ RunTime:0.000035s ]
INFO: [ app_init ] --END-- [ RunTime:0.000713s ]
INFO: [ app_begin ] --START--
INFO: Run Behavior\ReadHtmlCacheBehavior [ RunTime:0.001498s ]
INFO: [ app_begin ] --END-- [ RunTime:0.001666s ]
NOTIC: [8] Use of undefined constant COM - assumed 'COM' E:\xampp\htdocs\thinkphp\Application\Sample_Mjmz\Controller\BaseController.class.php 第 28 行.
NOTIC: [2] key() expects parameter 1 to be array, null given E:\xampp\htdocs\thinkphp\Application\Sample_Mjmz\Controller\BaseController.class.php 第 39 行.
NOTIC: [8] Undefined index: type E:\xampp\htdocs\thinkphp\Application\Sample_Mjmz\Controller\BaseController.class.php 第 57 行.

[ 2018-08-23T22:26:02+08:00 ] 192.168.1.101 /thinkphp/Sample_Mjmz/JMessage/createChartRoom?limitAngel=1&gender=%E7%94%B7&limitLevel=-1&userName=wys30201&limitLady=2&limitMan=1&level=0
INFO: [ app_init ] --START--
INFO: Run Behavior\BuildLiteBehavior [ RunTime:0.000043s ]
INFO: [ app_init ] --END-- [ RunTime:0.000973s ]
INFO: [ app_begin ] --START--
INFO: Run Behavior\ReadHtmlCacheBehavior [ RunTime:0.000970s ]
INFO: [ app_begin ] --END-- [ RunTime:0.001062s ]
SQL: SHOW COLUMNS FROM `xq_user_info` [ RunTime:0.0042s ]
SQL: SELECT `user_id`,`user_name`,`nick_name`,`gender`,`role_type`,`level`,`balance`,`age`,`tall`,`scholling`,`professional`,`native_place`,`marrige`,`job_address`,`phone`,`head_image`,`create_time`,`modify_time` FROM `xq_user_info` WHERE ( user_name='wys30201' ) LIMIT 1   [ RunTime:0.0005s ]
NOTIC: [8] Undefined index: error E:\xampp\htdocs\thinkphp\Application\Sample_Mjmz\Custom\Jchart\JMChartRoomHandler.class.php 第 57 行.
NOTIC: [8] Use of undefined constant COM - assumed 'COM' E:\xampp\htdocs\thinkphp\Application\Sample_Mjmz\Controller\BaseController.class.php 第 28 行.
NOTIC: [2] key() expects parameter 1 to be array, null given E:\xampp\htdocs\thinkphp\Application\Sample_Mjmz\Controller\BaseController.class.php 第 39 行.
NOTIC: [8] Undefined index: type E:\xampp\htdocs\thinkphp\Application\Sample_Mjmz\Controller\BaseController.class.php 第 57 行.

[ 2018-08-23T22:28:55+08:00 ] 192.168.1.101 /thinkphp/Sample_Mjmz/JMessage/exitChartRoom?userName=wys30201&roomId=12614357
INFO: [ app_init ] --START--
INFO: Run Behavior\BuildLiteBehavior [ RunTime:0.000041s ]
INFO: [ app_init ] --END-- [ RunTime:0.001050s ]
INFO: [ app_begin ] --START--
INFO: Run Behavior\ReadHtmlCacheBehavior [ RunTime:0.001325s ]
INFO: [ app_begin ] --END-- [ RunTime:0.001480s ]
NOTIC: [8] Use of undefined constant COM - assumed 'COM' E:\xampp\htdocs\thinkphp\Application\Sample_Mjmz\Controller\BaseController.class.php 第 28 行.
NOTIC: [2] key() expects parameter 1 to be array, null given E:\xampp\htdocs\thinkphp\Application\Sample_Mjmz\Controller\BaseController.class.php 第 39 行.
NOTIC: [8] Undefined index: type E:\xampp\htdocs\thinkphp\Application\Sample_Mjmz\Controller\BaseController.class.php 第 57 行.

[ 2018-08-23T22:29:06+08:00 ] 192.168.1.101 /thinkphp/Sample_Mjmz/JMessage/createChartRoom?limitAngel=1&gender=%E7%94%B7&limitLevel=-1&userName=wys30201&limitLady=2&limitMan=1&level=0
INFO: [ app_init ] --START--
INFO: Run Behavior\BuildLiteBehavior [ RunTime:0.000043s ]
INFO: [ app_init ] --END-- [ RunTime:0.000890s ]
INFO: [ app_begin ] --START--
INFO: Run Behavior\ReadHtmlCacheBehavior [ RunTime:0.000832s ]
INFO: [ app_begin ] --END-- [ RunTime:0.000941s ]
SQL: SHOW COLUMNS FROM `xq_user_info` [ RunTime:0.0033s ]
SQL: SELECT `user_id`,`user_name`,`nick_name`,`gender`,`role_type`,`level`,`balance`,`age`,`tall`,`scholling`,`professional`,`native_place`,`marrige`,`job_address`,`phone`,`head_image`,`create_time`,`modify_time` FROM `xq_user_info` WHERE ( user_name='wys30201' ) LIMIT 1   [ RunTime:0.0005s ]
NOTIC: [8] Undefined index: error E:\xampp\htdocs\thinkphp\Application\Sample_Mjmz\Custom\Jchart\JMChartRoomHandler.class.php 第 57 行.
NOTIC: [8] Use of undefined constant COM - assumed 'COM' E:\xampp\htdocs\thinkphp\Application\Sample_Mjmz\Controller\BaseController.class.php 第 28 行.
NOTIC: [2] key() expects parameter 1 to be array, null given E:\xampp\htdocs\thinkphp\Application\Sample_Mjmz\Controller\BaseController.class.php 第 39 行.
NOTIC: [8] Undefined index: type E:\xampp\htdocs\thinkphp\Application\Sample_Mjmz\Controller\BaseController.class.php 第 57 行.

[ 2018-08-23T22:44:13+08:00 ] 192.168.1.101 /thinkphp/Sample_Mjmz/User/login?userName=wys30201&password=123456
INFO: [ app_init ] --START--
INFO: Run Behavior\BuildLiteBehavior [ RunTime:0.000039s ]
INFO: [ app_init ] --END-- [ RunTime:0.000906s ]
INFO: [ app_begin ] --START--
INFO: Run Behavior\ReadHtmlCacheBehavior [ RunTime:0.001238s ]
INFO: [ app_begin ] --END-- [ RunTime:0.001405s ]
SQL: SHOW COLUMNS FROM `xq_user` [ RunTime:0.0043s ]
SQL: SELECT * FROM `xq_user` WHERE ( user_name='wys30201' )  [ RunTime:0.0004s ]
SQL: SELECT * FROM `xq_user` WHERE ( user_name='wys30201' ) LIMIT 1   [ RunTime:0.0005s ]
SQL: SHOW COLUMNS FROM `xq_user_info` [ RunTime:0.0077s ]
SQL: SELECT `user_id`,`user_name`,`nick_name`,`gender`,`role_type`,`level`,`balance`,`age`,`tall`,`scholling`,`professional`,`native_place`,`marrige`,`job_address`,`phone`,`head_image`,`create_time`,`modify_time` FROM `xq_user_info` WHERE ( user_name='wys30201' ) LIMIT 1   [ RunTime:0.0006s ]
NOTIC: [8] Use of undefined constant COM - assumed 'COM' E:\xampp\htdocs\thinkphp\Application\Sample_Mjmz\Controller\BaseController.class.php 第 28 行.
NOTIC: [2] key() expects parameter 1 to be array, null given E:\xampp\htdocs\thinkphp\Application\Sample_Mjmz\Controller\BaseController.class.php 第 39 行.
NOTIC: [8] Undefined index: type E:\xampp\htdocs\thinkphp\Application\Sample_Mjmz\Controller\BaseController.class.php 第 57 行.

[ 2018-08-23T22:45:07+08:00 ] 192.168.1.101 /thinkphp/Sample_Mjmz/JMessage/createChartRoom?limitAngel=1&gender=%E7%94%B7&limitLevel=-1&userName=wys30201&limitLady=2&limitMan=1&level=0
INFO: [ app_init ] --START--
INFO: Run Behavior\BuildLiteBehavior [ RunTime:0.000039s ]
INFO: [ app_init ] --END-- [ RunTime:0.001009s ]
INFO: [ app_begin ] --START--
INFO: Run Behavior\ReadHtmlCacheBehavior [ RunTime:0.001407s ]
INFO: [ app_begin ] --END-- [ RunTime:0.001537s ]
SQL: SHOW COLUMNS FROM `xq_user_info` [ RunTime:0.0042s ]
SQL: SELECT `user_id`,`user_name`,`nick_name`,`gender`,`role_type`,`level`,`balance`,`age`,`tall`,`scholling`,`professional`,`native_place`,`marrige`,`job_address`,`phone`,`head_image`,`create_time`,`modify_time` FROM `xq_user_info` WHERE ( user_name='wys30201' ) LIMIT 1   [ RunTime:0.0006s ]
NOTIC: [8] Undefined index: error E:\xampp\htdocs\thinkphp\Application\Sample_Mjmz\Custom\Jchart\JMChartRoomHandler.class.php 第 57 行.
NOTIC: [8] Use of undefined constant COM - assumed 'COM' E:\xampp\htdocs\thinkphp\Application\Sample_Mjmz\Controller\BaseController.class.php 第 28 行.
NOTIC: [2] key() expects parameter 1 to be array, null given E:\xampp\htdocs\thinkphp\Application\Sample_Mjmz\Controller\BaseController.class.php 第 39 行.
NOTIC: [8] Undefined index: type E:\xampp\htdocs\thinkphp\Application\Sample_Mjmz\Controller\BaseController.class.php 第 57 行.

[ 2018-08-23T22:50:23+08:00 ] 192.168.1.101 /thinkphp/Sample_Mjmz/User/login?userName=wys30201&password=123456
INFO: [ app_init ] --START--
INFO: Run Behavior\BuildLiteBehavior [ RunTime:0.000046s ]
INFO: [ app_init ] --END-- [ RunTime:0.001111s ]
INFO: [ app_begin ] --START--
INFO: Run Behavior\ReadHtmlCacheBehavior [ RunTime:0.001771s ]
INFO: [ app_begin ] --END-- [ RunTime:0.001992s ]
SQL: SHOW COLUMNS FROM `xq_user` [ RunTime:0.0325s ]
SQL: SELECT * FROM `xq_user` WHERE ( user_name='wys30201' )  [ RunTime:0.0005s ]
SQL: SELECT * FROM `xq_user` WHERE ( user_name='wys30201' ) LIMIT 1   [ RunTime:0.0008s ]
SQL: SHOW COLUMNS FROM `xq_user_info` [ RunTime:0.2030s ]
SQL: SELECT `user_id`,`user_name`,`nick_name`,`gender`,`role_type`,`level`,`balance`,`age`,`tall`,`scholling`,`professional`,`native_place`,`marrige`,`job_address`,`phone`,`head_image`,`create_time`,`modify_time` FROM `xq_user_info` WHERE ( user_name='wys30201' ) LIMIT 1   [ RunTime:0.0007s ]
NOTIC: [8] Use of undefined constant COM - assumed 'COM' E:\xampp\htdocs\thinkphp\Application\Sample_Mjmz\Controller\BaseController.class.php 第 28 行.
NOTIC: [2] key() expects parameter 1 to be array, null given E:\xampp\htdocs\thinkphp\Application\Sample_Mjmz\Controller\BaseController.class.php 第 39 行.
NOTIC: [8] Undefined index: type E:\xampp\htdocs\thinkphp\Application\Sample_Mjmz\Controller\BaseController.class.php 第 57 行.

[ 2018-08-23T22:54:14+08:00 ] ::1 /thinkphp/Sample_Mjmz/JMessage/deleteChartRoom?roomId=12536521&type=0
INFO: [ app_init ] --START--
INFO: Run Behavior\BuildLiteBehavior [ RunTime:0.000047s ]
INFO: [ app_init ] --END-- [ RunTime:0.000897s ]
INFO: [ app_begin ] --START--
INFO: Run Behavior\ReadHtmlCacheBehavior [ RunTime:0.001195s ]
INFO: [ app_begin ] --END-- [ RunTime:0.001482s ]
NOTIC: [8] Undefined index: chartRoom_12536521 E:\xampp\htdocs\thinkphp\Application\Sample_Mjmz\Controller\JMessageController.class.php 第 189 行.

[ 2018-08-23T22:54:48+08:00 ] ::1 /thinkphp/Sample_Mjmz/JMessage/getArrays?type=0
INFO: [ app_init ] --START--
INFO: Run Behavior\BuildLiteBehavior [ RunTime:0.000047s ]
INFO: [ app_init ] --END-- [ RunTime:0.001181s ]
INFO: [ app_begin ] --START--
INFO: Run Behavior\ReadHtmlCacheBehavior [ RunTime:0.002057s ]
INFO: [ app_begin ] --END-- [ RunTime:0.002272s ]
NOTIC: [8] Use of undefined constant COM - assumed 'COM' E:\xampp\htdocs\thinkphp\Application\Sample_Mjmz\Controller\BaseController.class.php 第 28 行.
NOTIC: [2] key() expects parameter 1 to be array, null given E:\xampp\htdocs\thinkphp\Application\Sample_Mjmz\Controller\BaseController.class.php 第 39 行.

[ 2018-08-23T22:54:59+08:00 ] ::1 /thinkphp/Sample_Mjmz/JMessage/deleteChartRoom?roomId=10072986&type=0
INFO: [ app_init ] --START--
INFO: Run Behavior\BuildLiteBehavior [ RunTime:0.000026s ]
INFO: [ app_init ] --END-- [ RunTime:0.000792s ]
INFO: [ app_begin ] --START--
INFO: Run Behavior\ReadHtmlCacheBehavior [ RunTime:0.001050s ]
INFO: [ app_begin ] --END-- [ RunTime:0.001207s ]

[ 2018-08-23T22:55:10+08:00 ] ::1 /thinkphp/Sample_Mjmz/JMessage/deleteChartRoom?roomId=15005762&type=0
INFO: [ app_init ] --START--
INFO: Run Behavior\BuildLiteBehavior [ RunTime:0.000022s ]
INFO: [ app_init ] --END-- [ RunTime:0.000523s ]
INFO: [ app_begin ] --START--
INFO: Run Behavior\ReadHtmlCacheBehavior [ RunTime:0.001073s ]
INFO: [ app_begin ] --END-- [ RunTime:0.001210s ]
NOTIC: [8] Use of undefined constant COM - assumed 'COM' E:\xampp\htdocs\thinkphp\Application\Sample_Mjmz\Controller\BaseController.class.php 第 28 行.
NOTIC: [2] key() expects parameter 1 to be array, null given E:\xampp\htdocs\thinkphp\Application\Sample_Mjmz\Controller\BaseController.class.php 第 39 行.

[ 2018-08-23T22:55:17+08:00 ] ::1 /thinkphp/Sample_Mjmz/JMessage/deleteChartRoom?roomId=12614363&type=0
INFO: [ app_init ] --START--
INFO: Run Behavior\BuildLiteBehavior [ RunTime:0.000028s ]
INFO: [ app_init ] --END-- [ RunTime:0.000762s ]
INFO: [ app_begin ] --START--
INFO: Run Behavior\ReadHtmlCacheBehavior [ RunTime:0.001599s ]
INFO: [ app_begin ] --END-- [ RunTime:0.001806s ]
NOTIC: [8] Use of undefined constant COM - assumed 'COM' E:\xampp\htdocs\thinkphp\Application\Sample_Mjmz\Controller\BaseController.class.php 第 28 行.
NOTIC: [2] key() expects parameter 1 to be array, null given E:\xampp\htdocs\thinkphp\Application\Sample_Mjmz\Controller\BaseController.class.php 第 39 行.

[ 2018-08-23T22:55:20+08:00 ] ::1 /thinkphp/Sample_Mjmz/JMessage/getArrays?type=0
INFO: [ app_init ] --START--
INFO: Run Behavior\BuildLiteBehavior [ RunTime:0.000043s ]
INFO: [ app_init ] --END-- [ RunTime:0.000965s ]
INFO: [ app_begin ] --START--
INFO: Run Behavior\ReadHtmlCacheBehavior [ RunTime:0.000951s ]
INFO: [ app_begin ] --END-- [ RunTime:0.001073s ]
NOTIC: [8] Use of undefined constant COM - assumed 'COM' E:\xampp\htdocs\thinkphp\Application\Sample_Mjmz\Controller\BaseController.class.php 第 28 行.
NOTIC: [2] key() expects parameter 1 to be array, null given E:\xampp\htdocs\thinkphp\Application\Sample_Mjmz\Controller\BaseController.class.php 第 39 行.

[ 2018-08-23T22:55:27+08:00 ] ::1 /thinkphp/Sample_Mjmz/JMessage/deleteChartRoom?roomId=10072986&type=0
INFO: [ app_init ] --START--
INFO: Run Behavior\BuildLiteBehavior [ RunTime:0.000024s ]
INFO: [ app_init ] --END-- [ RunTime:0.000600s ]
INFO: [ app_begin ] --START--
INFO: Run Behavior\ReadHtmlCacheBehavior [ RunTime:0.000687s ]
INFO: [ app_begin ] --END-- [ RunTime:0.000770s ]

[ 2018-08-23T22:55:34+08:00 ] ::1 /thinkphp/Sample_Mjmz/JMessage/getArrays?type=0
INFO: [ app_init ] --START--
INFO: Run Behavior\BuildLiteBehavior [ RunTime:0.000039s ]
INFO: [ app_init ] --END-- [ RunTime:0.000799s ]
INFO: [ app_begin ] --START--
INFO: Run Behavior\ReadHtmlCacheBehavior [ RunTime:0.000779s ]
INFO: [ app_begin ] --END-- [ RunTime:0.000871s ]
NOTIC: [8] Use of undefined constant COM - assumed 'COM' E:\xampp\htdocs\thinkphp\Application\Sample_Mjmz\Controller\BaseController.class.php 第 28 行.
NOTIC: [2] key() expects parameter 1 to be array, null given E:\xampp\htdocs\thinkphp\Application\Sample_Mjmz\Controller\BaseController.class.php 第 39 行.

[ 2018-08-23T22:55:43+08:00 ] ::1 /thinkphp/Sample_Mjmz/JMessage/getArrays?type=0
INFO: [ app_init ] --START--
INFO: Run Behavior\BuildLiteBehavior [ RunTime:0.000037s ]
INFO: [ app_init ] --END-- [ RunTime:0.000656s ]
INFO: [ app_begin ] --START--
INFO: Run Behavior\ReadHtmlCacheBehavior [ RunTime:0.001206s ]
INFO: [ app_begin ] --END-- [ RunTime:0.001357s ]
NOTIC: [8] Use of undefined constant COM - assumed 'COM' E:\xampp\htdocs\thinkphp\Application\Sample_Mjmz\Controller\BaseController.class.php 第 28 行.
NOTIC: [2] key() expects parameter 1 to be array, null given E:\xampp\htdocs\thinkphp\Application\Sample_Mjmz\Controller\BaseController.class.php 第 39 行.

[ 2018-08-23T22:55:49+08:00 ] ::1 /thinkphp/Sample_Mjmz/JMessage/getArrays?type=0
INFO: [ app_init ] --START--
INFO: Run Behavior\BuildLiteBehavior [ RunTime:0.000024s ]
INFO: [ app_init ] --END-- [ RunTime:0.000676s ]
INFO: [ app_begin ] --START--
INFO: Run Behavior\ReadHtmlCacheBehavior [ RunTime:0.001297s ]
INFO: [ app_begin ] --END-- [ RunTime:0.001454s ]
NOTIC: [8] Use of undefined constant COM - assumed 'COM' E:\xampp\htdocs\thinkphp\Application\Sample_Mjmz\Controller\BaseController.class.php 第 28 行.
NOTIC: [2] key() expects parameter 1 to be array, null given E:\xampp\htdocs\thinkphp\Application\Sample_Mjmz\Controller\BaseController.class.php 第 39 行.

[ 2018-08-23T22:56:03+08:00 ] ::1 /thinkphp/Sample_Mjmz/JMessage/getArrays?type=0
INFO: [ app_init ] --START--
INFO: Run Behavior\BuildLiteBehavior [ RunTime:0.000024s ]
INFO: [ app_init ] --END-- [ RunTime:0.000725s ]
INFO: [ app_begin ] --START--
INFO: Run Behavior\ReadHtmlCacheBehavior [ RunTime:0.000679s ]
INFO: [ app_begin ] --END-- [ RunTime:0.000797s ]
NOTIC: [8] Use of undefined constant COM - assumed 'COM' E:\xampp\htdocs\thinkphp\Application\Sample_Mjmz\Controller\BaseController.class.php 第 28 行.
NOTIC: [2] key() expects parameter 1 to be array, null given E:\xampp\htdocs\thinkphp\Application\Sample_Mjmz\Controller\BaseController.class.php 第 39 行.

[ 2018-08-23T22:56:07+08:00 ] ::1 /thinkphp/Sample_Mjmz/JMessage/deleteChartRoom?roomId=10072986&type=0
INFO: [ app_init ] --START--
INFO: Run Behavior\BuildLiteBehavior [ RunTime:0.000022s ]
INFO: [ app_init ] --END-- [ RunTime:0.000575s ]
INFO: [ app_begin ] --START--
INFO: Run Behavior\ReadHtmlCacheBehavior [ RunTime:0.000802s ]
INFO: [ app_begin ] --END-- [ RunTime:0.000925s ]

[ 2018-08-23T22:57:37+08:00 ] ::1 /thinkphp/Sample_Mjmz/JMessage/deleteChartRoom?roomId=10072986&type=0
INFO: [ app_init ] --START--
INFO: Run Behavior\BuildLiteBehavior [ RunTime:0.000026s ]
INFO: [ app_init ] --END-- [ RunTime:0.000814s ]
INFO: [ app_begin ] --START--
INFO: Run Behavior\ReadHtmlCacheBehavior [ RunTime:0.000837s ]
INFO: [ app_begin ] --END-- [ RunTime:0.000929s ]

[ 2018-08-23T22:57:40+08:00 ] ::1 /thinkphp/Sample_Mjmz/JMessage/getArrays?type=0
INFO: [ app_init ] --START--
INFO: Run Behavior\BuildLiteBehavior [ RunTime:0.000044s ]
INFO: [ app_init ] --END-- [ RunTime:0.000934s ]
INFO: [ app_begin ] --START--
INFO: Run Behavior\ReadHtmlCacheBehavior [ RunTime:0.001692s ]
INFO: [ app_begin ] --END-- [ RunTime:0.001844s ]
NOTIC: [8] Use of undefined constant COM - assumed 'COM' E:\xampp\htdocs\thinkphp\Application\Sample_Mjmz\Controller\BaseController.class.php 第 28 行.
NOTIC: [2] key() expects parameter 1 to be array, null given E:\xampp\htdocs\thinkphp\Application\Sample_Mjmz\Controller\BaseController.class.php 第 39 行.

[ 2018-08-23T22:57:54+08:00 ] ::1 /thinkphp/Sample_Mjmz/JMessage/getArrays?type=0
INFO: [ app_init ] --START--
INFO: Run Behavior\BuildLiteBehavior [ RunTime:0.000055s ]
INFO: [ app_init ] --END-- [ RunTime:0.001017s ]
INFO: [ app_begin ] --START--
INFO: Run Behavior\ReadHtmlCacheBehavior [ RunTime:0.000840s ]
INFO: [ app_begin ] --END-- [ RunTime:0.000960s ]
NOTIC: [8] Use of undefined constant COM - assumed 'COM' E:\xampp\htdocs\thinkphp\Application\Sample_Mjmz\Controller\BaseController.class.php 第 28 行.
NOTIC: [2] key() expects parameter 1 to be array, null given E:\xampp\htdocs\thinkphp\Application\Sample_Mjmz\Controller\BaseController.class.php 第 39 行.

[ 2018-08-23T22:58:00+08:00 ] ::1 /thinkphp/Sample_Mjmz/JMessage/deleteChartRoom?roomId=10072986&type=0
INFO: [ app_init ] --START--
INFO: Run Behavior\BuildLiteBehavior [ RunTime:0.000023s ]
INFO: [ app_init ] --END-- [ RunTime:0.000640s ]
INFO: [ app_begin ] --START--
INFO: Run Behavior\ReadHtmlCacheBehavior [ RunTime:0.000795s ]
INFO: [ app_begin ] --END-- [ RunTime:0.000924s ]

[ 2018-08-23T22:58:15+08:00 ] ::1 /thinkphp/Sample_Mjmz/JMessage/getArrays?type=0
INFO: [ app_init ] --START--
INFO: Run Behavior\BuildLiteBehavior [ RunTime:0.000043s ]
INFO: [ app_init ] --END-- [ RunTime:0.001279s ]
INFO: [ app_begin ] --START--
INFO: Run Behavior\ReadHtmlCacheBehavior [ RunTime:0.000903s ]
INFO: [ app_begin ] --END-- [ RunTime:0.001048s ]
NOTIC: [8] Use of undefined constant COM - assumed 'COM' E:\xampp\htdocs\thinkphp\Application\Sample_Mjmz\Controller\BaseController.class.php 第 28 行.
NOTIC: [2] key() expects parameter 1 to be array, null given E:\xampp\htdocs\thinkphp\Application\Sample_Mjmz\Controller\BaseController.class.php 第 39 行.

[ 2018-08-23T22:59:30+08:00 ] ::1 /thinkphp/Sample_Mjmz/JMessage/deleteChartRoom?roomId=10072986&type=0
INFO: [ app_init ] --START--
INFO: Run Behavior\BuildLiteBehavior [ RunTime:0.000040s ]
INFO: [ app_init ] --END-- [ RunTime:0.000900s ]
INFO: [ app_begin ] --START--
INFO: Run Behavior\ReadHtmlCacheBehavior [ RunTime:0.000853s ]
INFO: [ app_begin ] --END-- [ RunTime:0.000947s ]

[ 2018-08-23T22:59:49+08:00 ] ::1 /thinkphp/Sample_Mjmz/JMessage/deleteChartRoom?roomId=10072986&type=0
INFO: [ app_init ] --START--
INFO: Run Behavior\BuildLiteBehavior [ RunTime:0.000022s ]
INFO: [ app_init ] --END-- [ RunTime:0.000590s ]
INFO: [ app_begin ] --START--
INFO: Run Behavior\ReadHtmlCacheBehavior [ RunTime:0.001217s ]
INFO: [ app_begin ] --END-- [ RunTime:0.001344s ]

[ 2018-08-23T22:59:52+08:00 ] ::1 /thinkphp/Sample_Mjmz/JMessage/deleteChartRoom?roomId=10072986&type=0
INFO: [ app_init ] --START--
INFO: Run Behavior\BuildLiteBehavior [ RunTime:0.000023s ]
INFO: [ app_init ] --END-- [ RunTime:0.000592s ]
INFO: [ app_begin ] --START--
INFO: Run Behavior\ReadHtmlCacheBehavior [ RunTime:0.000750s ]
INFO: [ app_begin ] --END-- [ RunTime:0.000853s ]

[ 2018-08-23T22:59:54+08:00 ] ::1 /thinkphp/Sample_Mjmz/JMessage/deleteChartRoom?roomId=10072986&type=0
INFO: [ app_init ] --START--
INFO: Run Behavior\BuildLiteBehavior [ RunTime:0.000025s ]
INFO: [ app_init ] --END-- [ RunTime:0.000724s ]
INFO: [ app_begin ] --START--
INFO: Run Behavior\ReadHtmlCacheBehavior [ RunTime:0.000710s ]
INFO: [ app_begin ] --END-- [ RunTime:0.000798s ]

[ 2018-08-23T23:00:02+08:00 ] ::1 /thinkphp/Sample_Mjmz/JMessage/getArrays?type=0
INFO: [ app_init ] --START--
INFO: Run Behavior\BuildLiteBehavior [ RunTime:0.000032s ]
INFO: [ app_init ] --END-- [ RunTime:0.000611s ]
INFO: [ app_begin ] --START--
INFO: Run Behavior\ReadHtmlCacheBehavior [ RunTime:0.001403s ]
INFO: [ app_begin ] --END-- [ RunTime:0.001535s ]
NOTIC: [8] Use of undefined constant COM - assumed 'COM' E:\xampp\htdocs\thinkphp\Application\Sample_Mjmz\Controller\BaseController.class.php 第 28 行.
NOTIC: [2] key() expects parameter 1 to be array, null given E:\xampp\htdocs\thinkphp\Application\Sample_Mjmz\Controller\BaseController.class.php 第 39 行.

[ 2018-08-23T23:00:10+08:00 ] ::1 /thinkphp/Sample_Mjmz/JMessage/getArrays?type=0
INFO: [ app_init ] --START--
INFO: Run Behavior\BuildLiteBehavior [ RunTime:0.000025s ]
INFO: [ app_init ] --END-- [ RunTime:0.000574s ]
INFO: [ app_begin ] --START--
INFO: Run Behavior\ReadHtmlCacheBehavior [ RunTime:0.001140s ]
INFO: [ app_begin ] --END-- [ RunTime:0.001242s ]
NOTIC: [8] Use of undefined constant COM - assumed 'COM' E:\xampp\htdocs\thinkphp\Application\Sample_Mjmz\Controller\BaseController.class.php 第 28 行.
NOTIC: [2] key() expects parameter 1 to be array, null given E:\xampp\htdocs\thinkphp\Application\Sample_Mjmz\Controller\BaseController.class.php 第 39 行.

[ 2018-08-23T23:00:19+08:00 ] ::1 /thinkphp/Sample_Mjmz/JMessage/deleteChartRoom?roomId=10072986&type=0
INFO: [ app_init ] --START--
INFO: Run Behavior\BuildLiteBehavior [ RunTime:0.000022s ]
INFO: [ app_init ] --END-- [ RunTime:0.000544s ]
INFO: [ app_begin ] --START--
INFO: Run Behavior\ReadHtmlCacheBehavior [ RunTime:0.001005s ]
INFO: [ app_begin ] --END-- [ RunTime:0.001144s ]

[ 2018-08-23T23:00:23+08:00 ] ::1 /thinkphp/Sample_Mjmz/JMessage/getArrays?type=0
INFO: [ app_init ] --START--
INFO: Run Behavior\BuildLiteBehavior [ RunTime:0.000048s ]
INFO: [ app_init ] --END-- [ RunTime:0.000832s ]
INFO: [ app_begin ] --START--
INFO: Run Behavior\ReadHtmlCacheBehavior [ RunTime:0.001343s ]
INFO: [ app_begin ] --END-- [ RunTime:0.001556s ]
NOTIC: [8] Use of undefined constant COM - assumed 'COM' E:\xampp\htdocs\thinkphp\Application\Sample_Mjmz\Controller\BaseController.class.php 第 28 行.
NOTIC: [2] key() expects parameter 1 to be array, null given E:\xampp\htdocs\thinkphp\Application\Sample_Mjmz\Controller\BaseController.class.php 第 39 行.

[ 2018-08-23T23:00:25+08:00 ] ::1 /thinkphp/Sample_Mjmz/JMessage/getArrays?type=0
INFO: [ app_init ] --START--
INFO: Run Behavior\BuildLiteBehavior [ RunTime:0.000029s ]
INFO: [ app_init ] --END-- [ RunTime:0.000614s ]
INFO: [ app_begin ] --START--
INFO: Run Behavior\ReadHtmlCacheBehavior [ RunTime:0.000853s ]
INFO: [ app_begin ] --END-- [ RunTime:0.000954s ]
NOTIC: [8] Use of undefined constant COM - assumed 'COM' E:\xampp\htdocs\thinkphp\Application\Sample_Mjmz\Controller\BaseController.class.php 第 28 行.
NOTIC: [2] key() expects parameter 1 to be array, null given E:\xampp\htdocs\thinkphp\Application\Sample_Mjmz\Controller\BaseController.class.php 第 39 行.

[ 2018-08-23T23:00:28+08:00 ] ::1 /thinkphp/Sample_Mjmz/JMessage/deleteChartRoom?roomId=10072986&type=0
INFO: [ app_init ] --START--
INFO: Run Behavior\BuildLiteBehavior [ RunTime:0.000030s ]
INFO: [ app_init ] --END-- [ RunTime:0.000767s ]
INFO: [ app_begin ] --START--
INFO: Run Behavior\ReadHtmlCacheBehavior [ RunTime:0.000874s ]
INFO: [ app_begin ] --END-- [ RunTime:0.001000s ]

[ 2018-08-23T23:00:32+08:00 ] ::1 /thinkphp/Sample_Mjmz/JMessage/getArrays?type=0
INFO: [ app_init ] --START--
INFO: Run Behavior\BuildLiteBehavior [ RunTime:0.000025s ]
INFO: [ app_init ] --END-- [ RunTime:0.000740s ]
INFO: [ app_begin ] --START--
INFO: Run Behavior\ReadHtmlCacheBehavior [ RunTime:0.001185s ]
INFO: [ app_begin ] --END-- [ RunTime:0.001337s ]
NOTIC: [8] Use of undefined constant COM - assumed 'COM' E:\xampp\htdocs\thinkphp\Application\Sample_Mjmz\Controller\BaseController.class.php 第 28 行.
NOTIC: [2] key() expects parameter 1 to be array, null given E:\xampp\htdocs\thinkphp\Application\Sample_Mjmz\Controller\BaseController.class.php 第 39 行.

[ 2018-08-23T23:03:01+08:00 ] ::1 /thinkphp/Sample_Mjmz/JMessage/getArrays?type=0
INFO: [ app_init ] --START--
INFO: Run Behavior\BuildLiteBehavior [ RunTime:0.000023s ]
INFO: [ app_init ] --END-- [ RunTime:0.000667s ]
INFO: [ app_begin ] --START--
INFO: Run Behavior\ReadHtmlCacheBehavior [ RunTime:0.001450s ]
INFO: [ app_begin ] --END-- [ RunTime:0.001610s ]
NOTIC: [8] Use of undefined constant COM - assumed 'COM' E:\xampp\htdocs\thinkphp\Application\Sample_Mjmz\Controller\BaseController.class.php 第 28 行.
NOTIC: [2] key() expects parameter 1 to be array, null given E:\xampp\htdocs\thinkphp\Application\Sample_Mjmz\Controller\BaseController.class.php 第 39 行.

[ 2018-08-23T23:04:36+08:00 ] 192.168.1.101 /thinkphp/Sample_Mjmz/User/login?userName=wys30201&password=123456
INFO: [ app_init ] --START--
INFO: Run Behavior\BuildLiteBehavior [ RunTime:0.000038s ]
INFO: [ app_init ] --END-- [ RunTime:0.000948s ]
INFO: [ app_begin ] --START--
INFO: Run Behavior\ReadHtmlCacheBehavior [ RunTime:0.001491s ]
INFO: [ app_begin ] --END-- [ RunTime:0.001665s ]
SQL: SHOW COLUMNS FROM `xq_user` [ RunTime:0.0043s ]
SQL: SELECT * FROM `xq_user` WHERE ( user_name='wys30201' )  [ RunTime:0.0005s ]
SQL: SELECT * FROM `xq_user` WHERE ( user_name='wys30201' ) LIMIT 1   [ RunTime:0.0005s ]
SQL: SHOW COLUMNS FROM `xq_user_info` [ RunTime:0.0082s ]
SQL: SELECT `user_id`,`user_name`,`nick_name`,`gender`,`role_type`,`level`,`balance`,`age`,`tall`,`scholling`,`professional`,`native_place`,`marrige`,`job_address`,`phone`,`head_image`,`create_time`,`modify_time` FROM `xq_user_info` WHERE ( user_name='wys30201' ) LIMIT 1   [ RunTime:0.0007s ]
NOTIC: [8] Use of undefined constant COM - assumed 'COM' E:\xampp\htdocs\thinkphp\Application\Sample_Mjmz\Controller\BaseController.class.php 第 28 行.
NOTIC: [2] key() expects parameter 1 to be array, null given E:\xampp\htdocs\thinkphp\Application\Sample_Mjmz\Controller\BaseController.class.php 第 39 行.
NOTIC: [8] Undefined index: type E:\xampp\htdocs\thinkphp\Application\Sample_Mjmz\Controller\BaseController.class.php 第 57 行.

[ 2018-08-23T23:07:55+08:00 ] 192.168.1.101 /thinkphp/Sample_Mjmz/User/login?userName=wys30201&password=123456
INFO: [ app_init ] --START--
INFO: Run Behavior\BuildLiteBehavior [ RunTime:0.000027s ]
INFO: [ app_init ] --END-- [ RunTime:0.001063s ]
INFO: [ app_begin ] --START--
INFO: Run Behavior\ReadHtmlCacheBehavior [ RunTime:0.001166s ]
INFO: [ app_begin ] --END-- [ RunTime:0.001328s ]
SQL: SHOW COLUMNS FROM `xq_user` [ RunTime:0.0056s ]
SQL: SELECT * FROM `xq_user` WHERE ( user_name='wys30201' )  [ RunTime:0.0004s ]
SQL: SELECT * FROM `xq_user` WHERE ( user_name='wys30201' ) LIMIT 1   [ RunTime:0.0002s ]
SQL: SHOW COLUMNS FROM `xq_user_info` [ RunTime:0.0081s ]
SQL: SELECT `user_id`,`user_name`,`nick_name`,`gender`,`role_type`,`level`,`balance`,`age`,`tall`,`scholling`,`professional`,`native_place`,`marrige`,`job_address`,`phone`,`head_image`,`create_time`,`modify_time` FROM `xq_user_info` WHERE ( user_name='wys30201' ) LIMIT 1   [ RunTime:0.0006s ]
NOTIC: [8] Use of undefined constant COM - assumed 'COM' E:\xampp\htdocs\thinkphp\Application\Sample_Mjmz\Controller\BaseController.class.php 第 28 行.
NOTIC: [2] key() expects parameter 1 to be array, null given E:\xampp\htdocs\thinkphp\Application\Sample_Mjmz\Controller\BaseController.class.php 第 39 行.
NOTIC: [8] Undefined index: type E:\xampp\htdocs\thinkphp\Application\Sample_Mjmz\Controller\BaseController.class.php 第 57 行.

[ 2018-08-23T23:12:31+08:00 ] 192.168.1.103 /thinkphp/Sample_Mjmz/User/login?userName=wys30203&password=123456
INFO: [ app_init ] --START--
INFO: Run Behavior\BuildLiteBehavior [ RunTime:0.000053s ]
INFO: [ app_init ] --END-- [ RunTime:0.001009s ]
INFO: [ app_begin ] --START--
INFO: Run Behavior\ReadHtmlCacheBehavior [ RunTime:0.001000s ]
INFO: [ app_begin ] --END-- [ RunTime:0.001127s ]
SQL: SHOW COLUMNS FROM `xq_user` [ RunTime:0.0101s ]
SQL: SELECT * FROM `xq_user` WHERE ( user_name='wys30203' )  [ RunTime:0.0011s ]
SQL: SELECT * FROM `xq_user` WHERE ( user_name='wys30203' ) LIMIT 1   [ RunTime:0.0006s ]
SQL: SHOW COLUMNS FROM `xq_user_info` [ RunTime:0.0271s ]
SQL: SELECT `user_id`,`user_name`,`nick_name`,`gender`,`role_type`,`level`,`balance`,`age`,`tall`,`scholling`,`professional`,`native_place`,`marrige`,`job_address`,`phone`,`head_image`,`create_time`,`modify_time` FROM `xq_user_info` WHERE ( user_name='wys30203' ) LIMIT 1   [ RunTime:0.0005s ]
NOTIC: [8] Use of undefined constant COM - assumed 'COM' E:\xampp\htdocs\thinkphp\Application\Sample_Mjmz\Controller\BaseController.class.php 第 28 行.
NOTIC: [2] key() expects parameter 1 to be array, null given E:\xampp\htdocs\thinkphp\Application\Sample_Mjmz\Controller\BaseController.class.php 第 39 行.
NOTIC: [8] Undefined index: type E:\xampp\htdocs\thinkphp\Application\Sample_Mjmz\Controller\BaseController.class.php 第 57 行.

[ 2018-08-23T23:12:52+08:00 ] 192.168.1.103 /thinkphp/Sample_Mjmz/User/login?userName=wys30201&password=123456
INFO: [ app_init ] --START--
INFO: Run Behavior\BuildLiteBehavior [ RunTime:0.000035s ]
INFO: [ app_init ] --END-- [ RunTime:0.000735s ]
INFO: [ app_begin ] --START--
INFO: Run Behavior\ReadHtmlCacheBehavior [ RunTime:0.001010s ]
INFO: [ app_begin ] --END-- [ RunTime:0.001162s ]
SQL: SHOW COLUMNS FROM `xq_user` [ RunTime:0.0110s ]
SQL: SELECT * FROM `xq_user` WHERE ( user_name='wys30201' )  [ RunTime:0.0004s ]
SQL: SELECT * FROM `xq_user` WHERE ( user_name='wys30201' ) LIMIT 1   [ RunTime:0.0002s ]
SQL: SHOW COLUMNS FROM `xq_user_info` [ RunTime:0.0053s ]
SQL: SELECT `user_id`,`user_name`,`nick_name`,`gender`,`role_type`,`level`,`balance`,`age`,`tall`,`scholling`,`professional`,`native_place`,`marrige`,`job_address`,`phone`,`head_image`,`create_time`,`modify_time` FROM `xq_user_info` WHERE ( user_name='wys30201' ) LIMIT 1   [ RunTime:0.0004s ]
NOTIC: [8] Use of undefined constant COM - assumed 'COM' E:\xampp\htdocs\thinkphp\Application\Sample_Mjmz\Controller\BaseController.class.php 第 28 行.
NOTIC: [2] key() expects parameter 1 to be array, null given E:\xampp\htdocs\thinkphp\Application\Sample_Mjmz\Controller\BaseController.class.php 第 39 行.
NOTIC: [8] Undefined index: type E:\xampp\htdocs\thinkphp\Application\Sample_Mjmz\Controller\BaseController.class.php 第 57 行.

[ 2018-08-23T23:12:59+08:00 ] 192.168.1.103 /thinkphp/Sample_Mjmz/JMessage/createChartRoom?limitAngel=1&limitMan=1&gender=%E7%94%B7&userName=wys30201&limitLevel=-1&limitLady=2&level=0
INFO: [ app_init ] --START--
INFO: Run Behavior\BuildLiteBehavior [ RunTime:0.000022s ]
INFO: [ app_init ] --END-- [ RunTime:0.000656s ]
INFO: [ app_begin ] --START--
INFO: Run Behavior\ReadHtmlCacheBehavior [ RunTime:0.000785s ]
INFO: [ app_begin ] --END-- [ RunTime:0.000867s ]
SQL: SHOW COLUMNS FROM `xq_user_info` [ RunTime:0.0160s ]
SQL: SELECT `user_id`,`user_name`,`nick_name`,`gender`,`role_type`,`level`,`balance`,`age`,`tall`,`scholling`,`professional`,`native_place`,`marrige`,`job_address`,`phone`,`head_image`,`create_time`,`modify_time` FROM `xq_user_info` WHERE ( user_name='wys30201' ) LIMIT 1   [ RunTime:0.0004s ]
NOTIC: [8] Undefined index: error E:\xampp\htdocs\thinkphp\Application\Sample_Mjmz\Custom\Jchart\JMChartRoomHandler.class.php 第 57 行.
NOTIC: [8] Use of undefined constant COM - assumed 'COM' E:\xampp\htdocs\thinkphp\Application\Sample_Mjmz\Controller\BaseController.class.php 第 28 行.
NOTIC: [2] key() expects parameter 1 to be array, null given E:\xampp\htdocs\thinkphp\Application\Sample_Mjmz\Controller\BaseController.class.php 第 39 行.
NOTIC: [8] Undefined index: type E:\xampp\htdocs\thinkphp\Application\Sample_Mjmz\Controller\BaseController.class.php 第 57 行.

[ 2018-08-23T23:23:19+08:00 ] 192.168.1.103 /thinkphp/Sample_Mjmz/JMessage/exitChartRoom?userName=wys30201&roomId=15005778
INFO: [ app_init ] --START--
INFO: Run Behavior\BuildLiteBehavior [ RunTime:0.000023s ]
INFO: [ app_init ] --END-- [ RunTime:0.000564s ]
INFO: [ app_begin ] --START--
INFO: Run Behavior\ReadHtmlCacheBehavior [ RunTime:0.000830s ]
INFO: [ app_begin ] --END-- [ RunTime:0.000920s ]
NOTIC: [8] Use of undefined constant COM - assumed 'COM' E:\xampp\htdocs\thinkphp\Application\Sample_Mjmz\Controller\BaseController.class.php 第 28 行.
NOTIC: [2] key() expects parameter 1 to be array, null given E:\xampp\htdocs\thinkphp\Application\Sample_Mjmz\Controller\BaseController.class.php 第 39 行.
NOTIC: [8] Undefined index: type E:\xampp\htdocs\thinkphp\Application\Sample_Mjmz\Controller\BaseController.class.php 第 57 行.

[ 2018-08-23T23:23:31+08:00 ] 192.168.1.103 /thinkphp/Sample_Mjmz/JMessage/createChartRoom?limitAngel=1&limitMan=1&gender=%E7%94%B7&userName=wys30201&limitLevel=-1&limitLady=2&level=0
INFO: [ app_init ] --START--
INFO: Run Behavior\BuildLiteBehavior [ RunTime:0.000022s ]
INFO: [ app_init ] --END-- [ RunTime:0.000561s ]
INFO: [ app_begin ] --START--
INFO: Run Behavior\ReadHtmlCacheBehavior [ RunTime:0.000997s ]
INFO: [ app_begin ] --END-- [ RunTime:0.001152s ]
SQL: SHOW COLUMNS FROM `xq_user_info` [ RunTime:0.0057s ]
SQL: SELECT `user_id`,`user_name`,`nick_name`,`gender`,`role_type`,`level`,`balance`,`age`,`tall`,`scholling`,`professional`,`native_place`,`marrige`,`job_address`,`phone`,`head_image`,`create_time`,`modify_time` FROM `xq_user_info` WHERE ( user_name='wys30201' ) LIMIT 1   [ RunTime:0.0005s ]
NOTIC: [8] Undefined index: error E:\xampp\htdocs\thinkphp\Application\Sample_Mjmz\Custom\Jchart\JMChartRoomHandler.class.php 第 57 行.
NOTIC: [8] Use of undefined constant COM - assumed 'COM' E:\xampp\htdocs\thinkphp\Application\Sample_Mjmz\Controller\BaseController.class.php 第 28 行.
NOTIC: [2] key() expects parameter 1 to be array, null given E:\xampp\htdocs\thinkphp\Application\Sample_Mjmz\Controller\BaseController.class.php 第 39 行.
NOTIC: [8] Undefined index: type E:\xampp\htdocs\thinkphp\Application\Sample_Mjmz\Controller\BaseController.class.php 第 57 行.

[ 2018-08-23T23:25:25+08:00 ] 192.168.1.101 /thinkphp/Sample_Mjmz/User/login?userName=wys30201&password=123456
INFO: [ app_init ] --START--
INFO: Run Behavior\BuildLiteBehavior [ RunTime:0.000039s ]
INFO: [ app_init ] --END-- [ RunTime:0.000947s ]
INFO: [ app_begin ] --START--
INFO: Run Behavior\ReadHtmlCacheBehavior [ RunTime:0.001274s ]
INFO: [ app_begin ] --END-- [ RunTime:0.001429s ]
SQL: SHOW COLUMNS FROM `xq_user` [ RunTime:0.0063s ]
SQL: SELECT * FROM `xq_user` WHERE ( user_name='wys30201' )  [ RunTime:0.0005s ]
SQL: SELECT * FROM `xq_user` WHERE ( user_name='wys30201' ) LIMIT 1   [ RunTime:0.0007s ]
SQL: SHOW COLUMNS FROM `xq_user_info` [ RunTime:0.0076s ]
SQL: SELECT `user_id`,`user_name`,`nick_name`,`gender`,`role_type`,`level`,`balance`,`age`,`tall`,`scholling`,`professional`,`native_place`,`marrige`,`job_address`,`phone`,`head_image`,`create_time`,`modify_time` FROM `xq_user_info` WHERE ( user_name='wys30201' ) LIMIT 1   [ RunTime:0.0010s ]
NOTIC: [8] Use of undefined constant COM - assumed 'COM' E:\xampp\htdocs\thinkphp\Application\Sample_Mjmz\Controller\BaseController.class.php 第 28 行.
NOTIC: [2] key() expects parameter 1 to be array, null given E:\xampp\htdocs\thinkphp\Application\Sample_Mjmz\Controller\BaseController.class.php 第 39 行.
NOTIC: [8] Undefined index: type E:\xampp\htdocs\thinkphp\Application\Sample_Mjmz\Controller\BaseController.class.php 第 57 行.

[ 2018-08-23T23:25:43+08:00 ] 192.168.1.101 /thinkphp/Sample_Mjmz/User/login?userName=wys30202&password=123456
INFO: [ app_init ] --START--
INFO: Run Behavior\BuildLiteBehavior [ RunTime:0.000024s ]
INFO: [ app_init ] --END-- [ RunTime:0.000683s ]
INFO: [ app_begin ] --START--
INFO: Run Behavior\ReadHtmlCacheBehavior [ RunTime:0.000817s ]
INFO: [ app_begin ] --END-- [ RunTime:0.000901s ]
SQL: SHOW COLUMNS FROM `xq_user` [ RunTime:0.0067s ]
SQL: SELECT * FROM `xq_user` WHERE ( user_name='wys30202' )  [ RunTime:0.0004s ]
SQL: SELECT * FROM `xq_user` WHERE ( user_name='wys30202' ) LIMIT 1   [ RunTime:0.0002s ]
SQL: SHOW COLUMNS FROM `xq_user_info` [ RunTime:0.0058s ]
SQL: SELECT `user_id`,`user_name`,`nick_name`,`gender`,`role_type`,`level`,`balance`,`age`,`tall`,`scholling`,`professional`,`native_place`,`marrige`,`job_address`,`phone`,`head_image`,`create_time`,`modify_time` FROM `xq_user_info` WHERE ( user_name='wys30202' ) LIMIT 1   [ RunTime:0.0004s ]
NOTIC: [8] Use of undefined constant COM - assumed 'COM' E:\xampp\htdocs\thinkphp\Application\Sample_Mjmz\Controller\BaseController.class.php 第 28 行.
NOTIC: [2] key() expects parameter 1 to be array, null given E:\xampp\htdocs\thinkphp\Application\Sample_Mjmz\Controller\BaseController.class.php 第 39 行.
NOTIC: [8] Undefined index: type E:\xampp\htdocs\thinkphp\Application\Sample_Mjmz\Controller\BaseController.class.php 第 57 行.

[ 2018-08-23T23:25:47+08:00 ] 192.168.1.101 /thinkphp/Sample_Mjmz/JMessage/joinChartRoom?gender=%E5%A5%B3&roleType=guest&level=0&userName=wys30202
INFO: [ app_init ] --START--
INFO: Run Behavior\BuildLiteBehavior [ RunTime:0.000034s ]
INFO: [ app_init ] --END-- [ RunTime:0.000914s ]
INFO: [ app_begin ] --START--
INFO: Run Behavior\ReadHtmlCacheBehavior [ RunTime:0.001062s ]
INFO: [ app_begin ] --END-- [ RunTime:0.001221s ]
SQL: SHOW COLUMNS FROM `xq_user_info` [ RunTime:0.0067s ]
SQL: SELECT `user_id`,`user_name`,`nick_name`,`gender`,`role_type`,`level`,`balance`,`age`,`tall`,`scholling`,`professional`,`native_place`,`marrige`,`job_address`,`phone`,`head_image`,`create_time`,`modify_time` FROM `xq_user_info` WHERE ( user_name='wys30202' ) LIMIT 1   [ RunTime:0.0009s ]
NOTIC: [8] Use of undefined constant COM - assumed 'COM' E:\xampp\htdocs\thinkphp\Application\Sample_Mjmz\Controller\BaseController.class.php 第 28 行.
NOTIC: [2] key() expects parameter 1 to be array, null given E:\xampp\htdocs\thinkphp\Application\Sample_Mjmz\Controller\BaseController.class.php 第 39 行.
NOTIC: [8] Undefined index: type E:\xampp\htdocs\thinkphp\Application\Sample_Mjmz\Controller\BaseController.class.php 第 57 行.

[ 2018-08-23T23:25:48+08:00 ] 192.168.1.103 /thinkphp/Sample_Mjmz/JMessage/getChartRoomMemeberList?roomId=12614389
INFO: [ app_init ] --START--
INFO: Run Behavior\BuildLiteBehavior [ RunTime:0.000069s ]
INFO: [ app_init ] --END-- [ RunTime:0.001424s ]
INFO: [ app_begin ] --START--
INFO: Run Behavior\ReadHtmlCacheBehavior [ RunTime:0.001438s ]
INFO: [ app_begin ] --END-- [ RunTime:0.001602s ]
NOTIC: [8] Use of undefined constant COM - assumed 'COM' E:\xampp\htdocs\thinkphp\Application\Sample_Mjmz\Controller\BaseController.class.php 第 28 行.
NOTIC: [2] key() expects parameter 1 to be array, null given E:\xampp\htdocs\thinkphp\Application\Sample_Mjmz\Controller\BaseController.class.php 第 39 行.
NOTIC: [8] Undefined index: type E:\xampp\htdocs\thinkphp\Application\Sample_Mjmz\Controller\BaseController.class.php 第 57 行.

[ 2018-08-23T23:33:31+08:00 ] 192.168.1.103 /thinkphp/Sample_Mjmz/JMessage/exitChartRoom?userName=wys30201&roomId=12614389
INFO: [ app_init ] --START--
INFO: Run Behavior\BuildLiteBehavior [ RunTime:0.000028s ]
INFO: [ app_init ] --END-- [ RunTime:0.000870s ]
INFO: [ app_begin ] --START--
INFO: Run Behavior\ReadHtmlCacheBehavior [ RunTime:0.001158s ]
INFO: [ app_begin ] --END-- [ RunTime:0.001275s ]
NOTIC: [8] Use of undefined constant COM - assumed 'COM' E:\xampp\htdocs\thinkphp\Application\Sample_Mjmz\Controller\BaseController.class.php 第 28 行.
NOTIC: [2] key() expects parameter 1 to be array, null given E:\xampp\htdocs\thinkphp\Application\Sample_Mjmz\Controller\BaseController.class.php 第 39 行.
NOTIC: [8] Undefined index: type E:\xampp\htdocs\thinkphp\Application\Sample_Mjmz\Controller\BaseController.class.php 第 57 行.

