[ 2018-05-25T21:30:07+08:00 ] 192.168.1.103 /thinkphp/Sample_Mjmz/User/login?userName=wys30201&password=123456
INFO: [ app_init ] --START--
INFO: Run Behavior\BuildLiteBehavior [ RunTime:0.000043s ]
INFO: [ app_init ] --END-- [ RunTime:0.001379s ]
INFO: [ app_begin ] --START--
INFO: Run Behavior\ReadHtmlCacheBehavior [ RunTime:0.003596s ]
INFO: [ app_begin ] --END-- [ RunTime:0.003836s ]
SQL: SHOW COLUMNS FROM `xq_user` [ RunTime:0.0055s ]
SQL: SELECT * FROM `xq_user` WHERE ( user_name='wys30201' )  [ RunTime:0.0006s ]
SQL: SELECT * FROM `xq_user` WHERE ( user_name='wys30201' ) LIMIT 1   [ RunTime:0.0004s ]
SQL: SHOW COLUMNS FROM `xq_user_info` [ RunTime:0.0055s ]
SQL: SELECT `user_id`,`user_name`,`nick_name`,`gender`,`role_type`,`level`,`balance`,`age`,`tall`,`scholling`,`professional`,`native_place`,`marrige`,`job_address`,`phone`,`head_image`,`create_time`,`modify_time` FROM `xq_user_info` WHERE ( user_name='wys30201' ) LIMIT 1   [ RunTime:0.0011s ]
NOTIC: [8] Use of undefined constant COM - assumed 'COM' E:\xampp\htdocs\thinkphp\Application\Sample_Mjmz\Controller\BaseController.class.php 第 28 行.
NOTIC: [2] key() expects parameter 1 to be array, null given E:\xampp\htdocs\thinkphp\Application\Sample_Mjmz\Controller\BaseController.class.php 第 39 行.
NOTIC: [8] Undefined index: type E:\xampp\htdocs\thinkphp\Application\Sample_Mjmz\Controller\BaseController.class.php 第 57 行.

[ 2018-05-25T21:33:34+08:00 ] 192.168.1.103 /thinkphp/Sample_Mjmz/User/login?userName=wys30201&password=123456
INFO: [ app_init ] --START--
INFO: Run Behavior\BuildLiteBehavior [ RunTime:0.000028s ]
INFO: [ app_init ] --END-- [ RunTime:0.000644s ]
INFO: [ app_begin ] --START--
INFO: Run Behavior\ReadHtmlCacheBehavior [ RunTime:0.001695s ]
INFO: [ app_begin ] --END-- [ RunTime:0.001844s ]
SQL: SHOW COLUMNS FROM `xq_user` [ RunTime:0.0046s ]
SQL: SELECT * FROM `xq_user` WHERE ( user_name='wys30201' )  [ RunTime:0.0006s ]
SQL: SELECT * FROM `xq_user` WHERE ( user_name='wys30201' ) LIMIT 1   [ RunTime:0.0004s ]
SQL: SHOW COLUMNS FROM `xq_user_info` [ RunTime:0.0081s ]
SQL: SELECT `user_id`,`user_name`,`nick_name`,`gender`,`role_type`,`level`,`balance`,`age`,`tall`,`scholling`,`professional`,`native_place`,`marrige`,`job_address`,`phone`,`head_image`,`create_time`,`modify_time` FROM `xq_user_info` WHERE ( user_name='wys30201' ) LIMIT 1   [ RunTime:0.0009s ]
NOTIC: [8] Use of undefined constant COM - assumed 'COM' E:\xampp\htdocs\thinkphp\Application\Sample_Mjmz\Controller\BaseController.class.php 第 28 行.
NOTIC: [2] key() expects parameter 1 to be array, null given E:\xampp\htdocs\thinkphp\Application\Sample_Mjmz\Controller\BaseController.class.php 第 39 行.
NOTIC: [8] Undefined index: type E:\xampp\htdocs\thinkphp\Application\Sample_Mjmz\Controller\BaseController.class.php 第 57 行.

[ 2018-05-25T21:35:40+08:00 ] 192.168.1.103 /thinkphp/Sample_Mjmz/User/login?userName=wys30201&password=123456
INFO: [ app_init ] --START--
INFO: Run Behavior\BuildLiteBehavior [ RunTime:0.000043s ]
INFO: [ app_init ] --END-- [ RunTime:0.001521s ]
INFO: [ app_begin ] --START--
INFO: Run Behavior\ReadHtmlCacheBehavior [ RunTime:0.001349s ]
INFO: [ app_begin ] --END-- [ RunTime:0.001515s ]
SQL: SHOW COLUMNS FROM `xq_user` [ RunTime:0.0046s ]
SQL: SELECT * FROM `xq_user` WHERE ( user_name='wys30201' )  [ RunTime:0.0006s ]
SQL: SELECT * FROM `xq_user` WHERE ( user_name='wys30201' ) LIMIT 1   [ RunTime:0.0003s ]
SQL: SHOW COLUMNS FROM `xq_user_info` [ RunTime:0.0049s ]
SQL: SELECT `user_id`,`user_name`,`nick_name`,`gender`,`role_type`,`level`,`balance`,`age`,`tall`,`scholling`,`professional`,`native_place`,`marrige`,`job_address`,`phone`,`head_image`,`create_time`,`modify_time` FROM `xq_user_info` WHERE ( user_name='wys30201' ) LIMIT 1   [ RunTime:0.0005s ]
NOTIC: [8] Use of undefined constant COM - assumed 'COM' E:\xampp\htdocs\thinkphp\Application\Sample_Mjmz\Controller\BaseController.class.php 第 28 行.
NOTIC: [2] key() expects parameter 1 to be array, null given E:\xampp\htdocs\thinkphp\Application\Sample_Mjmz\Controller\BaseController.class.php 第 39 行.
NOTIC: [8] Undefined index: type E:\xampp\htdocs\thinkphp\Application\Sample_Mjmz\Controller\BaseController.class.php 第 57 行.

[ 2018-05-25T21:38:33+08:00 ] 192.168.1.103 /thinkphp/Sample_Mjmz/User/login?userName=wys30201&password=123456
INFO: [ app_init ] --START--
INFO: Run Behavior\BuildLiteBehavior [ RunTime:0.000025s ]
INFO: [ app_init ] --END-- [ RunTime:0.000845s ]
INFO: [ app_begin ] --START--
INFO: Run Behavior\ReadHtmlCacheBehavior [ RunTime:0.001456s ]
INFO: [ app_begin ] --END-- [ RunTime:0.001638s ]
SQL: SHOW COLUMNS FROM `xq_user` [ RunTime:0.0047s ]
SQL: SELECT * FROM `xq_user` WHERE ( user_name='wys30201' )  [ RunTime:0.0004s ]
SQL: SELECT * FROM `xq_user` WHERE ( user_name='wys30201' ) LIMIT 1   [ RunTime:0.0003s ]
SQL: SHOW COLUMNS FROM `xq_user_info` [ RunTime:0.0048s ]
SQL: SELECT `user_id`,`user_name`,`nick_name`,`gender`,`role_type`,`level`,`balance`,`age`,`tall`,`scholling`,`professional`,`native_place`,`marrige`,`job_address`,`phone`,`head_image`,`create_time`,`modify_time` FROM `xq_user_info` WHERE ( user_name='wys30201' ) LIMIT 1   [ RunTime:0.0006s ]
NOTIC: [8] Use of undefined constant COM - assumed 'COM' E:\xampp\htdocs\thinkphp\Application\Sample_Mjmz\Controller\BaseController.class.php 第 28 行.
NOTIC: [2] key() expects parameter 1 to be array, null given E:\xampp\htdocs\thinkphp\Application\Sample_Mjmz\Controller\BaseController.class.php 第 39 行.
NOTIC: [8] Undefined index: type E:\xampp\htdocs\thinkphp\Application\Sample_Mjmz\Controller\BaseController.class.php 第 57 行.

[ 2018-05-25T21:38:45+08:00 ] 192.168.1.103 /thinkphp/Sample_Mjmz/User/updateUserInfo?native_place=%E6%B9%96%E5%8D%97&phone=&job_address=%E6%B7%B1%E5%9C%B3%E5%B8%82%E5%8D%97%E5%B1%B1%E5%8C%BA&nickName=%E5%AD%A4%E5%8D%95%E7%9A%84%E4%BA%BA&age=25&marrige=0&gender=%E7%94%B7&userName=wys30201&role_type=guest&professional=&scholling=%E6%9C%AC%E7%A7%91&tall=0
INFO: [ app_init ] --START--
INFO: Run Behavior\BuildLiteBehavior [ RunTime:0.000034s ]
INFO: [ app_init ] --END-- [ RunTime:0.000645s ]
INFO: [ app_begin ] --START--
INFO: Run Behavior\ReadHtmlCacheBehavior [ RunTime:0.001270s ]
INFO: [ app_begin ] --END-- [ RunTime:0.001434s ]
SQL: SHOW COLUMNS FROM `xq_user_info` [ RunTime:0.0044s ]
SQL: SHOW COLUMNS FROM `xq_user` [ RunTime:0.0042s ]
SQL: SELECT * FROM `xq_user` WHERE ( user_name='wys30201' )  [ RunTime:0.0004s ]
SQL: SELECT * FROM `xq_user_info` WHERE ( user_name='wys30201' )  [ RunTime:0.0005s ]
SQL: UPDATE `xq_user_info` SET `gender`='男',`age`='25',`tall`='0',`scholling`='本科',`professional`='',`native_place`='湖南',`marrige`='0',`job_address`='深圳市南山区',`phone`='',`role_type`='guest',`user_name`='wys30201',`nick_name`='孤单的人',`user_id`='1',`modify_time`='2018-05-25 21:38:45' WHERE ( user_name='wys30201' ) [ RunTime:0.5909s ]
SQL: SELECT `user_id`,`user_name`,`nick_name`,`gender`,`role_type`,`level`,`balance`,`age`,`tall`,`scholling`,`professional`,`native_place`,`marrige`,`job_address`,`phone`,`head_image`,`create_time`,`modify_time` FROM `xq_user_info` WHERE ( user_name='wys30201' ) LIMIT 1   [ RunTime:0.0006s ]
NOTIC: [8] Use of undefined constant COM - assumed 'COM' E:\xampp\htdocs\thinkphp\Application\Sample_Mjmz\Controller\BaseController.class.php 第 28 行.
NOTIC: [2] key() expects parameter 1 to be array, null given E:\xampp\htdocs\thinkphp\Application\Sample_Mjmz\Controller\BaseController.class.php 第 39 行.
NOTIC: [8] Undefined index: type E:\xampp\htdocs\thinkphp\Application\Sample_Mjmz\Controller\BaseController.class.php 第 57 行.

[ 2018-05-25T21:42:22+08:00 ] 192.168.1.103 /thinkphp/Sample_Mjmz/User/login?userName=wys30201&password=123456
INFO: [ app_init ] --START--
INFO: Run Behavior\BuildLiteBehavior [ RunTime:0.000040s ]
INFO: [ app_init ] --END-- [ RunTime:0.001144s ]
INFO: [ app_begin ] --START--
INFO: Run Behavior\ReadHtmlCacheBehavior [ RunTime:0.000951s ]
INFO: [ app_begin ] --END-- [ RunTime:0.001048s ]
SQL: SHOW COLUMNS FROM `xq_user` [ RunTime:0.0039s ]
SQL: SELECT * FROM `xq_user` WHERE ( user_name='wys30201' )  [ RunTime:0.0004s ]
SQL: SELECT * FROM `xq_user` WHERE ( user_name='wys30201' ) LIMIT 1   [ RunTime:0.0003s ]
SQL: SHOW COLUMNS FROM `xq_user_info` [ RunTime:0.0068s ]
SQL: SELECT `user_id`,`user_name`,`nick_name`,`gender`,`role_type`,`level`,`balance`,`age`,`tall`,`scholling`,`professional`,`native_place`,`marrige`,`job_address`,`phone`,`head_image`,`create_time`,`modify_time` FROM `xq_user_info` WHERE ( user_name='wys30201' ) LIMIT 1   [ RunTime:0.0004s ]
NOTIC: [8] Use of undefined constant COM - assumed 'COM' E:\xampp\htdocs\thinkphp\Application\Sample_Mjmz\Controller\BaseController.class.php 第 28 行.
NOTIC: [2] key() expects parameter 1 to be array, null given E:\xampp\htdocs\thinkphp\Application\Sample_Mjmz\Controller\BaseController.class.php 第 39 行.
NOTIC: [8] Undefined index: type E:\xampp\htdocs\thinkphp\Application\Sample_Mjmz\Controller\BaseController.class.php 第 57 行.

[ 2018-05-25T21:42:47+08:00 ] 192.168.1.103 /thinkphp/Sample_Mjmz/User/updateUserInfo?native_place=%E6%B9%96%E5%8D%97&phone=&job_address=%E6%B7%B1%E5%9C%B3%E5%B8%82%E5%8D%97%E5%B1%B1%E5%8C%BA&nickName=%E5%AD%A4%E5%8D%95%E7%9A%84%E4%BA%BA&age=25&marrige=0&gender=%E7%94%B7&userName=wys30201&role_type=guest&professional=&scholling=%E6%9C%AC%E7%A7%91&tall=0
INFO: [ app_init ] --START--
INFO: Run Behavior\BuildLiteBehavior [ RunTime:0.000028s ]
INFO: [ app_init ] --END-- [ RunTime:0.000871s ]
INFO: [ app_begin ] --START--
INFO: Run Behavior\ReadHtmlCacheBehavior [ RunTime:0.000957s ]
INFO: [ app_begin ] --END-- [ RunTime:0.001061s ]
SQL: SHOW COLUMNS FROM `xq_user_info` [ RunTime:0.0044s ]
SQL: SHOW COLUMNS FROM `xq_user` [ RunTime:0.0067s ]
SQL: SELECT * FROM `xq_user` WHERE ( user_name='wys30201' )  [ RunTime:0.0005s ]
SQL: SELECT * FROM `xq_user_info` WHERE ( user_name='wys30201' )  [ RunTime:0.0006s ]
SQL: UPDATE `xq_user_info` SET `gender`='男',`age`='25',`tall`='0',`scholling`='本科',`professional`='',`native_place`='湖南',`marrige`='0',`job_address`='深圳市南山区',`phone`='',`role_type`='guest',`user_name`='wys30201',`nick_name`='孤单的人',`user_id`='1',`modify_time`='2018-05-25 21:42:46' WHERE ( user_name='wys30201' ) [ RunTime:0.1070s ]
SQL: SELECT `user_id`,`user_name`,`nick_name`,`gender`,`role_type`,`level`,`balance`,`age`,`tall`,`scholling`,`professional`,`native_place`,`marrige`,`job_address`,`phone`,`head_image`,`create_time`,`modify_time` FROM `xq_user_info` WHERE ( user_name='wys30201' ) LIMIT 1   [ RunTime:0.0004s ]
NOTIC: [8] Use of undefined constant COM - assumed 'COM' E:\xampp\htdocs\thinkphp\Application\Sample_Mjmz\Controller\BaseController.class.php 第 28 行.
NOTIC: [2] key() expects parameter 1 to be array, null given E:\xampp\htdocs\thinkphp\Application\Sample_Mjmz\Controller\BaseController.class.php 第 39 行.
NOTIC: [8] Undefined index: type E:\xampp\htdocs\thinkphp\Application\Sample_Mjmz\Controller\BaseController.class.php 第 57 行.

[ 2018-05-25T21:44:33+08:00 ] 192.168.1.103 /thinkphp/Sample_Mjmz/User/login?userName=wys30201&password=123456
INFO: [ app_init ] --START--
INFO: Run Behavior\BuildLiteBehavior [ RunTime:0.000075s ]
INFO: [ app_init ] --END-- [ RunTime:0.001723s ]
INFO: [ app_begin ] --START--
INFO: Run Behavior\ReadHtmlCacheBehavior [ RunTime:0.001842s ]
INFO: [ app_begin ] --END-- [ RunTime:0.002059s ]
SQL: SHOW COLUMNS FROM `xq_user` [ RunTime:0.0046s ]
SQL: SELECT * FROM `xq_user` WHERE ( user_name='wys30201' )  [ RunTime:0.0006s ]
SQL: SELECT * FROM `xq_user` WHERE ( user_name='wys30201' ) LIMIT 1   [ RunTime:0.0004s ]
SQL: SHOW COLUMNS FROM `xq_user_info` [ RunTime:0.0047s ]
SQL: SELECT `user_id`,`user_name`,`nick_name`,`gender`,`role_type`,`level`,`balance`,`age`,`tall`,`scholling`,`professional`,`native_place`,`marrige`,`job_address`,`phone`,`head_image`,`create_time`,`modify_time` FROM `xq_user_info` WHERE ( user_name='wys30201' ) LIMIT 1   [ RunTime:0.0007s ]
NOTIC: [8] Use of undefined constant COM - assumed 'COM' E:\xampp\htdocs\thinkphp\Application\Sample_Mjmz\Controller\BaseController.class.php 第 28 行.
NOTIC: [2] key() expects parameter 1 to be array, null given E:\xampp\htdocs\thinkphp\Application\Sample_Mjmz\Controller\BaseController.class.php 第 39 行.
NOTIC: [8] Undefined index: type E:\xampp\htdocs\thinkphp\Application\Sample_Mjmz\Controller\BaseController.class.php 第 57 行.

[ 2018-05-25T21:44:57+08:00 ] 192.168.1.103 /thinkphp/Sample_Mjmz/User/updateUserInfo?native_place=%E6%B9%96%E5%8D%97&phone=&job_address=%E6%B7%B1%E5%9C%B3%E5%B8%82%E5%8D%97%E5%B1%B1%E5%8C%BA&nickName=%E5%AD%A4%E5%8D%95%E7%9A%84%E4%BA%BA&age=25&marrige=0&gender=%E7%94%B7&userName=wys30201&role_type=guest&professional=IT%E5%B7%A5%E7%A8%8B%E5%B8%88&scholling=%E6%9C%AC%E7%A7%91&tall=0
INFO: [ app_init ] --START--
INFO: Run Behavior\BuildLiteBehavior [ RunTime:0.000024s ]
INFO: [ app_init ] --END-- [ RunTime:0.000562s ]
INFO: [ app_begin ] --START--
INFO: Run Behavior\ReadHtmlCacheBehavior [ RunTime:0.000843s ]
INFO: [ app_begin ] --END-- [ RunTime:0.000953s ]
SQL: SHOW COLUMNS FROM `xq_user_info` [ RunTime:0.0045s ]
SQL: SHOW COLUMNS FROM `xq_user` [ RunTime:0.0042s ]
SQL: SELECT * FROM `xq_user` WHERE ( user_name='wys30201' )  [ RunTime:0.0004s ]
SQL: SELECT * FROM `xq_user_info` WHERE ( user_name='wys30201' )  [ RunTime:0.0004s ]
SQL: UPDATE `xq_user_info` SET `gender`='男',`age`='25',`tall`='0',`scholling`='本科',`professional`='IT工程师',`native_place`='湖南',`marrige`='0',`job_address`='深圳市南山区',`phone`='',`role_type`='guest',`user_name`='wys30201',`nick_name`='孤单的人',`user_id`='1',`modify_time`='2018-05-25 21:44:57' WHERE ( user_name='wys30201' ) [ RunTime:0.0988s ]
SQL: SELECT `user_id`,`user_name`,`nick_name`,`gender`,`role_type`,`level`,`balance`,`age`,`tall`,`scholling`,`professional`,`native_place`,`marrige`,`job_address`,`phone`,`head_image`,`create_time`,`modify_time` FROM `xq_user_info` WHERE ( user_name='wys30201' ) LIMIT 1   [ RunTime:0.0004s ]
NOTIC: [8] Use of undefined constant COM - assumed 'COM' E:\xampp\htdocs\thinkphp\Application\Sample_Mjmz\Controller\BaseController.class.php 第 28 行.
NOTIC: [2] key() expects parameter 1 to be array, null given E:\xampp\htdocs\thinkphp\Application\Sample_Mjmz\Controller\BaseController.class.php 第 39 行.
NOTIC: [8] Undefined index: type E:\xampp\htdocs\thinkphp\Application\Sample_Mjmz\Controller\BaseController.class.php 第 57 行.

[ 2018-05-25T21:50:44+08:00 ] 192.168.1.103 /thinkphp/Sample_Mjmz/User/updateUserInfo?native_place=%E6%B9%96%E5%8D%97&phone=&job_address=%E6%B7%B1%E5%9C%B3%E5%B8%82%E5%8D%97%E5%B1%B1%E5%8C%BA&nickName=%E5%AD%A4%E5%8D%95%E7%9A%84%E4%BA%BA&age=25&marrige=0&gender=%E7%94%B7&userName=wys30201&role_type=angel&professional=IT%E5%B7%A5%E7%A8%8B%E5%B8%88&scholling=%E6%9C%AC%E7%A7%91&tall=0
INFO: [ app_init ] --START--
INFO: Run Behavior\BuildLiteBehavior [ RunTime:0.000025s ]
INFO: [ app_init ] --END-- [ RunTime:0.000744s ]
INFO: [ app_begin ] --START--
INFO: Run Behavior\ReadHtmlCacheBehavior [ RunTime:0.001251s ]
INFO: [ app_begin ] --END-- [ RunTime:0.001389s ]
SQL: SHOW COLUMNS FROM `xq_user_info` [ RunTime:0.0049s ]
SQL: SHOW COLUMNS FROM `xq_user` [ RunTime:0.0082s ]
SQL: SELECT * FROM `xq_user` WHERE ( user_name='wys30201' )  [ RunTime:0.0004s ]
SQL: SELECT * FROM `xq_user_info` WHERE ( user_name='wys30201' )  [ RunTime:0.0004s ]
SQL: UPDATE `xq_user_info` SET `gender`='男',`age`='25',`tall`='0',`scholling`='本科',`professional`='IT工程师',`native_place`='湖南',`marrige`='0',`job_address`='深圳市南山区',`phone`='',`role_type`='angel',`user_name`='wys30201',`nick_name`='孤单的人',`user_id`='1',`modify_time`='2018-05-25 21:50:43' WHERE ( user_name='wys30201' ) [ RunTime:0.0869s ]
SQL: SELECT `user_id`,`user_name`,`nick_name`,`gender`,`role_type`,`level`,`balance`,`age`,`tall`,`scholling`,`professional`,`native_place`,`marrige`,`job_address`,`phone`,`head_image`,`create_time`,`modify_time` FROM `xq_user_info` WHERE ( user_name='wys30201' ) LIMIT 1   [ RunTime:0.0005s ]
NOTIC: [8] Use of undefined constant COM - assumed 'COM' E:\xampp\htdocs\thinkphp\Application\Sample_Mjmz\Controller\BaseController.class.php 第 28 行.
NOTIC: [2] key() expects parameter 1 to be array, null given E:\xampp\htdocs\thinkphp\Application\Sample_Mjmz\Controller\BaseController.class.php 第 39 行.
NOTIC: [8] Undefined index: type E:\xampp\htdocs\thinkphp\Application\Sample_Mjmz\Controller\BaseController.class.php 第 57 行.

[ 2018-05-25T21:51:03+08:00 ] 192.168.1.103 /thinkphp/Sample_Mjmz/User/updateUserInfo?native_place=%E6%B9%96%E5%8D%97&phone=&job_address=%E6%B7%B1%E5%9C%B3%E5%B8%82%E5%8D%97%E5%B1%B1%E5%8C%BA&nickName=%E5%AD%A4%E5%8D%95%E7%9A%84%E4%BA%BA&age=25&marrige=0&gender=%E7%94%B7&userName=wys30201&role_type=angel&professional=IT%E5%B7%A5%E7%A8%8B%E5%B8%88&scholling=%E6%9C%AC%E7%A7%91&tall=0
INFO: [ app_init ] --START--
INFO: Run Behavior\BuildLiteBehavior [ RunTime:0.000037s ]
INFO: [ app_init ] --END-- [ RunTime:0.000939s ]
INFO: [ app_begin ] --START--
INFO: Run Behavior\ReadHtmlCacheBehavior [ RunTime:0.000920s ]
INFO: [ app_begin ] --END-- [ RunTime:0.001048s ]
SQL: SHOW COLUMNS FROM `xq_user_info` [ RunTime:0.0041s ]
SQL: SHOW COLUMNS FROM `xq_user` [ RunTime:0.0044s ]
SQL: SELECT * FROM `xq_user` WHERE ( user_name='wys30201' )  [ RunTime:0.0004s ]
SQL: SELECT * FROM `xq_user_info` WHERE ( user_name='wys30201' )  [ RunTime:0.0004s ]
SQL: UPDATE `xq_user_info` SET `gender`='男',`age`='25',`tall`='0',`scholling`='本科',`professional`='IT工程师',`native_place`='湖南',`marrige`='0',`job_address`='深圳市南山区',`phone`='',`role_type`='angel',`user_name`='wys30201',`nick_name`='孤单的人',`user_id`='1',`modify_time`='2018-05-25 21:51:03' WHERE ( user_name='wys30201' ) [ RunTime:0.0986s ]
SQL: SELECT `user_id`,`user_name`,`nick_name`,`gender`,`role_type`,`level`,`balance`,`age`,`tall`,`scholling`,`professional`,`native_place`,`marrige`,`job_address`,`phone`,`head_image`,`create_time`,`modify_time` FROM `xq_user_info` WHERE ( user_name='wys30201' ) LIMIT 1   [ RunTime:0.0004s ]
NOTIC: [8] Use of undefined constant COM - assumed 'COM' E:\xampp\htdocs\thinkphp\Application\Sample_Mjmz\Controller\BaseController.class.php 第 28 行.
NOTIC: [2] key() expects parameter 1 to be array, null given E:\xampp\htdocs\thinkphp\Application\Sample_Mjmz\Controller\BaseController.class.php 第 39 行.
NOTIC: [8] Undefined index: type E:\xampp\htdocs\thinkphp\Application\Sample_Mjmz\Controller\BaseController.class.php 第 57 行.

[ 2018-05-25T21:51:58+08:00 ] 192.168.1.103 /thinkphp/Sample_Mjmz/User/updateUserInfo?native_place=%E6%B9%96%E5%8D%97&phone=&job_address=%E6%B7%B1%E5%9C%B3%E5%B8%82%E5%8D%97%E5%B1%B1%E5%8C%BA&nickName=%E5%AD%A4%E5%8D%95%E7%9A%84%E4%BA%BA&age=25&marrige=0&gender=%E7%94%B7&userName=wys30201&role_type=angel&professional=IT%E5%B7%A5%E7%A8%8B%E5%B8%88&scholling=%E6%9C%AC%E7%A7%91&tall=0
INFO: [ app_init ] --START--
INFO: Run Behavior\BuildLiteBehavior [ RunTime:0.000023s ]
INFO: [ app_init ] --END-- [ RunTime:0.000601s ]
INFO: [ app_begin ] --START--
INFO: Run Behavior\ReadHtmlCacheBehavior [ RunTime:0.000793s ]
INFO: [ app_begin ] --END-- [ RunTime:0.000886s ]
SQL: SHOW COLUMNS FROM `xq_user_info` [ RunTime:0.0043s ]
SQL: SHOW COLUMNS FROM `xq_user` [ RunTime:0.0041s ]
SQL: SELECT * FROM `xq_user` WHERE ( user_name='wys30201' )  [ RunTime:0.0005s ]
SQL: SELECT * FROM `xq_user_info` WHERE ( user_name='wys30201' )  [ RunTime:0.0006s ]
SQL: UPDATE `xq_user_info` SET `gender`='男',`age`='25',`tall`='0',`scholling`='本科',`professional`='IT工程师',`native_place`='湖南',`marrige`='0',`job_address`='深圳市南山区',`phone`='',`role_type`='angel',`user_name`='wys30201',`nick_name`='孤单的人',`user_id`='1',`modify_time`='2018-05-25 21:51:58' WHERE ( user_name='wys30201' ) [ RunTime:0.1632s ]
SQL: SELECT `user_id`,`user_name`,`nick_name`,`gender`,`role_type`,`level`,`balance`,`age`,`tall`,`scholling`,`professional`,`native_place`,`marrige`,`job_address`,`phone`,`head_image`,`create_time`,`modify_time` FROM `xq_user_info` WHERE ( user_name='wys30201' ) LIMIT 1   [ RunTime:0.0004s ]
NOTIC: [8] Use of undefined constant COM - assumed 'COM' E:\xampp\htdocs\thinkphp\Application\Sample_Mjmz\Controller\BaseController.class.php 第 28 行.
NOTIC: [2] key() expects parameter 1 to be array, null given E:\xampp\htdocs\thinkphp\Application\Sample_Mjmz\Controller\BaseController.class.php 第 39 行.
NOTIC: [8] Undefined index: type E:\xampp\htdocs\thinkphp\Application\Sample_Mjmz\Controller\BaseController.class.php 第 57 行.

[ 2018-05-25T21:52:36+08:00 ] 192.168.1.103 /thinkphp/Sample_Mjmz/User/login?userName=wys30201&password=123456
INFO: [ app_init ] --START--
INFO: Run Behavior\BuildLiteBehavior [ RunTime:0.000042s ]
INFO: [ app_init ] --END-- [ RunTime:0.000988s ]
INFO: [ app_begin ] --START--
INFO: Run Behavior\ReadHtmlCacheBehavior [ RunTime:0.001138s ]
INFO: [ app_begin ] --END-- [ RunTime:0.001313s ]
SQL: SHOW COLUMNS FROM `xq_user` [ RunTime:0.0043s ]
SQL: SELECT * FROM `xq_user` WHERE ( user_name='wys30201' )  [ RunTime:0.0004s ]
SQL: SELECT * FROM `xq_user` WHERE ( user_name='wys30201' ) LIMIT 1   [ RunTime:0.0004s ]
SQL: SHOW COLUMNS FROM `xq_user_info` [ RunTime:0.0084s ]
SQL: SELECT `user_id`,`user_name`,`nick_name`,`gender`,`role_type`,`level`,`balance`,`age`,`tall`,`scholling`,`professional`,`native_place`,`marrige`,`job_address`,`phone`,`head_image`,`create_time`,`modify_time` FROM `xq_user_info` WHERE ( user_name='wys30201' ) LIMIT 1   [ RunTime:0.0005s ]
NOTIC: [8] Use of undefined constant COM - assumed 'COM' E:\xampp\htdocs\thinkphp\Application\Sample_Mjmz\Controller\BaseController.class.php 第 28 行.
NOTIC: [2] key() expects parameter 1 to be array, null given E:\xampp\htdocs\thinkphp\Application\Sample_Mjmz\Controller\BaseController.class.php 第 39 行.
NOTIC: [8] Undefined index: type E:\xampp\htdocs\thinkphp\Application\Sample_Mjmz\Controller\BaseController.class.php 第 57 行.

[ 2018-05-25T21:55:03+08:00 ] 192.168.1.103 /thinkphp/Sample_Mjmz/User/updateUserInfo?native_place=%E6%B9%96%E5%8D%97&phone=&job_address=%E6%B7%B1%E5%9C%B3%E5%B8%82%E5%8D%97%E5%B1%B1%E5%8C%BA&nickName=%E5%AD%A4%E5%8D%95%E7%9A%84%E4%BA%BA&age=25&marrige=0&gender=%E7%94%B7&userName=wys30201&role_type=angel&professional=IT%E5%B7%A5%E7%A8%8B%E5%B8%88&scholling=%E6%9C%AC%E7%A7%91&tall=0
INFO: [ app_init ] --START--
INFO: Run Behavior\BuildLiteBehavior [ RunTime:0.000044s ]
INFO: [ app_init ] --END-- [ RunTime:0.000887s ]
INFO: [ app_begin ] --START--
INFO: Run Behavior\ReadHtmlCacheBehavior [ RunTime:0.001217s ]
INFO: [ app_begin ] --END-- [ RunTime:0.001362s ]
SQL: SHOW COLUMNS FROM `xq_user_info` [ RunTime:0.0040s ]
SQL: SHOW COLUMNS FROM `xq_user` [ RunTime:0.0083s ]
SQL: SELECT * FROM `xq_user` WHERE ( user_name='wys30201' )  [ RunTime:0.0004s ]
SQL: SELECT * FROM `xq_user_info` WHERE ( user_name='wys30201' )  [ RunTime:0.0004s ]
SQL: UPDATE `xq_user_info` SET `gender`='男',`age`='25',`tall`='0',`scholling`='本科',`professional`='IT工程师',`native_place`='湖南',`marrige`='0',`job_address`='深圳市南山区',`phone`='',`role_type`='angel',`user_name`='wys30201',`nick_name`='孤单的人',`user_id`='1',`modify_time`='2018-05-25 21:55:02' WHERE ( user_name='wys30201' ) [ RunTime:0.1102s ]
SQL: SELECT `user_id`,`user_name`,`nick_name`,`gender`,`role_type`,`level`,`balance`,`age`,`tall`,`scholling`,`professional`,`native_place`,`marrige`,`job_address`,`phone`,`head_image`,`create_time`,`modify_time` FROM `xq_user_info` WHERE ( user_name='wys30201' ) LIMIT 1   [ RunTime:0.0009s ]
NOTIC: [8] Use of undefined constant COM - assumed 'COM' E:\xampp\htdocs\thinkphp\Application\Sample_Mjmz\Controller\BaseController.class.php 第 28 行.
NOTIC: [2] key() expects parameter 1 to be array, null given E:\xampp\htdocs\thinkphp\Application\Sample_Mjmz\Controller\BaseController.class.php 第 39 行.
NOTIC: [8] Undefined index: type E:\xampp\htdocs\thinkphp\Application\Sample_Mjmz\Controller\BaseController.class.php 第 57 行.

[ 2018-05-25T21:59:03+08:00 ] 192.168.1.103 /thinkphp/Sample_Mjmz/User/login?userName=wys30201&password=123456
INFO: [ app_init ] --START--
INFO: Run Behavior\BuildLiteBehavior [ RunTime:0.000023s ]
INFO: [ app_init ] --END-- [ RunTime:0.000642s ]
INFO: [ app_begin ] --START--
INFO: Run Behavior\ReadHtmlCacheBehavior [ RunTime:0.000912s ]
INFO: [ app_begin ] --END-- [ RunTime:0.001035s ]
SQL: SHOW COLUMNS FROM `xq_user` [ RunTime:0.0039s ]
SQL: SELECT * FROM `xq_user` WHERE ( user_name='wys30201' )  [ RunTime:0.0004s ]
SQL: SELECT * FROM `xq_user` WHERE ( user_name='wys30201' ) LIMIT 1   [ RunTime:0.0004s ]
SQL: SHOW COLUMNS FROM `xq_user_info` [ RunTime:0.0055s ]
SQL: SELECT `user_id`,`user_name`,`nick_name`,`gender`,`role_type`,`level`,`balance`,`age`,`tall`,`scholling`,`professional`,`native_place`,`marrige`,`job_address`,`phone`,`head_image`,`create_time`,`modify_time` FROM `xq_user_info` WHERE ( user_name='wys30201' ) LIMIT 1   [ RunTime:0.0007s ]
NOTIC: [8] Use of undefined constant COM - assumed 'COM' E:\xampp\htdocs\thinkphp\Application\Sample_Mjmz\Controller\BaseController.class.php 第 28 行.
NOTIC: [2] key() expects parameter 1 to be array, null given E:\xampp\htdocs\thinkphp\Application\Sample_Mjmz\Controller\BaseController.class.php 第 39 行.
NOTIC: [8] Undefined index: type E:\xampp\htdocs\thinkphp\Application\Sample_Mjmz\Controller\BaseController.class.php 第 57 行.

[ 2018-05-25T21:59:31+08:00 ] 192.168.1.103 /thinkphp/Sample_Mjmz/User/updateUserInfo?native_place=%E6%B9%96%E5%8D%97&phone=&job_address=%E6%B7%B1%E5%9C%B3%E5%B8%82%E5%8D%97%E5%B1%B1%E5%8C%BA&nickName=%E5%AD%A4%E5%8D%95%E7%9A%84%E4%BA%BA&age=25&marrige=0&gender=%E7%94%B7&userName=wys30201&role_type=guest&professional=IT%E5%B7%A5%E7%A8%8B%E5%B8%88&scholling=%E6%9C%AC%E7%A7%91&tall=0
INFO: [ app_init ] --START--
INFO: Run Behavior\BuildLiteBehavior [ RunTime:0.000023s ]
INFO: [ app_init ] --END-- [ RunTime:0.000647s ]
INFO: [ app_begin ] --START--
INFO: Run Behavior\ReadHtmlCacheBehavior [ RunTime:0.000721s ]
INFO: [ app_begin ] --END-- [ RunTime:0.000810s ]
SQL: SHOW COLUMNS FROM `xq_user_info` [ RunTime:0.0042s ]
SQL: SHOW COLUMNS FROM `xq_user` [ RunTime:0.0098s ]
SQL: SELECT * FROM `xq_user` WHERE ( user_name='wys30201' )  [ RunTime:0.0004s ]
SQL: SELECT * FROM `xq_user_info` WHERE ( user_name='wys30201' )  [ RunTime:0.0004s ]
SQL: UPDATE `xq_user_info` SET `gender`='男',`age`='25',`tall`='0',`scholling`='本科',`professional`='IT工程师',`native_place`='湖南',`marrige`='0',`job_address`='深圳市南山区',`phone`='',`role_type`='guest',`user_name`='wys30201',`nick_name`='孤单的人',`user_id`='1',`modify_time`='2018-05-25 21:59:31' WHERE ( user_name='wys30201' ) [ RunTime:0.1090s ]
SQL: SELECT `user_id`,`user_name`,`nick_name`,`gender`,`role_type`,`level`,`balance`,`age`,`tall`,`scholling`,`professional`,`native_place`,`marrige`,`job_address`,`phone`,`head_image`,`create_time`,`modify_time` FROM `xq_user_info` WHERE ( user_name='wys30201' ) LIMIT 1   [ RunTime:0.0004s ]
NOTIC: [8] Use of undefined constant COM - assumed 'COM' E:\xampp\htdocs\thinkphp\Application\Sample_Mjmz\Controller\BaseController.class.php 第 28 行.
NOTIC: [2] key() expects parameter 1 to be array, null given E:\xampp\htdocs\thinkphp\Application\Sample_Mjmz\Controller\BaseController.class.php 第 39 行.
NOTIC: [8] Undefined index: type E:\xampp\htdocs\thinkphp\Application\Sample_Mjmz\Controller\BaseController.class.php 第 57 行.

[ 2018-05-25T21:59:41+08:00 ] 192.168.1.103 /thinkphp/Sample_Mjmz/User/updateUserInfo?native_place=%E6%B9%96%E5%8D%97&phone=&job_address=%E6%B7%B1%E5%9C%B3%E5%B8%82%E5%8D%97%E5%B1%B1%E5%8C%BA&nickName=%E5%AD%A4%E5%8D%95%E7%9A%84%E4%BA%BA&age=25&marrige=0&gender=%E7%94%B7&userName=wys30201&role_type=angel&professional=IT%E5%B7%A5%E7%A8%8B%E5%B8%88&scholling=%E6%9C%AC%E7%A7%91&tall=0
INFO: [ app_init ] --START--
INFO: Run Behavior\BuildLiteBehavior [ RunTime:0.000023s ]
INFO: [ app_init ] --END-- [ RunTime:0.000619s ]
INFO: [ app_begin ] --START--
INFO: Run Behavior\ReadHtmlCacheBehavior [ RunTime:0.000930s ]
INFO: [ app_begin ] --END-- [ RunTime:0.001028s ]
SQL: SHOW COLUMNS FROM `xq_user_info` [ RunTime:0.0038s ]
SQL: SHOW COLUMNS FROM `xq_user` [ RunTime:0.0073s ]
SQL: SELECT * FROM `xq_user` WHERE ( user_name='wys30201' )  [ RunTime:0.0005s ]
SQL: SELECT * FROM `xq_user_info` WHERE ( user_name='wys30201' )  [ RunTime:0.0005s ]
SQL: UPDATE `xq_user_info` SET `gender`='男',`age`='25',`tall`='0',`scholling`='本科',`professional`='IT工程师',`native_place`='湖南',`marrige`='0',`job_address`='深圳市南山区',`phone`='',`role_type`='angel',`user_name`='wys30201',`nick_name`='孤单的人',`user_id`='1',`modify_time`='2018-05-25 21:59:41' WHERE ( user_name='wys30201' ) [ RunTime:0.0971s ]
SQL: SELECT `user_id`,`user_name`,`nick_name`,`gender`,`role_type`,`level`,`balance`,`age`,`tall`,`scholling`,`professional`,`native_place`,`marrige`,`job_address`,`phone`,`head_image`,`create_time`,`modify_time` FROM `xq_user_info` WHERE ( user_name='wys30201' ) LIMIT 1   [ RunTime:0.0004s ]
NOTIC: [8] Use of undefined constant COM - assumed 'COM' E:\xampp\htdocs\thinkphp\Application\Sample_Mjmz\Controller\BaseController.class.php 第 28 行.
NOTIC: [2] key() expects parameter 1 to be array, null given E:\xampp\htdocs\thinkphp\Application\Sample_Mjmz\Controller\BaseController.class.php 第 39 行.
NOTIC: [8] Undefined index: type E:\xampp\htdocs\thinkphp\Application\Sample_Mjmz\Controller\BaseController.class.php 第 57 行.

