[ 2018-05-21T23:25:54+08:00 ] 192.168.1.103 /thinkphp/Sample_Mjmz/User/login?userName=wys30201&password=123456
INFO: [ app_init ] --START--
INFO: Run Behavior\BuildLiteBehavior [ RunTime:0.000042s ]
INFO: [ app_init ] --END-- [ RunTime:0.000885s ]
INFO: [ app_begin ] --START--
INFO: Run Behavior\ReadHtmlCacheBehavior [ RunTime:0.001242s ]
INFO: [ app_begin ] --END-- [ RunTime:0.001400s ]
SQL: SHOW COLUMNS FROM `xq_user` [ RunTime:0.0258s ]
SQL: SELECT * FROM `xq_user` WHERE ( user_name='wys30201' )  [ RunTime:0.0004s ]
SQL: SELECT * FROM `xq_user` WHERE ( user_name='wys30201' ) LIMIT 1   [ RunTime:0.0003s ]
SQL: SHOW COLUMNS FROM `xq_user_info` [ RunTime:0.0556s ]
SQL: SELECT `user_id`,`user_name`,`nick_name`,`gender`,`level`,`balance`,`age`,`tall`,`scholling`,`professional`,`native_place`,`marrige`,`job_address`,`phone`,`head_image`,`create_time`,`modify_time` FROM `xq_user_info` WHERE ( user_name='wys30201' ) LIMIT 1   [ RunTime:0.0004s ]
NOTIC: [8] Use of undefined constant COM - assumed 'COM' E:\xampp\htdocs\thinkphp\Application\Sample_Mjmz\Controller\BaseController.class.php 第 28 行.
NOTIC: [2] key() expects parameter 1 to be array, null given E:\xampp\htdocs\thinkphp\Application\Sample_Mjmz\Controller\BaseController.class.php 第 39 行.
NOTIC: [8] Undefined index: type E:\xampp\htdocs\thinkphp\Application\Sample_Mjmz\Controller\BaseController.class.php 第 57 行.

[ 2018-05-21T23:26:14+08:00 ] 192.168.1.103 /thinkphp/Sample_Mjmz/User/updateUserInfo?native_place=%E6%B9%96%E5%8D%97&phone=&job_address=&nickName=%E5%AD%A4%E5%8D%95%E7%9A%84%E4%BA%BA&age=0&marrige=0&gender=%E7%94%B7&userName=wys30201&professional=&scholling=%E6%9C%AC%E7%A7%91&tall=0
INFO: [ app_init ] --START--
INFO: Run Behavior\BuildLiteBehavior [ RunTime:0.000025s ]
INFO: [ app_init ] --END-- [ RunTime:0.000591s ]
INFO: [ app_begin ] --START--
INFO: Run Behavior\ReadHtmlCacheBehavior [ RunTime:0.000761s ]
INFO: [ app_begin ] --END-- [ RunTime:0.000853s ]
NOTIC: [8] Undefined index: useName E:\xampp\htdocs\thinkphp\Application\Sample_Mjmz\Utils\SqlManager.class.php 第 92 行.
SQL: SHOW COLUMNS FROM `xq_user_info` [ RunTime:0.0039s ]
NOTIC: [8] Undefined index: user_name E:\xampp\htdocs\thinkphp\Application\Sample_Mjmz\Utils\SqlManager.class.php 第 79 行.
SQL: SHOW COLUMNS FROM `xq_user` [ RunTime:0.0084s ]
SQL: SELECT * FROM `xq_user` WHERE ( user_name='wys30201' )  [ RunTime:0.0004s ]
NOTIC: [8] Undefined index: user_id E:\xampp\htdocs\thinkphp\Application\Sample_Mjmz\Utils\SqlManager.class.php 第 101 行.
NOTIC: [8] Undefined index: user_name E:\xampp\htdocs\thinkphp\Application\Sample_Mjmz\Utils\SqlManager.class.php 第 103 行.
SQL: SELECT * FROM `xq_user_info` WHERE ( user_name='%s' )  [ RunTime:0.0004s ]
ERR: 1048:Column 'user_id' cannot be null
 [ SQL语句 ] : INSERT INTO `xq_user_info` (`gender`,`age`,`tall`,`scholling`,`professional`,`native_place`,`marrige`,`job_address`,`phone`,`nick_name`,`user_id`,`create_time`) VALUES ('男','0','0','本科','','湖南','0','','','孤单的人',NULL,'2018-05-21 23:26:14')
ERR: 1048:Column 'user_id' cannot be null
 [ SQL语句 ] : INSERT INTO `xq_user_info` (`gender`,`age`,`tall`,`scholling`,`professional`,`native_place`,`marrige`,`job_address`,`phone`,`nick_name`,`user_id`,`create_time`) VALUES ('男','0','0','本科','','湖南','0','','','孤单的人',NULL,'2018-05-21 23:26:14')

[ 2018-05-21T23:28:36+08:00 ] 192.168.1.103 /thinkphp/Sample_Mjmz/User/updateUserInfo?native_place=%E6%B9%96%E5%8D%97&phone=&job_address=&nickName=%E5%AD%A4%E5%8D%95%E7%9A%84%E4%BA%BA&age=0&marrige=0&gender=%E7%94%B7&userName=wys30201&professional=&scholling=%E6%9C%AC%E7%A7%91&tall=0
INFO: [ app_init ] --START--
INFO: Run Behavior\BuildLiteBehavior [ RunTime:0.000035s ]
INFO: [ app_init ] --END-- [ RunTime:0.000626s ]
INFO: [ app_begin ] --START--
INFO: Run Behavior\ReadHtmlCacheBehavior [ RunTime:0.000824s ]
INFO: [ app_begin ] --END-- [ RunTime:0.000929s ]
NOTIC: [8] Undefined index: useName E:\xampp\htdocs\thinkphp\Application\Sample_Mjmz\Utils\SqlManager.class.php 第 92 行.
SQL: SHOW COLUMNS FROM `xq_user_info` [ RunTime:0.1411s ]
NOTIC: [8] Undefined index: user_name E:\xampp\htdocs\thinkphp\Application\Sample_Mjmz\Utils\SqlManager.class.php 第 79 行.
SQL: SHOW COLUMNS FROM `xq_user` [ RunTime:0.0070s ]
SQL: SELECT * FROM `xq_user` WHERE ( user_name='wys30201' )  [ RunTime:0.0003s ]
NOTIC: [8] Undefined index: user_id E:\xampp\htdocs\thinkphp\Application\Sample_Mjmz\Utils\SqlManager.class.php 第 101 行.
NOTIC: [8] Undefined index: user_name E:\xampp\htdocs\thinkphp\Application\Sample_Mjmz\Utils\SqlManager.class.php 第 103 行.
SQL: SELECT * FROM `xq_user_info` WHERE ( user_name='%s' )  [ RunTime:0.0003s ]
ERR: 1048:Column 'user_id' cannot be null
 [ SQL语句 ] : INSERT INTO `xq_user_info` (`gender`,`age`,`tall`,`scholling`,`professional`,`native_place`,`marrige`,`job_address`,`phone`,`nick_name`,`user_id`,`create_time`) VALUES ('男','0','0','本科','','湖南','0','','','孤单的人',NULL,'2018-05-21 23:28:36')
ERR: 1048:Column 'user_id' cannot be null
 [ SQL语句 ] : INSERT INTO `xq_user_info` (`gender`,`age`,`tall`,`scholling`,`professional`,`native_place`,`marrige`,`job_address`,`phone`,`nick_name`,`user_id`,`create_time`) VALUES ('男','0','0','本科','','湖南','0','','','孤单的人',NULL,'2018-05-21 23:28:36')

[ 2018-05-21T23:28:53+08:00 ] ::1 /thinkphp/Sample_Mjmz/user/updateUserInfo?userName=wys30201&type=0&nickName=%E5%AD%A4%E5%8D%95%E7%9A%84%E4%BA%BA&gender=%E7%94%B7
INFO: [ app_init ] --START--
INFO: Run Behavior\BuildLiteBehavior [ RunTime:0.000027s ]
INFO: [ app_init ] --END-- [ RunTime:0.000802s ]
INFO: [ app_begin ] --START--
INFO: Run Behavior\ReadHtmlCacheBehavior [ RunTime:0.001084s ]
INFO: [ app_begin ] --END-- [ RunTime:0.001212s ]
NOTIC: [8] Undefined index: age E:\xampp\htdocs\thinkphp\Application\Sample_Mjmz\Controller\UserController.class.php 第 92 行.
NOTIC: [8] Undefined index: tall E:\xampp\htdocs\thinkphp\Application\Sample_Mjmz\Controller\UserController.class.php 第 93 行.
NOTIC: [8] Undefined index: scholling E:\xampp\htdocs\thinkphp\Application\Sample_Mjmz\Controller\UserController.class.php 第 94 行.
NOTIC: [8] Undefined index: professional E:\xampp\htdocs\thinkphp\Application\Sample_Mjmz\Controller\UserController.class.php 第 95 行.
NOTIC: [8] Undefined index: native_place E:\xampp\htdocs\thinkphp\Application\Sample_Mjmz\Controller\UserController.class.php 第 96 行.
NOTIC: [8] Undefined index: marrige E:\xampp\htdocs\thinkphp\Application\Sample_Mjmz\Controller\UserController.class.php 第 97 行.
NOTIC: [8] Undefined index: job_address E:\xampp\htdocs\thinkphp\Application\Sample_Mjmz\Controller\UserController.class.php 第 98 行.
NOTIC: [8] Undefined index: phone E:\xampp\htdocs\thinkphp\Application\Sample_Mjmz\Controller\UserController.class.php 第 99 行.
NOTIC: [8] Undefined index: useName E:\xampp\htdocs\thinkphp\Application\Sample_Mjmz\Utils\SqlManager.class.php 第 92 行.
SQL: SHOW COLUMNS FROM `xq_user_info` [ RunTime:0.0045s ]
NOTIC: [8] Undefined index: user_name E:\xampp\htdocs\thinkphp\Application\Sample_Mjmz\Utils\SqlManager.class.php 第 79 行.
SQL: SHOW COLUMNS FROM `xq_user` [ RunTime:0.0102s ]
SQL: SELECT * FROM `xq_user` WHERE ( user_name='wys30201' )  [ RunTime:0.0005s ]
NOTIC: [8] Undefined index: user_id E:\xampp\htdocs\thinkphp\Application\Sample_Mjmz\Utils\SqlManager.class.php 第 101 行.
NOTIC: [8] Undefined index: user_name E:\xampp\htdocs\thinkphp\Application\Sample_Mjmz\Utils\SqlManager.class.php 第 103 行.
SQL: SELECT * FROM `xq_user_info` WHERE ( user_name='%s' )  [ RunTime:0.0005s ]
ERR: 1048:Column 'age' cannot be null
 [ SQL语句 ] : INSERT INTO `xq_user_info` (`gender`,`age`,`tall`,`scholling`,`professional`,`native_place`,`marrige`,`job_address`,`phone`,`nick_name`,`user_id`,`create_time`) VALUES ('男',NULL,NULL,NULL,NULL,NULL,NULL,NULL,NULL,'孤单的人',NULL,'2018-05-21 23:28:53')
ERR: 1048:Column 'age' cannot be null
 [ SQL语句 ] : INSERT INTO `xq_user_info` (`gender`,`age`,`tall`,`scholling`,`professional`,`native_place`,`marrige`,`job_address`,`phone`,`nick_name`,`user_id`,`create_time`) VALUES ('男',NULL,NULL,NULL,NULL,NULL,NULL,NULL,NULL,'孤单的人',NULL,'2018-05-21 23:28:53')

[ 2018-05-21T23:28:54+08:00 ] ::1 /thinkphp/Sample_Mjmz/user/updateUserInfo?userName=wys30201&type=0&nickName=%E5%AD%A4%E5%8D%95%E7%9A%84%E4%BA%BA&gender=%E7%94%B7
INFO: [ app_init ] --START--
INFO: Run Behavior\BuildLiteBehavior [ RunTime:0.000039s ]
INFO: [ app_init ] --END-- [ RunTime:0.000857s ]
INFO: [ app_begin ] --START--
INFO: Run Behavior\ReadHtmlCacheBehavior [ RunTime:0.001047s ]
INFO: [ app_begin ] --END-- [ RunTime:0.001210s ]
NOTIC: [8] Undefined index: age E:\xampp\htdocs\thinkphp\Application\Sample_Mjmz\Controller\UserController.class.php 第 92 行.
NOTIC: [8] Undefined index: tall E:\xampp\htdocs\thinkphp\Application\Sample_Mjmz\Controller\UserController.class.php 第 93 行.
NOTIC: [8] Undefined index: scholling E:\xampp\htdocs\thinkphp\Application\Sample_Mjmz\Controller\UserController.class.php 第 94 行.
NOTIC: [8] Undefined index: professional E:\xampp\htdocs\thinkphp\Application\Sample_Mjmz\Controller\UserController.class.php 第 95 行.
NOTIC: [8] Undefined index: native_place E:\xampp\htdocs\thinkphp\Application\Sample_Mjmz\Controller\UserController.class.php 第 96 行.
NOTIC: [8] Undefined index: marrige E:\xampp\htdocs\thinkphp\Application\Sample_Mjmz\Controller\UserController.class.php 第 97 行.
NOTIC: [8] Undefined index: job_address E:\xampp\htdocs\thinkphp\Application\Sample_Mjmz\Controller\UserController.class.php 第 98 行.
NOTIC: [8] Undefined index: phone E:\xampp\htdocs\thinkphp\Application\Sample_Mjmz\Controller\UserController.class.php 第 99 行.
NOTIC: [8] Undefined index: useName E:\xampp\htdocs\thinkphp\Application\Sample_Mjmz\Utils\SqlManager.class.php 第 92 行.
SQL: SHOW COLUMNS FROM `xq_user_info` [ RunTime:0.2832s ]
NOTIC: [8] Undefined index: user_name E:\xampp\htdocs\thinkphp\Application\Sample_Mjmz\Utils\SqlManager.class.php 第 79 行.
SQL: SHOW COLUMNS FROM `xq_user` [ RunTime:0.0990s ]
SQL: SELECT * FROM `xq_user` WHERE ( user_name='wys30201' )  [ RunTime:0.0006s ]
NOTIC: [8] Undefined index: user_id E:\xampp\htdocs\thinkphp\Application\Sample_Mjmz\Utils\SqlManager.class.php 第 101 行.
NOTIC: [8] Undefined index: user_name E:\xampp\htdocs\thinkphp\Application\Sample_Mjmz\Utils\SqlManager.class.php 第 103 行.
SQL: SELECT * FROM `xq_user_info` WHERE ( user_name='%s' )  [ RunTime:0.0012s ]
ERR: 1048:Column 'age' cannot be null
 [ SQL语句 ] : INSERT INTO `xq_user_info` (`gender`,`age`,`tall`,`scholling`,`professional`,`native_place`,`marrige`,`job_address`,`phone`,`nick_name`,`user_id`,`create_time`) VALUES ('男',NULL,NULL,NULL,NULL,NULL,NULL,NULL,NULL,'孤单的人',NULL,'2018-05-21 23:28:54')
ERR: 1048:Column 'age' cannot be null
 [ SQL语句 ] : INSERT INTO `xq_user_info` (`gender`,`age`,`tall`,`scholling`,`professional`,`native_place`,`marrige`,`job_address`,`phone`,`nick_name`,`user_id`,`create_time`) VALUES ('男',NULL,NULL,NULL,NULL,NULL,NULL,NULL,NULL,'孤单的人',NULL,'2018-05-21 23:28:54')

[ 2018-05-21T23:30:12+08:00 ] 192.168.1.103 /thinkphp/Sample_Mjmz/User/updateUserInfo?native_place=%E6%B9%96%E5%8D%97&phone=&job_address=&nickName=%E5%AD%A4%E5%8D%95%E7%9A%84%E4%BA%BA&age=0&marrige=0&gender=%E7%94%B7&userName=wys30201&professional=&scholling=%E6%9C%AC%E7%A7%91&tall=0
INFO: [ app_init ] --START--
INFO: Run Behavior\BuildLiteBehavior [ RunTime:0.000023s ]
INFO: [ app_init ] --END-- [ RunTime:0.000650s ]
INFO: [ app_begin ] --START--
INFO: Run Behavior\ReadHtmlCacheBehavior [ RunTime:0.001023s ]
INFO: [ app_begin ] --END-- [ RunTime:0.001148s ]
NOTIC: [8] Undefined index: useName E:\xampp\htdocs\thinkphp\Application\Sample_Mjmz\Utils\SqlManager.class.php 第 92 行.
SQL: SHOW COLUMNS FROM `xq_user_info` [ RunTime:0.0040s ]
NOTIC: [8] Undefined index: user_name E:\xampp\htdocs\thinkphp\Application\Sample_Mjmz\Utils\SqlManager.class.php 第 79 行.
SQL: SHOW COLUMNS FROM `xq_user` [ RunTime:0.0100s ]
SQL: SELECT * FROM `xq_user` WHERE ( user_name='wys30201' )  [ RunTime:0.0004s ]
NOTIC: [8] Undefined index: user_id E:\xampp\htdocs\thinkphp\Application\Sample_Mjmz\Utils\SqlManager.class.php 第 101 行.
NOTIC: [8] Undefined index: user_name E:\xampp\htdocs\thinkphp\Application\Sample_Mjmz\Utils\SqlManager.class.php 第 103 行.
SQL: SELECT * FROM `xq_user_info` WHERE ( user_name='%s' )  [ RunTime:0.0003s ]
ERR: 1048:Column 'user_id' cannot be null
 [ SQL语句 ] : INSERT INTO `xq_user_info` (`gender`,`age`,`tall`,`scholling`,`professional`,`native_place`,`marrige`,`job_address`,`phone`,`nick_name`,`user_id`,`create_time`) VALUES ('男','0','0','本科','','湖南','0','','','孤单的人',NULL,'2018-05-21 23:30:12')
ERR: 1048:Column 'user_id' cannot be null
 [ SQL语句 ] : INSERT INTO `xq_user_info` (`gender`,`age`,`tall`,`scholling`,`professional`,`native_place`,`marrige`,`job_address`,`phone`,`nick_name`,`user_id`,`create_time`) VALUES ('男','0','0','本科','','湖南','0','','','孤单的人',NULL,'2018-05-21 23:30:12')

[ 2018-05-21T23:31:14+08:00 ] 192.168.1.103 /thinkphp/Sample_Mjmz/User/updateUserInfo?native_place=%E6%B9%96%E5%8D%97&phone=&job_address=&nickName=%E5%AD%A4%E5%8D%95%E7%9A%84%E4%BA%BA&age=0&marrige=0&gender=%E7%94%B7&userName=wys30201&professional=&scholling=%E6%9C%AC%E7%A7%91&tall=0
INFO: [ app_init ] --START--
INFO: Run Behavior\BuildLiteBehavior [ RunTime:0.000039s ]
INFO: [ app_init ] --END-- [ RunTime:0.001245s ]
INFO: [ app_begin ] --START--
INFO: Run Behavior\ReadHtmlCacheBehavior [ RunTime:0.001946s ]
INFO: [ app_begin ] --END-- [ RunTime:0.002213s ]
NOTIC: [8] Undefined index: useName E:\xampp\htdocs\thinkphp\Application\Sample_Mjmz\Utils\SqlManager.class.php 第 92 行.
SQL: SHOW COLUMNS FROM `xq_user_info` [ RunTime:0.2856s ]
NOTIC: [8] Undefined index: user_name E:\xampp\htdocs\thinkphp\Application\Sample_Mjmz\Utils\SqlManager.class.php 第 79 行.
SQL: SHOW COLUMNS FROM `xq_user` [ RunTime:0.0464s ]
SQL: SELECT * FROM `xq_user` WHERE ( user_name='wys30201' )  [ RunTime:0.0025s ]
NOTIC: [8] Undefined index: user_id E:\xampp\htdocs\thinkphp\Application\Sample_Mjmz\Utils\SqlManager.class.php 第 101 行.
NOTIC: [8] Undefined index: user_name E:\xampp\htdocs\thinkphp\Application\Sample_Mjmz\Utils\SqlManager.class.php 第 103 行.
SQL: SELECT * FROM `xq_user_info` WHERE ( user_name='%s' )  [ RunTime:0.0016s ]
ERR: 1048:Column 'user_id' cannot be null
 [ SQL语句 ] : INSERT INTO `xq_user_info` (`gender`,`age`,`tall`,`scholling`,`professional`,`native_place`,`marrige`,`job_address`,`phone`,`nick_name`,`user_id`,`create_time`) VALUES ('男','0','0','本科','','湖南','0','','','孤单的人',NULL,'2018-05-21 23:31:14')
ERR: 1048:Column 'user_id' cannot be null
 [ SQL语句 ] : INSERT INTO `xq_user_info` (`gender`,`age`,`tall`,`scholling`,`professional`,`native_place`,`marrige`,`job_address`,`phone`,`nick_name`,`user_id`,`create_time`) VALUES ('男','0','0','本科','','湖南','0','','','孤单的人',NULL,'2018-05-21 23:31:14')

[ 2018-05-21T23:33:19+08:00 ] ::1 /thinkphp/Sample_Mjmz/JMessage/exitChartRoom?roomId=7930&index=1&XDEBUG_SESSION_START=netbeans-xdebug
INFO: [ app_init ] --START--
INFO: Run Behavior\BuildLiteBehavior [ RunTime:0.000086s ]
INFO: [ app_init ] --END-- [ RunTime:0.001302s ]
INFO: [ app_begin ] --START--
INFO: Run Behavior\ReadHtmlCacheBehavior [ RunTime:0.001792s ]
INFO: [ app_begin ] --END-- [ RunTime:0.002105s ]
NOTIC: [8] Undefined index: userName E:\xampp\htdocs\thinkphp\Application\Sample_Mjmz\Controller\JMessageController.class.php 第 272 行.
NOTIC: [8] Undefined index: type E:\xampp\htdocs\thinkphp\Application\Sample_Mjmz\Controller\BaseController.class.php 第 57 行.

[ 2018-05-21T23:33:30+08:00 ] 192.168.1.103 /thinkphp/Sample_Mjmz/User/updateUserInfo?native_place=%E6%B9%96%E5%8D%97&phone=&job_address=&nickName=%E5%AD%A4%E5%8D%95%E7%9A%84%E4%BA%BA&age=0&marrige=0&gender=%E7%94%B7&userName=wys30201&professional=&scholling=%E6%9C%AC%E7%A7%91&tall=0
INFO: [ app_init ] --START--
INFO: Run Behavior\BuildLiteBehavior [ RunTime:0.000023s ]
INFO: [ app_init ] --END-- [ RunTime:0.000535s ]
INFO: [ app_begin ] --START--
INFO: Run Behavior\ReadHtmlCacheBehavior [ RunTime:0.011639s ]
INFO: [ app_begin ] --END-- [ RunTime:0.011763s ]
NOTIC: [8] Undefined index: useName E:\xampp\htdocs\thinkphp\Application\Sample_Mjmz\Utils\SqlManager.class.php 第 92 行.
SQL: SHOW COLUMNS FROM `xq_user_info` [ RunTime:0.0034s ]
NOTIC: [8] Undefined index: user_name E:\xampp\htdocs\thinkphp\Application\Sample_Mjmz\Utils\SqlManager.class.php 第 79 行.
SQL: SHOW COLUMNS FROM `xq_user` [ RunTime:0.0032s ]
SQL: SELECT * FROM `xq_user` WHERE ( user_name='wys30201' )  [ RunTime:0.0003s ]
NOTIC: [8] Undefined index: user_id E:\xampp\htdocs\thinkphp\Application\Sample_Mjmz\Utils\SqlManager.class.php 第 101 行.
NOTIC: [8] Undefined index: user_name E:\xampp\htdocs\thinkphp\Application\Sample_Mjmz\Utils\SqlManager.class.php 第 103 行.
SQL: SELECT * FROM `xq_user_info` WHERE ( user_name='%s' )  [ RunTime:0.0005s ]
ERR: 1048:Column 'user_id' cannot be null
 [ SQL语句 ] : INSERT INTO `xq_user_info` (`gender`,`age`,`tall`,`scholling`,`professional`,`native_place`,`marrige`,`job_address`,`phone`,`nick_name`,`user_id`,`create_time`) VALUES ('男','0','0','本科','','湖南','0','','','孤单的人',NULL,'2018-05-21 23:33:30')
ERR: 1048:Column 'user_id' cannot be null
 [ SQL语句 ] : INSERT INTO `xq_user_info` (`gender`,`age`,`tall`,`scholling`,`professional`,`native_place`,`marrige`,`job_address`,`phone`,`nick_name`,`user_id`,`create_time`) VALUES ('男','0','0','本科','','湖南','0','','','孤单的人',NULL,'2018-05-21 23:33:30')

[ 2018-05-21T23:33:32+08:00 ] 192.168.1.103 /thinkphp/Sample_Mjmz/User/updateUserInfo?native_place=%E6%B9%96%E5%8D%97&phone=&job_address=&nickName=%E5%AD%A4%E5%8D%95%E7%9A%84%E4%BA%BA&age=0&marrige=0&gender=%E7%94%B7&userName=wys30201&professional=&scholling=%E6%9C%AC%E7%A7%91&tall=0
INFO: [ app_init ] --START--
INFO: Run Behavior\BuildLiteBehavior [ RunTime:0.000027s ]
INFO: [ app_init ] --END-- [ RunTime:0.000663s ]
INFO: [ app_begin ] --START--
INFO: Run Behavior\ReadHtmlCacheBehavior [ RunTime:0.001008s ]
INFO: [ app_begin ] --END-- [ RunTime:0.001155s ]
NOTIC: [8] Undefined index: useName E:\xampp\htdocs\thinkphp\Application\Sample_Mjmz\Utils\SqlManager.class.php 第 92 行.
SQL: SHOW COLUMNS FROM `xq_user_info` [ RunTime:0.0034s ]
NOTIC: [8] Undefined index: user_name E:\xampp\htdocs\thinkphp\Application\Sample_Mjmz\Utils\SqlManager.class.php 第 79 行.
SQL: SHOW COLUMNS FROM `xq_user` [ RunTime:0.0042s ]
SQL: SELECT * FROM `xq_user` WHERE ( user_name='wys30201' )  [ RunTime:0.0003s ]
NOTIC: [8] Undefined index: user_id E:\xampp\htdocs\thinkphp\Application\Sample_Mjmz\Utils\SqlManager.class.php 第 101 行.
NOTIC: [8] Undefined index: user_name E:\xampp\htdocs\thinkphp\Application\Sample_Mjmz\Utils\SqlManager.class.php 第 103 行.
SQL: SELECT * FROM `xq_user_info` WHERE ( user_name='%s' )  [ RunTime:0.0003s ]
ERR: 1048:Column 'user_id' cannot be null
 [ SQL语句 ] : INSERT INTO `xq_user_info` (`gender`,`age`,`tall`,`scholling`,`professional`,`native_place`,`marrige`,`job_address`,`phone`,`nick_name`,`user_id`,`create_time`) VALUES ('男','0','0','本科','','湖南','0','','','孤单的人',NULL,'2018-05-21 23:33:32')
ERR: 1048:Column 'user_id' cannot be null
 [ SQL语句 ] : INSERT INTO `xq_user_info` (`gender`,`age`,`tall`,`scholling`,`professional`,`native_place`,`marrige`,`job_address`,`phone`,`nick_name`,`user_id`,`create_time`) VALUES ('男','0','0','本科','','湖南','0','','','孤单的人',NULL,'2018-05-21 23:33:32')

[ 2018-05-21T23:34:34+08:00 ] 192.168.1.103 /thinkphp/Sample_Mjmz/User/updateUserInfo?native_place=%E6%B9%96%E5%8D%97&phone=&job_address=&nickName=%E5%AD%A4%E5%8D%95%E7%9A%84%E4%BA%BA&age=0&marrige=0&gender=%E7%94%B7&userName=wys30201&professional=&scholling=%E6%9C%AC%E7%A7%91&tall=0
INFO: [ app_init ] --START--
INFO: Run Behavior\BuildLiteBehavior [ RunTime:0.000023s ]
INFO: [ app_init ] --END-- [ RunTime:0.000536s ]
INFO: [ app_begin ] --START--
INFO: Run Behavior\ReadHtmlCacheBehavior [ RunTime:0.001472s ]
INFO: [ app_begin ] --END-- [ RunTime:0.001606s ]
NOTIC: [8] Undefined index: useName E:\xampp\htdocs\thinkphp\Application\Sample_Mjmz\Utils\SqlManager.class.php 第 92 行.
SQL: SHOW COLUMNS FROM `xq_user_info` [ RunTime:0.0035s ]
NOTIC: [8] Undefined index: user_name E:\xampp\htdocs\thinkphp\Application\Sample_Mjmz\Utils\SqlManager.class.php 第 79 行.
SQL: SHOW COLUMNS FROM `xq_user` [ RunTime:0.0098s ]
SQL: SELECT * FROM `xq_user` WHERE ( user_name='wys30201' )  [ RunTime:0.0004s ]
NOTIC: [8] Undefined index: user_id E:\xampp\htdocs\thinkphp\Application\Sample_Mjmz\Utils\SqlManager.class.php 第 101 行.
NOTIC: [8] Undefined index: user_name E:\xampp\htdocs\thinkphp\Application\Sample_Mjmz\Utils\SqlManager.class.php 第 103 行.
SQL: SELECT * FROM `xq_user_info` WHERE ( user_name='%s' )  [ RunTime:0.0004s ]
ERR: 1048:Column 'user_id' cannot be null
 [ SQL语句 ] : INSERT INTO `xq_user_info` (`gender`,`age`,`tall`,`scholling`,`professional`,`native_place`,`marrige`,`job_address`,`phone`,`nick_name`,`user_id`,`create_time`) VALUES ('男','0','0','本科','','湖南','0','','','孤单的人',NULL,'2018-05-21 23:34:34')
ERR: 1048:Column 'user_id' cannot be null
 [ SQL语句 ] : INSERT INTO `xq_user_info` (`gender`,`age`,`tall`,`scholling`,`professional`,`native_place`,`marrige`,`job_address`,`phone`,`nick_name`,`user_id`,`create_time`) VALUES ('男','0','0','本科','','湖南','0','','','孤单的人',NULL,'2018-05-21 23:34:34')

[ 2018-05-21T23:34:51+08:00 ] ::1 /thinkphp/Sample_Mjmz/JMessage/exitChartRoom?roomId=7930&index=1&XDEBUG_SESSION_START=netbeans-xdebug
INFO: [ app_init ] --START--
INFO: Run Behavior\BuildLiteBehavior [ RunTime:0.000051s ]
INFO: [ app_init ] --END-- [ RunTime:0.000973s ]
INFO: [ app_begin ] --START--
INFO: Run Behavior\ReadHtmlCacheBehavior [ RunTime:0.001228s ]
INFO: [ app_begin ] --END-- [ RunTime:0.001542s ]
NOTIC: [8] Undefined index: userName E:\xampp\htdocs\thinkphp\Application\Sample_Mjmz\Controller\JMessageController.class.php 第 272 行.
NOTIC: [8] Undefined index: type E:\xampp\htdocs\thinkphp\Application\Sample_Mjmz\Controller\BaseController.class.php 第 57 行.

[ 2018-05-21T23:35:16+08:00 ] 192.168.1.103 /thinkphp/Sample_Mjmz/User/updateUserInfo?native_place=%E6%B9%96%E5%8D%97&phone=&job_address=&nickName=%E5%AD%A4%E5%8D%95%E7%9A%84%E4%BA%BA&age=0&marrige=0&gender=%E7%94%B7&userName=wys30201&professional=&scholling=%E6%9C%AC%E7%A7%91&tall=0
INFO: [ app_init ] --START--
INFO: Run Behavior\BuildLiteBehavior [ RunTime:0.000023s ]
INFO: [ app_init ] --END-- [ RunTime:0.000575s ]
INFO: [ app_begin ] --START--
INFO: Run Behavior\ReadHtmlCacheBehavior [ RunTime:0.000859s ]
INFO: [ app_begin ] --END-- [ RunTime:0.000951s ]
NOTIC: [8] Undefined index: useName E:\xampp\htdocs\thinkphp\Application\Sample_Mjmz\Utils\SqlManager.class.php 第 92 行.
SQL: SHOW COLUMNS FROM `xq_user_info` [ RunTime:0.0626s ]
NOTIC: [8] Undefined index: user_name E:\xampp\htdocs\thinkphp\Application\Sample_Mjmz\Utils\SqlManager.class.php 第 79 行.
SQL: SHOW COLUMNS FROM `xq_user` [ RunTime:0.0083s ]
SQL: SELECT * FROM `xq_user` WHERE ( user_name='wys30201' )  [ RunTime:0.0005s ]
NOTIC: [8] Undefined index: user_id E:\xampp\htdocs\thinkphp\Application\Sample_Mjmz\Utils\SqlManager.class.php 第 101 行.
NOTIC: [8] Undefined index: user_name E:\xampp\htdocs\thinkphp\Application\Sample_Mjmz\Utils\SqlManager.class.php 第 103 行.
SQL: SELECT * FROM `xq_user_info` WHERE ( user_name='%s' )  [ RunTime:0.0005s ]
ERR: 1048:Column 'user_id' cannot be null
 [ SQL语句 ] : INSERT INTO `xq_user_info` (`gender`,`age`,`tall`,`scholling`,`professional`,`native_place`,`marrige`,`job_address`,`phone`,`nick_name`,`user_id`,`create_time`) VALUES ('男','0','0','本科','','湖南','0','','','孤单的人',NULL,'2018-05-21 23:35:16')
ERR: 1048:Column 'user_id' cannot be null
 [ SQL语句 ] : INSERT INTO `xq_user_info` (`gender`,`age`,`tall`,`scholling`,`professional`,`native_place`,`marrige`,`job_address`,`phone`,`nick_name`,`user_id`,`create_time`) VALUES ('男','0','0','本科','','湖南','0','','','孤单的人',NULL,'2018-05-21 23:35:16')

[ 2018-05-21T23:35:18+08:00 ] 192.168.1.103 /thinkphp/Sample_Mjmz/User/updateUserInfo?native_place=%E6%B9%96%E5%8D%97&phone=&job_address=&nickName=%E5%AD%A4%E5%8D%95%E7%9A%84%E4%BA%BA&age=0&marrige=0&gender=%E7%94%B7&userName=wys30201&professional=&scholling=%E6%9C%AC%E7%A7%91&tall=0
INFO: [ app_init ] --START--
INFO: Run Behavior\BuildLiteBehavior [ RunTime:0.000039s ]
INFO: [ app_init ] --END-- [ RunTime:0.000865s ]
INFO: [ app_begin ] --START--
INFO: Run Behavior\ReadHtmlCacheBehavior [ RunTime:0.001068s ]
INFO: [ app_begin ] --END-- [ RunTime:0.001233s ]
NOTIC: [8] Undefined index: useName E:\xampp\htdocs\thinkphp\Application\Sample_Mjmz\Utils\SqlManager.class.php 第 92 行.
SQL: SHOW COLUMNS FROM `xq_user_info` [ RunTime:0.0044s ]
NOTIC: [8] Undefined index: user_name E:\xampp\htdocs\thinkphp\Application\Sample_Mjmz\Utils\SqlManager.class.php 第 79 行.
SQL: SHOW COLUMNS FROM `xq_user` [ RunTime:0.0042s ]
SQL: SELECT * FROM `xq_user` WHERE ( user_name='wys30201' )  [ RunTime:0.0004s ]
NOTIC: [8] Undefined index: user_id E:\xampp\htdocs\thinkphp\Application\Sample_Mjmz\Utils\SqlManager.class.php 第 101 行.
NOTIC: [8] Undefined index: user_name E:\xampp\htdocs\thinkphp\Application\Sample_Mjmz\Utils\SqlManager.class.php 第 103 行.
SQL: SELECT * FROM `xq_user_info` WHERE ( user_name='%s' )  [ RunTime:0.0005s ]
ERR: 1048:Column 'user_id' cannot be null
 [ SQL语句 ] : INSERT INTO `xq_user_info` (`gender`,`age`,`tall`,`scholling`,`professional`,`native_place`,`marrige`,`job_address`,`phone`,`nick_name`,`user_id`,`create_time`) VALUES ('男','0','0','本科','','湖南','0','','','孤单的人',NULL,'2018-05-21 23:35:18')
ERR: 1048:Column 'user_id' cannot be null
 [ SQL语句 ] : INSERT INTO `xq_user_info` (`gender`,`age`,`tall`,`scholling`,`professional`,`native_place`,`marrige`,`job_address`,`phone`,`nick_name`,`user_id`,`create_time`) VALUES ('男','0','0','本科','','湖南','0','','','孤单的人',NULL,'2018-05-21 23:35:18')

[ 2018-05-21T23:36:32+08:00 ] 192.168.1.103 /thinkphp/Sample_Mjmz/User/updateUserInfo?native_place=%E6%B9%96%E5%8D%97&phone=&job_address=&nickName=%E5%AD%A4%E5%8D%95%E7%9A%84%E4%BA%BA&age=0&marrige=0&gender=%E7%94%B7&userName=wys30201&professional=&scholling=%E6%9C%AC%E7%A7%91&tall=0
INFO: [ app_init ] --START--
INFO: Run Behavior\BuildLiteBehavior [ RunTime:0.000025s ]
INFO: [ app_init ] --END-- [ RunTime:0.000852s ]
INFO: [ app_begin ] --START--
INFO: Run Behavior\ReadHtmlCacheBehavior [ RunTime:0.000852s ]
INFO: [ app_begin ] --END-- [ RunTime:0.000952s ]
NOTIC: [8] Undefined index: useName E:\xampp\htdocs\thinkphp\Application\Sample_Mjmz\Utils\SqlManager.class.php 第 92 行.
SQL: SHOW COLUMNS FROM `xq_user_info` [ RunTime:0.0045s ]
NOTIC: [8] Undefined index: user_name E:\xampp\htdocs\thinkphp\Application\Sample_Mjmz\Utils\SqlManager.class.php 第 79 行.
SQL: SHOW COLUMNS FROM `xq_user` [ RunTime:0.0082s ]
SQL: SELECT * FROM `xq_user` WHERE ( user_name='wys30201' )  [ RunTime:0.0004s ]
NOTIC: [8] Undefined index: user_id E:\xampp\htdocs\thinkphp\Application\Sample_Mjmz\Utils\SqlManager.class.php 第 101 行.
NOTIC: [8] Undefined index: user_name E:\xampp\htdocs\thinkphp\Application\Sample_Mjmz\Utils\SqlManager.class.php 第 103 行.
SQL: SELECT * FROM `xq_user_info` WHERE ( user_name='%s' )  [ RunTime:0.0003s ]
ERR: 1048:Column 'user_id' cannot be null
 [ SQL语句 ] : INSERT INTO `xq_user_info` (`gender`,`age`,`tall`,`scholling`,`professional`,`native_place`,`marrige`,`job_address`,`phone`,`nick_name`,`user_id`,`create_time`) VALUES ('男','0','0','本科','','湖南','0','','','孤单的人',NULL,'2018-05-21 23:36:32')
ERR: 1048:Column 'user_id' cannot be null
 [ SQL语句 ] : INSERT INTO `xq_user_info` (`gender`,`age`,`tall`,`scholling`,`professional`,`native_place`,`marrige`,`job_address`,`phone`,`nick_name`,`user_id`,`create_time`) VALUES ('男','0','0','本科','','湖南','0','','','孤单的人',NULL,'2018-05-21 23:36:32')

[ 2018-05-21T23:36:48+08:00 ] ::1 /thinkphp/Sample_Mjmz/user/updateUserInfo?userName=wys30201&type=0&nickName=%E5%AD%A4%E5%8D%95%E7%9A%84%E4%BA%BA&gender=%E7%94%B7
INFO: [ app_init ] --START--
INFO: Run Behavior\BuildLiteBehavior [ RunTime:0.000061s ]
INFO: [ app_init ] --END-- [ RunTime:0.001262s ]
INFO: [ app_begin ] --START--
INFO: Run Behavior\ReadHtmlCacheBehavior [ RunTime:0.000991s ]
INFO: [ app_begin ] --END-- [ RunTime:0.001266s ]
NOTIC: [8] Undefined index: age E:\xampp\htdocs\thinkphp\Application\Sample_Mjmz\Controller\UserController.class.php 第 92 行.
NOTIC: [8] Undefined index: tall E:\xampp\htdocs\thinkphp\Application\Sample_Mjmz\Controller\UserController.class.php 第 93 行.
NOTIC: [8] Undefined index: scholling E:\xampp\htdocs\thinkphp\Application\Sample_Mjmz\Controller\UserController.class.php 第 94 行.
NOTIC: [8] Undefined index: professional E:\xampp\htdocs\thinkphp\Application\Sample_Mjmz\Controller\UserController.class.php 第 95 行.
NOTIC: [8] Undefined index: native_place E:\xampp\htdocs\thinkphp\Application\Sample_Mjmz\Controller\UserController.class.php 第 96 行.
NOTIC: [8] Undefined index: marrige E:\xampp\htdocs\thinkphp\Application\Sample_Mjmz\Controller\UserController.class.php 第 97 行.
NOTIC: [8] Undefined index: job_address E:\xampp\htdocs\thinkphp\Application\Sample_Mjmz\Controller\UserController.class.php 第 98 行.
NOTIC: [8] Undefined index: phone E:\xampp\htdocs\thinkphp\Application\Sample_Mjmz\Controller\UserController.class.php 第 99 行.
NOTIC: [8] Undefined index: useName E:\xampp\htdocs\thinkphp\Application\Sample_Mjmz\Utils\SqlManager.class.php 第 92 行.
SQL: SHOW COLUMNS FROM `xq_user_info` [ RunTime:0.0036s ]
NOTIC: [8] Undefined index: user_name E:\xampp\htdocs\thinkphp\Application\Sample_Mjmz\Utils\SqlManager.class.php 第 79 行.
SQL: SHOW COLUMNS FROM `xq_user` [ RunTime:0.0043s ]
SQL: SELECT * FROM `xq_user` WHERE ( user_name='wys30201' )  [ RunTime:0.0003s ]
NOTIC: [8] Undefined index: user_id E:\xampp\htdocs\thinkphp\Application\Sample_Mjmz\Utils\SqlManager.class.php 第 101 行.
NOTIC: [8] Undefined index: user_name E:\xampp\htdocs\thinkphp\Application\Sample_Mjmz\Utils\SqlManager.class.php 第 103 行.
SQL: SELECT * FROM `xq_user_info` WHERE ( user_name='%s' )  [ RunTime:0.0003s ]
ERR: 1048:Column 'age' cannot be null
 [ SQL语句 ] : INSERT INTO `xq_user_info` (`gender`,`age`,`tall`,`scholling`,`professional`,`native_place`,`marrige`,`job_address`,`phone`,`nick_name`,`user_id`,`create_time`) VALUES ('男',NULL,NULL,NULL,NULL,NULL,NULL,NULL,NULL,'孤单的人',NULL,'2018-05-21 23:36:48')
ERR: 1048:Column 'age' cannot be null
 [ SQL语句 ] : INSERT INTO `xq_user_info` (`gender`,`age`,`tall`,`scholling`,`professional`,`native_place`,`marrige`,`job_address`,`phone`,`nick_name`,`user_id`,`create_time`) VALUES ('男',NULL,NULL,NULL,NULL,NULL,NULL,NULL,NULL,'孤单的人',NULL,'2018-05-21 23:36:48')

[ 2018-05-21T23:45:53+08:00 ] ::1 /thinkphp/Sample_Mjmz/User/updateUserInfo?native_place=%E6%B9%96%E5%8D%97&phone=&job_address=&nickName=%E5%AD%A4%E5%8D%95%E7%9A%84%E4%BA%BA&age=0&marrige=0&gender=%E7%94%B7&userName=wys30201&professional=&scholling=%E6%9C%AC%E7%A7%91&tall=0
INFO: [ app_init ] --START--
INFO: Run Behavior\BuildLiteBehavior [ RunTime:0.000048s ]
INFO: [ app_init ] --END-- [ RunTime:0.000724s ]
INFO: [ app_begin ] --START--
INFO: Run Behavior\ReadHtmlCacheBehavior [ RunTime:0.000845s ]
INFO: [ app_begin ] --END-- [ RunTime:0.001054s ]
NOTIC: [8] Undefined index: useName E:\xampp\htdocs\thinkphp\Application\Sample_Mjmz\Utils\SqlManager.class.php 第 92 行.
SQL: SHOW COLUMNS FROM `xq_user_info` [ RunTime:0.0203s ]
NOTIC: [8] Undefined index: user_name E:\xampp\htdocs\thinkphp\Application\Sample_Mjmz\Utils\SqlManager.class.php 第 79 行.
SQL: SHOW COLUMNS FROM `xq_user` [ RunTime:0.0787s ]
SQL: SELECT * FROM `xq_user` WHERE ( user_name='wys30201' )  [ RunTime:0.0005s ]
NOTIC: [8] Undefined index: user_id E:\xampp\htdocs\thinkphp\Application\Sample_Mjmz\Utils\SqlManager.class.php 第 101 行.
NOTIC: [8] Undefined index: user_name E:\xampp\htdocs\thinkphp\Application\Sample_Mjmz\Utils\SqlManager.class.php 第 103 行.
SQL: SELECT * FROM `xq_user_info` WHERE ( user_name='%s' )  [ RunTime:0.0008s ]
ERR: 1048:Column 'user_id' cannot be null
 [ SQL语句 ] : INSERT INTO `xq_user_info` (`gender`,`age`,`tall`,`scholling`,`professional`,`native_place`,`marrige`,`job_address`,`phone`,`nick_name`,`user_id`,`create_time`) VALUES ('男','0','0','本科','','湖南','0','','','孤单的人',NULL,'2018-05-21 23:45:53')
ERR: 1048:Column 'user_id' cannot be null
 [ SQL语句 ] : INSERT INTO `xq_user_info` (`gender`,`age`,`tall`,`scholling`,`professional`,`native_place`,`marrige`,`job_address`,`phone`,`nick_name`,`user_id`,`create_time`) VALUES ('男','0','0','本科','','湖南','0','','','孤单的人',NULL,'2018-05-21 23:45:53')

[ 2018-05-21T23:48:16+08:00 ] ::1 /thinkphp/Sample_Mjmz/User/updateUserInfo?native_place=%E6%B9%96%E5%8D%97&phone=&job_address=&nickName=%E5%AD%A4%E5%8D%95%E7%9A%84%E4%BA%BA&age=0&marrige=0&gender=%E7%94%B7&userName=wys30201&professional=&scholling=%E6%9C%AC%E7%A7%91&tall=0
INFO: [ app_init ] --START--
INFO: Run Behavior\BuildLiteBehavior [ RunTime:0.000077s ]
INFO: [ app_init ] --END-- [ RunTime:0.001171s ]
INFO: [ app_begin ] --START--
INFO: Run Behavior\ReadHtmlCacheBehavior [ RunTime:0.001808s ]
INFO: [ app_begin ] --END-- [ RunTime:0.002240s ]
NOTIC: [8] Undefined index: use_name E:\xampp\htdocs\thinkphp\Application\Sample_Mjmz\Utils\SqlManager.class.php 第 92 行.
NOTIC: [8] Undefined index: use_name E:\xampp\htdocs\thinkphp\Application\Sample_Mjmz\Utils\SqlManager.class.php 第 92 行.
NOTIC: [8] Undefined index: nick_name E:\xampp\htdocs\thinkphp\Application\Sample_Mjmz\Utils\SqlManager.class.php 第 93 行.
NOTIC: [8] Undefined index: nick_name E:\xampp\htdocs\thinkphp\Application\Sample_Mjmz\Utils\SqlManager.class.php 第 93 行.
SQL: SHOW COLUMNS FROM `xq_user_info` [ RunTime:0.0036s ]
NOTIC: [8] Undefined index: user_name E:\xampp\htdocs\thinkphp\Application\Sample_Mjmz\Utils\SqlManager.class.php 第 79 行.
SQL: SHOW COLUMNS FROM `xq_user` [ RunTime:0.0047s ]
SQL: SELECT * FROM `xq_user` WHERE ( user_name='wys30201' )  [ RunTime:0.0005s ]
NOTIC: [8] Undefined index: user_id E:\xampp\htdocs\thinkphp\Application\Sample_Mjmz\Utils\SqlManager.class.php 第 101 行.
NOTIC: [8] Undefined index: user_name E:\xampp\htdocs\thinkphp\Application\Sample_Mjmz\Utils\SqlManager.class.php 第 103 行.
SQL: SELECT * FROM `xq_user_info` WHERE ( user_name='%s' )  [ RunTime:0.0005s ]
ERR: 1048:Column 'nick_name' cannot be null
 [ SQL语句 ] : INSERT INTO `xq_user_info` (`gender`,`age`,`tall`,`scholling`,`professional`,`native_place`,`marrige`,`job_address`,`phone`,`nick_name`,`user_id`,`create_time`) VALUES ('男','0','0','本科','','湖南','0','','',NULL,NULL,'2018-05-21 23:48:16')
ERR: 1048:Column 'nick_name' cannot be null
 [ SQL语句 ] : INSERT INTO `xq_user_info` (`gender`,`age`,`tall`,`scholling`,`professional`,`native_place`,`marrige`,`job_address`,`phone`,`nick_name`,`user_id`,`create_time`) VALUES ('男','0','0','本科','','湖南','0','','',NULL,NULL,'2018-05-21 23:48:16')

[ 2018-05-21T23:57:55+08:00 ] ::1 /thinkphp/Sample_Mjmz/User/updateUserInfo?native_place=%E6%B9%96%E5%8D%97&phone=&job_address=&nickName=%E5%AD%A4%E5%8D%95%E7%9A%84%E4%BA%BA&age=0&marrige=0&gender=%E7%94%B7&userName=wys30201&professional=&scholling=%E6%9C%AC%E7%A7%91&tall=0
INFO: [ app_init ] --START--
INFO: Run Behavior\BuildLiteBehavior [ RunTime:0.000067s ]
INFO: [ app_init ] --END-- [ RunTime:0.001133s ]
INFO: [ app_begin ] --START--
INFO: Run Behavior\ReadHtmlCacheBehavior [ RunTime:0.001374s ]
INFO: [ app_begin ] --END-- [ RunTime:0.001671s ]
NOTIC: [8] Undefined index: use_name E:\xampp\htdocs\thinkphp\Application\Sample_Mjmz\Utils\SqlManager.class.php 第 92 行.
NOTIC: [8] Undefined index: useName E:\xampp\htdocs\thinkphp\Application\Sample_Mjmz\Utils\SqlManager.class.php 第 92 行.
NOTIC: [8] Undefined index: nick_name E:\xampp\htdocs\thinkphp\Application\Sample_Mjmz\Utils\SqlManager.class.php 第 93 行.
SQL: SHOW COLUMNS FROM `xq_user_info` [ RunTime:0.3432s ]
NOTIC: [8] Undefined index: user_name E:\xampp\htdocs\thinkphp\Application\Sample_Mjmz\Utils\SqlManager.class.php 第 79 行.
SQL: SHOW COLUMNS FROM `xq_user` [ RunTime:0.0220s ]
SQL: SELECT * FROM `xq_user` WHERE ( user_name='wys30201' )  [ RunTime:0.0005s ]
NOTIC: [8] Undefined index: user_id E:\xampp\htdocs\thinkphp\Application\Sample_Mjmz\Utils\SqlManager.class.php 第 101 行.
NOTIC: [8] Undefined index: user_name E:\xampp\htdocs\thinkphp\Application\Sample_Mjmz\Utils\SqlManager.class.php 第 103 行.
SQL: SELECT * FROM `xq_user_info` WHERE ( user_name='%s' )  [ RunTime:0.0012s ]
ERR: 1048:Column 'user_id' cannot be null
 [ SQL语句 ] : INSERT INTO `xq_user_info` (`gender`,`age`,`tall`,`scholling`,`professional`,`native_place`,`marrige`,`job_address`,`phone`,`nick_name`,`user_id`,`create_time`) VALUES ('男','0','0','本科','','湖南','0','','','孤单的人',NULL,'2018-05-21 23:57:55')
ERR: 1048:Column 'user_id' cannot be null
 [ SQL语句 ] : INSERT INTO `xq_user_info` (`gender`,`age`,`tall`,`scholling`,`professional`,`native_place`,`marrige`,`job_address`,`phone`,`nick_name`,`user_id`,`create_time`) VALUES ('男','0','0','本科','','湖南','0','','','孤单的人',NULL,'2018-05-21 23:57:55')

[ 2018-05-21T23:59:28+08:00 ] ::1 /thinkphp/Sample_Mjmz/User/updateUserInfo?native_place=%E6%B9%96%E5%8D%97&phone=&job_address=&nickName=%E5%AD%A4%E5%8D%95%E7%9A%84%E4%BA%BA&age=0&marrige=0&gender=%E7%94%B7&userName=wys30201&professional=&scholling=%E6%9C%AC%E7%A7%91&tall=0
INFO: [ app_init ] --START--
INFO: Run Behavior\BuildLiteBehavior [ RunTime:0.000059s ]
INFO: [ app_init ] --END-- [ RunTime:0.000995s ]
INFO: [ app_begin ] --START--
INFO: Run Behavior\ReadHtmlCacheBehavior [ RunTime:0.001172s ]
INFO: [ app_begin ] --END-- [ RunTime:0.001422s ]
SQL: SHOW COLUMNS FROM `xq_user_info` [ RunTime:0.2498s ]
SQL: SHOW COLUMNS FROM `xq_user` [ RunTime:0.0163s ]
SQL: SELECT * FROM `xq_user` WHERE ( user_name='wys30201' )  [ RunTime:0.0004s ]
NOTIC: [8] Undefined index: user_id E:\xampp\htdocs\thinkphp\Application\Sample_Mjmz\Utils\SqlManager.class.php 第 102 行.
SQL: SELECT * FROM `xq_user_info` WHERE ( user_name='wys30201' )  [ RunTime:0.0005s ]
SQL: UPDATE `xq_user_info` SET `gender`='男',`age`='0',`tall`='0',`scholling`='本科',`professional`='',`native_place`='湖南',`marrige`='0',`job_address`='',`phone`='',`user_name`='wys30201',`nick_name`='孤单的人',`user_id`=NULL,`modify_time`='2018-05-21 23:59:25' WHERE ( user_name='wys30201' ) [ RunTime:0.0831s ]
SQL: SELECT `user_id`,`user_name`,`nick_name`,`gender`,`level`,`balance`,`age`,`tall`,`scholling`,`professional`,`native_place`,`marrige`,`job_address`,`phone`,`head_image`,`create_time`,`modify_time` FROM `xq_user_info` WHERE ( user_name='wys30201' ) LIMIT 1   [ RunTime:0.0005s ]
NOTIC: [8] Use of undefined constant COM - assumed 'COM' E:\xampp\htdocs\thinkphp\Application\Sample_Mjmz\Controller\BaseController.class.php 第 28 行.
NOTIC: [2] key() expects parameter 1 to be array, null given E:\xampp\htdocs\thinkphp\Application\Sample_Mjmz\Controller\BaseController.class.php 第 39 行.
NOTIC: [8] Undefined index: type E:\xampp\htdocs\thinkphp\Application\Sample_Mjmz\Controller\BaseController.class.php 第 57 行.

