[ 2018-04-12T14:17:55+08:00 ] ::1 /thinkphp/Sample_Mjmz/web/madridNews
INFO: [ app_init ] --START--
INFO: Run Behavior\BuildLiteBehavior [ RunTime:0.000000s ]
INFO: [ app_init ] --END-- [ RunTime:0.000501s ]
INFO: [ app_begin ] --START--
INFO: Run Behavior\ReadHtmlCacheBehavior [ RunTime:0.000500s ]
INFO: [ app_begin ] --END-- [ RunTime:0.000500s ]
NOTIC: [8] Constant TABLE_USER already defined D:\xampp\htdocs\thinkphp\Application\Sample_Mjmz\Controller\BaseController.class.php 第 16 行.
NOTIC: [8] Constant TABLE_HTML already defined D:\xampp\htdocs\thinkphp\Application\Sample_Mjmz\Controller\BaseController.class.php 第 17 行.
NOTIC: [8] Undefined index: id D:\xampp\htdocs\thinkphp\Application\Sample_Mjmz\Controller\WebController.class.php 第 235 行.
INFO: [ view_parse ] --START--
INFO: [ template_filter ] --START--
INFO: Run Behavior\ContentReplaceBehavior [ RunTime:0.022005s ]
INFO: [ template_filter ] --END-- [ RunTime:0.022505s ]
INFO: Run Behavior\ParseTemplateBehavior [ RunTime:0.048009s ]
INFO: [ view_parse ] --END-- [ RunTime:0.048009s ]
INFO: [ view_filter ] --START--
INFO: Run Behavior\WriteHtmlCacheBehavior [ RunTime:0.000500s ]
INFO: [ view_filter ] --END-- [ RunTime:0.001001s ]

[ 2018-04-12T14:18:04+08:00 ] ::1 /thinkphp/Sample_Mjmz/JMessage
INFO: [ app_init ] --START--
INFO: Run Behavior\BuildLiteBehavior [ RunTime:0.000000s ]
INFO: [ app_init ] --END-- [ RunTime:0.000500s ]
INFO: [ app_begin ] --START--
INFO: Run Behavior\ReadHtmlCacheBehavior [ RunTime:0.000500s ]
INFO: [ app_begin ] --END-- [ RunTime:0.000500s ]
NOTIC: [2] count(): Parameter must be an array or an object that implements Countable D:\xampp\htdocs\thinkphp\Application\Sample_Mjmz\Controller\BaseController.class.php 第 27 行.
NOTIC: [2] key() expects parameter 1 to be array, null given D:\xampp\htdocs\thinkphp\Application\Sample_Mjmz\Controller\BaseController.class.php 第 38 行.
NOTIC: [8] Undefined index: type D:\xampp\htdocs\thinkphp\Application\Sample_Mjmz\Controller\BaseController.class.php 第 56 行.

[ 2018-04-12T14:23:18+08:00 ] ::1 /thinkphp/Sample_Mjmz/JMessage/showUser
INFO: [ app_init ] --START--
INFO: Run Behavior\BuildLiteBehavior [ RunTime:0.000000s ]
INFO: [ app_init ] --END-- [ RunTime:0.000000s ]
INFO: [ app_begin ] --START--
INFO: Run Behavior\ReadHtmlCacheBehavior [ RunTime:0.000500s ]
INFO: [ app_begin ] --END-- [ RunTime:0.000500s ]
NOTIC: [8] Undefined index: userName D:\xampp\htdocs\thinkphp\Application\Sample_Mjmz\Controller\JMessageController.class.php 第 40 行.
NOTIC: [8] Array to string conversion D:\xampp\htdocs\thinkphp\Application\Sample_Mjmz\Controller\JMessageController.class.php 第 42 行.
NOTIC: [8] Undefined index: username D:\xampp\htdocs\thinkphp\Application\Sample_Mjmz\Controller\JMessageController.class.php 第 42 行.
INFO: [ app_end ] --START--
INFO: Run Behavior\ShowPageTraceBehavior [ RunTime:0.001000s ]
INFO: [ app_end ] --END-- [ RunTime:0.001000s ]

[ 2018-04-12T14:23:30+08:00 ] ::1 /thinkphp/Sample_Mjmz/JMessage/showUser?userName=wys30201
INFO: [ app_init ] --START--
INFO: Run Behavior\BuildLiteBehavior [ RunTime:0.000000s ]
INFO: [ app_init ] --END-- [ RunTime:0.000500s ]
INFO: [ app_begin ] --START--
INFO: Run Behavior\ReadHtmlCacheBehavior [ RunTime:0.000500s ]
INFO: [ app_begin ] --END-- [ RunTime:0.000500s ]
NOTIC: [8] Array to string conversion D:\xampp\htdocs\thinkphp\Application\Sample_Mjmz\Controller\JMessageController.class.php 第 42 行.
INFO: [ app_end ] --START--
INFO: Run Behavior\ShowPageTraceBehavior [ RunTime:0.000500s ]
INFO: [ app_end ] --END-- [ RunTime:0.001000s ]

[ 2018-04-12T15:15:34+08:00 ] ::1 /thinkphp/Sample_Mjmz/JMessage/listUsers
INFO: [ app_init ] --START--
INFO: Run Behavior\BuildLiteBehavior [ RunTime:0.000500s ]
INFO: [ app_init ] --END-- [ RunTime:0.000500s ]
INFO: [ app_begin ] --START--
INFO: Run Behavior\ReadHtmlCacheBehavior [ RunTime:0.000500s ]
INFO: [ app_begin ] --END-- [ RunTime:0.000500s ]
NOTIC: [8] Undefined index: roomId D:\xampp\htdocs\thinkphp\Application\Sample_Mjmz\Controller\JMessageController.class.php 第 31 行.
NOTIC: [8] Undefined index:  D:\xampp\htdocs\thinkphp\Application\Sample_Mjmz\Controller\JMessageController.class.php 第 32 行.
ERR: Class 'JMChartRoomHandler' not found

[ 2018-04-12T15:16:05+08:00 ] ::1 /thinkphp/Sample_Mjmz/JMessage/listUsers
INFO: [ app_init ] --START--
INFO: Run Behavior\BuildLiteBehavior [ RunTime:0.000000s ]
INFO: [ app_init ] --END-- [ RunTime:0.000500s ]
INFO: [ app_begin ] --START--
INFO: Run Behavior\ReadHtmlCacheBehavior [ RunTime:0.001000s ]
INFO: [ app_begin ] --END-- [ RunTime:0.001000s ]
NOTIC: [8] Undefined index: roomId D:\xampp\htdocs\thinkphp\Application\Sample_Mjmz\Controller\JMessageController.class.php 第 31 行.
NOTIC: [8] Undefined index:  D:\xampp\htdocs\thinkphp\Application\Sample_Mjmz\Controller\JMessageController.class.php 第 32 行.
ERR: Class 'JMChartRoomHandler' not found

[ 2018-04-12T15:16:08+08:00 ] ::1 /thinkphp/Sample_Mjmz/JMessage/listUsers
INFO: [ app_init ] --START--
INFO: Run Behavior\BuildLiteBehavior [ RunTime:0.000000s ]
INFO: [ app_init ] --END-- [ RunTime:0.000500s ]
INFO: [ app_begin ] --START--
INFO: Run Behavior\ReadHtmlCacheBehavior [ RunTime:0.000500s ]
INFO: [ app_begin ] --END-- [ RunTime:0.000500s ]
NOTIC: [8] Undefined index: roomId D:\xampp\htdocs\thinkphp\Application\Sample_Mjmz\Controller\JMessageController.class.php 第 31 行.
NOTIC: [8] Undefined index:  D:\xampp\htdocs\thinkphp\Application\Sample_Mjmz\Controller\JMessageController.class.php 第 32 行.
ERR: Class 'JMChartRoomHandler' not found

[ 2018-04-12T15:18:07+08:00 ] ::1 /thinkphp/Sample_Mjmz/JMessage/listUsers
INFO: [ app_init ] --START--
INFO: Run Behavior\BuildLiteBehavior [ RunTime:0.000000s ]
INFO: [ app_init ] --END-- [ RunTime:0.000500s ]
INFO: [ app_begin ] --START--
INFO: Run Behavior\ReadHtmlCacheBehavior [ RunTime:0.000500s ]
INFO: [ app_begin ] --END-- [ RunTime:0.000500s ]
NOTIC: [8] Undefined index: roomId D:\xampp\htdocs\thinkphp\Application\Sample_Mjmz\Controller\JMessageController.class.php 第 31 行.
NOTIC: [8] Undefined index:  D:\xampp\htdocs\thinkphp\Application\Sample_Mjmz\Controller\JMessageController.class.php 第 32 行.
ERR: Class 'Sample_Mjmz\Controller\Jmessage\JMChartRoomHandler' not found

[ 2018-04-12T15:18:47+08:00 ] ::1 /thinkphp/Sample_Mjmz/JMessage/listUsers
INFO: [ app_init ] --START--
INFO: Run Behavior\BuildLiteBehavior [ RunTime:0.000000s ]
INFO: [ app_init ] --END-- [ RunTime:0.000500s ]
INFO: [ app_begin ] --START--
INFO: Run Behavior\ReadHtmlCacheBehavior [ RunTime:0.000500s ]
INFO: [ app_begin ] --END-- [ RunTime:0.000500s ]
NOTIC: [8] Undefined index: roomId D:\xampp\htdocs\thinkphp\Application\Sample_Mjmz\Controller\JMessageController.class.php 第 31 行.
NOTIC: [8] Undefined index:  D:\xampp\htdocs\thinkphp\Application\Sample_Mjmz\Controller\JMessageController.class.php 第 32 行.
ERR: Class 'JMChartRoomHandler' not found

[ 2018-04-12T15:19:05+08:00 ] ::1 /thinkphp/Sample_Mjmz/JMessage/listUsers
INFO: [ app_init ] --START--
INFO: Run Behavior\BuildLiteBehavior [ RunTime:0.000000s ]
INFO: [ app_init ] --END-- [ RunTime:0.000000s ]
INFO: [ app_begin ] --START--
INFO: Run Behavior\ReadHtmlCacheBehavior [ RunTime:0.000503s ]
INFO: [ app_begin ] --END-- [ RunTime:0.000503s ]
NOTIC: [8] Undefined index: roomId D:\xampp\htdocs\thinkphp\Application\Sample_Mjmz\Controller\JMessageController.class.php 第 31 行.
NOTIC: [8] Undefined index:  D:\xampp\htdocs\thinkphp\Application\Sample_Mjmz\Controller\JMessageController.class.php 第 32 行.
ERR: Class 'Sample_Mjmz\JMChartRoomHandler' not found

[ 2018-04-12T15:25:19+08:00 ] ::1 /thinkphp/Sample_Mjmz/JMessage/listUsers
INFO: [ app_init ] --START--
INFO: Run Behavior\BuildLiteBehavior [ RunTime:0.000000s ]
INFO: [ app_init ] --END-- [ RunTime:0.000500s ]
INFO: [ app_begin ] --START--
INFO: Run Behavior\ReadHtmlCacheBehavior [ RunTime:0.000500s ]
INFO: [ app_begin ] --END-- [ RunTime:0.000500s ]
NOTIC: [8] Undefined index: roomId D:\xampp\htdocs\thinkphp\Application\Sample_Mjmz\Controller\JMessageController.class.php 第 31 行.
NOTIC: [8] Undefined index:  D:\xampp\htdocs\thinkphp\Application\Sample_Mjmz\Controller\JMessageController.class.php 第 32 行.
ERR: Class 'Sample_Mjmz\JMChartRoomHandler' not found

[ 2018-04-12T15:25:50+08:00 ] ::1 /thinkphp/Sample_Mjmz/JMessage/listUsers
INFO: [ app_init ] --START--
INFO: Run Behavior\BuildLiteBehavior [ RunTime:0.000000s ]
INFO: [ app_init ] --END-- [ RunTime:0.000500s ]
INFO: [ app_begin ] --START--
INFO: Run Behavior\ReadHtmlCacheBehavior [ RunTime:0.000500s ]
INFO: [ app_begin ] --END-- [ RunTime:0.000500s ]
NOTIC: [8] Undefined index: roomId D:\xampp\htdocs\thinkphp\Application\Sample_Mjmz\Controller\JMessageController.class.php 第 31 行.
NOTIC: [8] Undefined index:  D:\xampp\htdocs\thinkphp\Application\Sample_Mjmz\Controller\JMessageController.class.php 第 32 行.
ERR: Class 'Sample_Mjmz\JMChartRoomHandler' not found

[ 2018-04-12T15:26:27+08:00 ] ::1 /thinkphp/Sample_Mjmz/JMessage/listUsers
INFO: [ app_init ] --START--
INFO: Run Behavior\BuildLiteBehavior [ RunTime:0.000000s ]
INFO: [ app_init ] --END-- [ RunTime:0.000500s ]
INFO: [ app_begin ] --START--
INFO: Run Behavior\ReadHtmlCacheBehavior [ RunTime:0.000500s ]
INFO: [ app_begin ] --END-- [ RunTime:0.000500s ]
NOTIC: [8] Undefined index: roomId D:\xampp\htdocs\thinkphp\Application\Sample_Mjmz\Controller\JMessageController.class.php 第 31 行.
NOTIC: [8] Undefined index:  D:\xampp\htdocs\thinkphp\Application\Sample_Mjmz\Controller\JMessageController.class.php 第 32 行.
ERR: Class 'Sample_Mjmz\Jmessage\JMChartRoomHandler' not found

[ 2018-04-12T16:21:25+08:00 ] ::1 /thinkphp/Sample_Mjmz/JMessage/listUsers
INFO: [ app_init ] --START--
INFO: Run Behavior\BuildLiteBehavior [ RunTime:0.000000s ]
INFO: [ app_init ] --END-- [ RunTime:0.003501s ]
INFO: [ app_begin ] --START--
INFO: Run Behavior\ReadHtmlCacheBehavior [ RunTime:0.009002s ]
INFO: [ app_begin ] --END-- [ RunTime:0.009002s ]
NOTIC: [2] require(../Jmessage/JMChartRoomHandler): failed to open stream: No such file or directory D:\xampp\htdocs\thinkphp\Application\Sample_Mjmz\Controller\JMessageController.class.php 第 13 行.

[ 2018-04-12T16:22:11+08:00 ] ::1 /thinkphp/Sample_Mjmz/JMessage/listUsers
INFO: [ app_init ] --START--
INFO: Run Behavior\BuildLiteBehavior [ RunTime:0.000000s ]
INFO: [ app_init ] --END-- [ RunTime:0.003500s ]
INFO: [ app_begin ] --START--
INFO: Run Behavior\ReadHtmlCacheBehavior [ RunTime:0.009002s ]
INFO: [ app_begin ] --END-- [ RunTime:0.009002s ]
NOTIC: [2] require(../Jmessage/JMChartRoomHandler.php): failed to open stream: No such file or directory D:\xampp\htdocs\thinkphp\Application\Sample_Mjmz\Controller\JMessageController.class.php 第 13 行.

[ 2018-04-12T16:22:15+08:00 ] ::1 /thinkphp/Sample_Mjmz/JMessage/listUsers
INFO: [ app_init ] --START--
INFO: Run Behavior\BuildLiteBehavior [ RunTime:0.000000s ]
INFO: [ app_init ] --END-- [ RunTime:0.004000s ]
INFO: [ app_begin ] --START--
INFO: Run Behavior\ReadHtmlCacheBehavior [ RunTime:0.004000s ]
INFO: [ app_begin ] --END-- [ RunTime:0.004000s ]
NOTIC: [2] require(../Jmessage/JMChartRoomHandler.php): failed to open stream: No such file or directory D:\xampp\htdocs\thinkphp\Application\Sample_Mjmz\Controller\JMessageController.class.php 第 13 行.

[ 2018-04-12T16:23:04+08:00 ] ::1 /thinkphp/Sample_Mjmz/JMessage/listUsers
INFO: [ app_init ] --START--
INFO: Run Behavior\BuildLiteBehavior [ RunTime:0.000000s ]
INFO: [ app_init ] --END-- [ RunTime:0.003501s ]
INFO: [ app_begin ] --START--
INFO: Run Behavior\ReadHtmlCacheBehavior [ RunTime:0.009001s ]
INFO: [ app_begin ] --END-- [ RunTime:0.009501s ]
NOTIC: [2] require(./Jmessage/JMChartRoomHandler.php): failed to open stream: No such file or directory D:\xampp\htdocs\thinkphp\Application\Sample_Mjmz\Controller\JMessageController.class.php 第 13 行.

[ 2018-04-12T16:23:08+08:00 ] ::1 /thinkphp/Sample_Mjmz/JMessage/listUsers
INFO: [ app_init ] --START--
INFO: Run Behavior\BuildLiteBehavior [ RunTime:0.000000s ]
INFO: [ app_init ] --END-- [ RunTime:0.004001s ]
INFO: [ app_begin ] --START--
INFO: Run Behavior\ReadHtmlCacheBehavior [ RunTime:0.004001s ]
INFO: [ app_begin ] --END-- [ RunTime:0.004501s ]
NOTIC: [2] require(./Jmessage/JMChartRoomHandler.php): failed to open stream: No such file or directory D:\xampp\htdocs\thinkphp\Application\Sample_Mjmz\Controller\JMessageController.class.php 第 13 行.

[ 2018-04-12T16:26:37+08:00 ] ::1 /thinkphp/Sample_Mjmz/JMessage/listUsers
INFO: [ app_init ] --START--
INFO: Run Behavior\BuildLiteBehavior [ RunTime:0.000000s ]
INFO: [ app_init ] --END-- [ RunTime:0.003501s ]
INFO: [ app_begin ] --START--
INFO: Run Behavior\ReadHtmlCacheBehavior [ RunTime:0.034007s ]
INFO: [ app_begin ] --END-- [ RunTime:0.034007s ]
NOTIC: [8] Undefined index: roomId D:\xampp\htdocs\thinkphp\Application\Sample_Mjmz\Controller\JMessageController.class.php 第 32 行.
NOTIC: [8] Undefined index:  D:\xampp\htdocs\thinkphp\Application\Sample_Mjmz\Controller\JMessageController.class.php 第 33 行.
ERR: Class 'JMChartRoomHandler' not found

[ 2018-04-12T16:27:24+08:00 ] ::1 /thinkphp/Sample_Mjmz/JMessage/listUsers
INFO: [ app_init ] --START--
INFO: Run Behavior\BuildLiteBehavior [ RunTime:0.000500s ]
INFO: [ app_init ] --END-- [ RunTime:0.004000s ]
INFO: [ app_begin ] --START--
INFO: Run Behavior\ReadHtmlCacheBehavior [ RunTime:0.009002s ]
INFO: [ app_begin ] --END-- [ RunTime:0.009502s ]
NOTIC: [8] Undefined index: roomId D:\xampp\htdocs\thinkphp\Application\Sample_Mjmz\Controller\JMessageController.class.php 第 32 行.
NOTIC: [8] Undefined index:  D:\xampp\htdocs\thinkphp\Application\Sample_Mjmz\Controller\JMessageController.class.php 第 33 行.
ERR: Class 'JMChartRoomHandler' not found

[ 2018-04-12T16:29:54+08:00 ] ::1 /thinkphp/Sample_Mjmz/JMessage/listUsers
INFO: [ app_init ] --START--
INFO: Run Behavior\BuildLiteBehavior [ RunTime:0.000000s ]
INFO: [ app_init ] --END-- [ RunTime:0.004501s ]
INFO: [ app_begin ] --START--
INFO: Run Behavior\ReadHtmlCacheBehavior [ RunTime:0.009502s ]
INFO: [ app_begin ] --END-- [ RunTime:0.009502s ]
NOTIC: [8] Undefined index: roomId D:\xampp\htdocs\thinkphp\Application\Sample_Mjmz\Controller\JMessageController.class.php 第 32 行.
NOTIC: [8] Undefined index:  D:\xampp\htdocs\thinkphp\Application\Sample_Mjmz\Controller\JMessageController.class.php 第 33 行.
ERR: Class 'JMChartRoomHandler' not found

[ 2018-04-12T16:30:20+08:00 ] ::1 /thinkphp/Sample_Mjmz/JMessage/listUsers
INFO: [ app_init ] --START--
INFO: Run Behavior\BuildLiteBehavior [ RunTime:0.000000s ]
INFO: [ app_init ] --END-- [ RunTime:0.004000s ]
INFO: [ app_begin ] --START--
INFO: Run Behavior\ReadHtmlCacheBehavior [ RunTime:0.009502s ]
INFO: [ app_begin ] --END-- [ RunTime:0.009502s ]
NOTIC: [8] Undefined index: roomId D:\xampp\htdocs\thinkphp\Application\Sample_Mjmz\Controller\JMessageController.class.php 第 32 行.
NOTIC: [8] Undefined index:  D:\xampp\htdocs\thinkphp\Application\Sample_Mjmz\Controller\JMessageController.class.php 第 33 行.
ERR: Class 'JMChartRoomHandler' not found

[ 2018-04-12T16:32:38+08:00 ] ::1 /thinkphp/Sample_Mjmz/JMessage/listUsers
INFO: [ app_init ] --START--
INFO: Run Behavior\BuildLiteBehavior [ RunTime:0.000000s ]
INFO: [ app_init ] --END-- [ RunTime:0.003501s ]
INFO: [ app_begin ] --START--
INFO: Run Behavior\ReadHtmlCacheBehavior [ RunTime:0.009002s ]
INFO: [ app_begin ] --END-- [ RunTime:0.009002s ]

[ 2018-04-12T16:33:20+08:00 ] ::1 /thinkphp/Sample_Mjmz/JMessage/listUsers
INFO: [ app_init ] --START--
INFO: Run Behavior\BuildLiteBehavior [ RunTime:0.000000s ]
INFO: [ app_init ] --END-- [ RunTime:0.004001s ]
INFO: [ app_begin ] --START--
INFO: Run Behavior\ReadHtmlCacheBehavior [ RunTime:0.009002s ]
INFO: [ app_begin ] --END-- [ RunTime:0.009002s ]
NOTIC: [8] Undefined index: roomId D:\xampp\htdocs\thinkphp\Application\Sample_Mjmz\Controller\JMessageController.class.php 第 31 行.
NOTIC: [8] Undefined index:  D:\xampp\htdocs\thinkphp\Application\Sample_Mjmz\Controller\JMessageController.class.php 第 32 行.
ERR: Class 'Sample_Mjmz\Jmessage\JMChartRoomHandler' not found

[ 2018-04-12T16:33:40+08:00 ] ::1 /thinkphp/Sample_Mjmz/JMessage/listUsers
INFO: [ app_init ] --START--
INFO: Run Behavior\BuildLiteBehavior [ RunTime:0.000000s ]
INFO: [ app_init ] --END-- [ RunTime:0.003501s ]
INFO: [ app_begin ] --START--
INFO: Run Behavior\ReadHtmlCacheBehavior [ RunTime:0.009002s ]
INFO: [ app_begin ] --END-- [ RunTime:0.009502s ]
NOTIC: [8] Undefined index: roomId D:\xampp\htdocs\thinkphp\Application\Sample_Mjmz\Controller\JMessageController.class.php 第 31 行.
NOTIC: [8] Undefined index:  D:\xampp\htdocs\thinkphp\Application\Sample_Mjmz\Controller\JMessageController.class.php 第 32 行.
ERR: Class 'JMChartRoomHandler' not found

[ 2018-04-12T16:34:04+08:00 ] ::1 /thinkphp/Sample_Mjmz/JMessage/listUsers
INFO: [ app_init ] --START--
INFO: Run Behavior\BuildLiteBehavior [ RunTime:0.000000s ]
INFO: [ app_init ] --END-- [ RunTime:0.003501s ]
INFO: [ app_begin ] --START--
INFO: Run Behavior\ReadHtmlCacheBehavior [ RunTime:0.009502s ]
INFO: [ app_begin ] --END-- [ RunTime:0.009502s ]
NOTIC: [8] Undefined index: roomId D:\xampp\htdocs\thinkphp\Application\Sample_Mjmz\Controller\JMessageController.class.php 第 31 行.
NOTIC: [8] Undefined index:  D:\xampp\htdocs\thinkphp\Application\Sample_Mjmz\Controller\JMessageController.class.php 第 32 行.
ERR: Class 'Sample_Mjmz\Jmessage\JMChartRoomHandler' not found

[ 2018-04-12T16:36:18+08:00 ] ::1 /thinkphp/Sample_Mjmz/JMessage/listUsers
INFO: [ app_init ] --START--
INFO: Run Behavior\BuildLiteBehavior [ RunTime:0.000000s ]
INFO: [ app_init ] --END-- [ RunTime:0.003501s ]
INFO: [ app_begin ] --START--
INFO: Run Behavior\ReadHtmlCacheBehavior [ RunTime:0.236047s ]
INFO: [ app_begin ] --END-- [ RunTime:0.236047s ]
NOTIC: [8] Undefined index: roomId D:\xampp\htdocs\thinkphp\Application\Sample_Mjmz\Controller\JMessageController.class.php 第 32 行.
NOTIC: [8] Undefined index:  D:\xampp\htdocs\thinkphp\Application\Sample_Mjmz\Controller\JMessageController.class.php 第 33 行.
ERR: Class 'Sample_Mjmz\Jmessage\JMChartRoomHandler' not found

[ 2018-04-12T16:36:43+08:00 ] ::1 /thinkphp/Sample_Mjmz/JMessage/listUsers
INFO: [ app_init ] --START--
INFO: Run Behavior\BuildLiteBehavior [ RunTime:0.000000s ]
INFO: [ app_init ] --END-- [ RunTime:0.004000s ]
INFO: [ app_begin ] --START--
INFO: Run Behavior\ReadHtmlCacheBehavior [ RunTime:0.009502s ]
INFO: [ app_begin ] --END-- [ RunTime:0.009502s ]
NOTIC: [8] Undefined index: roomId D:\xampp\htdocs\thinkphp\Application\Sample_Mjmz\Controller\JMessageController.class.php 第 32 行.
NOTIC: [8] Undefined index:  D:\xampp\htdocs\thinkphp\Application\Sample_Mjmz\Controller\JMessageController.class.php 第 33 行.
ERR: Class 'JMChartRoomHandler' not found

[ 2018-04-12T16:37:09+08:00 ] ::1 /thinkphp/Sample_Mjmz/JMessage/listUsers
INFO: [ app_init ] --START--
INFO: Run Behavior\BuildLiteBehavior [ RunTime:0.000000s ]
INFO: [ app_init ] --END-- [ RunTime:0.003501s ]
INFO: [ app_begin ] --START--
INFO: Run Behavior\ReadHtmlCacheBehavior [ RunTime:0.034507s ]
INFO: [ app_begin ] --END-- [ RunTime:0.034507s ]
NOTIC: [8] Undefined index: roomId D:\xampp\htdocs\thinkphp\Application\Sample_Mjmz\Controller\JMessageController.class.php 第 32 行.
NOTIC: [8] Undefined index:  D:\xampp\htdocs\thinkphp\Application\Sample_Mjmz\Controller\JMessageController.class.php 第 33 行.
ERR: Class 'Sample_Mjmz\Controller\JMChartRoomHandler' not found

[ 2018-04-12T16:37:37+08:00 ] ::1 /thinkphp/Sample_Mjmz/JMessage/listUsers
INFO: [ app_init ] --START--
INFO: Run Behavior\BuildLiteBehavior [ RunTime:0.000000s ]
INFO: [ app_init ] --END-- [ RunTime:0.003501s ]
INFO: [ app_begin ] --START--
INFO: Run Behavior\ReadHtmlCacheBehavior [ RunTime:0.009002s ]
INFO: [ app_begin ] --END-- [ RunTime:0.009002s ]
NOTIC: [8] Undefined index: roomId D:\xampp\htdocs\thinkphp\Application\Sample_Mjmz\Controller\JMessageController.class.php 第 32 行.
NOTIC: [8] Undefined index:  D:\xampp\htdocs\thinkphp\Application\Sample_Mjmz\Controller\JMessageController.class.php 第 33 行.
ERR: Class 'Sample_Mjmz\Jmessage\JMChartRoomHandler' not found

[ 2018-04-12T16:37:47+08:00 ] ::1 /thinkphp/Sample_Mjmz/JMessage/listUsers
INFO: [ app_init ] --START--
INFO: Run Behavior\BuildLiteBehavior [ RunTime:0.000000s ]
INFO: [ app_init ] --END-- [ RunTime:0.003501s ]
INFO: [ app_begin ] --START--
INFO: Run Behavior\ReadHtmlCacheBehavior [ RunTime:0.009001s ]
INFO: [ app_begin ] --END-- [ RunTime:0.009502s ]
NOTIC: [8] Undefined index: roomId D:\xampp\htdocs\thinkphp\Application\Sample_Mjmz\Controller\JMessageController.class.php 第 32 行.
NOTIC: [8] Undefined index:  D:\xampp\htdocs\thinkphp\Application\Sample_Mjmz\Controller\JMessageController.class.php 第 33 行.
ERR: Class 'Sample_Mjmz\Jmessage\JMChartRoomHandler' not found

[ 2018-04-12T16:37:51+08:00 ] ::1 /thinkphp/Sample_Mjmz/JMessage/listUsers
INFO: [ app_init ] --START--
INFO: Run Behavior\BuildLiteBehavior [ RunTime:0.000000s ]
INFO: [ app_init ] --END-- [ RunTime:0.003501s ]
INFO: [ app_begin ] --START--
INFO: Run Behavior\ReadHtmlCacheBehavior [ RunTime:0.004501s ]
INFO: [ app_begin ] --END-- [ RunTime:0.004501s ]
NOTIC: [8] Undefined index: roomId D:\xampp\htdocs\thinkphp\Application\Sample_Mjmz\Controller\JMessageController.class.php 第 32 行.
NOTIC: [8] Undefined index:  D:\xampp\htdocs\thinkphp\Application\Sample_Mjmz\Controller\JMessageController.class.php 第 33 行.
ERR: Class 'Sample_Mjmz\Jmessage\JMChartRoomHandler' not found

[ 2018-04-12T16:40:41+08:00 ] ::1 /thinkphp/Sample_Mjmz/JMessage/listUsers
INFO: [ app_init ] --START--
INFO: Run Behavior\BuildLiteBehavior [ RunTime:0.000000s ]
INFO: [ app_init ] --END-- [ RunTime:0.003500s ]
INFO: [ app_begin ] --START--
INFO: Run Behavior\ReadHtmlCacheBehavior [ RunTime:0.009002s ]
INFO: [ app_begin ] --END-- [ RunTime:0.009502s ]
NOTIC: [8] Undefined index: roomId D:\xampp\htdocs\thinkphp\Application\Sample_Mjmz\Controller\JMessageController.class.php 第 30 行.
NOTIC: [8] Undefined index:  D:\xampp\htdocs\thinkphp\Application\Sample_Mjmz\Controller\JMessageController.class.php 第 31 行.
ERR: Class 'Sample_Mjmz\Jmessage\JMChartRoomHandler' not found

[ 2018-04-12T16:46:40+08:00 ] ::1 /thinkphp/Sample_Mjmz/JMessage/listUsers
INFO: [ app_init ] --START--
INFO: Run Behavior\BuildLiteBehavior [ RunTime:0.000000s ]
INFO: [ app_init ] --END-- [ RunTime:0.078516s ]
INFO: [ app_begin ] --START--
INFO: Run Behavior\ReadHtmlCacheBehavior [ RunTime:0.092518s ]
INFO: [ app_begin ] --END-- [ RunTime:0.092518s ]
NOTIC: [8] Undefined index: roomId D:\xampp\htdocs\thinkphp\Application\Sample_Mjmz\Controller\JMessageController.class.php 第 31 行.
NOTIC: [8] Undefined index:  D:\xampp\htdocs\thinkphp\Application\Sample_Mjmz\Controller\JMessageController.class.php 第 32 行.
ERR: Class 'Sample_Mjmz\Jmessage\JMChartRoomHandler' not found

[ 2018-04-12T16:46:44+08:00 ] ::1 /thinkphp/Sample_Mjmz/JMessage/listUsers
INFO: [ app_init ] --START--
INFO: Run Behavior\BuildLiteBehavior [ RunTime:0.000000s ]
INFO: [ app_init ] --END-- [ RunTime:0.003501s ]
INFO: [ app_begin ] --START--
INFO: Run Behavior\ReadHtmlCacheBehavior [ RunTime:0.009501s ]
INFO: [ app_begin ] --END-- [ RunTime:0.009501s ]
NOTIC: [8] Undefined index: roomId D:\xampp\htdocs\thinkphp\Application\Sample_Mjmz\Controller\JMessageController.class.php 第 31 行.
NOTIC: [8] Undefined index:  D:\xampp\htdocs\thinkphp\Application\Sample_Mjmz\Controller\JMessageController.class.php 第 32 行.
ERR: Class 'Sample_Mjmz\Jmessage\JMChartRoomHandler' not found

[ 2018-04-12T16:46:56+08:00 ] ::1 /thinkphp/Sample_Mjmz/JMessage/listUsers
INFO: [ app_init ] --START--
INFO: Run Behavior\BuildLiteBehavior [ RunTime:0.000000s ]
INFO: [ app_init ] --END-- [ RunTime:0.004001s ]
INFO: [ app_begin ] --START--
INFO: Run Behavior\ReadHtmlCacheBehavior [ RunTime:0.009502s ]
INFO: [ app_begin ] --END-- [ RunTime:0.009502s ]
NOTIC: [8] Undefined index: roomId D:\xampp\htdocs\thinkphp\Application\Sample_Mjmz\Controller\JMessageController.class.php 第 31 行.
NOTIC: [8] Undefined index:  D:\xampp\htdocs\thinkphp\Application\Sample_Mjmz\Controller\JMessageController.class.php 第 32 行.
ERR: Class 'Sample_Mjmz\Jmessage\JMChartRoomHandler' not found

[ 2018-04-12T16:46:59+08:00 ] ::1 /thinkphp/Sample_Mjmz/JMessage/listUsers
INFO: [ app_init ] --START--
INFO: Run Behavior\BuildLiteBehavior [ RunTime:0.000000s ]
INFO: [ app_init ] --END-- [ RunTime:0.004001s ]
INFO: [ app_begin ] --START--
INFO: Run Behavior\ReadHtmlCacheBehavior [ RunTime:0.007502s ]
INFO: [ app_begin ] --END-- [ RunTime:0.007502s ]
NOTIC: [8] Undefined index: roomId D:\xampp\htdocs\thinkphp\Application\Sample_Mjmz\Controller\JMessageController.class.php 第 31 行.
NOTIC: [8] Undefined index:  D:\xampp\htdocs\thinkphp\Application\Sample_Mjmz\Controller\JMessageController.class.php 第 32 行.
ERR: Class 'Sample_Mjmz\Jmessage\JMChartRoomHandler' not found

[ 2018-04-12T16:47:12+08:00 ] ::1 /thinkphp/Sample_Mjmz/JMessage/listUsers
INFO: [ app_init ] --START--
INFO: Run Behavior\BuildLiteBehavior [ RunTime:0.000000s ]
INFO: [ app_init ] --END-- [ RunTime:0.004001s ]
INFO: [ app_begin ] --START--
INFO: Run Behavior\ReadHtmlCacheBehavior [ RunTime:0.009502s ]
INFO: [ app_begin ] --END-- [ RunTime:0.009502s ]
NOTIC: [8] Undefined index: roomId D:\xampp\htdocs\thinkphp\Application\Sample_Mjmz\Controller\JMessageController.class.php 第 31 行.
NOTIC: [8] Undefined index:  D:\xampp\htdocs\thinkphp\Application\Sample_Mjmz\Controller\JMessageController.class.php 第 32 行.
ERR: Class 'Sample_Mjmz\Controller\JMChartRoomHandler' not found

[ 2018-04-12T16:47:30+08:00 ] ::1 /thinkphp/Sample_Mjmz/JMessage/listUsers
INFO: [ app_init ] --START--
INFO: Run Behavior\BuildLiteBehavior [ RunTime:0.000000s ]
INFO: [ app_init ] --END-- [ RunTime:0.004001s ]
INFO: [ app_begin ] --START--
INFO: Run Behavior\ReadHtmlCacheBehavior [ RunTime:0.009002s ]
INFO: [ app_begin ] --END-- [ RunTime:0.009502s ]
NOTIC: [8] Undefined index: roomId D:\xampp\htdocs\thinkphp\Application\Sample_Mjmz\Controller\JMessageController.class.php 第 31 行.
NOTIC: [8] Undefined index:  D:\xampp\htdocs\thinkphp\Application\Sample_Mjmz\Controller\JMessageController.class.php 第 32 行.
ERR: Class 'Sample_Mjmz\Controller\JMChartRoomHandler' not found

[ 2018-04-12T16:53:15+08:00 ] ::1 /thinkphp/Sample_Mjmz/JMessage/listUsers
INFO: [ app_init ] --START--
INFO: Run Behavior\BuildLiteBehavior [ RunTime:0.000000s ]
INFO: [ app_init ] --END-- [ RunTime:0.003501s ]
INFO: [ app_begin ] --START--
INFO: Run Behavior\ReadHtmlCacheBehavior [ RunTime:0.009502s ]
INFO: [ app_begin ] --END-- [ RunTime:0.009502s ]
NOTIC: [8] Undefined index: roomId D:\xampp\htdocs\thinkphp\Application\Sample_Mjmz\Controller\JMessageController.class.php 第 31 行.
NOTIC: [8] Undefined index:  D:\xampp\htdocs\thinkphp\Application\Sample_Mjmz\Controller\JMessageController.class.php 第 32 行.
ERR: Class 'Sample_Mjmz\Jchart\JMChartRoomHandler' not found

[ 2018-04-12T16:56:00+08:00 ] ::1 /thinkphp/Sample_Mjmz/JMessage/listUsers
INFO: [ app_init ] --START--
INFO: Run Behavior\BuildLiteBehavior [ RunTime:0.000000s ]
INFO: [ app_init ] --END-- [ RunTime:0.028505s ]
INFO: [ app_begin ] --START--
INFO: Run Behavior\ReadHtmlCacheBehavior [ RunTime:0.009002s ]
INFO: [ app_begin ] --END-- [ RunTime:0.009002s ]
NOTIC: [8] Undefined index: roomId D:\xampp\htdocs\thinkphp\Application\Sample_Mjmz\Controller\JMessageController.class.php 第 31 行.
NOTIC: [8] Undefined index:  D:\xampp\htdocs\thinkphp\Application\Sample_Mjmz\Controller\JMessageController.class.php 第 32 行.
INFO: [ app_end ] --START--
INFO: Run Behavior\ShowPageTraceBehavior [ RunTime:0.032506s ]
INFO: [ app_end ] --END-- [ RunTime:0.032506s ]

[ 2018-04-12T23:11:17+08:00 ] ::1 /thinkphp/Sample_Mjmz/test
INFO: [ app_init ] --START--
INFO: Run Behavior\BuildLiteBehavior [ RunTime:0.000010s ]
INFO: [ app_init ] --END-- [ RunTime:0.000511s ]
INFO: [ app_begin ] --START--
INFO: Run Behavior\ReadHtmlCacheBehavior [ RunTime:0.000908s ]
INFO: [ app_begin ] --END-- [ RunTime:0.000944s ]
INFO: [ app_end ] --START--
INFO: Run Behavior\ShowPageTraceBehavior [ RunTime:0.000715s ]
INFO: [ app_end ] --END-- [ RunTime:0.000750s ]

[ 2018-04-12T23:11:26+08:00 ] ::1 /thinkphp/Sample_Mjmz/JMessage
INFO: [ app_init ] --START--
INFO: Run Behavior\BuildLiteBehavior [ RunTime:0.000010s ]
INFO: [ app_init ] --END-- [ RunTime:0.000516s ]
INFO: [ app_begin ] --START--
INFO: Run Behavior\ReadHtmlCacheBehavior [ RunTime:0.000720s ]
INFO: [ app_begin ] --END-- [ RunTime:0.000750s ]
NOTIC: [2] key() expects parameter 1 to be array, null given E:\xampp\htdocs\thinkphp\Application\Sample_Mjmz\Controller\BaseController.class.php 第 38 行.
NOTIC: [8] Undefined index: type E:\xampp\htdocs\thinkphp\Application\Sample_Mjmz\Controller\BaseController.class.php 第 56 行.

[ 2018-04-12T23:12:05+08:00 ] ::1 /thinkphp/Sample_Mjmz/JMessage/listUsers
INFO: [ app_init ] --START--
INFO: Run Behavior\BuildLiteBehavior [ RunTime:0.000010s ]
INFO: [ app_init ] --END-- [ RunTime:0.000486s ]
INFO: [ app_begin ] --START--
INFO: Run Behavior\ReadHtmlCacheBehavior [ RunTime:0.000643s ]
INFO: [ app_begin ] --END-- [ RunTime:0.000676s ]
NOTIC: [8] Undefined index: roomId E:\xampp\htdocs\thinkphp\Application\Sample_Mjmz\Controller\JMessageController.class.php 第 31 行.
NOTIC: [8] Undefined index:  E:\xampp\htdocs\thinkphp\Application\Sample_Mjmz\Controller\JMessageController.class.php 第 32 行.
INFO: [ app_end ] --START--
INFO: Run Behavior\ShowPageTraceBehavior [ RunTime:0.000879s ]
INFO: [ app_end ] --END-- [ RunTime:0.000932s ]

[ 2018-04-12T23:12:09+08:00 ] ::1 /thinkphp/Sample_Mjmz/JMessage/listUsers
INFO: [ app_init ] --START--
INFO: Run Behavior\BuildLiteBehavior [ RunTime:0.000014s ]
INFO: [ app_init ] --END-- [ RunTime:0.000672s ]
INFO: [ app_begin ] --START--
INFO: Run Behavior\ReadHtmlCacheBehavior [ RunTime:0.000846s ]
INFO: [ app_begin ] --END-- [ RunTime:0.000901s ]
NOTIC: [8] Undefined index: roomId E:\xampp\htdocs\thinkphp\Application\Sample_Mjmz\Controller\JMessageController.class.php 第 31 行.
NOTIC: [8] Undefined index:  E:\xampp\htdocs\thinkphp\Application\Sample_Mjmz\Controller\JMessageController.class.php 第 32 行.
INFO: [ app_end ] --START--
INFO: Run Behavior\ShowPageTraceBehavior [ RunTime:0.000902s ]
INFO: [ app_end ] --END-- [ RunTime:0.000952s ]

