[ 2018-08-21T22:26:28+08:00 ] 192.168.1.105 /thinkphp/Sample_Mjmz/User/login?userName=wys30202&password=123456
INFO: [ app_init ] --START--
INFO: Run Behavior\BuildLiteBehavior [ RunTime:0.000089s ]
INFO: [ app_init ] --END-- [ RunTime:0.005760s ]
INFO: [ app_begin ] --START--
INFO: Run Behavior\ReadHtmlCacheBehavior [ RunTime:0.009354s ]
INFO: [ app_begin ] --END-- [ RunTime:0.009583s ]
SQL: SHOW COLUMNS FROM `xq_user` [ RunTime:0.0366s ]
SQL: SELECT * FROM `xq_user` WHERE ( user_name='wys30202' )  [ RunTime:0.0005s ]
SQL: SELECT * FROM `xq_user` WHERE ( user_name='wys30202' ) LIMIT 1   [ RunTime:0.0003s ]
SQL: SHOW COLUMNS FROM `xq_user_info` [ RunTime:0.0495s ]
SQL: SELECT `user_id`,`user_name`,`nick_name`,`gender`,`role_type`,`level`,`balance`,`age`,`tall`,`scholling`,`professional`,`native_place`,`marrige`,`job_address`,`phone`,`head_image`,`create_time`,`modify_time` FROM `xq_user_info` WHERE ( user_name='wys30202' ) LIMIT 1   [ RunTime:0.0009s ]
NOTIC: [8] Use of undefined constant COM - assumed 'COM' E:\xampp\htdocs\thinkphp\Application\Sample_Mjmz\Controller\BaseController.class.php 第 28 行.
NOTIC: [2] key() expects parameter 1 to be array, null given E:\xampp\htdocs\thinkphp\Application\Sample_Mjmz\Controller\BaseController.class.php 第 39 行.
NOTIC: [8] Undefined index: type E:\xampp\htdocs\thinkphp\Application\Sample_Mjmz\Controller\BaseController.class.php 第 57 行.

[ 2018-08-21T22:26:30+08:00 ] 192.168.1.103 /thinkphp/Sample_Mjmz/User/login?userName=wys30203&password=123456
INFO: [ app_init ] --START--
INFO: Run Behavior\BuildLiteBehavior [ RunTime:0.000043s ]
INFO: [ app_init ] --END-- [ RunTime:0.000896s ]
INFO: [ app_begin ] --START--
INFO: Run Behavior\ReadHtmlCacheBehavior [ RunTime:0.000877s ]
INFO: [ app_begin ] --END-- [ RunTime:0.000968s ]
SQL: SHOW COLUMNS FROM `xq_user` [ RunTime:0.0031s ]
SQL: SELECT * FROM `xq_user` WHERE ( user_name='wys30203' )  [ RunTime:0.0003s ]
SQL: SELECT * FROM `xq_user` WHERE ( user_name='wys30203' ) LIMIT 1   [ RunTime:0.0003s ]
SQL: SHOW COLUMNS FROM `xq_user_info` [ RunTime:0.0094s ]
SQL: SELECT `user_id`,`user_name`,`nick_name`,`gender`,`role_type`,`level`,`balance`,`age`,`tall`,`scholling`,`professional`,`native_place`,`marrige`,`job_address`,`phone`,`head_image`,`create_time`,`modify_time` FROM `xq_user_info` WHERE ( user_name='wys30203' ) LIMIT 1   [ RunTime:0.0004s ]
NOTIC: [8] Use of undefined constant COM - assumed 'COM' E:\xampp\htdocs\thinkphp\Application\Sample_Mjmz\Controller\BaseController.class.php 第 28 行.
NOTIC: [2] key() expects parameter 1 to be array, null given E:\xampp\htdocs\thinkphp\Application\Sample_Mjmz\Controller\BaseController.class.php 第 39 行.
NOTIC: [8] Undefined index: type E:\xampp\htdocs\thinkphp\Application\Sample_Mjmz\Controller\BaseController.class.php 第 57 行.

[ 2018-08-21T22:30:09+08:00 ] 192.168.1.101 /thinkphp/Sample_Mjmz/User/login?userName=&password=
INFO: [ app_init ] --START--
INFO: Run Behavior\BuildLiteBehavior [ RunTime:0.000022s ]
INFO: [ app_init ] --END-- [ RunTime:0.000577s ]
INFO: [ app_begin ] --START--
INFO: Run Behavior\ReadHtmlCacheBehavior [ RunTime:0.000859s ]
INFO: [ app_begin ] --END-- [ RunTime:0.000945s ]
SQL: SHOW COLUMNS FROM `xq_user` [ RunTime:0.0201s ]
SQL: SELECT * FROM `xq_user` WHERE ( user_name='' )  [ RunTime:0.0006s ]
NOTIC: [8] Undefined index: type E:\xampp\htdocs\thinkphp\Application\Sample_Mjmz\Controller\BaseController.class.php 第 57 行.

[ 2018-08-21T22:30:24+08:00 ] 192.168.1.101 /thinkphp/Sample_Mjmz/User/login?userName=wys30204&password=123456
INFO: [ app_init ] --START--
INFO: Run Behavior\BuildLiteBehavior [ RunTime:0.000022s ]
INFO: [ app_init ] --END-- [ RunTime:0.000538s ]
INFO: [ app_begin ] --START--
INFO: Run Behavior\ReadHtmlCacheBehavior [ RunTime:0.000702s ]
INFO: [ app_begin ] --END-- [ RunTime:0.000788s ]
SQL: SHOW COLUMNS FROM `xq_user` [ RunTime:0.1193s ]
SQL: SELECT * FROM `xq_user` WHERE ( user_name='wys30204' )  [ RunTime:0.0004s ]
SQL: SELECT * FROM `xq_user` WHERE ( user_name='wys30204' ) LIMIT 1   [ RunTime:0.0003s ]
SQL: SHOW COLUMNS FROM `xq_user_info` [ RunTime:0.0830s ]
SQL: SELECT `user_id`,`user_name`,`nick_name`,`gender`,`role_type`,`level`,`balance`,`age`,`tall`,`scholling`,`professional`,`native_place`,`marrige`,`job_address`,`phone`,`head_image`,`create_time`,`modify_time` FROM `xq_user_info` WHERE ( user_name='wys30204' ) LIMIT 1   [ RunTime:0.0009s ]
NOTIC: [8] Use of undefined constant COM - assumed 'COM' E:\xampp\htdocs\thinkphp\Application\Sample_Mjmz\Controller\BaseController.class.php 第 28 行.
NOTIC: [2] key() expects parameter 1 to be array, null given E:\xampp\htdocs\thinkphp\Application\Sample_Mjmz\Controller\BaseController.class.php 第 39 行.
NOTIC: [8] Undefined index: type E:\xampp\htdocs\thinkphp\Application\Sample_Mjmz\Controller\BaseController.class.php 第 57 行.

[ 2018-08-21T22:39:37+08:00 ] 192.168.1.103 /thinkphp/Sample_Mjmz/User/login?userName=wys30203&password=123456
INFO: [ app_init ] --START--
INFO: Run Behavior\BuildLiteBehavior [ RunTime:0.000059s ]
INFO: [ app_init ] --END-- [ RunTime:0.001586s ]
INFO: [ app_begin ] --START--
INFO: Run Behavior\ReadHtmlCacheBehavior [ RunTime:0.001945s ]
INFO: [ app_begin ] --END-- [ RunTime:0.002117s ]
SQL: SHOW COLUMNS FROM `xq_user` [ RunTime:0.0029s ]
SQL: SELECT * FROM `xq_user` WHERE ( user_name='wys30203' )  [ RunTime:0.0003s ]
SQL: SELECT * FROM `xq_user` WHERE ( user_name='wys30203' ) LIMIT 1   [ RunTime:0.0003s ]
SQL: SHOW COLUMNS FROM `xq_user_info` [ RunTime:0.0079s ]
SQL: SELECT `user_id`,`user_name`,`nick_name`,`gender`,`role_type`,`level`,`balance`,`age`,`tall`,`scholling`,`professional`,`native_place`,`marrige`,`job_address`,`phone`,`head_image`,`create_time`,`modify_time` FROM `xq_user_info` WHERE ( user_name='wys30203' ) LIMIT 1   [ RunTime:0.0005s ]
NOTIC: [8] Use of undefined constant COM - assumed 'COM' E:\xampp\htdocs\thinkphp\Application\Sample_Mjmz\Controller\BaseController.class.php 第 28 行.
NOTIC: [2] key() expects parameter 1 to be array, null given E:\xampp\htdocs\thinkphp\Application\Sample_Mjmz\Controller\BaseController.class.php 第 39 行.
NOTIC: [8] Undefined index: type E:\xampp\htdocs\thinkphp\Application\Sample_Mjmz\Controller\BaseController.class.php 第 57 行.

[ 2018-08-21T22:39:43+08:00 ] 192.168.1.103 /thinkphp/Sample_Mjmz/User/login?userName=wys30203&password=123456
INFO: [ app_init ] --START--
INFO: Run Behavior\BuildLiteBehavior [ RunTime:0.000055s ]
INFO: [ app_init ] --END-- [ RunTime:0.001363s ]
INFO: [ app_begin ] --START--
INFO: Run Behavior\ReadHtmlCacheBehavior [ RunTime:0.001484s ]
INFO: [ app_begin ] --END-- [ RunTime:0.001676s ]
SQL: SHOW COLUMNS FROM `xq_user` [ RunTime:0.0037s ]
SQL: SELECT * FROM `xq_user` WHERE ( user_name='wys30203' )  [ RunTime:0.0003s ]
SQL: SELECT * FROM `xq_user` WHERE ( user_name='wys30203' ) LIMIT 1   [ RunTime:0.0002s ]
SQL: SHOW COLUMNS FROM `xq_user_info` [ RunTime:0.0041s ]
SQL: SELECT `user_id`,`user_name`,`nick_name`,`gender`,`role_type`,`level`,`balance`,`age`,`tall`,`scholling`,`professional`,`native_place`,`marrige`,`job_address`,`phone`,`head_image`,`create_time`,`modify_time` FROM `xq_user_info` WHERE ( user_name='wys30203' ) LIMIT 1   [ RunTime:0.0004s ]
NOTIC: [8] Use of undefined constant COM - assumed 'COM' E:\xampp\htdocs\thinkphp\Application\Sample_Mjmz\Controller\BaseController.class.php 第 28 行.
NOTIC: [2] key() expects parameter 1 to be array, null given E:\xampp\htdocs\thinkphp\Application\Sample_Mjmz\Controller\BaseController.class.php 第 39 行.
NOTIC: [8] Undefined index: type E:\xampp\htdocs\thinkphp\Application\Sample_Mjmz\Controller\BaseController.class.php 第 57 行.

[ 2018-08-21T22:39:56+08:00 ] 192.168.1.101 /thinkphp/Sample_Mjmz/User/login?userName=wys30204&password=123456
INFO: [ app_init ] --START--
INFO: Run Behavior\BuildLiteBehavior [ RunTime:0.000024s ]
INFO: [ app_init ] --END-- [ RunTime:0.000612s ]
INFO: [ app_begin ] --START--
INFO: Run Behavior\ReadHtmlCacheBehavior [ RunTime:0.000713s ]
INFO: [ app_begin ] --END-- [ RunTime:0.000798s ]
SQL: SHOW COLUMNS FROM `xq_user` [ RunTime:0.0037s ]
SQL: SELECT * FROM `xq_user` WHERE ( user_name='wys30204' )  [ RunTime:0.0003s ]
SQL: SELECT * FROM `xq_user` WHERE ( user_name='wys30204' ) LIMIT 1   [ RunTime:0.0002s ]
SQL: SHOW COLUMNS FROM `xq_user_info` [ RunTime:0.0102s ]
SQL: SELECT `user_id`,`user_name`,`nick_name`,`gender`,`role_type`,`level`,`balance`,`age`,`tall`,`scholling`,`professional`,`native_place`,`marrige`,`job_address`,`phone`,`head_image`,`create_time`,`modify_time` FROM `xq_user_info` WHERE ( user_name='wys30204' ) LIMIT 1   [ RunTime:0.0006s ]
NOTIC: [8] Use of undefined constant COM - assumed 'COM' E:\xampp\htdocs\thinkphp\Application\Sample_Mjmz\Controller\BaseController.class.php 第 28 行.
NOTIC: [2] key() expects parameter 1 to be array, null given E:\xampp\htdocs\thinkphp\Application\Sample_Mjmz\Controller\BaseController.class.php 第 39 行.
NOTIC: [8] Undefined index: type E:\xampp\htdocs\thinkphp\Application\Sample_Mjmz\Controller\BaseController.class.php 第 57 行.

[ 2018-08-21T22:41:25+08:00 ] 192.168.1.105 /thinkphp/Sample_Mjmz/User/login?userName=wys30202&password=123456
INFO: [ app_init ] --START--
INFO: Run Behavior\BuildLiteBehavior [ RunTime:0.000031s ]
INFO: [ app_init ] --END-- [ RunTime:0.000961s ]
INFO: [ app_begin ] --START--
INFO: Run Behavior\ReadHtmlCacheBehavior [ RunTime:0.000972s ]
INFO: [ app_begin ] --END-- [ RunTime:0.001089s ]
SQL: SHOW COLUMNS FROM `xq_user` [ RunTime:0.0256s ]
SQL: SELECT * FROM `xq_user` WHERE ( user_name='wys30202' )  [ RunTime:0.0004s ]
SQL: SELECT * FROM `xq_user` WHERE ( user_name='wys30202' ) LIMIT 1   [ RunTime:0.0003s ]
SQL: SHOW COLUMNS FROM `xq_user_info` [ RunTime:0.0032s ]
SQL: SELECT `user_id`,`user_name`,`nick_name`,`gender`,`role_type`,`level`,`balance`,`age`,`tall`,`scholling`,`professional`,`native_place`,`marrige`,`job_address`,`phone`,`head_image`,`create_time`,`modify_time` FROM `xq_user_info` WHERE ( user_name='wys30202' ) LIMIT 1   [ RunTime:0.0004s ]
NOTIC: [8] Use of undefined constant COM - assumed 'COM' E:\xampp\htdocs\thinkphp\Application\Sample_Mjmz\Controller\BaseController.class.php 第 28 行.
NOTIC: [2] key() expects parameter 1 to be array, null given E:\xampp\htdocs\thinkphp\Application\Sample_Mjmz\Controller\BaseController.class.php 第 39 行.
NOTIC: [8] Undefined index: type E:\xampp\htdocs\thinkphp\Application\Sample_Mjmz\Controller\BaseController.class.php 第 57 行.

[ 2018-08-21T22:42:50+08:00 ] 192.168.1.104 /thinkphp/Sample_Mjmz/User/login?userName=wys30201&password=123456
INFO: [ app_init ] --START--
INFO: Run Behavior\BuildLiteBehavior [ RunTime:0.000023s ]
INFO: [ app_init ] --END-- [ RunTime:0.000605s ]
INFO: [ app_begin ] --START--
INFO: Run Behavior\ReadHtmlCacheBehavior [ RunTime:0.000897s ]
INFO: [ app_begin ] --END-- [ RunTime:0.001008s ]
SQL: SHOW COLUMNS FROM `xq_user` [ RunTime:0.0035s ]
SQL: SELECT * FROM `xq_user` WHERE ( user_name='wys30201' )  [ RunTime:0.0004s ]
SQL: SELECT * FROM `xq_user` WHERE ( user_name='wys30201' ) LIMIT 1   [ RunTime:0.0003s ]
SQL: SHOW COLUMNS FROM `xq_user_info` [ RunTime:0.0078s ]
SQL: SELECT `user_id`,`user_name`,`nick_name`,`gender`,`role_type`,`level`,`balance`,`age`,`tall`,`scholling`,`professional`,`native_place`,`marrige`,`job_address`,`phone`,`head_image`,`create_time`,`modify_time` FROM `xq_user_info` WHERE ( user_name='wys30201' ) LIMIT 1   [ RunTime:0.0004s ]
NOTIC: [8] Use of undefined constant COM - assumed 'COM' E:\xampp\htdocs\thinkphp\Application\Sample_Mjmz\Controller\BaseController.class.php 第 28 行.
NOTIC: [2] key() expects parameter 1 to be array, null given E:\xampp\htdocs\thinkphp\Application\Sample_Mjmz\Controller\BaseController.class.php 第 39 行.
NOTIC: [8] Undefined index: type E:\xampp\htdocs\thinkphp\Application\Sample_Mjmz\Controller\BaseController.class.php 第 57 行.

[ 2018-08-21T22:42:59+08:00 ] 192.168.1.104 /thinkphp/Sample_Mjmz/JMessage/createChartRoom?limitLady=2&limitLevel=-1&gender=%E7%94%B7&userName=wys30201&limitAngel=1&level=0&limitMan=1
INFO: [ app_init ] --START--
INFO: Run Behavior\BuildLiteBehavior [ RunTime:0.000037s ]
INFO: [ app_init ] --END-- [ RunTime:0.000991s ]
INFO: [ app_begin ] --START--
INFO: Run Behavior\ReadHtmlCacheBehavior [ RunTime:0.000828s ]
INFO: [ app_begin ] --END-- [ RunTime:0.001061s ]
SQL: SHOW COLUMNS FROM `xq_user_info` [ RunTime:0.0072s ]
SQL: SELECT `user_id`,`user_name`,`nick_name`,`gender`,`role_type`,`level`,`balance`,`age`,`tall`,`scholling`,`professional`,`native_place`,`marrige`,`job_address`,`phone`,`head_image`,`create_time`,`modify_time` FROM `xq_user_info` WHERE ( user_name='wys30201' ) LIMIT 1   [ RunTime:0.0011s ]
NOTIC: [8] Undefined index: error E:\xampp\htdocs\thinkphp\Application\Sample_Mjmz\Custom\Jchart\JMChartRoomHandler.class.php 第 57 行.
NOTIC: [8] Use of undefined constant COM - assumed 'COM' E:\xampp\htdocs\thinkphp\Application\Sample_Mjmz\Controller\BaseController.class.php 第 28 行.
NOTIC: [2] key() expects parameter 1 to be array, null given E:\xampp\htdocs\thinkphp\Application\Sample_Mjmz\Controller\BaseController.class.php 第 39 行.
NOTIC: [8] Undefined index: type E:\xampp\htdocs\thinkphp\Application\Sample_Mjmz\Controller\BaseController.class.php 第 57 行.

[ 2018-08-21T22:43:04+08:00 ] 192.168.1.105 /thinkphp/Sample_Mjmz/JMessage/joinChartRoom?roleType=guest&gender=%E5%A5%B3&userName=wys30202&level=0
INFO: [ app_init ] --START--
INFO: Run Behavior\BuildLiteBehavior [ RunTime:0.000027s ]
INFO: [ app_init ] --END-- [ RunTime:0.000824s ]
INFO: [ app_begin ] --START--
INFO: Run Behavior\ReadHtmlCacheBehavior [ RunTime:0.001217s ]
INFO: [ app_begin ] --END-- [ RunTime:0.001348s ]
SQL: SHOW COLUMNS FROM `xq_user_info` [ RunTime:0.0039s ]
SQL: SELECT `user_id`,`user_name`,`nick_name`,`gender`,`role_type`,`level`,`balance`,`age`,`tall`,`scholling`,`professional`,`native_place`,`marrige`,`job_address`,`phone`,`head_image`,`create_time`,`modify_time` FROM `xq_user_info` WHERE ( user_name='wys30202' ) LIMIT 1   [ RunTime:0.0005s ]
NOTIC: [8] Use of undefined constant COM - assumed 'COM' E:\xampp\htdocs\thinkphp\Application\Sample_Mjmz\Controller\BaseController.class.php 第 28 行.
NOTIC: [2] key() expects parameter 1 to be array, null given E:\xampp\htdocs\thinkphp\Application\Sample_Mjmz\Controller\BaseController.class.php 第 39 行.
NOTIC: [8] Undefined index: type E:\xampp\htdocs\thinkphp\Application\Sample_Mjmz\Controller\BaseController.class.php 第 57 行.

[ 2018-08-21T22:43:05+08:00 ] 192.168.1.104 /thinkphp/Sample_Mjmz/JMessage/getChartRoomMemeberList?roomId=15004476
INFO: [ app_init ] --START--
INFO: Run Behavior\BuildLiteBehavior [ RunTime:0.000030s ]
INFO: [ app_init ] --END-- [ RunTime:0.000860s ]
INFO: [ app_begin ] --START--
INFO: Run Behavior\ReadHtmlCacheBehavior [ RunTime:0.001996s ]
INFO: [ app_begin ] --END-- [ RunTime:0.002197s ]
NOTIC: [8] Use of undefined constant COM - assumed 'COM' E:\xampp\htdocs\thinkphp\Application\Sample_Mjmz\Controller\BaseController.class.php 第 28 行.
NOTIC: [2] key() expects parameter 1 to be array, null given E:\xampp\htdocs\thinkphp\Application\Sample_Mjmz\Controller\BaseController.class.php 第 39 行.
NOTIC: [8] Undefined index: type E:\xampp\htdocs\thinkphp\Application\Sample_Mjmz\Controller\BaseController.class.php 第 57 行.

[ 2018-08-21T22:43:07+08:00 ] 192.168.1.103 /thinkphp/Sample_Mjmz/JMessage/joinChartRoom?gender=%E5%A5%B3&roleType=guest&userName=wys30203&level=0
INFO: [ app_init ] --START--
INFO: Run Behavior\BuildLiteBehavior [ RunTime:0.000033s ]
INFO: [ app_init ] --END-- [ RunTime:0.000928s ]
INFO: [ app_begin ] --START--
INFO: Run Behavior\ReadHtmlCacheBehavior [ RunTime:0.001373s ]
INFO: [ app_begin ] --END-- [ RunTime:0.001531s ]
SQL: SHOW COLUMNS FROM `xq_user_info` [ RunTime:0.0271s ]
SQL: SELECT `user_id`,`user_name`,`nick_name`,`gender`,`role_type`,`level`,`balance`,`age`,`tall`,`scholling`,`professional`,`native_place`,`marrige`,`job_address`,`phone`,`head_image`,`create_time`,`modify_time` FROM `xq_user_info` WHERE ( user_name='wys30203' ) LIMIT 1   [ RunTime:0.0005s ]
NOTIC: [8] Use of undefined constant COM - assumed 'COM' E:\xampp\htdocs\thinkphp\Application\Sample_Mjmz\Controller\BaseController.class.php 第 28 行.
NOTIC: [2] key() expects parameter 1 to be array, null given E:\xampp\htdocs\thinkphp\Application\Sample_Mjmz\Controller\BaseController.class.php 第 39 行.
NOTIC: [8] Undefined index: type E:\xampp\htdocs\thinkphp\Application\Sample_Mjmz\Controller\BaseController.class.php 第 57 行.

[ 2018-08-21T22:43:07+08:00 ] 192.168.1.104 /thinkphp/Sample_Mjmz/JMessage/getChartRoomMemeberList?roomId=15004476
INFO: [ app_init ] --START--
INFO: Run Behavior\BuildLiteBehavior [ RunTime:0.000026s ]
INFO: [ app_init ] --END-- [ RunTime:0.000730s ]
INFO: [ app_begin ] --START--
INFO: Run Behavior\ReadHtmlCacheBehavior [ RunTime:0.000955s ]
INFO: [ app_begin ] --END-- [ RunTime:0.001063s ]
NOTIC: [8] Use of undefined constant COM - assumed 'COM' E:\xampp\htdocs\thinkphp\Application\Sample_Mjmz\Controller\BaseController.class.php 第 28 行.
NOTIC: [2] key() expects parameter 1 to be array, null given E:\xampp\htdocs\thinkphp\Application\Sample_Mjmz\Controller\BaseController.class.php 第 39 行.
NOTIC: [8] Undefined index: type E:\xampp\htdocs\thinkphp\Application\Sample_Mjmz\Controller\BaseController.class.php 第 57 行.

[ 2018-08-21T22:43:07+08:00 ] 192.168.1.105 /thinkphp/Sample_Mjmz/JMessage/getChartRoomMemeberList?roomId=15004476
INFO: [ app_init ] --START--
INFO: Run Behavior\BuildLiteBehavior [ RunTime:0.000051s ]
INFO: [ app_init ] --END-- [ RunTime:0.001405s ]
INFO: [ app_begin ] --START--
INFO: Run Behavior\ReadHtmlCacheBehavior [ RunTime:0.002481s ]
INFO: [ app_begin ] --END-- [ RunTime:0.002740s ]
NOTIC: [8] Use of undefined constant COM - assumed 'COM' E:\xampp\htdocs\thinkphp\Application\Sample_Mjmz\Controller\BaseController.class.php 第 28 行.
NOTIC: [2] key() expects parameter 1 to be array, null given E:\xampp\htdocs\thinkphp\Application\Sample_Mjmz\Controller\BaseController.class.php 第 39 行.
NOTIC: [8] Undefined index: type E:\xampp\htdocs\thinkphp\Application\Sample_Mjmz\Controller\BaseController.class.php 第 57 行.

[ 2018-08-21T22:43:14+08:00 ] 192.168.1.101 /thinkphp/Sample_Mjmz/JMessage/joinChartRoom?gender=%E7%94%B7&roleType=guest&level=0&userName=wys30204
INFO: [ app_init ] --START--
INFO: Run Behavior\BuildLiteBehavior [ RunTime:0.000024s ]
INFO: [ app_init ] --END-- [ RunTime:0.000866s ]
INFO: [ app_begin ] --START--
INFO: Run Behavior\ReadHtmlCacheBehavior [ RunTime:0.000723s ]
INFO: [ app_begin ] --END-- [ RunTime:0.000809s ]
SQL: SHOW COLUMNS FROM `xq_user_info` [ RunTime:0.0258s ]
SQL: SELECT `user_id`,`user_name`,`nick_name`,`gender`,`role_type`,`level`,`balance`,`age`,`tall`,`scholling`,`professional`,`native_place`,`marrige`,`job_address`,`phone`,`head_image`,`create_time`,`modify_time` FROM `xq_user_info` WHERE ( user_name='wys30204' ) LIMIT 1   [ RunTime:0.0006s ]
NOTIC: [8] Use of undefined constant COM - assumed 'COM' E:\xampp\htdocs\thinkphp\Application\Sample_Mjmz\Controller\BaseController.class.php 第 28 行.
NOTIC: [2] key() expects parameter 1 to be array, null given E:\xampp\htdocs\thinkphp\Application\Sample_Mjmz\Controller\BaseController.class.php 第 39 行.
NOTIC: [8] Undefined index: type E:\xampp\htdocs\thinkphp\Application\Sample_Mjmz\Controller\BaseController.class.php 第 57 行.

[ 2018-08-21T22:43:15+08:00 ] 192.168.1.104 /thinkphp/Sample_Mjmz/JMessage/getChartRoomMemeberList?roomId=15004476
INFO: [ app_init ] --START--
INFO: Run Behavior\BuildLiteBehavior [ RunTime:0.000022s ]
INFO: [ app_init ] --END-- [ RunTime:0.000543s ]
INFO: [ app_begin ] --START--
INFO: Run Behavior\ReadHtmlCacheBehavior [ RunTime:0.000665s ]
INFO: [ app_begin ] --END-- [ RunTime:0.000779s ]
NOTIC: [8] Use of undefined constant COM - assumed 'COM' E:\xampp\htdocs\thinkphp\Application\Sample_Mjmz\Controller\BaseController.class.php 第 28 行.
NOTIC: [2] key() expects parameter 1 to be array, null given E:\xampp\htdocs\thinkphp\Application\Sample_Mjmz\Controller\BaseController.class.php 第 39 行.
NOTIC: [8] Undefined index: type E:\xampp\htdocs\thinkphp\Application\Sample_Mjmz\Controller\BaseController.class.php 第 57 行.

[ 2018-08-21T22:43:15+08:00 ] 192.168.1.103 /thinkphp/Sample_Mjmz/JMessage/getChartRoomMemeberList?roomId=15004476
INFO: [ app_init ] --START--
INFO: Run Behavior\BuildLiteBehavior [ RunTime:0.000037s ]
INFO: [ app_init ] --END-- [ RunTime:0.000894s ]
INFO: [ app_begin ] --START--
INFO: Run Behavior\ReadHtmlCacheBehavior [ RunTime:0.001104s ]
INFO: [ app_begin ] --END-- [ RunTime:0.001223s ]
NOTIC: [8] Use of undefined constant COM - assumed 'COM' E:\xampp\htdocs\thinkphp\Application\Sample_Mjmz\Controller\BaseController.class.php 第 28 行.
NOTIC: [2] key() expects parameter 1 to be array, null given E:\xampp\htdocs\thinkphp\Application\Sample_Mjmz\Controller\BaseController.class.php 第 39 行.
NOTIC: [8] Undefined index: type E:\xampp\htdocs\thinkphp\Application\Sample_Mjmz\Controller\BaseController.class.php 第 57 行.

[ 2018-08-21T22:43:15+08:00 ] 192.168.1.105 /thinkphp/Sample_Mjmz/JMessage/getChartRoomMemeberList?roomId=15004476
INFO: [ app_init ] --START--
INFO: Run Behavior\BuildLiteBehavior [ RunTime:0.000024s ]
INFO: [ app_init ] --END-- [ RunTime:0.000714s ]
INFO: [ app_begin ] --START--
INFO: Run Behavior\ReadHtmlCacheBehavior [ RunTime:0.000835s ]
INFO: [ app_begin ] --END-- [ RunTime:0.000922s ]
NOTIC: [8] Use of undefined constant COM - assumed 'COM' E:\xampp\htdocs\thinkphp\Application\Sample_Mjmz\Controller\BaseController.class.php 第 28 行.
NOTIC: [2] key() expects parameter 1 to be array, null given E:\xampp\htdocs\thinkphp\Application\Sample_Mjmz\Controller\BaseController.class.php 第 39 行.
NOTIC: [8] Undefined index: type E:\xampp\htdocs\thinkphp\Application\Sample_Mjmz\Controller\BaseController.class.php 第 57 行.

[ 2018-08-21T22:49:13+08:00 ] 192.168.1.104 /thinkphp/Sample_Mjmz/JMessage/exitChartRoom?userName=wys30201&roomId=15004476
INFO: [ app_init ] --START--
INFO: Run Behavior\BuildLiteBehavior [ RunTime:0.000051s ]
INFO: [ app_init ] --END-- [ RunTime:0.001046s ]
INFO: [ app_begin ] --START--
INFO: Run Behavior\ReadHtmlCacheBehavior [ RunTime:0.001351s ]
INFO: [ app_begin ] --END-- [ RunTime:0.001489s ]
NOTIC: [8] Undefined index: chartRoom_15004476 E:\xampp\htdocs\thinkphp\Application\Sample_Mjmz\Controller\JMessageController.class.php 第 287 行.
NOTIC: [8] Undefined index: chartRoom_15004476 E:\xampp\htdocs\thinkphp\Application\Sample_Mjmz\Controller\JMessageController.class.php 第 198 行.
NOTIC: [8] Use of undefined constant COM - assumed 'COM' E:\xampp\htdocs\thinkphp\Application\Sample_Mjmz\Controller\BaseController.class.php 第 28 行.
NOTIC: [2] key() expects parameter 1 to be array, null given E:\xampp\htdocs\thinkphp\Application\Sample_Mjmz\Controller\BaseController.class.php 第 39 行.
NOTIC: [8] Undefined index: type E:\xampp\htdocs\thinkphp\Application\Sample_Mjmz\Controller\BaseController.class.php 第 57 行.

