[ 2018-05-26T13:56:44+08:00 ] 192.168.1.103 /thinkphp/Sample_Mjmz/User/login?userName=wys30201&password=123456
INFO: [ app_init ] --START--
INFO: Run Behavior\BuildLiteBehavior [ RunTime:0.000037s ]
INFO: [ app_init ] --END-- [ RunTime:0.037909s ]
INFO: [ app_begin ] --START--
INFO: Run Behavior\ReadHtmlCacheBehavior [ RunTime:0.012776s ]
INFO: [ app_begin ] --END-- [ RunTime:0.012976s ]
SQL: SHOW COLUMNS FROM `xq_user` [ RunTime:0.1628s ]
SQL: SELECT * FROM `xq_user` WHERE ( user_name='wys30201' )  [ RunTime:0.0150s ]
SQL: SELECT * FROM `xq_user` WHERE ( user_name='wys30201' ) LIMIT 1   [ RunTime:0.0045s ]
SQL: SHOW COLUMNS FROM `xq_user_info` [ RunTime:0.0588s ]
SQL: SELECT `user_id`,`user_name`,`nick_name`,`gender`,`role_type`,`level`,`balance`,`age`,`tall`,`scholling`,`professional`,`native_place`,`marrige`,`job_address`,`phone`,`head_image`,`create_time`,`modify_time` FROM `xq_user_info` WHERE ( user_name='wys30201' ) LIMIT 1   [ RunTime:0.0007s ]
NOTIC: [8] Use of undefined constant COM - assumed 'COM' E:\xampp\htdocs\thinkphp\Application\Sample_Mjmz\Controller\BaseController.class.php 第 28 行.
NOTIC: [2] key() expects parameter 1 to be array, null given E:\xampp\htdocs\thinkphp\Application\Sample_Mjmz\Controller\BaseController.class.php 第 39 行.
NOTIC: [8] Undefined index: type E:\xampp\htdocs\thinkphp\Application\Sample_Mjmz\Controller\BaseController.class.php 第 57 行.

[ 2018-05-26T13:58:15+08:00 ] ::1 /thinkphp/Sample_Mjmz/JMessage/getArrays?type=0
INFO: [ app_init ] --START--
INFO: Run Behavior\BuildLiteBehavior [ RunTime:0.000041s ]
INFO: [ app_init ] --END-- [ RunTime:0.000916s ]
INFO: [ app_begin ] --START--
INFO: Run Behavior\ReadHtmlCacheBehavior [ RunTime:0.001129s ]
INFO: [ app_begin ] --END-- [ RunTime:0.001299s ]
NOTIC: [8] Use of undefined constant COM - assumed 'COM' E:\xampp\htdocs\thinkphp\Application\Sample_Mjmz\Controller\BaseController.class.php 第 28 行.
NOTIC: [2] key() expects parameter 1 to be array, null given E:\xampp\htdocs\thinkphp\Application\Sample_Mjmz\Controller\BaseController.class.php 第 39 行.

[ 2018-05-26T13:58:23+08:00 ] ::1 /thinkphp/Sample_Mjmz/JMessage/getArrays?type=0
INFO: [ app_init ] --START--
INFO: Run Behavior\BuildLiteBehavior [ RunTime:0.000128s ]
INFO: [ app_init ] --END-- [ RunTime:0.001165s ]
INFO: [ app_begin ] --START--
INFO: Run Behavior\ReadHtmlCacheBehavior [ RunTime:0.001000s ]
INFO: [ app_begin ] --END-- [ RunTime:0.001114s ]
NOTIC: [8] Use of undefined constant COM - assumed 'COM' E:\xampp\htdocs\thinkphp\Application\Sample_Mjmz\Controller\BaseController.class.php 第 28 行.
NOTIC: [2] key() expects parameter 1 to be array, null given E:\xampp\htdocs\thinkphp\Application\Sample_Mjmz\Controller\BaseController.class.php 第 39 行.

[ 2018-05-26T13:58:42+08:00 ] ::1 /thinkphp/Sample_Mjmz/JMessage/deleteChartRoom?roomId=12536521&type=0
INFO: [ app_init ] --START--
INFO: Run Behavior\BuildLiteBehavior [ RunTime:0.000038s ]
INFO: [ app_init ] --END-- [ RunTime:0.001376s ]
INFO: [ app_begin ] --START--
INFO: Run Behavior\ReadHtmlCacheBehavior [ RunTime:0.001390s ]
INFO: [ app_begin ] --END-- [ RunTime:0.001585s ]
NOTIC: [8] Undefined index: chartRoom_12536521 E:\xampp\htdocs\thinkphp\Application\Sample_Mjmz\Controller\JMessageController.class.php 第 184 行.

[ 2018-05-26T13:58:53+08:00 ] 192.168.1.103 /thinkphp/Sample_Mjmz/JMessage/createChartRoom?gender=%E7%94%B7&userName=wys30201&level=0
INFO: [ app_init ] --START--
INFO: Run Behavior\BuildLiteBehavior [ RunTime:0.000038s ]
INFO: [ app_init ] --END-- [ RunTime:0.000959s ]
INFO: [ app_begin ] --START--
INFO: Run Behavior\ReadHtmlCacheBehavior [ RunTime:0.001156s ]
INFO: [ app_begin ] --END-- [ RunTime:0.001317s ]
SQL: SHOW COLUMNS FROM `xq_user_info` [ RunTime:0.0385s ]
SQL: SELECT `user_id`,`user_name`,`nick_name`,`gender`,`role_type`,`level`,`balance`,`age`,`tall`,`scholling`,`professional`,`native_place`,`marrige`,`job_address`,`phone`,`head_image`,`create_time`,`modify_time` FROM `xq_user_info` WHERE ( user_name='wys30201' ) LIMIT 1   [ RunTime:0.0008s ]
NOTIC: [8] Undefined index: limitLevel E:\xampp\htdocs\thinkphp\Application\Sample_Mjmz\Controller\JMessageController.class.php 第 144 行.
NOTIC: [8] Undefined index: limitLady E:\xampp\htdocs\thinkphp\Application\Sample_Mjmz\Controller\JMessageController.class.php 第 147 行.
NOTIC: [8] Undefined index: limitMan E:\xampp\htdocs\thinkphp\Application\Sample_Mjmz\Controller\JMessageController.class.php 第 150 行.
NOTIC: [8] Undefined index: limitAngel E:\xampp\htdocs\thinkphp\Application\Sample_Mjmz\Controller\JMessageController.class.php 第 153 行.
NOTIC: [8] Undefined index: error E:\xampp\htdocs\thinkphp\Application\Sample_Mjmz\Custom\Jchart\JMChartRoomHandler.class.php 第 57 行.
NOTIC: [8] Use of undefined constant COM - assumed 'COM' E:\xampp\htdocs\thinkphp\Application\Sample_Mjmz\Controller\BaseController.class.php 第 28 行.
NOTIC: [2] key() expects parameter 1 to be array, null given E:\xampp\htdocs\thinkphp\Application\Sample_Mjmz\Controller\BaseController.class.php 第 39 行.
NOTIC: [8] Undefined index: type E:\xampp\htdocs\thinkphp\Application\Sample_Mjmz\Controller\BaseController.class.php 第 57 行.

[ 2018-05-26T13:59:29+08:00 ] ::1 /thinkphp/Sample_Mjmz/JMessage/getArrays?type=0
INFO: [ app_init ] --START--
INFO: Run Behavior\BuildLiteBehavior [ RunTime:0.000040s ]
INFO: [ app_init ] --END-- [ RunTime:0.000957s ]
INFO: [ app_begin ] --START--
INFO: Run Behavior\ReadHtmlCacheBehavior [ RunTime:0.001968s ]
INFO: [ app_begin ] --END-- [ RunTime:0.002129s ]
NOTIC: [8] Use of undefined constant COM - assumed 'COM' E:\xampp\htdocs\thinkphp\Application\Sample_Mjmz\Controller\BaseController.class.php 第 28 行.
NOTIC: [2] key() expects parameter 1 to be array, null given E:\xampp\htdocs\thinkphp\Application\Sample_Mjmz\Controller\BaseController.class.php 第 39 行.

[ 2018-05-26T13:59:47+08:00 ] ::1 /thinkphp/Sample_Mjmz/JMessage/deleteChartRoom?roomId=12554577&type=0
INFO: [ app_init ] --START--
INFO: Run Behavior\BuildLiteBehavior [ RunTime:0.000025s ]
INFO: [ app_init ] --END-- [ RunTime:0.000724s ]
INFO: [ app_begin ] --START--
INFO: Run Behavior\ReadHtmlCacheBehavior [ RunTime:0.000982s ]
INFO: [ app_begin ] --END-- [ RunTime:0.001105s ]
NOTIC: [8] Use of undefined constant COM - assumed 'COM' E:\xampp\htdocs\thinkphp\Application\Sample_Mjmz\Controller\BaseController.class.php 第 28 行.
NOTIC: [2] key() expects parameter 1 to be array, null given E:\xampp\htdocs\thinkphp\Application\Sample_Mjmz\Controller\BaseController.class.php 第 39 行.

[ 2018-05-26T13:59:50+08:00 ] ::1 /thinkphp/Sample_Mjmz/JMessage/getArrays?type=0
INFO: [ app_init ] --START--
INFO: Run Behavior\BuildLiteBehavior [ RunTime:0.000038s ]
INFO: [ app_init ] --END-- [ RunTime:0.001168s ]
INFO: [ app_begin ] --START--
INFO: Run Behavior\ReadHtmlCacheBehavior [ RunTime:0.001724s ]
INFO: [ app_begin ] --END-- [ RunTime:0.001916s ]
NOTIC: [8] Use of undefined constant COM - assumed 'COM' E:\xampp\htdocs\thinkphp\Application\Sample_Mjmz\Controller\BaseController.class.php 第 28 行.
NOTIC: [2] key() expects parameter 1 to be array, null given E:\xampp\htdocs\thinkphp\Application\Sample_Mjmz\Controller\BaseController.class.php 第 39 行.

[ 2018-05-26T13:59:55+08:00 ] ::1 /thinkphp/Sample_Mjmz/JMessage/deleteChartRoom?roomId=10058914&type=0
INFO: [ app_init ] --START--
INFO: Run Behavior\BuildLiteBehavior [ RunTime:0.000026s ]
INFO: [ app_init ] --END-- [ RunTime:0.000751s ]
INFO: [ app_begin ] --START--
INFO: Run Behavior\ReadHtmlCacheBehavior [ RunTime:0.001116s ]
INFO: [ app_begin ] --END-- [ RunTime:0.001311s ]
NOTIC: [8] Use of undefined constant COM - assumed 'COM' E:\xampp\htdocs\thinkphp\Application\Sample_Mjmz\Controller\BaseController.class.php 第 28 行.
NOTIC: [2] key() expects parameter 1 to be array, null given E:\xampp\htdocs\thinkphp\Application\Sample_Mjmz\Controller\BaseController.class.php 第 39 行.

[ 2018-05-26T13:59:58+08:00 ] ::1 /thinkphp/Sample_Mjmz/JMessage/getArrays?type=0
INFO: [ app_init ] --START--
INFO: Run Behavior\BuildLiteBehavior [ RunTime:0.000023s ]
INFO: [ app_init ] --END-- [ RunTime:0.000535s ]
INFO: [ app_begin ] --START--
INFO: Run Behavior\ReadHtmlCacheBehavior [ RunTime:0.001188s ]
INFO: [ app_begin ] --END-- [ RunTime:0.001352s ]
NOTIC: [8] Use of undefined constant COM - assumed 'COM' E:\xampp\htdocs\thinkphp\Application\Sample_Mjmz\Controller\BaseController.class.php 第 28 行.
NOTIC: [2] key() expects parameter 1 to be array, null given E:\xampp\htdocs\thinkphp\Application\Sample_Mjmz\Controller\BaseController.class.php 第 39 行.

[ 2018-05-26T14:02:33+08:00 ] 192.168.1.103 /thinkphp/Sample_Mjmz/User/login?userName=wys30201&password=123456
INFO: [ app_init ] --START--
INFO: Run Behavior\BuildLiteBehavior [ RunTime:0.000024s ]
INFO: [ app_init ] --END-- [ RunTime:0.000666s ]
INFO: [ app_begin ] --START--
INFO: Run Behavior\ReadHtmlCacheBehavior [ RunTime:0.001266s ]
INFO: [ app_begin ] --END-- [ RunTime:0.001385s ]
SQL: SHOW COLUMNS FROM `xq_user` [ RunTime:0.0294s ]
SQL: SELECT * FROM `xq_user` WHERE ( user_name='wys30201' )  [ RunTime:0.0009s ]
SQL: SELECT * FROM `xq_user` WHERE ( user_name='wys30201' ) LIMIT 1   [ RunTime:0.0005s ]
SQL: SHOW COLUMNS FROM `xq_user_info` [ RunTime:0.0525s ]
SQL: SELECT `user_id`,`user_name`,`nick_name`,`gender`,`role_type`,`level`,`balance`,`age`,`tall`,`scholling`,`professional`,`native_place`,`marrige`,`job_address`,`phone`,`head_image`,`create_time`,`modify_time` FROM `xq_user_info` WHERE ( user_name='wys30201' ) LIMIT 1   [ RunTime:0.0006s ]
NOTIC: [8] Use of undefined constant COM - assumed 'COM' E:\xampp\htdocs\thinkphp\Application\Sample_Mjmz\Controller\BaseController.class.php 第 28 行.
NOTIC: [2] key() expects parameter 1 to be array, null given E:\xampp\htdocs\thinkphp\Application\Sample_Mjmz\Controller\BaseController.class.php 第 39 行.
NOTIC: [8] Undefined index: type E:\xampp\htdocs\thinkphp\Application\Sample_Mjmz\Controller\BaseController.class.php 第 57 行.

[ 2018-05-26T14:04:10+08:00 ] 192.168.1.103 /thinkphp/Sample_Mjmz/User/login?userName=wys30201&password=123456
INFO: [ app_init ] --START--
INFO: Run Behavior\BuildLiteBehavior [ RunTime:0.000037s ]
INFO: [ app_init ] --END-- [ RunTime:0.000886s ]
INFO: [ app_begin ] --START--
INFO: Run Behavior\ReadHtmlCacheBehavior [ RunTime:0.001802s ]
INFO: [ app_begin ] --END-- [ RunTime:0.001973s ]
SQL: SHOW COLUMNS FROM `xq_user` [ RunTime:0.0195s ]
SQL: SELECT * FROM `xq_user` WHERE ( user_name='wys30201' )  [ RunTime:0.0005s ]
SQL: SELECT * FROM `xq_user` WHERE ( user_name='wys30201' ) LIMIT 1   [ RunTime:0.0003s ]
SQL: SHOW COLUMNS FROM `xq_user_info` [ RunTime:0.0136s ]
SQL: SELECT `user_id`,`user_name`,`nick_name`,`gender`,`role_type`,`level`,`balance`,`age`,`tall`,`scholling`,`professional`,`native_place`,`marrige`,`job_address`,`phone`,`head_image`,`create_time`,`modify_time` FROM `xq_user_info` WHERE ( user_name='wys30201' ) LIMIT 1   [ RunTime:0.0005s ]
NOTIC: [8] Use of undefined constant COM - assumed 'COM' E:\xampp\htdocs\thinkphp\Application\Sample_Mjmz\Controller\BaseController.class.php 第 28 行.
NOTIC: [2] key() expects parameter 1 to be array, null given E:\xampp\htdocs\thinkphp\Application\Sample_Mjmz\Controller\BaseController.class.php 第 39 行.
NOTIC: [8] Undefined index: type E:\xampp\htdocs\thinkphp\Application\Sample_Mjmz\Controller\BaseController.class.php 第 57 行.

[ 2018-05-26T14:05:06+08:00 ] 192.168.1.103 /thinkphp/Sample_Mjmz/User/login?userName=wys30201&password=123456
INFO: [ app_init ] --START--
INFO: Run Behavior\BuildLiteBehavior [ RunTime:0.000040s ]
INFO: [ app_init ] --END-- [ RunTime:0.001110s ]
INFO: [ app_begin ] --START--
INFO: Run Behavior\ReadHtmlCacheBehavior [ RunTime:0.001035s ]
INFO: [ app_begin ] --END-- [ RunTime:0.001168s ]
SQL: SHOW COLUMNS FROM `xq_user` [ RunTime:0.0920s ]
SQL: SELECT * FROM `xq_user` WHERE ( user_name='wys30201' )  [ RunTime:0.0018s ]
SQL: SELECT * FROM `xq_user` WHERE ( user_name='wys30201' ) LIMIT 1   [ RunTime:0.0005s ]
SQL: SHOW COLUMNS FROM `xq_user_info` [ RunTime:0.0065s ]
SQL: SELECT `user_id`,`user_name`,`nick_name`,`gender`,`role_type`,`level`,`balance`,`age`,`tall`,`scholling`,`professional`,`native_place`,`marrige`,`job_address`,`phone`,`head_image`,`create_time`,`modify_time` FROM `xq_user_info` WHERE ( user_name='wys30201' ) LIMIT 1   [ RunTime:0.0033s ]
NOTIC: [8] Use of undefined constant COM - assumed 'COM' E:\xampp\htdocs\thinkphp\Application\Sample_Mjmz\Controller\BaseController.class.php 第 28 行.
NOTIC: [2] key() expects parameter 1 to be array, null given E:\xampp\htdocs\thinkphp\Application\Sample_Mjmz\Controller\BaseController.class.php 第 39 行.
NOTIC: [8] Undefined index: type E:\xampp\htdocs\thinkphp\Application\Sample_Mjmz\Controller\BaseController.class.php 第 57 行.

[ 2018-05-26T14:08:37+08:00 ] 192.168.1.103 /thinkphp/Sample_Mjmz/User/login?userName=wys30201&password=123456
INFO: [ app_init ] --START--
INFO: Run Behavior\BuildLiteBehavior [ RunTime:0.000042s ]
INFO: [ app_init ] --END-- [ RunTime:0.000934s ]
INFO: [ app_begin ] --START--
INFO: Run Behavior\ReadHtmlCacheBehavior [ RunTime:0.001267s ]
INFO: [ app_begin ] --END-- [ RunTime:0.001431s ]
SQL: SHOW COLUMNS FROM `xq_user` [ RunTime:0.3591s ]
SQL: SELECT * FROM `xq_user` WHERE ( user_name='wys30201' )  [ RunTime:0.0035s ]
SQL: SELECT * FROM `xq_user` WHERE ( user_name='wys30201' ) LIMIT 1   [ RunTime:0.0006s ]
SQL: SHOW COLUMNS FROM `xq_user_info` [ RunTime:0.0105s ]
SQL: SELECT `user_id`,`user_name`,`nick_name`,`gender`,`role_type`,`level`,`balance`,`age`,`tall`,`scholling`,`professional`,`native_place`,`marrige`,`job_address`,`phone`,`head_image`,`create_time`,`modify_time` FROM `xq_user_info` WHERE ( user_name='wys30201' ) LIMIT 1   [ RunTime:0.0021s ]
NOTIC: [8] Use of undefined constant COM - assumed 'COM' E:\xampp\htdocs\thinkphp\Application\Sample_Mjmz\Controller\BaseController.class.php 第 28 行.
NOTIC: [2] key() expects parameter 1 to be array, null given E:\xampp\htdocs\thinkphp\Application\Sample_Mjmz\Controller\BaseController.class.php 第 39 行.
NOTIC: [8] Undefined index: type E:\xampp\htdocs\thinkphp\Application\Sample_Mjmz\Controller\BaseController.class.php 第 57 行.

[ 2018-05-26T14:09:25+08:00 ] 192.168.1.103 /thinkphp/Sample_Mjmz/User/login?userName=wys30201&password=123456
INFO: [ app_init ] --START--
INFO: Run Behavior\BuildLiteBehavior [ RunTime:0.000039s ]
INFO: [ app_init ] --END-- [ RunTime:0.000934s ]
INFO: [ app_begin ] --START--
INFO: Run Behavior\ReadHtmlCacheBehavior [ RunTime:0.001413s ]
INFO: [ app_begin ] --END-- [ RunTime:0.001579s ]
SQL: SHOW COLUMNS FROM `xq_user` [ RunTime:0.0069s ]
SQL: SELECT * FROM `xq_user` WHERE ( user_name='wys30201' )  [ RunTime:0.0005s ]
SQL: SELECT * FROM `xq_user` WHERE ( user_name='wys30201' ) LIMIT 1   [ RunTime:0.0005s ]
SQL: SHOW COLUMNS FROM `xq_user_info` [ RunTime:0.0084s ]
SQL: SELECT `user_id`,`user_name`,`nick_name`,`gender`,`role_type`,`level`,`balance`,`age`,`tall`,`scholling`,`professional`,`native_place`,`marrige`,`job_address`,`phone`,`head_image`,`create_time`,`modify_time` FROM `xq_user_info` WHERE ( user_name='wys30201' ) LIMIT 1   [ RunTime:0.0007s ]
NOTIC: [8] Use of undefined constant COM - assumed 'COM' E:\xampp\htdocs\thinkphp\Application\Sample_Mjmz\Controller\BaseController.class.php 第 28 行.
NOTIC: [2] key() expects parameter 1 to be array, null given E:\xampp\htdocs\thinkphp\Application\Sample_Mjmz\Controller\BaseController.class.php 第 39 行.
NOTIC: [8] Undefined index: type E:\xampp\htdocs\thinkphp\Application\Sample_Mjmz\Controller\BaseController.class.php 第 57 行.

[ 2018-05-26T21:31:17+08:00 ] 192.168.1.103 /thinkphp/Sample_Mjmz/User/login?userName=wys30201&password=123456
INFO: [ app_init ] --START--
INFO: Run Behavior\BuildLiteBehavior [ RunTime:0.000043s ]
INFO: [ app_init ] --END-- [ RunTime:0.024072s ]
INFO: [ app_begin ] --START--
INFO: Run Behavior\ReadHtmlCacheBehavior [ RunTime:0.090774s ]
INFO: [ app_begin ] --END-- [ RunTime:0.090894s ]
SQL: SHOW COLUMNS FROM `xq_user` [ RunTime:0.1002s ]
SQL: SELECT * FROM `xq_user` WHERE ( user_name='wys30201' )  [ RunTime:0.0006s ]
SQL: SELECT * FROM `xq_user` WHERE ( user_name='wys30201' ) LIMIT 1   [ RunTime:0.0003s ]
SQL: SHOW COLUMNS FROM `xq_user_info` [ RunTime:0.0181s ]
SQL: SELECT `user_id`,`user_name`,`nick_name`,`gender`,`role_type`,`level`,`balance`,`age`,`tall`,`scholling`,`professional`,`native_place`,`marrige`,`job_address`,`phone`,`head_image`,`create_time`,`modify_time` FROM `xq_user_info` WHERE ( user_name='wys30201' ) LIMIT 1   [ RunTime:0.0005s ]
NOTIC: [8] Use of undefined constant COM - assumed 'COM' E:\xampp\htdocs\thinkphp\Application\Sample_Mjmz\Controller\BaseController.class.php 第 28 行.
NOTIC: [2] key() expects parameter 1 to be array, null given E:\xampp\htdocs\thinkphp\Application\Sample_Mjmz\Controller\BaseController.class.php 第 39 行.
NOTIC: [8] Undefined index: type E:\xampp\htdocs\thinkphp\Application\Sample_Mjmz\Controller\BaseController.class.php 第 57 行.

[ 2018-05-26T21:32:49+08:00 ] 192.168.1.103 /thinkphp/Sample_Mjmz/User/login?userName=wys30201&password=123456
INFO: [ app_init ] --START--
INFO: Run Behavior\BuildLiteBehavior [ RunTime:0.000023s ]
INFO: [ app_init ] --END-- [ RunTime:0.000602s ]
INFO: [ app_begin ] --START--
INFO: Run Behavior\ReadHtmlCacheBehavior [ RunTime:0.000825s ]
INFO: [ app_begin ] --END-- [ RunTime:0.000958s ]
SQL: SHOW COLUMNS FROM `xq_user` [ RunTime:0.0037s ]
SQL: SELECT * FROM `xq_user` WHERE ( user_name='wys30201' )  [ RunTime:0.0004s ]
SQL: SELECT * FROM `xq_user` WHERE ( user_name='wys30201' ) LIMIT 1   [ RunTime:0.0003s ]
SQL: SHOW COLUMNS FROM `xq_user_info` [ RunTime:0.0039s ]
SQL: SELECT `user_id`,`user_name`,`nick_name`,`gender`,`role_type`,`level`,`balance`,`age`,`tall`,`scholling`,`professional`,`native_place`,`marrige`,`job_address`,`phone`,`head_image`,`create_time`,`modify_time` FROM `xq_user_info` WHERE ( user_name='wys30201' ) LIMIT 1   [ RunTime:0.0004s ]
NOTIC: [8] Use of undefined constant COM - assumed 'COM' E:\xampp\htdocs\thinkphp\Application\Sample_Mjmz\Controller\BaseController.class.php 第 28 行.
NOTIC: [2] key() expects parameter 1 to be array, null given E:\xampp\htdocs\thinkphp\Application\Sample_Mjmz\Controller\BaseController.class.php 第 39 行.
NOTIC: [8] Undefined index: type E:\xampp\htdocs\thinkphp\Application\Sample_Mjmz\Controller\BaseController.class.php 第 57 行.

[ 2018-05-26T21:34:35+08:00 ] 192.168.1.103 /thinkphp/Sample_Mjmz/User/login?userName=wys30201&password=123456
INFO: [ app_init ] --START--
INFO: Run Behavior\BuildLiteBehavior [ RunTime:0.000023s ]
INFO: [ app_init ] --END-- [ RunTime:0.000697s ]
INFO: [ app_begin ] --START--
INFO: Run Behavior\ReadHtmlCacheBehavior [ RunTime:0.001333s ]
INFO: [ app_begin ] --END-- [ RunTime:0.001478s ]
SQL: SHOW COLUMNS FROM `xq_user` [ RunTime:0.0030s ]
SQL: SELECT * FROM `xq_user` WHERE ( user_name='wys30201' )  [ RunTime:0.0003s ]
SQL: SELECT * FROM `xq_user` WHERE ( user_name='wys30201' ) LIMIT 1   [ RunTime:0.0002s ]
SQL: SHOW COLUMNS FROM `xq_user_info` [ RunTime:0.0557s ]
SQL: SELECT `user_id`,`user_name`,`nick_name`,`gender`,`role_type`,`level`,`balance`,`age`,`tall`,`scholling`,`professional`,`native_place`,`marrige`,`job_address`,`phone`,`head_image`,`create_time`,`modify_time` FROM `xq_user_info` WHERE ( user_name='wys30201' ) LIMIT 1   [ RunTime:0.0004s ]
NOTIC: [8] Use of undefined constant COM - assumed 'COM' E:\xampp\htdocs\thinkphp\Application\Sample_Mjmz\Controller\BaseController.class.php 第 28 行.
NOTIC: [2] key() expects parameter 1 to be array, null given E:\xampp\htdocs\thinkphp\Application\Sample_Mjmz\Controller\BaseController.class.php 第 39 行.
NOTIC: [8] Undefined index: type E:\xampp\htdocs\thinkphp\Application\Sample_Mjmz\Controller\BaseController.class.php 第 57 行.

[ 2018-05-26T21:38:49+08:00 ] 192.168.1.103 /thinkphp/Sample_Mjmz/User/login?userName=wys30201&password=123456
INFO: [ app_init ] --START--
INFO: Run Behavior\BuildLiteBehavior [ RunTime:0.000026s ]
INFO: [ app_init ] --END-- [ RunTime:0.000935s ]
INFO: [ app_begin ] --START--
INFO: Run Behavior\ReadHtmlCacheBehavior [ RunTime:0.001264s ]
INFO: [ app_begin ] --END-- [ RunTime:0.001401s ]
SQL: SHOW COLUMNS FROM `xq_user` [ RunTime:0.0038s ]
SQL: SELECT * FROM `xq_user` WHERE ( user_name='wys30201' )  [ RunTime:0.0004s ]
SQL: SELECT * FROM `xq_user` WHERE ( user_name='wys30201' ) LIMIT 1   [ RunTime:0.0003s ]
SQL: SHOW COLUMNS FROM `xq_user_info` [ RunTime:0.0043s ]
SQL: SELECT `user_id`,`user_name`,`nick_name`,`gender`,`role_type`,`level`,`balance`,`age`,`tall`,`scholling`,`professional`,`native_place`,`marrige`,`job_address`,`phone`,`head_image`,`create_time`,`modify_time` FROM `xq_user_info` WHERE ( user_name='wys30201' ) LIMIT 1   [ RunTime:0.0005s ]
NOTIC: [8] Use of undefined constant COM - assumed 'COM' E:\xampp\htdocs\thinkphp\Application\Sample_Mjmz\Controller\BaseController.class.php 第 28 行.
NOTIC: [2] key() expects parameter 1 to be array, null given E:\xampp\htdocs\thinkphp\Application\Sample_Mjmz\Controller\BaseController.class.php 第 39 行.
NOTIC: [8] Undefined index: type E:\xampp\htdocs\thinkphp\Application\Sample_Mjmz\Controller\BaseController.class.php 第 57 行.

[ 2018-05-26T21:43:13+08:00 ] 192.168.1.103 /thinkphp/Sample_Mjmz/User/login?userName=wys30201&password=123456
INFO: [ app_init ] --START--
INFO: Run Behavior\BuildLiteBehavior [ RunTime:0.000025s ]
INFO: [ app_init ] --END-- [ RunTime:0.000668s ]
INFO: [ app_begin ] --START--
INFO: Run Behavior\ReadHtmlCacheBehavior [ RunTime:0.000976s ]
INFO: [ app_begin ] --END-- [ RunTime:0.001108s ]
SQL: SHOW COLUMNS FROM `xq_user` [ RunTime:0.0038s ]
SQL: SELECT * FROM `xq_user` WHERE ( user_name='wys30201' )  [ RunTime:0.0004s ]
SQL: SELECT * FROM `xq_user` WHERE ( user_name='wys30201' ) LIMIT 1   [ RunTime:0.0002s ]
SQL: SHOW COLUMNS FROM `xq_user_info` [ RunTime:0.0034s ]
SQL: SELECT `user_id`,`user_name`,`nick_name`,`gender`,`role_type`,`level`,`balance`,`age`,`tall`,`scholling`,`professional`,`native_place`,`marrige`,`job_address`,`phone`,`head_image`,`create_time`,`modify_time` FROM `xq_user_info` WHERE ( user_name='wys30201' ) LIMIT 1   [ RunTime:0.0004s ]
NOTIC: [8] Use of undefined constant COM - assumed 'COM' E:\xampp\htdocs\thinkphp\Application\Sample_Mjmz\Controller\BaseController.class.php 第 28 行.
NOTIC: [2] key() expects parameter 1 to be array, null given E:\xampp\htdocs\thinkphp\Application\Sample_Mjmz\Controller\BaseController.class.php 第 39 行.
NOTIC: [8] Undefined index: type E:\xampp\htdocs\thinkphp\Application\Sample_Mjmz\Controller\BaseController.class.php 第 57 行.

[ 2018-05-26T21:44:02+08:00 ] 192.168.1.103 /thinkphp/Sample_Mjmz/User/login?userName=wys30201&password=123456
INFO: [ app_init ] --START--
INFO: Run Behavior\BuildLiteBehavior [ RunTime:0.000024s ]
INFO: [ app_init ] --END-- [ RunTime:0.000624s ]
INFO: [ app_begin ] --START--
INFO: Run Behavior\ReadHtmlCacheBehavior [ RunTime:0.000873s ]
INFO: [ app_begin ] --END-- [ RunTime:0.000970s ]
SQL: SHOW COLUMNS FROM `xq_user` [ RunTime:0.0367s ]
SQL: SELECT * FROM `xq_user` WHERE ( user_name='wys30201' )  [ RunTime:0.0003s ]
SQL: SELECT * FROM `xq_user` WHERE ( user_name='wys30201' ) LIMIT 1   [ RunTime:0.0002s ]
SQL: SHOW COLUMNS FROM `xq_user_info` [ RunTime:0.0920s ]
SQL: SELECT `user_id`,`user_name`,`nick_name`,`gender`,`role_type`,`level`,`balance`,`age`,`tall`,`scholling`,`professional`,`native_place`,`marrige`,`job_address`,`phone`,`head_image`,`create_time`,`modify_time` FROM `xq_user_info` WHERE ( user_name='wys30201' ) LIMIT 1   [ RunTime:0.0005s ]
NOTIC: [8] Use of undefined constant COM - assumed 'COM' E:\xampp\htdocs\thinkphp\Application\Sample_Mjmz\Controller\BaseController.class.php 第 28 行.
NOTIC: [2] key() expects parameter 1 to be array, null given E:\xampp\htdocs\thinkphp\Application\Sample_Mjmz\Controller\BaseController.class.php 第 39 行.
NOTIC: [8] Undefined index: type E:\xampp\htdocs\thinkphp\Application\Sample_Mjmz\Controller\BaseController.class.php 第 57 行.

[ 2018-05-26T21:45:08+08:00 ] 192.168.1.103 /thinkphp/Sample_Mjmz/User/login?userName=wys30201&password=123456
INFO: [ app_init ] --START--
INFO: Run Behavior\BuildLiteBehavior [ RunTime:0.000021s ]
INFO: [ app_init ] --END-- [ RunTime:0.000613s ]
INFO: [ app_begin ] --START--
INFO: Run Behavior\ReadHtmlCacheBehavior [ RunTime:0.000718s ]
INFO: [ app_begin ] --END-- [ RunTime:0.000800s ]
SQL: SHOW COLUMNS FROM `xq_user` [ RunTime:0.0314s ]
SQL: SELECT * FROM `xq_user` WHERE ( user_name='wys30201' )  [ RunTime:0.0004s ]
SQL: SELECT * FROM `xq_user` WHERE ( user_name='wys30201' ) LIMIT 1   [ RunTime:0.0002s ]
SQL: SHOW COLUMNS FROM `xq_user_info` [ RunTime:0.0037s ]
SQL: SELECT `user_id`,`user_name`,`nick_name`,`gender`,`role_type`,`level`,`balance`,`age`,`tall`,`scholling`,`professional`,`native_place`,`marrige`,`job_address`,`phone`,`head_image`,`create_time`,`modify_time` FROM `xq_user_info` WHERE ( user_name='wys30201' ) LIMIT 1   [ RunTime:0.0004s ]
NOTIC: [8] Use of undefined constant COM - assumed 'COM' E:\xampp\htdocs\thinkphp\Application\Sample_Mjmz\Controller\BaseController.class.php 第 28 行.
NOTIC: [2] key() expects parameter 1 to be array, null given E:\xampp\htdocs\thinkphp\Application\Sample_Mjmz\Controller\BaseController.class.php 第 39 行.
NOTIC: [8] Undefined index: type E:\xampp\htdocs\thinkphp\Application\Sample_Mjmz\Controller\BaseController.class.php 第 57 行.

[ 2018-05-26T21:46:04+08:00 ] 192.168.1.103 /thinkphp/Sample_Mjmz/User/login?userName=wys30201&password=123456
INFO: [ app_init ] --START--
INFO: Run Behavior\BuildLiteBehavior [ RunTime:0.000023s ]
INFO: [ app_init ] --END-- [ RunTime:0.000634s ]
INFO: [ app_begin ] --START--
INFO: Run Behavior\ReadHtmlCacheBehavior [ RunTime:0.000787s ]
INFO: [ app_begin ] --END-- [ RunTime:0.000887s ]
SQL: SHOW COLUMNS FROM `xq_user` [ RunTime:0.0037s ]
SQL: SELECT * FROM `xq_user` WHERE ( user_name='wys30201' )  [ RunTime:0.0004s ]
SQL: SELECT * FROM `xq_user` WHERE ( user_name='wys30201' ) LIMIT 1   [ RunTime:0.0003s ]
SQL: SHOW COLUMNS FROM `xq_user_info` [ RunTime:0.0043s ]
SQL: SELECT `user_id`,`user_name`,`nick_name`,`gender`,`role_type`,`level`,`balance`,`age`,`tall`,`scholling`,`professional`,`native_place`,`marrige`,`job_address`,`phone`,`head_image`,`create_time`,`modify_time` FROM `xq_user_info` WHERE ( user_name='wys30201' ) LIMIT 1   [ RunTime:0.0007s ]
NOTIC: [8] Use of undefined constant COM - assumed 'COM' E:\xampp\htdocs\thinkphp\Application\Sample_Mjmz\Controller\BaseController.class.php 第 28 行.
NOTIC: [2] key() expects parameter 1 to be array, null given E:\xampp\htdocs\thinkphp\Application\Sample_Mjmz\Controller\BaseController.class.php 第 39 行.
NOTIC: [8] Undefined index: type E:\xampp\htdocs\thinkphp\Application\Sample_Mjmz\Controller\BaseController.class.php 第 57 行.

[ 2018-05-26T21:47:35+08:00 ] 192.168.1.103 /thinkphp/Sample_Mjmz/User/login?userName=wys30201&password=123456
INFO: [ app_init ] --START--
INFO: Run Behavior\BuildLiteBehavior [ RunTime:0.000038s ]
INFO: [ app_init ] --END-- [ RunTime:0.000848s ]
INFO: [ app_begin ] --START--
INFO: Run Behavior\ReadHtmlCacheBehavior [ RunTime:0.000820s ]
INFO: [ app_begin ] --END-- [ RunTime:0.000915s ]
SQL: SHOW COLUMNS FROM `xq_user` [ RunTime:0.0041s ]
SQL: SELECT * FROM `xq_user` WHERE ( user_name='wys30201' )  [ RunTime:0.0004s ]
SQL: SELECT * FROM `xq_user` WHERE ( user_name='wys30201' ) LIMIT 1   [ RunTime:0.0003s ]
SQL: SHOW COLUMNS FROM `xq_user_info` [ RunTime:0.0032s ]
SQL: SELECT `user_id`,`user_name`,`nick_name`,`gender`,`role_type`,`level`,`balance`,`age`,`tall`,`scholling`,`professional`,`native_place`,`marrige`,`job_address`,`phone`,`head_image`,`create_time`,`modify_time` FROM `xq_user_info` WHERE ( user_name='wys30201' ) LIMIT 1   [ RunTime:0.0004s ]
NOTIC: [8] Use of undefined constant COM - assumed 'COM' E:\xampp\htdocs\thinkphp\Application\Sample_Mjmz\Controller\BaseController.class.php 第 28 行.
NOTIC: [2] key() expects parameter 1 to be array, null given E:\xampp\htdocs\thinkphp\Application\Sample_Mjmz\Controller\BaseController.class.php 第 39 行.
NOTIC: [8] Undefined index: type E:\xampp\htdocs\thinkphp\Application\Sample_Mjmz\Controller\BaseController.class.php 第 57 行.

[ 2018-05-26T21:48:34+08:00 ] 192.168.1.103 /thinkphp/Sample_Mjmz/User/login?userName=wys30201&password=123456
INFO: [ app_init ] --START--
INFO: Run Behavior\BuildLiteBehavior [ RunTime:0.000024s ]
INFO: [ app_init ] --END-- [ RunTime:0.000579s ]
INFO: [ app_begin ] --START--
INFO: Run Behavior\ReadHtmlCacheBehavior [ RunTime:0.000795s ]
INFO: [ app_begin ] --END-- [ RunTime:0.000879s ]
SQL: SHOW COLUMNS FROM `xq_user` [ RunTime:0.0114s ]
SQL: SELECT * FROM `xq_user` WHERE ( user_name='wys30201' )  [ RunTime:0.0004s ]
SQL: SELECT * FROM `xq_user` WHERE ( user_name='wys30201' ) LIMIT 1   [ RunTime:0.0002s ]
SQL: SHOW COLUMNS FROM `xq_user_info` [ RunTime:0.0047s ]
SQL: SELECT `user_id`,`user_name`,`nick_name`,`gender`,`role_type`,`level`,`balance`,`age`,`tall`,`scholling`,`professional`,`native_place`,`marrige`,`job_address`,`phone`,`head_image`,`create_time`,`modify_time` FROM `xq_user_info` WHERE ( user_name='wys30201' ) LIMIT 1   [ RunTime:0.0004s ]
NOTIC: [8] Use of undefined constant COM - assumed 'COM' E:\xampp\htdocs\thinkphp\Application\Sample_Mjmz\Controller\BaseController.class.php 第 28 行.
NOTIC: [2] key() expects parameter 1 to be array, null given E:\xampp\htdocs\thinkphp\Application\Sample_Mjmz\Controller\BaseController.class.php 第 39 行.
NOTIC: [8] Undefined index: type E:\xampp\htdocs\thinkphp\Application\Sample_Mjmz\Controller\BaseController.class.php 第 57 行.

[ 2018-05-26T21:49:48+08:00 ] 192.168.1.103 /thinkphp/Sample_Mjmz/User/login?userName=wys30201&password=123456
INFO: [ app_init ] --START--
INFO: Run Behavior\BuildLiteBehavior [ RunTime:0.000033s ]
INFO: [ app_init ] --END-- [ RunTime:0.000897s ]
INFO: [ app_begin ] --START--
INFO: Run Behavior\ReadHtmlCacheBehavior [ RunTime:0.001039s ]
INFO: [ app_begin ] --END-- [ RunTime:0.001165s ]
SQL: SHOW COLUMNS FROM `xq_user` [ RunTime:0.0060s ]
SQL: SELECT * FROM `xq_user` WHERE ( user_name='wys30201' )  [ RunTime:0.0005s ]
SQL: SELECT * FROM `xq_user` WHERE ( user_name='wys30201' ) LIMIT 1   [ RunTime:0.0004s ]
SQL: SHOW COLUMNS FROM `xq_user_info` [ RunTime:0.0046s ]
SQL: SELECT `user_id`,`user_name`,`nick_name`,`gender`,`role_type`,`level`,`balance`,`age`,`tall`,`scholling`,`professional`,`native_place`,`marrige`,`job_address`,`phone`,`head_image`,`create_time`,`modify_time` FROM `xq_user_info` WHERE ( user_name='wys30201' ) LIMIT 1   [ RunTime:0.0007s ]
NOTIC: [8] Use of undefined constant COM - assumed 'COM' E:\xampp\htdocs\thinkphp\Application\Sample_Mjmz\Controller\BaseController.class.php 第 28 行.
NOTIC: [2] key() expects parameter 1 to be array, null given E:\xampp\htdocs\thinkphp\Application\Sample_Mjmz\Controller\BaseController.class.php 第 39 行.
NOTIC: [8] Undefined index: type E:\xampp\htdocs\thinkphp\Application\Sample_Mjmz\Controller\BaseController.class.php 第 57 行.

[ 2018-05-26T21:56:32+08:00 ] 192.168.1.103 /thinkphp/Sample_Mjmz/User/login?userName=wys30201&password=123456
INFO: [ app_init ] --START--
INFO: Run Behavior\BuildLiteBehavior [ RunTime:0.000024s ]
INFO: [ app_init ] --END-- [ RunTime:0.000705s ]
INFO: [ app_begin ] --START--
INFO: Run Behavior\ReadHtmlCacheBehavior [ RunTime:0.000885s ]
INFO: [ app_begin ] --END-- [ RunTime:0.000978s ]
SQL: SHOW COLUMNS FROM `xq_user` [ RunTime:0.3612s ]
SQL: SELECT * FROM `xq_user` WHERE ( user_name='wys30201' )  [ RunTime:0.0006s ]
SQL: SELECT * FROM `xq_user` WHERE ( user_name='wys30201' ) LIMIT 1   [ RunTime:0.0004s ]
SQL: SHOW COLUMNS FROM `xq_user_info` [ RunTime:0.0049s ]
SQL: SELECT `user_id`,`user_name`,`nick_name`,`gender`,`role_type`,`level`,`balance`,`age`,`tall`,`scholling`,`professional`,`native_place`,`marrige`,`job_address`,`phone`,`head_image`,`create_time`,`modify_time` FROM `xq_user_info` WHERE ( user_name='wys30201' ) LIMIT 1   [ RunTime:0.0007s ]
NOTIC: [8] Use of undefined constant COM - assumed 'COM' E:\xampp\htdocs\thinkphp\Application\Sample_Mjmz\Controller\BaseController.class.php 第 28 行.
NOTIC: [2] key() expects parameter 1 to be array, null given E:\xampp\htdocs\thinkphp\Application\Sample_Mjmz\Controller\BaseController.class.php 第 39 行.
NOTIC: [8] Undefined index: type E:\xampp\htdocs\thinkphp\Application\Sample_Mjmz\Controller\BaseController.class.php 第 57 行.

[ 2018-05-26T21:58:13+08:00 ] 192.168.1.103 /thinkphp/Sample_Mjmz/User/login?userName=wys30201&password=123456
INFO: [ app_init ] --START--
INFO: Run Behavior\BuildLiteBehavior [ RunTime:0.000023s ]
INFO: [ app_init ] --END-- [ RunTime:0.000560s ]
INFO: [ app_begin ] --START--
INFO: Run Behavior\ReadHtmlCacheBehavior [ RunTime:0.000862s ]
INFO: [ app_begin ] --END-- [ RunTime:0.000949s ]
SQL: SHOW COLUMNS FROM `xq_user` [ RunTime:0.0043s ]
SQL: SELECT * FROM `xq_user` WHERE ( user_name='wys30201' )  [ RunTime:0.0004s ]
SQL: SELECT * FROM `xq_user` WHERE ( user_name='wys30201' ) LIMIT 1   [ RunTime:0.0002s ]
SQL: SHOW COLUMNS FROM `xq_user_info` [ RunTime:0.0031s ]
SQL: SELECT `user_id`,`user_name`,`nick_name`,`gender`,`role_type`,`level`,`balance`,`age`,`tall`,`scholling`,`professional`,`native_place`,`marrige`,`job_address`,`phone`,`head_image`,`create_time`,`modify_time` FROM `xq_user_info` WHERE ( user_name='wys30201' ) LIMIT 1   [ RunTime:0.0004s ]
NOTIC: [8] Use of undefined constant COM - assumed 'COM' E:\xampp\htdocs\thinkphp\Application\Sample_Mjmz\Controller\BaseController.class.php 第 28 行.
NOTIC: [2] key() expects parameter 1 to be array, null given E:\xampp\htdocs\thinkphp\Application\Sample_Mjmz\Controller\BaseController.class.php 第 39 行.
NOTIC: [8] Undefined index: type E:\xampp\htdocs\thinkphp\Application\Sample_Mjmz\Controller\BaseController.class.php 第 57 行.

[ 2018-05-26T21:59:03+08:00 ] 192.168.1.103 /thinkphp/Sample_Mjmz/User/login?userName=wys30201&password=123456
INFO: [ app_init ] --START--
INFO: Run Behavior\BuildLiteBehavior [ RunTime:0.000024s ]
INFO: [ app_init ] --END-- [ RunTime:0.000693s ]
INFO: [ app_begin ] --START--
INFO: Run Behavior\ReadHtmlCacheBehavior [ RunTime:0.000901s ]
INFO: [ app_begin ] --END-- [ RunTime:0.000996s ]
SQL: SHOW COLUMNS FROM `xq_user` [ RunTime:0.0036s ]
SQL: SELECT * FROM `xq_user` WHERE ( user_name='wys30201' )  [ RunTime:0.0004s ]
SQL: SELECT * FROM `xq_user` WHERE ( user_name='wys30201' ) LIMIT 1   [ RunTime:0.0004s ]
SQL: SHOW COLUMNS FROM `xq_user_info` [ RunTime:0.0042s ]
SQL: SELECT `user_id`,`user_name`,`nick_name`,`gender`,`role_type`,`level`,`balance`,`age`,`tall`,`scholling`,`professional`,`native_place`,`marrige`,`job_address`,`phone`,`head_image`,`create_time`,`modify_time` FROM `xq_user_info` WHERE ( user_name='wys30201' ) LIMIT 1   [ RunTime:0.0006s ]
NOTIC: [8] Use of undefined constant COM - assumed 'COM' E:\xampp\htdocs\thinkphp\Application\Sample_Mjmz\Controller\BaseController.class.php 第 28 行.
NOTIC: [2] key() expects parameter 1 to be array, null given E:\xampp\htdocs\thinkphp\Application\Sample_Mjmz\Controller\BaseController.class.php 第 39 行.
NOTIC: [8] Undefined index: type E:\xampp\htdocs\thinkphp\Application\Sample_Mjmz\Controller\BaseController.class.php 第 57 行.

[ 2018-05-26T22:04:49+08:00 ] 192.168.1.103 /thinkphp/Sample_Mjmz/User/login?userName=wys30201&password=123456
INFO: [ app_init ] --START--
INFO: Run Behavior\BuildLiteBehavior [ RunTime:0.000038s ]
INFO: [ app_init ] --END-- [ RunTime:0.000941s ]
INFO: [ app_begin ] --START--
INFO: Run Behavior\ReadHtmlCacheBehavior [ RunTime:0.001083s ]
INFO: [ app_begin ] --END-- [ RunTime:0.001215s ]
SQL: SHOW COLUMNS FROM `xq_user` [ RunTime:0.7786s ]
SQL: SELECT * FROM `xq_user` WHERE ( user_name='wys30201' )  [ RunTime:0.0004s ]
SQL: SELECT * FROM `xq_user` WHERE ( user_name='wys30201' ) LIMIT 1   [ RunTime:0.0003s ]
SQL: SHOW COLUMNS FROM `xq_user_info` [ RunTime:0.0168s ]
SQL: SELECT `user_id`,`user_name`,`nick_name`,`gender`,`role_type`,`level`,`balance`,`age`,`tall`,`scholling`,`professional`,`native_place`,`marrige`,`job_address`,`phone`,`head_image`,`create_time`,`modify_time` FROM `xq_user_info` WHERE ( user_name='wys30201' ) LIMIT 1   [ RunTime:0.0010s ]
NOTIC: [8] Use of undefined constant COM - assumed 'COM' E:\xampp\htdocs\thinkphp\Application\Sample_Mjmz\Controller\BaseController.class.php 第 28 行.
NOTIC: [2] key() expects parameter 1 to be array, null given E:\xampp\htdocs\thinkphp\Application\Sample_Mjmz\Controller\BaseController.class.php 第 39 行.
NOTIC: [8] Undefined index: type E:\xampp\htdocs\thinkphp\Application\Sample_Mjmz\Controller\BaseController.class.php 第 57 行.

[ 2018-05-26T22:06:01+08:00 ] 192.168.1.103 /thinkphp/Sample_Mjmz/User/login?userName=wys30201&password=123456
INFO: [ app_init ] --START--
INFO: Run Behavior\BuildLiteBehavior [ RunTime:0.000024s ]
INFO: [ app_init ] --END-- [ RunTime:0.000651s ]
INFO: [ app_begin ] --START--
INFO: Run Behavior\ReadHtmlCacheBehavior [ RunTime:0.000978s ]
INFO: [ app_begin ] --END-- [ RunTime:0.001094s ]
SQL: SHOW COLUMNS FROM `xq_user` [ RunTime:0.0042s ]
SQL: SELECT * FROM `xq_user` WHERE ( user_name='wys30201' )  [ RunTime:0.0004s ]
SQL: SELECT * FROM `xq_user` WHERE ( user_name='wys30201' ) LIMIT 1   [ RunTime:0.0003s ]
SQL: SHOW COLUMNS FROM `xq_user_info` [ RunTime:0.0046s ]
SQL: SELECT `user_id`,`user_name`,`nick_name`,`gender`,`role_type`,`level`,`balance`,`age`,`tall`,`scholling`,`professional`,`native_place`,`marrige`,`job_address`,`phone`,`head_image`,`create_time`,`modify_time` FROM `xq_user_info` WHERE ( user_name='wys30201' ) LIMIT 1   [ RunTime:0.0005s ]
NOTIC: [8] Use of undefined constant COM - assumed 'COM' E:\xampp\htdocs\thinkphp\Application\Sample_Mjmz\Controller\BaseController.class.php 第 28 行.
NOTIC: [2] key() expects parameter 1 to be array, null given E:\xampp\htdocs\thinkphp\Application\Sample_Mjmz\Controller\BaseController.class.php 第 39 行.
NOTIC: [8] Undefined index: type E:\xampp\htdocs\thinkphp\Application\Sample_Mjmz\Controller\BaseController.class.php 第 57 行.

[ 2018-05-26T22:09:36+08:00 ] 192.168.1.101 /thinkphp/Sample_Mjmz/User/login?userName=wys30201&password=123456
INFO: [ app_init ] --START--
INFO: Run Behavior\BuildLiteBehavior [ RunTime:0.000036s ]
INFO: [ app_init ] --END-- [ RunTime:0.000743s ]
INFO: [ app_begin ] --START--
INFO: Run Behavior\ReadHtmlCacheBehavior [ RunTime:0.000808s ]
INFO: [ app_begin ] --END-- [ RunTime:0.000899s ]
SQL: SHOW COLUMNS FROM `xq_user` [ RunTime:0.0040s ]
SQL: SELECT * FROM `xq_user` WHERE ( user_name='wys30201' )  [ RunTime:0.0004s ]
SQL: SELECT * FROM `xq_user` WHERE ( user_name='wys30201' ) LIMIT 1   [ RunTime:0.0003s ]
SQL: SHOW COLUMNS FROM `xq_user_info` [ RunTime:0.0037s ]
SQL: SELECT `user_id`,`user_name`,`nick_name`,`gender`,`role_type`,`level`,`balance`,`age`,`tall`,`scholling`,`professional`,`native_place`,`marrige`,`job_address`,`phone`,`head_image`,`create_time`,`modify_time` FROM `xq_user_info` WHERE ( user_name='wys30201' ) LIMIT 1   [ RunTime:0.0005s ]
NOTIC: [8] Use of undefined constant COM - assumed 'COM' E:\xampp\htdocs\thinkphp\Application\Sample_Mjmz\Controller\BaseController.class.php 第 28 行.
NOTIC: [2] key() expects parameter 1 to be array, null given E:\xampp\htdocs\thinkphp\Application\Sample_Mjmz\Controller\BaseController.class.php 第 39 行.
NOTIC: [8] Undefined index: type E:\xampp\htdocs\thinkphp\Application\Sample_Mjmz\Controller\BaseController.class.php 第 57 行.

[ 2018-05-26T22:10:14+08:00 ] 192.168.1.103 /thinkphp/Sample_Mjmz/User/login?userName=wys30201&password=123456
INFO: [ app_init ] --START--
INFO: Run Behavior\BuildLiteBehavior [ RunTime:0.000034s ]
INFO: [ app_init ] --END-- [ RunTime:0.000702s ]
INFO: [ app_begin ] --START--
INFO: Run Behavior\ReadHtmlCacheBehavior [ RunTime:0.001051s ]
INFO: [ app_begin ] --END-- [ RunTime:0.001199s ]
SQL: SHOW COLUMNS FROM `xq_user` [ RunTime:0.0540s ]
SQL: SELECT * FROM `xq_user` WHERE ( user_name='wys30201' )  [ RunTime:0.0009s ]
SQL: SELECT * FROM `xq_user` WHERE ( user_name='wys30201' ) LIMIT 1   [ RunTime:0.0004s ]
SQL: SHOW COLUMNS FROM `xq_user_info` [ RunTime:0.0118s ]
SQL: SELECT `user_id`,`user_name`,`nick_name`,`gender`,`role_type`,`level`,`balance`,`age`,`tall`,`scholling`,`professional`,`native_place`,`marrige`,`job_address`,`phone`,`head_image`,`create_time`,`modify_time` FROM `xq_user_info` WHERE ( user_name='wys30201' ) LIMIT 1   [ RunTime:0.0015s ]
NOTIC: [8] Use of undefined constant COM - assumed 'COM' E:\xampp\htdocs\thinkphp\Application\Sample_Mjmz\Controller\BaseController.class.php 第 28 行.
NOTIC: [2] key() expects parameter 1 to be array, null given E:\xampp\htdocs\thinkphp\Application\Sample_Mjmz\Controller\BaseController.class.php 第 39 行.
NOTIC: [8] Undefined index: type E:\xampp\htdocs\thinkphp\Application\Sample_Mjmz\Controller\BaseController.class.php 第 57 行.

[ 2018-05-26T22:19:19+08:00 ] 192.168.1.103 /thinkphp/Sample_Mjmz/User/login?userName=wys30201&password=123456
INFO: [ app_init ] --START--
INFO: Run Behavior\BuildLiteBehavior [ RunTime:0.000043s ]
INFO: [ app_init ] --END-- [ RunTime:0.013290s ]
INFO: [ app_begin ] --START--
INFO: Run Behavior\ReadHtmlCacheBehavior [ RunTime:0.013831s ]
INFO: [ app_begin ] --END-- [ RunTime:0.014001s ]
SQL: SHOW COLUMNS FROM `xq_user` [ RunTime:0.0195s ]
SQL: SELECT * FROM `xq_user` WHERE ( user_name='wys30201' )  [ RunTime:0.0190s ]
SQL: SELECT * FROM `xq_user` WHERE ( user_name='wys30201' ) LIMIT 1   [ RunTime:0.0004s ]
SQL: SHOW COLUMNS FROM `xq_user_info` [ RunTime:0.0057s ]
SQL: SELECT `user_id`,`user_name`,`nick_name`,`gender`,`role_type`,`level`,`balance`,`age`,`tall`,`scholling`,`professional`,`native_place`,`marrige`,`job_address`,`phone`,`head_image`,`create_time`,`modify_time` FROM `xq_user_info` WHERE ( user_name='wys30201' ) LIMIT 1   [ RunTime:0.0006s ]
NOTIC: [8] Use of undefined constant COM - assumed 'COM' E:\xampp\htdocs\thinkphp\Application\Sample_Mjmz\Controller\BaseController.class.php 第 28 行.
NOTIC: [2] key() expects parameter 1 to be array, null given E:\xampp\htdocs\thinkphp\Application\Sample_Mjmz\Controller\BaseController.class.php 第 39 行.
NOTIC: [8] Undefined index: type E:\xampp\htdocs\thinkphp\Application\Sample_Mjmz\Controller\BaseController.class.php 第 57 行.

