[ 2018-04-29T00:08:09+08:00 ] 192.168.1.103 /thinkphp/Sample_Mjmz/JMessage/getChartRoomMemeberList?roomId=12536521
INFO: [ app_init ] --START--
INFO: Run Behavior\BuildLiteBehavior [ RunTime:0.000052s ]
INFO: [ app_init ] --END-- [ RunTime:0.001453s ]
INFO: [ app_begin ] --START--
INFO: Run Behavior\ReadHtmlCacheBehavior [ RunTime:0.002009s ]
INFO: [ app_begin ] --END-- [ RunTime:0.002180s ]
NOTIC: [8] Use of undefined constant MIX - assumed 'MIX' E:\xampp\htdocs\thinkphp\ThinkPHP\Library\Think\Cache\Driver\File.class.php 第 104 行.
NOTIC: [8] Undefined index: chartRoom_12536521 E:\xampp\htdocs\thinkphp\Application\Sample_Mjmz\Controller\JMessageController.class.php 第 307 行.
NOTIC: [8] Undefined index: type E:\xampp\htdocs\thinkphp\Application\Sample_Mjmz\Controller\BaseController.class.php 第 56 行.

[ 2018-04-29T00:12:09+08:00 ] 192.168.1.103 /thinkphp/Sample_Mjmz/JMessage/getChartRoomMemeberList?roomId=12536521
INFO: [ app_init ] --START--
INFO: Run Behavior\BuildLiteBehavior [ RunTime:0.000044s ]
INFO: [ app_init ] --END-- [ RunTime:0.001127s ]
INFO: [ app_begin ] --START--
INFO: Run Behavior\ReadHtmlCacheBehavior [ RunTime:0.002219s ]
INFO: [ app_begin ] --END-- [ RunTime:0.002498s ]
NOTIC: [8] Use of undefined constant MIX - assumed 'MIX' E:\xampp\htdocs\thinkphp\ThinkPHP\Library\Think\Cache\Driver\File.class.php 第 104 行.
NOTIC: [8] Undefined index: chartRoom_12536521 E:\xampp\htdocs\thinkphp\Application\Sample_Mjmz\Controller\JMessageController.class.php 第 307 行.
NOTIC: [8] Undefined index: type E:\xampp\htdocs\thinkphp\Application\Sample_Mjmz\Controller\BaseController.class.php 第 56 行.

[ 2018-04-29T00:18:21+08:00 ] 192.168.1.103 /thinkphp/Sample_Mjmz/JMessage/getChartRoomMemeberList?roomId=12536521
INFO: [ app_init ] --START--
INFO: Run Behavior\BuildLiteBehavior [ RunTime:0.000386s ]
INFO: [ app_init ] --END-- [ RunTime:0.002083s ]
INFO: [ app_begin ] --START--
INFO: Run Behavior\ReadHtmlCacheBehavior [ RunTime:0.014221s ]
INFO: [ app_begin ] --END-- [ RunTime:0.014466s ]
NOTIC: [8] Use of undefined constant MIX - assumed 'MIX' E:\xampp\htdocs\thinkphp\ThinkPHP\Library\Think\Cache\Driver\File.class.php 第 104 行.
NOTIC: [8] Undefined index: chartRoom_12536521 E:\xampp\htdocs\thinkphp\Application\Sample_Mjmz\Controller\JMessageController.class.php 第 307 行.
NOTIC: [8] Undefined index: type E:\xampp\htdocs\thinkphp\Application\Sample_Mjmz\Controller\BaseController.class.php 第 56 行.

