[ 2018-04-17T21:23:10+08:00 ] ::1 /thinkphp/Sample_Mjmz/JMessage/getArrays
INFO: [ app_init ] --START--
INFO: Run Behavior\BuildLiteBehavior [ RunTime:0.000034s ]
INFO: [ app_init ] --END-- [ RunTime:0.001030s ]
INFO: [ app_begin ] --START--
INFO: Run Behavior\ReadHtmlCacheBehavior [ RunTime:0.001135s ]
INFO: [ app_begin ] --END-- [ RunTime:0.001265s ]
NOTIC: [8] Use of undefined constant MIX - assumed 'MIX' E:\xampp\htdocs\thinkphp\ThinkPHP\Library\Think\Cache\Driver\File.class.php 第 104 行.
NOTIC: [2] key() expects parameter 1 to be array, null given E:\xampp\htdocs\thinkphp\Application\Sample_Mjmz\Controller\BaseController.class.php 第 38 行.
NOTIC: [8] Undefined index: type E:\xampp\htdocs\thinkphp\Application\Sample_Mjmz\Controller\BaseController.class.php 第 56 行.

[ 2018-04-17T21:23:23+08:00 ] ::1 /thinkphp/Sample_Mjmz/test/getUserData?type=0
INFO: [ app_init ] --START--
INFO: Run Behavior\BuildLiteBehavior [ RunTime:0.000022s ]
INFO: [ app_init ] --END-- [ RunTime:0.000557s ]
INFO: [ app_begin ] --START--
INFO: Run Behavior\ReadHtmlCacheBehavior [ RunTime:0.001057s ]
INFO: [ app_begin ] --END-- [ RunTime:0.001162s ]
SQL: SHOW COLUMNS FROM `think_user` [ RunTime:0.0414s ]
SQL: SELECT think_user.user_id,think_user.user_data,think_user.head_image,think_user_info.age,think_user_info.sex,think_user_info.house_address,think_user_info.job_address,think_user.create_time,think_user.modify_time FROM `think_user` LEFT JOIN think_user_info ON think_user_info.user_id=think_user.user_id  ORDER BY think_user.user_id  [ RunTime:0.0333s ]
NOTIC: [2] key() expects parameter 1 to be array, null given E:\xampp\htdocs\thinkphp\Application\Sample_Mjmz\Controller\BaseController.class.php 第 38 行.

[ 2018-04-17T21:23:32+08:00 ] ::1 /thinkphp/Sample_Mjmz/JMessage/getChartRoomMemeberList?roomId=7915&type=0
INFO: [ app_init ] --START--
INFO: Run Behavior\BuildLiteBehavior [ RunTime:0.000027s ]
INFO: [ app_init ] --END-- [ RunTime:0.000844s ]
INFO: [ app_begin ] --START--
INFO: Run Behavior\ReadHtmlCacheBehavior [ RunTime:0.000952s ]
INFO: [ app_begin ] --END-- [ RunTime:0.001054s ]
NOTIC: [8] Use of undefined constant MIX - assumed 'MIX' E:\xampp\htdocs\thinkphp\ThinkPHP\Library\Think\Cache\Driver\File.class.php 第 104 行.
ERR: Unsupported operand types

[ 2018-04-17T21:27:38+08:00 ] ::1 /thinkphp/Sample_Mjmz/JMessage/exitChartRoom?roomId=7930&index=1&XDEBUG_SESSION_START=netbeans-xdebug
INFO: [ app_init ] --START--
INFO: Run Behavior\BuildLiteBehavior [ RunTime:0.000099s ]
INFO: [ app_init ] --END-- [ RunTime:0.002202s ]
INFO: [ app_begin ] --START--
INFO: Run Behavior\ReadHtmlCacheBehavior [ RunTime:0.002456s ]
INFO: [ app_begin ] --END-- [ RunTime:0.002875s ]
NOTIC: [8] Use of undefined constant MIX - assumed 'MIX' E:\xampp\htdocs\thinkphp\ThinkPHP\Library\Think\Cache\Driver\File.class.php 第 104 行.
NOTIC: [8] Undefined index: chartRoom_7930 E:\xampp\htdocs\thinkphp\Application\Sample_Mjmz\Controller\JMessageController.class.php 第 202 行.
NOTIC: [8] Undefined index: type E:\xampp\htdocs\thinkphp\Application\Sample_Mjmz\Controller\BaseController.class.php 第 56 行.

[ 2018-04-17T21:31:00+08:00 ] ::1 /thinkphp/Sample_Mjmz/JMessage/getChartRoomMemeberList?roomId=7915&type=0
INFO: [ app_init ] --START--
INFO: Run Behavior\BuildLiteBehavior [ RunTime:0.000085s ]
INFO: [ app_init ] --END-- [ RunTime:0.001434s ]
INFO: [ app_begin ] --START--
INFO: Run Behavior\ReadHtmlCacheBehavior [ RunTime:0.001454s ]
INFO: [ app_begin ] --END-- [ RunTime:0.001848s ]
NOTIC: [8] Use of undefined constant MIX - assumed 'MIX' E:\xampp\htdocs\thinkphp\ThinkPHP\Library\Think\Cache\Driver\File.class.php 第 104 行.

[ 2018-04-17T21:31:05+08:00 ] ::1 /thinkphp/Sample_Mjmz/JMessage/getChartRoomMemeberList?roomId=7915&type=0
INFO: [ app_init ] --START--
INFO: Run Behavior\BuildLiteBehavior [ RunTime:0.000038s ]
INFO: [ app_init ] --END-- [ RunTime:0.000990s ]
INFO: [ app_begin ] --START--
INFO: Run Behavior\ReadHtmlCacheBehavior [ RunTime:0.000878s ]
INFO: [ app_begin ] --END-- [ RunTime:0.000969s ]
NOTIC: [8] Use of undefined constant MIX - assumed 'MIX' E:\xampp\htdocs\thinkphp\ThinkPHP\Library\Think\Cache\Driver\File.class.php 第 104 行.
NOTIC: [8] Undefined index: chartRoom_7915 E:\xampp\htdocs\thinkphp\Application\Sample_Mjmz\Controller\JMessageController.class.php 第 273 行.

[ 2018-04-17T21:31:09+08:00 ] ::1 /thinkphp/Sample_Mjmz/JMessage/getArrays
INFO: [ app_init ] --START--
INFO: Run Behavior\BuildLiteBehavior [ RunTime:0.000026s ]
INFO: [ app_init ] --END-- [ RunTime:0.000824s ]
INFO: [ app_begin ] --START--
INFO: Run Behavior\ReadHtmlCacheBehavior [ RunTime:0.000788s ]
INFO: [ app_begin ] --END-- [ RunTime:0.000915s ]
NOTIC: [8] Use of undefined constant MIX - assumed 'MIX' E:\xampp\htdocs\thinkphp\ThinkPHP\Library\Think\Cache\Driver\File.class.php 第 104 行.
NOTIC: [2] key() expects parameter 1 to be array, null given E:\xampp\htdocs\thinkphp\Application\Sample_Mjmz\Controller\BaseController.class.php 第 38 行.
NOTIC: [8] Undefined index: type E:\xampp\htdocs\thinkphp\Application\Sample_Mjmz\Controller\BaseController.class.php 第 56 行.

[ 2018-04-17T21:31:15+08:00 ] ::1 /thinkphp/Sample_Mjmz/JMessage/getChartRoomMemeberList?roomId=6542&type=0
INFO: [ app_init ] --START--
INFO: Run Behavior\BuildLiteBehavior [ RunTime:0.000047s ]
INFO: [ app_init ] --END-- [ RunTime:0.000719s ]
INFO: [ app_begin ] --START--
INFO: Run Behavior\ReadHtmlCacheBehavior [ RunTime:0.000722s ]
INFO: [ app_begin ] --END-- [ RunTime:0.000806s ]
NOTIC: [8] Use of undefined constant MIX - assumed 'MIX' E:\xampp\htdocs\thinkphp\ThinkPHP\Library\Think\Cache\Driver\File.class.php 第 104 行.
NOTIC: [2] key() expects parameter 1 to be array, null given E:\xampp\htdocs\thinkphp\Application\Sample_Mjmz\Controller\BaseController.class.php 第 38 行.

[ 2018-04-17T21:37:52+08:00 ] ::1 /thinkphp/Sample_Mjmz/JMessage/getArrays
INFO: [ app_init ] --START--
INFO: Run Behavior\BuildLiteBehavior [ RunTime:0.000026s ]
INFO: [ app_init ] --END-- [ RunTime:0.000624s ]
INFO: [ app_begin ] --START--
INFO: Run Behavior\ReadHtmlCacheBehavior [ RunTime:0.001194s ]
INFO: [ app_begin ] --END-- [ RunTime:0.001321s ]
NOTIC: [8] Use of undefined constant MIX - assumed 'MIX' E:\xampp\htdocs\thinkphp\ThinkPHP\Library\Think\Cache\Driver\File.class.php 第 104 行.
NOTIC: [2] key() expects parameter 1 to be array, null given E:\xampp\htdocs\thinkphp\Application\Sample_Mjmz\Controller\BaseController.class.php 第 38 行.
NOTIC: [8] Undefined index: type E:\xampp\htdocs\thinkphp\Application\Sample_Mjmz\Controller\BaseController.class.php 第 56 行.

[ 2018-04-17T21:37:55+08:00 ] ::1 /thinkphp/Sample_Mjmz/JMessage/getArrays
INFO: [ app_init ] --START--
INFO: Run Behavior\BuildLiteBehavior [ RunTime:0.000023s ]
INFO: [ app_init ] --END-- [ RunTime:0.000540s ]
INFO: [ app_begin ] --START--
INFO: Run Behavior\ReadHtmlCacheBehavior [ RunTime:0.001183s ]
INFO: [ app_begin ] --END-- [ RunTime:0.001353s ]
NOTIC: [8] Use of undefined constant MIX - assumed 'MIX' E:\xampp\htdocs\thinkphp\ThinkPHP\Library\Think\Cache\Driver\File.class.php 第 104 行.
NOTIC: [2] key() expects parameter 1 to be array, null given E:\xampp\htdocs\thinkphp\Application\Sample_Mjmz\Controller\BaseController.class.php 第 38 行.
NOTIC: [8] Undefined index: type E:\xampp\htdocs\thinkphp\Application\Sample_Mjmz\Controller\BaseController.class.php 第 56 行.

[ 2018-04-17T21:38:07+08:00 ] ::1 /thinkphp/Sample_Mjmz/JMessage/createChartRoom
INFO: [ app_init ] --START--
INFO: Run Behavior\BuildLiteBehavior [ RunTime:0.000029s ]
INFO: [ app_init ] --END-- [ RunTime:0.000876s ]
INFO: [ app_begin ] --START--
INFO: Run Behavior\ReadHtmlCacheBehavior [ RunTime:0.000773s ]
INFO: [ app_begin ] --END-- [ RunTime:0.000861s ]
NOTIC: [8] Use of undefined constant MIX - assumed 'MIX' E:\xampp\htdocs\thinkphp\ThinkPHP\Library\Think\Cache\Driver\File.class.php 第 104 行.
NOTIC: [8] Undefined index: userName E:\xampp\htdocs\thinkphp\Application\Sample_Mjmz\Controller\JMessageController.class.php 第 132 行.
NOTIC: [8] Undefined index: gender E:\xampp\htdocs\thinkphp\Application\Sample_Mjmz\Controller\JMessageController.class.php 第 133 行.
NOTIC: [8] Undefined index: level E:\xampp\htdocs\thinkphp\Application\Sample_Mjmz\Controller\JMessageController.class.php 第 134 行.
NOTIC: [2] key() expects parameter 1 to be array, null given E:\xampp\htdocs\thinkphp\Application\Sample_Mjmz\Controller\BaseController.class.php 第 38 行.
NOTIC: [8] Undefined index: type E:\xampp\htdocs\thinkphp\Application\Sample_Mjmz\Controller\BaseController.class.php 第 56 行.

[ 2018-04-17T21:38:14+08:00 ] ::1 /thinkphp/Sample_Mjmz/JMessage/getArrays
INFO: [ app_init ] --START--
INFO: Run Behavior\BuildLiteBehavior [ RunTime:0.000034s ]
INFO: [ app_init ] --END-- [ RunTime:0.000564s ]
INFO: [ app_begin ] --START--
INFO: Run Behavior\ReadHtmlCacheBehavior [ RunTime:0.000715s ]
INFO: [ app_begin ] --END-- [ RunTime:0.000798s ]
NOTIC: [8] Use of undefined constant MIX - assumed 'MIX' E:\xampp\htdocs\thinkphp\ThinkPHP\Library\Think\Cache\Driver\File.class.php 第 104 行.
NOTIC: [2] key() expects parameter 1 to be array, null given E:\xampp\htdocs\thinkphp\Application\Sample_Mjmz\Controller\BaseController.class.php 第 38 行.
NOTIC: [8] Undefined index: type E:\xampp\htdocs\thinkphp\Application\Sample_Mjmz\Controller\BaseController.class.php 第 56 行.

[ 2018-04-17T21:38:27+08:00 ] ::1 /thinkphp/Sample_Mjmz/JMessage/getChartRoomMemeberList?roomId=8687&type=0
INFO: [ app_init ] --START--
INFO: Run Behavior\BuildLiteBehavior [ RunTime:0.000022s ]
INFO: [ app_init ] --END-- [ RunTime:0.000575s ]
INFO: [ app_begin ] --START--
INFO: Run Behavior\ReadHtmlCacheBehavior [ RunTime:0.000878s ]
INFO: [ app_begin ] --END-- [ RunTime:0.001028s ]
NOTIC: [8] Use of undefined constant MIX - assumed 'MIX' E:\xampp\htdocs\thinkphp\ThinkPHP\Library\Think\Cache\Driver\File.class.php 第 104 行.
NOTIC: [2] key() expects parameter 1 to be array, null given E:\xampp\htdocs\thinkphp\Application\Sample_Mjmz\Controller\BaseController.class.php 第 38 行.

[ 2018-04-17T21:38:42+08:00 ] ::1 /thinkphp/Sample_Mjmz/JMessage/getChartRoomMemeberList?roomId=6711&type=0
INFO: [ app_init ] --START--
INFO: Run Behavior\BuildLiteBehavior [ RunTime:0.000023s ]
INFO: [ app_init ] --END-- [ RunTime:0.000509s ]
INFO: [ app_begin ] --START--
INFO: Run Behavior\ReadHtmlCacheBehavior [ RunTime:0.000679s ]
INFO: [ app_begin ] --END-- [ RunTime:0.000771s ]
NOTIC: [8] Use of undefined constant MIX - assumed 'MIX' E:\xampp\htdocs\thinkphp\ThinkPHP\Library\Think\Cache\Driver\File.class.php 第 104 行.
NOTIC: [2] key() expects parameter 1 to be array, null given E:\xampp\htdocs\thinkphp\Application\Sample_Mjmz\Controller\BaseController.class.php 第 38 行.

[ 2018-04-17T21:45:39+08:00 ] ::1 /thinkphp/Sample_Mjmz/JMessage/createChartRoom
INFO: [ app_init ] --START--
INFO: Run Behavior\BuildLiteBehavior [ RunTime:0.000026s ]
INFO: [ app_init ] --END-- [ RunTime:0.000681s ]
INFO: [ app_begin ] --START--
INFO: Run Behavior\ReadHtmlCacheBehavior [ RunTime:0.001588s ]
INFO: [ app_begin ] --END-- [ RunTime:0.001747s ]
NOTIC: [8] Use of undefined constant MIX - assumed 'MIX' E:\xampp\htdocs\thinkphp\ThinkPHP\Library\Think\Cache\Driver\File.class.php 第 104 行.
NOTIC: [8] Undefined index: userName E:\xampp\htdocs\thinkphp\Application\Sample_Mjmz\Controller\JMessageController.class.php 第 122 行.
NOTIC: [8] Undefined index: type E:\xampp\htdocs\thinkphp\Application\Sample_Mjmz\Controller\BaseController.class.php 第 56 行.

[ 2018-04-17T22:15:28+08:00 ] ::1 /thinkphp/Sample_Mjmz/JMessage/createChartRoom
INFO: [ app_init ] --START--
INFO: Run Behavior\BuildLiteBehavior [ RunTime:0.000025s ]
INFO: [ app_init ] --END-- [ RunTime:0.000645s ]
INFO: [ app_begin ] --START--
INFO: Run Behavior\ReadHtmlCacheBehavior [ RunTime:0.001286s ]
INFO: [ app_begin ] --END-- [ RunTime:0.001424s ]
NOTIC: [8] Use of undefined constant MIX - assumed 'MIX' E:\xampp\htdocs\thinkphp\ThinkPHP\Library\Think\Cache\Driver\File.class.php 第 104 行.
NOTIC: [8] Undefined index: userName E:\xampp\htdocs\thinkphp\Application\Sample_Mjmz\Controller\JMessageController.class.php 第 122 行.
NOTIC: [8] Undefined index: type E:\xampp\htdocs\thinkphp\Application\Sample_Mjmz\Controller\BaseController.class.php 第 56 行.

[ 2018-04-17T22:15:57+08:00 ] ::1 /thinkphp/Sample_Mjmz/JMessage/createChartRoom?userName=%E8%A7%89%E5%BE%97%E5%8D%81%E5%88%86&gender=%E7%94%B7&level=45
INFO: [ app_init ] --START--
INFO: Run Behavior\BuildLiteBehavior [ RunTime:0.000042s ]
INFO: [ app_init ] --END-- [ RunTime:0.001232s ]
INFO: [ app_begin ] --START--
INFO: Run Behavior\ReadHtmlCacheBehavior [ RunTime:0.000856s ]
INFO: [ app_begin ] --END-- [ RunTime:0.000943s ]
NOTIC: [8] Use of undefined constant MIX - assumed 'MIX' E:\xampp\htdocs\thinkphp\ThinkPHP\Library\Think\Cache\Driver\File.class.php 第 104 行.
NOTIC: [8] Undefined index: type E:\xampp\htdocs\thinkphp\Application\Sample_Mjmz\Controller\BaseController.class.php 第 56 行.

[ 2018-04-17T22:16:03+08:00 ] ::1 /thinkphp/Sample_Mjmz/JMessage/createChartRoom?userName=%E8%A7%89%E5%BE%97%E5%8D%81%E5%88%86&gender=%E7%94%B7&level=45
INFO: [ app_init ] --START--
INFO: Run Behavior\BuildLiteBehavior [ RunTime:0.000024s ]
INFO: [ app_init ] --END-- [ RunTime:0.000570s ]
INFO: [ app_begin ] --START--
INFO: Run Behavior\ReadHtmlCacheBehavior [ RunTime:0.000728s ]
INFO: [ app_begin ] --END-- [ RunTime:0.000811s ]
NOTIC: [8] Use of undefined constant MIX - assumed 'MIX' E:\xampp\htdocs\thinkphp\ThinkPHP\Library\Think\Cache\Driver\File.class.php 第 104 行.
NOTIC: [8] Undefined index: type E:\xampp\htdocs\thinkphp\Application\Sample_Mjmz\Controller\BaseController.class.php 第 56 行.

[ 2018-04-17T22:16:13+08:00 ] ::1 /thinkphp/Sample_Mjmz/JMessage/createChartRoom?userName=%E8%A7%89%E5%BE%97%E5%8D%81%E5%88%86&gender=%E7%94%B7&level=45
INFO: [ app_init ] --START--
INFO: Run Behavior\BuildLiteBehavior [ RunTime:0.000023s ]
INFO: [ app_init ] --END-- [ RunTime:0.000533s ]
INFO: [ app_begin ] --START--
INFO: Run Behavior\ReadHtmlCacheBehavior [ RunTime:0.000741s ]
INFO: [ app_begin ] --END-- [ RunTime:0.000835s ]
NOTIC: [8] Use of undefined constant MIX - assumed 'MIX' E:\xampp\htdocs\thinkphp\ThinkPHP\Library\Think\Cache\Driver\File.class.php 第 104 行.
NOTIC: [8] Undefined index: type E:\xampp\htdocs\thinkphp\Application\Sample_Mjmz\Controller\BaseController.class.php 第 56 行.

[ 2018-04-17T22:16:37+08:00 ] ::1 /thinkphp/Sample_Mjmz/JMessage/createChartRoom?userName=%E8%A7%89%E5%BE%97%E5%8D%81%E5%88%86&gender=%E7%94%B7&level=45
INFO: [ app_init ] --START--
INFO: Run Behavior\BuildLiteBehavior [ RunTime:0.000022s ]
INFO: [ app_init ] --END-- [ RunTime:0.000592s ]
INFO: [ app_begin ] --START--
INFO: Run Behavior\ReadHtmlCacheBehavior [ RunTime:0.000721s ]
INFO: [ app_begin ] --END-- [ RunTime:0.000805s ]
NOTIC: [8] Use of undefined constant MIX - assumed 'MIX' E:\xampp\htdocs\thinkphp\ThinkPHP\Library\Think\Cache\Driver\File.class.php 第 104 行.
NOTIC: [2] key() expects parameter 1 to be array, null given E:\xampp\htdocs\thinkphp\Application\Sample_Mjmz\Controller\BaseController.class.php 第 38 行.
NOTIC: [8] Undefined index: type E:\xampp\htdocs\thinkphp\Application\Sample_Mjmz\Controller\BaseController.class.php 第 56 行.

[ 2018-04-17T22:16:44+08:00 ] ::1 /thinkphp/Sample_Mjmz/JMessage/createChartRoom?userName=%E8%A7%89%E5%BE%97%E5%8D%81%E5%88%86&gender=%E7%94%B7
INFO: [ app_init ] --START--
INFO: Run Behavior\BuildLiteBehavior [ RunTime:0.000025s ]
INFO: [ app_init ] --END-- [ RunTime:0.000678s ]
INFO: [ app_begin ] --START--
INFO: Run Behavior\ReadHtmlCacheBehavior [ RunTime:0.000724s ]
INFO: [ app_begin ] --END-- [ RunTime:0.000815s ]
NOTIC: [8] Use of undefined constant MIX - assumed 'MIX' E:\xampp\htdocs\thinkphp\ThinkPHP\Library\Think\Cache\Driver\File.class.php 第 104 行.
NOTIC: [8] Undefined index: level E:\xampp\htdocs\thinkphp\Application\Sample_Mjmz\Controller\JMessageController.class.php 第 122 行.
NOTIC: [8] Undefined index: type E:\xampp\htdocs\thinkphp\Application\Sample_Mjmz\Controller\BaseController.class.php 第 56 行.

[ 2018-04-17T22:16:52+08:00 ] ::1 /thinkphp/Sample_Mjmz/JMessage/getArrays
INFO: [ app_init ] --START--
INFO: Run Behavior\BuildLiteBehavior [ RunTime:0.000023s ]
INFO: [ app_init ] --END-- [ RunTime:0.000531s ]
INFO: [ app_begin ] --START--
INFO: Run Behavior\ReadHtmlCacheBehavior [ RunTime:0.000671s ]
INFO: [ app_begin ] --END-- [ RunTime:0.000753s ]
NOTIC: [8] Use of undefined constant MIX - assumed 'MIX' E:\xampp\htdocs\thinkphp\ThinkPHP\Library\Think\Cache\Driver\File.class.php 第 104 行.
NOTIC: [2] key() expects parameter 1 to be array, null given E:\xampp\htdocs\thinkphp\Application\Sample_Mjmz\Controller\BaseController.class.php 第 38 行.
NOTIC: [8] Undefined index: type E:\xampp\htdocs\thinkphp\Application\Sample_Mjmz\Controller\BaseController.class.php 第 56 行.

[ 2018-04-17T22:16:59+08:00 ] ::1 /thinkphp/Sample_Mjmz/JMessage/getChartRoomMemeberList?roomId=8372&type=0
INFO: [ app_init ] --START--
INFO: Run Behavior\BuildLiteBehavior [ RunTime:0.000023s ]
INFO: [ app_init ] --END-- [ RunTime:0.000553s ]
INFO: [ app_begin ] --START--
INFO: Run Behavior\ReadHtmlCacheBehavior [ RunTime:0.000740s ]
INFO: [ app_begin ] --END-- [ RunTime:0.000833s ]
NOTIC: [8] Use of undefined constant MIX - assumed 'MIX' E:\xampp\htdocs\thinkphp\ThinkPHP\Library\Think\Cache\Driver\File.class.php 第 104 行.
NOTIC: [2] key() expects parameter 1 to be array, null given E:\xampp\htdocs\thinkphp\Application\Sample_Mjmz\Controller\BaseController.class.php 第 38 行.

[ 2018-04-17T22:45:40+08:00 ] ::1 /thinkphp/Sample_Mjmz/JMessage/exitChartRoom?roomId=7930&index=1&XDEBUG_SESSION_START=netbeans-xdebug
INFO: [ app_init ] --START--
INFO: Run Behavior\BuildLiteBehavior [ RunTime:0.000049s ]
INFO: [ app_init ] --END-- [ RunTime:0.000799s ]
INFO: [ app_begin ] --START--
INFO: Run Behavior\ReadHtmlCacheBehavior [ RunTime:0.001047s ]
INFO: [ app_begin ] --END-- [ RunTime:0.001328s ]
NOTIC: [8] Use of undefined constant MIX - assumed 'MIX' E:\xampp\htdocs\thinkphp\ThinkPHP\Library\Think\Cache\Driver\File.class.php 第 104 行.
NOTIC: [8] Undefined index: chartRoom_7930 E:\xampp\htdocs\thinkphp\Application\Sample_Mjmz\Controller\JMessageController.class.php 第 214 行.
NOTIC: [8] Undefined index: chartRoom_7930 E:\xampp\htdocs\thinkphp\Application\Sample_Mjmz\Controller\JMessageController.class.php 第 216 行.
NOTIC: [8] Undefined index: type E:\xampp\htdocs\thinkphp\Application\Sample_Mjmz\Controller\BaseController.class.php 第 56 行.

[ 2018-04-17T22:47:09+08:00 ] ::1 /thinkphp/Sample_Mjmz/JMessage/createChartRoom?userName=%E8%A7%89%E5%BE%97%E5%8D%81%E5%88%86&gender=%E7%94%B7&level=45
INFO: [ app_init ] --START--
INFO: Run Behavior\BuildLiteBehavior [ RunTime:0.000053s ]
INFO: [ app_init ] --END-- [ RunTime:0.001049s ]
INFO: [ app_begin ] --START--
INFO: Run Behavior\ReadHtmlCacheBehavior [ RunTime:0.000966s ]
INFO: [ app_begin ] --END-- [ RunTime:0.001179s ]
NOTIC: [8] Use of undefined constant MIX - assumed 'MIX' E:\xampp\htdocs\thinkphp\ThinkPHP\Library\Think\Cache\Driver\File.class.php 第 104 行.
NOTIC: [8] Undefined variable: room E:\xampp\htdocs\thinkphp\Application\Sample_Mjmz\Custom\Jchart\JMChartRoomHandler.class.php 第 44 行.
ERR: Call to a member function create() on null

[ 2018-04-17T22:49:08+08:00 ] ::1 /thinkphp/Sample_Mjmz/JMessage/createChartRoom?userName=%E8%A7%89%E5%BE%97%E5%8D%81%E5%88%86&gender=%E7%94%B7&level=45
INFO: [ app_init ] --START--
INFO: Run Behavior\BuildLiteBehavior [ RunTime:0.000050s ]
INFO: [ app_init ] --END-- [ RunTime:0.000802s ]
INFO: [ app_begin ] --START--
INFO: Run Behavior\ReadHtmlCacheBehavior [ RunTime:0.001110s ]
INFO: [ app_begin ] --END-- [ RunTime:0.001398s ]
NOTIC: [8] Use of undefined constant MIX - assumed 'MIX' E:\xampp\htdocs\thinkphp\ThinkPHP\Library\Think\Cache\Driver\File.class.php 第 104 行.
ERR: Class 'Sample_Mjmz\Custom\Jchart\ChatRoom' not found

[ 2018-04-17T22:51:38+08:00 ] ::1 /thinkphp/Sample_Mjmz/JMessage/createChartRoom?userName=%E8%A7%89%E5%BE%97%E5%8D%81%E5%88%86&gender=%E7%94%B7&level=45
INFO: [ app_init ] --START--
INFO: Run Behavior\BuildLiteBehavior [ RunTime:0.000086s ]
INFO: [ app_init ] --END-- [ RunTime:0.001266s ]
INFO: [ app_begin ] --START--
INFO: Run Behavior\ReadHtmlCacheBehavior [ RunTime:0.001485s ]
INFO: [ app_begin ] --END-- [ RunTime:0.001862s ]
NOTIC: [8] Use of undefined constant MIX - assumed 'MIX' E:\xampp\htdocs\thinkphp\ThinkPHP\Library\Think\Cache\Driver\File.class.php 第 104 行.

[ 2018-04-17T22:51:56+08:00 ] ::1 /thinkphp/Sample_Mjmz/JMessage/exitChartRoom?roomId=7930&index=1&XDEBUG_SESSION_START=netbeans-xdebug
INFO: [ app_init ] --START--
INFO: Run Behavior\BuildLiteBehavior [ RunTime:0.000050s ]
INFO: [ app_init ] --END-- [ RunTime:0.000856s ]
INFO: [ app_begin ] --START--
INFO: Run Behavior\ReadHtmlCacheBehavior [ RunTime:0.001159s ]
INFO: [ app_begin ] --END-- [ RunTime:0.001438s ]
NOTIC: [8] Use of undefined constant MIX - assumed 'MIX' E:\xampp\htdocs\thinkphp\ThinkPHP\Library\Think\Cache\Driver\File.class.php 第 104 行.
NOTIC: [8] Undefined index: chartRoom_7930 E:\xampp\htdocs\thinkphp\Application\Sample_Mjmz\Controller\JMessageController.class.php 第 214 行.
NOTIC: [8] Undefined index: chartRoom_7930 E:\xampp\htdocs\thinkphp\Application\Sample_Mjmz\Controller\JMessageController.class.php 第 216 行.
NOTIC: [8] Undefined index: type E:\xampp\htdocs\thinkphp\Application\Sample_Mjmz\Controller\BaseController.class.php 第 56 行.

[ 2018-04-17T22:53:07+08:00 ] ::1 /thinkphp/Sample_Mjmz/JMessage/createChartRoom?userName=%E8%A7%89%E5%BE%97%E5%8D%81%E5%88%86&gender=%E7%94%B7&level=45
INFO: [ app_init ] --START--
INFO: Run Behavior\BuildLiteBehavior [ RunTime:0.000083s ]
INFO: [ app_init ] --END-- [ RunTime:0.000938s ]
INFO: [ app_begin ] --START--
INFO: Run Behavior\ReadHtmlCacheBehavior [ RunTime:0.001275s ]
INFO: [ app_begin ] --END-- [ RunTime:0.001587s ]
NOTIC: [8] Use of undefined constant MIX - assumed 'MIX' E:\xampp\htdocs\thinkphp\ThinkPHP\Library\Think\Cache\Driver\File.class.php 第 104 行.
NOTIC: [2] key() expects parameter 1 to be array, null given E:\xampp\htdocs\thinkphp\Application\Sample_Mjmz\Controller\BaseController.class.php 第 38 行.
NOTIC: [8] Undefined index: type E:\xampp\htdocs\thinkphp\Application\Sample_Mjmz\Controller\BaseController.class.php 第 56 行.

[ 2018-04-17T22:54:16+08:00 ] ::1 /thinkphp/Sample_Mjmz/JMessage/createChartRoom?userName=%E8%A7%89%E5%BE%97%E5%8D%81%E5%88%86&gender=%E7%94%B7&level=45
INFO: [ app_init ] --START--
INFO: Run Behavior\BuildLiteBehavior [ RunTime:0.000071s ]
INFO: [ app_init ] --END-- [ RunTime:0.001162s ]
INFO: [ app_begin ] --START--
INFO: Run Behavior\ReadHtmlCacheBehavior [ RunTime:0.000934s ]
INFO: [ app_begin ] --END-- [ RunTime:0.001138s ]
NOTIC: [8] Use of undefined constant MIX - assumed 'MIX' E:\xampp\htdocs\thinkphp\ThinkPHP\Library\Think\Cache\Driver\File.class.php 第 104 行.
NOTIC: [2] key() expects parameter 1 to be array, null given E:\xampp\htdocs\thinkphp\Application\Sample_Mjmz\Controller\BaseController.class.php 第 38 行.
NOTIC: [8] Undefined index: type E:\xampp\htdocs\thinkphp\Application\Sample_Mjmz\Controller\BaseController.class.php 第 56 行.

[ 2018-04-17T23:02:32+08:00 ] ::1 /thinkphp/Sample_Mjmz/JMessage/createChartRoom?userName=%E8%A7%89%E5%BE%97%E5%8D%81%E5%88%86&gender=%E7%94%B7&level=45
INFO: [ app_init ] --START--
INFO: Run Behavior\BuildLiteBehavior [ RunTime:0.000061s ]
INFO: [ app_init ] --END-- [ RunTime:0.001085s ]
INFO: [ app_begin ] --START--
INFO: Run Behavior\ReadHtmlCacheBehavior [ RunTime:0.000865s ]
INFO: [ app_begin ] --END-- [ RunTime:0.001096s ]
NOTIC: [8] Use of undefined constant MIX - assumed 'MIX' E:\xampp\htdocs\thinkphp\ThinkPHP\Library\Think\Cache\Driver\File.class.php 第 104 行.
NOTIC: [2] key() expects parameter 1 to be array, null given E:\xampp\htdocs\thinkphp\Application\Sample_Mjmz\Controller\BaseController.class.php 第 38 行.
NOTIC: [8] Undefined index: type E:\xampp\htdocs\thinkphp\Application\Sample_Mjmz\Controller\BaseController.class.php 第 56 行.

[ 2018-04-17T23:03:00+08:00 ] ::1 /thinkphp/Sample_Mjmz/JMessage/createChartRoom
INFO: [ app_init ] --START--
INFO: Run Behavior\BuildLiteBehavior [ RunTime:0.000100s ]
INFO: [ app_init ] --END-- [ RunTime:0.000980s ]
INFO: [ app_begin ] --START--
INFO: Run Behavior\ReadHtmlCacheBehavior [ RunTime:0.000933s ]
INFO: [ app_begin ] --END-- [ RunTime:0.001152s ]
NOTIC: [8] Use of undefined constant MIX - assumed 'MIX' E:\xampp\htdocs\thinkphp\ThinkPHP\Library\Think\Cache\Driver\File.class.php 第 104 行.
NOTIC: [8] Undefined index: userName E:\xampp\htdocs\thinkphp\Application\Sample_Mjmz\Controller\JMessageController.class.php 第 122 行.
NOTIC: [8] Undefined index: type E:\xampp\htdocs\thinkphp\Application\Sample_Mjmz\Controller\BaseController.class.php 第 56 行.

[ 2018-04-17T23:03:38+08:00 ] ::1 /thinkphp/Sample_Mjmz/JMessage/deleteChartRoom
INFO: [ app_init ] --START--
INFO: Run Behavior\BuildLiteBehavior [ RunTime:0.000058s ]
INFO: [ app_init ] --END-- [ RunTime:0.001036s ]
INFO: [ app_begin ] --START--
INFO: Run Behavior\ReadHtmlCacheBehavior [ RunTime:0.001143s ]
INFO: [ app_begin ] --END-- [ RunTime:0.001395s ]
NOTIC: [8] Use of undefined constant MIX - assumed 'MIX' E:\xampp\htdocs\thinkphp\ThinkPHP\Library\Think\Cache\Driver\File.class.php 第 104 行.
NOTIC: [8] Undefined index: roomId E:\xampp\htdocs\thinkphp\Application\Sample_Mjmz\Controller\JMessageController.class.php 第 152 行.
NOTIC: [8] Undefined index: chartRoom_ E:\xampp\htdocs\thinkphp\Application\Sample_Mjmz\Controller\JMessageController.class.php 第 153 行.
INFO: [ app_end ] --START--
INFO: Run Behavior\ShowPageTraceBehavior [ RunTime:0.001067s ]
INFO: [ app_end ] --END-- [ RunTime:0.001296s ]

[ 2018-04-17T23:04:16+08:00 ] ::1 /thinkphp/Sample_Mjmz/JMessage/deleteChartRoom?roomId=12532939
INFO: [ app_init ] --START--
INFO: Run Behavior\BuildLiteBehavior [ RunTime:0.000063s ]
INFO: [ app_init ] --END-- [ RunTime:0.000865s ]
INFO: [ app_begin ] --START--
INFO: Run Behavior\ReadHtmlCacheBehavior [ RunTime:0.000887s ]
INFO: [ app_begin ] --END-- [ RunTime:0.001125s ]
NOTIC: [8] Use of undefined constant MIX - assumed 'MIX' E:\xampp\htdocs\thinkphp\ThinkPHP\Library\Think\Cache\Driver\File.class.php 第 104 行.
NOTIC: [8] Undefined index: chartRoom_12532939 E:\xampp\htdocs\thinkphp\Application\Sample_Mjmz\Controller\JMessageController.class.php 第 153 行.
INFO: [ app_end ] --START--
INFO: Run Behavior\ShowPageTraceBehavior [ RunTime:0.001002s ]
INFO: [ app_end ] --END-- [ RunTime:0.001238s ]

[ 2018-04-17T23:04:25+08:00 ] ::1 /thinkphp/Sample_Mjmz/JMessage/deleteChartRoom?roomId=12532939
INFO: [ app_init ] --START--
INFO: Run Behavior\BuildLiteBehavior [ RunTime:0.000061s ]
INFO: [ app_init ] --END-- [ RunTime:0.001043s ]
INFO: [ app_begin ] --START--
INFO: Run Behavior\ReadHtmlCacheBehavior [ RunTime:0.000940s ]
INFO: [ app_begin ] --END-- [ RunTime:0.001216s ]
NOTIC: [8] Use of undefined constant MIX - assumed 'MIX' E:\xampp\htdocs\thinkphp\ThinkPHP\Library\Think\Cache\Driver\File.class.php 第 104 行.
NOTIC: [8] Undefined index: chartRoom_12532939 E:\xampp\htdocs\thinkphp\Application\Sample_Mjmz\Controller\JMessageController.class.php 第 153 行.
INFO: [ app_end ] --START--
INFO: Run Behavior\ShowPageTraceBehavior [ RunTime:0.000895s ]
INFO: [ app_end ] --END-- [ RunTime:0.001125s ]

[ 2018-04-17T23:07:18+08:00 ] ::1 /thinkphp/Sample_Mjmz/JMessage/deleteChartRoom?roomId=12532939
INFO: [ app_init ] --START--
INFO: Run Behavior\BuildLiteBehavior [ RunTime:0.000061s ]
INFO: [ app_init ] --END-- [ RunTime:0.000969s ]
INFO: [ app_begin ] --START--
INFO: Run Behavior\ReadHtmlCacheBehavior [ RunTime:0.001135s ]
INFO: [ app_begin ] --END-- [ RunTime:0.001396s ]
NOTIC: [8] Use of undefined constant MIX - assumed 'MIX' E:\xampp\htdocs\thinkphp\ThinkPHP\Library\Think\Cache\Driver\File.class.php 第 104 行.
INFO: [ app_end ] --START--
INFO: Run Behavior\ShowPageTraceBehavior [ RunTime:0.002378s ]
INFO: [ app_end ] --END-- [ RunTime:0.002899s ]

[ 2018-04-17T23:07:39+08:00 ] ::1 /thinkphp/Sample_Mjmz/JMessage/deleteChartRoom?roomId=12532939
INFO: [ app_init ] --START--
INFO: Run Behavior\BuildLiteBehavior [ RunTime:0.000073s ]
INFO: [ app_init ] --END-- [ RunTime:0.000889s ]
INFO: [ app_begin ] --START--
INFO: Run Behavior\ReadHtmlCacheBehavior [ RunTime:0.000886s ]
INFO: [ app_begin ] --END-- [ RunTime:0.001129s ]
NOTIC: [8] Use of undefined constant MIX - assumed 'MIX' E:\xampp\htdocs\thinkphp\ThinkPHP\Library\Think\Cache\Driver\File.class.php 第 104 行.
INFO: [ app_end ] --START--
INFO: Run Behavior\ShowPageTraceBehavior [ RunTime:0.002313s ]
INFO: [ app_end ] --END-- [ RunTime:0.002838s ]

