[ 2018-04-22T10:42:57+08:00 ] ::1 /thinkphp/Sample_Mjmz/JMessage/getArrays
INFO: [ app_init ] --START--
INFO: Run Behavior\BuildLiteBehavior [ RunTime:0.000056s ]
INFO: [ app_init ] --END-- [ RunTime:0.001750s ]
INFO: [ app_begin ] --START--
INFO: Run Behavior\ReadHtmlCacheBehavior [ RunTime:0.002124s ]
INFO: [ app_begin ] --END-- [ RunTime:0.002349s ]
NOTIC: [2] key() expects parameter 1 to be array, null given E:\xampp\htdocs\thinkphp\Application\Sample_Mjmz\Controller\BaseController.class.php 第 38 行.
NOTIC: [8] Undefined index: type E:\xampp\htdocs\thinkphp\Application\Sample_Mjmz\Controller\BaseController.class.php 第 56 行.

[ 2018-04-22T10:45:41+08:00 ] ::1 /thinkphp/Sample_Mjmz/JMessage/deleteChartRoom?roomId=12532939
INFO: [ app_init ] --START--
INFO: Run Behavior\BuildLiteBehavior [ RunTime:0.000032s ]
INFO: [ app_init ] --END-- [ RunTime:0.000965s ]
INFO: [ app_begin ] --START--
INFO: Run Behavior\ReadHtmlCacheBehavior [ RunTime:0.001246s ]
INFO: [ app_begin ] --END-- [ RunTime:0.001380s ]
NOTIC: [8] Undefined index: chartRoom_12532939 E:\xampp\htdocs\thinkphp\Application\Sample_Mjmz\Controller\JMessageController.class.php 第 158 行.
NOTIC: [8] Undefined index: type E:\xampp\htdocs\thinkphp\Application\Sample_Mjmz\Controller\BaseController.class.php 第 56 行.

[ 2018-04-22T10:45:50+08:00 ] ::1 /thinkphp/Sample_Mjmz/JMessage/createChartRoom
INFO: [ app_init ] --START--
INFO: Run Behavior\BuildLiteBehavior [ RunTime:0.000030s ]
INFO: [ app_init ] --END-- [ RunTime:0.000669s ]
INFO: [ app_begin ] --START--
INFO: Run Behavior\ReadHtmlCacheBehavior [ RunTime:0.000888s ]
INFO: [ app_begin ] --END-- [ RunTime:0.001008s ]
NOTIC: [8] Undefined index: userName E:\xampp\htdocs\thinkphp\Application\Sample_Mjmz\Controller\JMessageController.class.php 第 126 行.
NOTIC: [8] Undefined index: type E:\xampp\htdocs\thinkphp\Application\Sample_Mjmz\Controller\BaseController.class.php 第 56 行.

[ 2018-04-22T10:45:56+08:00 ] ::1 /thinkphp/Sample_Mjmz/JMessage/createChartRoom?userName=%E8%A7%89%E5%BE%97%E5%8D%81%E5%88%86&gender=%E7%94%B7&level=45
INFO: [ app_init ] --START--
INFO: Run Behavior\BuildLiteBehavior [ RunTime:0.000025s ]
INFO: [ app_init ] --END-- [ RunTime:0.000586s ]
INFO: [ app_begin ] --START--
INFO: Run Behavior\ReadHtmlCacheBehavior [ RunTime:0.000730s ]
INFO: [ app_begin ] --END-- [ RunTime:0.000823s ]
NOTIC: [8] Use of undefined constant MIX - assumed 'MIX' E:\xampp\htdocs\thinkphp\Application\Sample_Mjmz\Controller\JMessageController.class.php 第 132 行.
NOTIC: [8] Undefined index: error E:\xampp\htdocs\thinkphp\Application\Sample_Mjmz\Custom\Jchart\JMChartRoomHandler.class.php 第 48 行.
NOTIC: [2] key() expects parameter 1 to be array, null given E:\xampp\htdocs\thinkphp\Application\Sample_Mjmz\Controller\BaseController.class.php 第 38 行.
NOTIC: [8] Undefined index: type E:\xampp\htdocs\thinkphp\Application\Sample_Mjmz\Controller\BaseController.class.php 第 56 行.

[ 2018-04-22T10:46:12+08:00 ] ::1 /thinkphp/Sample_Mjmz/JMessage/joinChartRoom?type=0&userName=wys30203&gender=%E7%94%B7&level=12&XDEBUG_SESSION_START=netbeans-xdebug
INFO: [ app_init ] --START--
INFO: Run Behavior\BuildLiteBehavior [ RunTime:0.000027s ]
INFO: [ app_init ] --END-- [ RunTime:0.000812s ]
INFO: [ app_begin ] --START--
INFO: Run Behavior\ReadHtmlCacheBehavior [ RunTime:0.000986s ]
INFO: [ app_begin ] --END-- [ RunTime:0.001095s ]
NOTIC: [8] Use of undefined constant MIX - assumed 'MIX' E:\xampp\htdocs\thinkphp\ThinkPHP\Library\Think\Cache\Driver\File.class.php 第 104 行.
NOTIC: [8] Undefined index: limitLevel E:\xampp\htdocs\thinkphp\Application\Sample_Mjmz\Controller\JMessageController.class.php 第 184 行.

[ 2018-04-22T10:47:37+08:00 ] ::1 /thinkphp/Sample_Mjmz/JMessage/getArrays
INFO: [ app_init ] --START--
INFO: Run Behavior\BuildLiteBehavior [ RunTime:0.000055s ]
INFO: [ app_init ] --END-- [ RunTime:0.001520s ]
INFO: [ app_begin ] --START--
INFO: Run Behavior\ReadHtmlCacheBehavior [ RunTime:0.000969s ]
INFO: [ app_begin ] --END-- [ RunTime:0.001083s ]
NOTIC: [8] Use of undefined constant MIX - assumed 'MIX' E:\xampp\htdocs\thinkphp\ThinkPHP\Library\Think\Cache\Driver\File.class.php 第 104 行.
NOTIC: [2] key() expects parameter 1 to be array, null given E:\xampp\htdocs\thinkphp\Application\Sample_Mjmz\Controller\BaseController.class.php 第 38 行.
NOTIC: [8] Undefined index: type E:\xampp\htdocs\thinkphp\Application\Sample_Mjmz\Controller\BaseController.class.php 第 56 行.

[ 2018-04-22T10:49:09+08:00 ] ::1 /thinkphp/Sample_Mjmz/JMessage/exitChartRoom?roomId=7930&index=1&XDEBUG_SESSION_START=netbeans-xdebug
INFO: [ app_init ] --START--
INFO: Run Behavior\BuildLiteBehavior [ RunTime:0.000056s ]
INFO: [ app_init ] --END-- [ RunTime:0.000997s ]
INFO: [ app_begin ] --START--
INFO: Run Behavior\ReadHtmlCacheBehavior [ RunTime:0.001066s ]
INFO: [ app_begin ] --END-- [ RunTime:0.001298s ]
NOTIC: [8] Use of undefined constant MIX - assumed 'MIX' E:\xampp\htdocs\thinkphp\ThinkPHP\Library\Think\Cache\Driver\File.class.php 第 104 行.
NOTIC: [8] Undefined index: chartRoom_7930 E:\xampp\htdocs\thinkphp\Application\Sample_Mjmz\Controller\JMessageController.class.php 第 229 行.
NOTIC: [8] Undefined index: chartRoom_7930 E:\xampp\htdocs\thinkphp\Application\Sample_Mjmz\Controller\JMessageController.class.php 第 231 行.
NOTIC: [8] Undefined index: type E:\xampp\htdocs\thinkphp\Application\Sample_Mjmz\Controller\BaseController.class.php 第 56 行.

[ 2018-04-22T10:50:41+08:00 ] ::1 /thinkphp/Sample_Mjmz/JMessage/joinChartRoom?type=0&userName=wys30203&gender=%E7%94%B7&level=12&XDEBUG_SESSION_START=netbeans-xdebug
INFO: [ app_init ] --START--
INFO: Run Behavior\BuildLiteBehavior [ RunTime:0.000058s ]
INFO: [ app_init ] --END-- [ RunTime:0.001049s ]
INFO: [ app_begin ] --START--
INFO: Run Behavior\ReadHtmlCacheBehavior [ RunTime:0.001088s ]
INFO: [ app_begin ] --END-- [ RunTime:0.001318s ]
NOTIC: [8] Use of undefined constant MIX - assumed 'MIX' E:\xampp\htdocs\thinkphp\ThinkPHP\Library\Think\Cache\Driver\File.class.php 第 104 行.
NOTIC: [8] Undefined index: limitLevel E:\xampp\htdocs\thinkphp\Application\Sample_Mjmz\Controller\JMessageController.class.php 第 184 行.

[ 2018-04-22T10:52:58+08:00 ] ::1 /thinkphp/Sample_Mjmz/JMessage/joinChartRoom?type=0&userName=wys30203&gender=%E7%94%B7&level=12&XDEBUG_SESSION_START=netbeans-xdebug
INFO: [ app_init ] --START--
INFO: Run Behavior\BuildLiteBehavior [ RunTime:0.000062s ]
INFO: [ app_init ] --END-- [ RunTime:0.001055s ]
INFO: [ app_begin ] --START--
INFO: Run Behavior\ReadHtmlCacheBehavior [ RunTime:0.001196s ]
INFO: [ app_begin ] --END-- [ RunTime:0.001440s ]
NOTIC: [8] Use of undefined constant MIX - assumed 'MIX' E:\xampp\htdocs\thinkphp\ThinkPHP\Library\Think\Cache\Driver\File.class.php 第 104 行.
NOTIC: [8] Undefined index: limitLevel E:\xampp\htdocs\thinkphp\Application\Sample_Mjmz\Controller\JMessageController.class.php 第 184 行.

[ 2018-04-22T11:00:01+08:00 ] ::1 /thinkphp/Sample_Mjmz/JMessage/exitChartRoom?roomId=7915&index=10
INFO: [ app_init ] --START--
INFO: Run Behavior\BuildLiteBehavior [ RunTime:0.000058s ]
INFO: [ app_init ] --END-- [ RunTime:0.000989s ]
INFO: [ app_begin ] --START--
INFO: Run Behavior\ReadHtmlCacheBehavior [ RunTime:0.001796s ]
INFO: [ app_begin ] --END-- [ RunTime:0.002285s ]
NOTIC: [8] Use of undefined constant MIX - assumed 'MIX' E:\xampp\htdocs\thinkphp\ThinkPHP\Library\Think\Cache\Driver\File.class.php 第 104 行.
NOTIC: [8] Undefined index: chartRoom_7915 E:\xampp\htdocs\thinkphp\Application\Sample_Mjmz\Controller\JMessageController.class.php 第 229 行.
NOTIC: [8] Undefined index: chartRoom_7915 E:\xampp\htdocs\thinkphp\Application\Sample_Mjmz\Controller\JMessageController.class.php 第 231 行.
NOTIC: [8] Undefined index: type E:\xampp\htdocs\thinkphp\Application\Sample_Mjmz\Controller\BaseController.class.php 第 56 行.

[ 2018-04-22T11:01:10+08:00 ] ::1 /thinkphp/Sample_Mjmz/JMessage/createChartRoom?userName=%E8%A7%89%E5%BE%97%E5%8D%81%E5%88%86&gender=%E7%94%B7&level=45
INFO: [ app_init ] --START--
INFO: Run Behavior\BuildLiteBehavior [ RunTime:0.000030s ]
INFO: [ app_init ] --END-- [ RunTime:0.000714s ]
INFO: [ app_begin ] --START--
INFO: Run Behavior\ReadHtmlCacheBehavior [ RunTime:0.000905s ]
INFO: [ app_begin ] --END-- [ RunTime:0.001011s ]
NOTIC: [8] Use of undefined constant MIX - assumed 'MIX' E:\xampp\htdocs\thinkphp\ThinkPHP\Library\Think\Cache\Driver\File.class.php 第 104 行.
NOTIC: [8] Undefined index: error E:\xampp\htdocs\thinkphp\Application\Sample_Mjmz\Custom\Jchart\JMChartRoomHandler.class.php 第 48 行.
NOTIC: [2] key() expects parameter 1 to be array, null given E:\xampp\htdocs\thinkphp\Application\Sample_Mjmz\Controller\BaseController.class.php 第 38 行.
NOTIC: [8] Undefined index: type E:\xampp\htdocs\thinkphp\Application\Sample_Mjmz\Controller\BaseController.class.php 第 56 行.

[ 2018-04-22T11:01:25+08:00 ] ::1 /thinkphp/Sample_Mjmz/JMessage/getArrays
INFO: [ app_init ] --START--
INFO: Run Behavior\BuildLiteBehavior [ RunTime:0.000026s ]
INFO: [ app_init ] --END-- [ RunTime:0.000618s ]
INFO: [ app_begin ] --START--
INFO: Run Behavior\ReadHtmlCacheBehavior [ RunTime:0.000774s ]
INFO: [ app_begin ] --END-- [ RunTime:0.000867s ]
NOTIC: [8] Use of undefined constant MIX - assumed 'MIX' E:\xampp\htdocs\thinkphp\ThinkPHP\Library\Think\Cache\Driver\File.class.php 第 104 行.
NOTIC: [2] key() expects parameter 1 to be array, null given E:\xampp\htdocs\thinkphp\Application\Sample_Mjmz\Controller\BaseController.class.php 第 38 行.
NOTIC: [8] Undefined index: type E:\xampp\htdocs\thinkphp\Application\Sample_Mjmz\Controller\BaseController.class.php 第 56 行.

[ 2018-04-22T11:01:37+08:00 ] ::1 /thinkphp/Sample_Mjmz/JMessage/deleteChartRoom?roomId=12534711
INFO: [ app_init ] --START--
INFO: Run Behavior\BuildLiteBehavior [ RunTime:0.000030s ]
INFO: [ app_init ] --END-- [ RunTime:0.000652s ]
INFO: [ app_begin ] --START--
INFO: Run Behavior\ReadHtmlCacheBehavior [ RunTime:0.000820s ]
INFO: [ app_begin ] --END-- [ RunTime:0.000938s ]
NOTIC: [8] Use of undefined constant MIX - assumed 'MIX' E:\xampp\htdocs\thinkphp\ThinkPHP\Library\Think\Cache\Driver\File.class.php 第 104 行.
NOTIC: [2] key() expects parameter 1 to be array, null given E:\xampp\htdocs\thinkphp\Application\Sample_Mjmz\Controller\BaseController.class.php 第 38 行.
NOTIC: [8] Undefined index: type E:\xampp\htdocs\thinkphp\Application\Sample_Mjmz\Controller\BaseController.class.php 第 56 行.

[ 2018-04-22T11:01:41+08:00 ] ::1 /thinkphp/Sample_Mjmz/JMessage/getArrays
INFO: [ app_init ] --START--
INFO: Run Behavior\BuildLiteBehavior [ RunTime:0.000030s ]
INFO: [ app_init ] --END-- [ RunTime:0.000638s ]
INFO: [ app_begin ] --START--
INFO: Run Behavior\ReadHtmlCacheBehavior [ RunTime:0.000804s ]
INFO: [ app_begin ] --END-- [ RunTime:0.000908s ]
NOTIC: [8] Use of undefined constant MIX - assumed 'MIX' E:\xampp\htdocs\thinkphp\ThinkPHP\Library\Think\Cache\Driver\File.class.php 第 104 行.
NOTIC: [2] key() expects parameter 1 to be array, null given E:\xampp\htdocs\thinkphp\Application\Sample_Mjmz\Controller\BaseController.class.php 第 38 行.
NOTIC: [8] Undefined index: type E:\xampp\htdocs\thinkphp\Application\Sample_Mjmz\Controller\BaseController.class.php 第 56 行.

[ 2018-04-22T11:01:52+08:00 ] ::1 /thinkphp/Sample_Mjmz/JMessage/joinChartRoom?type=0&userName=wys30203&gender=%E7%94%B7&level=12&XDEBUG_SESSION_START=netbeans-xdebug
INFO: [ app_init ] --START--
INFO: Run Behavior\BuildLiteBehavior [ RunTime:0.000083s ]
INFO: [ app_init ] --END-- [ RunTime:0.001895s ]
INFO: [ app_begin ] --START--
INFO: Run Behavior\ReadHtmlCacheBehavior [ RunTime:0.000938s ]
INFO: [ app_begin ] --END-- [ RunTime:0.001047s ]
NOTIC: [8] Use of undefined constant MIX - assumed 'MIX' E:\xampp\htdocs\thinkphp\ThinkPHP\Library\Think\Cache\Driver\File.class.php 第 104 行.
NOTIC: [8] Undefined index: limitLevel E:\xampp\htdocs\thinkphp\Application\Sample_Mjmz\Controller\JMessageController.class.php 第 184 行.

[ 2018-04-22T11:01:58+08:00 ] ::1 /thinkphp/Sample_Mjmz/JMessage/joinChartRoom?type=0&userName=wys30202&gender=%E7%94%B7&level=12&XDEBUG_SESSION_START=netbeans-xdebug
INFO: [ app_init ] --START--
INFO: Run Behavior\BuildLiteBehavior [ RunTime:0.000028s ]
INFO: [ app_init ] --END-- [ RunTime:0.000818s ]
INFO: [ app_begin ] --START--
INFO: Run Behavior\ReadHtmlCacheBehavior [ RunTime:0.001091s ]
INFO: [ app_begin ] --END-- [ RunTime:0.001206s ]
NOTIC: [8] Use of undefined constant MIX - assumed 'MIX' E:\xampp\htdocs\thinkphp\ThinkPHP\Library\Think\Cache\Driver\File.class.php 第 104 行.
NOTIC: [8] Undefined index: limitLevel E:\xampp\htdocs\thinkphp\Application\Sample_Mjmz\Controller\JMessageController.class.php 第 184 行.
NOTIC: [2] key() expects parameter 1 to be array, null given E:\xampp\htdocs\thinkphp\Application\Sample_Mjmz\Controller\BaseController.class.php 第 38 行.

[ 2018-04-22T11:06:33+08:00 ] ::1 /thinkphp/Sample_Mjmz/JMessage/joinChartRoom?type=0&userName=wys30202&gender=%E7%94%B7&level=12&XDEBUG_SESSION_START=netbeans-xdebug
INFO: [ app_init ] --START--
INFO: Run Behavior\BuildLiteBehavior [ RunTime:0.000027s ]
INFO: [ app_init ] --END-- [ RunTime:0.000796s ]
INFO: [ app_begin ] --START--
INFO: Run Behavior\ReadHtmlCacheBehavior [ RunTime:0.001012s ]
INFO: [ app_begin ] --END-- [ RunTime:0.001108s ]
NOTIC: [8] Use of undefined constant MIX - assumed 'MIX' E:\xampp\htdocs\thinkphp\ThinkPHP\Library\Think\Cache\Driver\File.class.php 第 104 行.
NOTIC: [8] Undefined index: limitLevel E:\xampp\htdocs\thinkphp\Application\Sample_Mjmz\Controller\JMessageController.class.php 第 184 行.

[ 2018-04-22T11:06:45+08:00 ] ::1 /thinkphp/Sample_Mjmz/JMessage/joinChartRoom?type=0&userName=wys30203&gender=%E7%94%B7&level=12&XDEBUG_SESSION_START=netbeans-xdebug
INFO: [ app_init ] --START--
INFO: Run Behavior\BuildLiteBehavior [ RunTime:0.000054s ]
INFO: [ app_init ] --END-- [ RunTime:0.001565s ]
INFO: [ app_begin ] --START--
INFO: Run Behavior\ReadHtmlCacheBehavior [ RunTime:0.001999s ]
INFO: [ app_begin ] --END-- [ RunTime:0.002257s ]
NOTIC: [8] Use of undefined constant MIX - assumed 'MIX' E:\xampp\htdocs\thinkphp\ThinkPHP\Library\Think\Cache\Driver\File.class.php 第 104 行.
NOTIC: [8] Undefined index: limitLevel E:\xampp\htdocs\thinkphp\Application\Sample_Mjmz\Controller\JMessageController.class.php 第 184 行.

[ 2018-04-22T11:06:56+08:00 ] ::1 /thinkphp/Sample_Mjmz/JMessage/joinChartRoom?type=0&userName=wys30202&gender=%E7%94%B7&level=12&XDEBUG_SESSION_START=netbeans-xdebug
INFO: [ app_init ] --START--
INFO: Run Behavior\BuildLiteBehavior [ RunTime:0.000025s ]
INFO: [ app_init ] --END-- [ RunTime:0.000725s ]
INFO: [ app_begin ] --START--
INFO: Run Behavior\ReadHtmlCacheBehavior [ RunTime:0.001042s ]
INFO: [ app_begin ] --END-- [ RunTime:0.001197s ]
NOTIC: [8] Use of undefined constant MIX - assumed 'MIX' E:\xampp\htdocs\thinkphp\ThinkPHP\Library\Think\Cache\Driver\File.class.php 第 104 行.
NOTIC: [8] Undefined index: limitLevel E:\xampp\htdocs\thinkphp\Application\Sample_Mjmz\Controller\JMessageController.class.php 第 184 行.

[ 2018-04-22T11:07:24+08:00 ] ::1 /thinkphp/Sample_Mjmz/JMessage/getArrays
INFO: [ app_init ] --START--
INFO: Run Behavior\BuildLiteBehavior [ RunTime:0.000031s ]
INFO: [ app_init ] --END-- [ RunTime:0.000864s ]
INFO: [ app_begin ] --START--
INFO: Run Behavior\ReadHtmlCacheBehavior [ RunTime:0.001405s ]
INFO: [ app_begin ] --END-- [ RunTime:0.001584s ]
NOTIC: [8] Use of undefined constant MIX - assumed 'MIX' E:\xampp\htdocs\thinkphp\ThinkPHP\Library\Think\Cache\Driver\File.class.php 第 104 行.
NOTIC: [2] key() expects parameter 1 to be array, null given E:\xampp\htdocs\thinkphp\Application\Sample_Mjmz\Controller\BaseController.class.php 第 38 行.
NOTIC: [8] Undefined index: type E:\xampp\htdocs\thinkphp\Application\Sample_Mjmz\Controller\BaseController.class.php 第 56 行.

[ 2018-04-22T11:07:33+08:00 ] ::1 /thinkphp/Sample_Mjmz/JMessage/getChartRoomMemeberList?roomId=7915&type=0
INFO: [ app_init ] --START--
INFO: Run Behavior\BuildLiteBehavior [ RunTime:0.000040s ]
INFO: [ app_init ] --END-- [ RunTime:0.000887s ]
INFO: [ app_begin ] --START--
INFO: Run Behavior\ReadHtmlCacheBehavior [ RunTime:0.001230s ]
INFO: [ app_begin ] --END-- [ RunTime:0.001680s ]
NOTIC: [8] Use of undefined constant MIX - assumed 'MIX' E:\xampp\htdocs\thinkphp\ThinkPHP\Library\Think\Cache\Driver\File.class.php 第 104 行.
NOTIC: [8] Undefined index: chartRoom_7915 E:\xampp\htdocs\thinkphp\Application\Sample_Mjmz\Controller\JMessageController.class.php 第 293 行.

[ 2018-04-22T11:07:46+08:00 ] ::1 /thinkphp/Sample_Mjmz/JMessage/getChartRoomMemeberList?roomId=10034742&type=0
INFO: [ app_init ] --START--
INFO: Run Behavior\BuildLiteBehavior [ RunTime:0.000027s ]
INFO: [ app_init ] --END-- [ RunTime:0.000859s ]
INFO: [ app_begin ] --START--
INFO: Run Behavior\ReadHtmlCacheBehavior [ RunTime:0.001036s ]
INFO: [ app_begin ] --END-- [ RunTime:0.001144s ]
NOTIC: [8] Use of undefined constant MIX - assumed 'MIX' E:\xampp\htdocs\thinkphp\ThinkPHP\Library\Think\Cache\Driver\File.class.php 第 104 行.
NOTIC: [2] key() expects parameter 1 to be array, null given E:\xampp\htdocs\thinkphp\Application\Sample_Mjmz\Controller\BaseController.class.php 第 38 行.

[ 2018-04-22T11:08:04+08:00 ] ::1 /thinkphp/Sample_Mjmz/JMessage/exitChartRoom?roomId=10034742&index=10
INFO: [ app_init ] --START--
INFO: Run Behavior\BuildLiteBehavior [ RunTime:0.000105s ]
INFO: [ app_init ] --END-- [ RunTime:0.001634s ]
INFO: [ app_begin ] --START--
INFO: Run Behavior\ReadHtmlCacheBehavior [ RunTime:0.001904s ]
INFO: [ app_begin ] --END-- [ RunTime:0.002147s ]
NOTIC: [8] Use of undefined constant MIX - assumed 'MIX' E:\xampp\htdocs\thinkphp\ThinkPHP\Library\Think\Cache\Driver\File.class.php 第 104 行.
NOTIC: [8] Undefined variable: roomId E:\xampp\htdocs\thinkphp\Application\Sample_Mjmz\Custom\Jchart\JMChartRoomHandler.class.php 第 125 行.
NOTIC: [8] Undefined variable: userInfo E:\xampp\htdocs\thinkphp\Application\Sample_Mjmz\Custom\Jchart\JMChartRoomHandler.class.php 第 125 行.
NOTIC: [2] key() expects parameter 1 to be array, null given E:\xampp\htdocs\thinkphp\Application\Sample_Mjmz\Controller\BaseController.class.php 第 38 行.
NOTIC: [8] Undefined index: type E:\xampp\htdocs\thinkphp\Application\Sample_Mjmz\Controller\BaseController.class.php 第 56 行.

[ 2018-04-22T11:08:09+08:00 ] ::1 /thinkphp/Sample_Mjmz/JMessage/exitChartRoom?roomId=10034742&index=2
INFO: [ app_init ] --START--
INFO: Run Behavior\BuildLiteBehavior [ RunTime:0.000061s ]
INFO: [ app_init ] --END-- [ RunTime:0.001421s ]
INFO: [ app_begin ] --START--
INFO: Run Behavior\ReadHtmlCacheBehavior [ RunTime:0.001930s ]
INFO: [ app_begin ] --END-- [ RunTime:0.002170s ]
NOTIC: [8] Use of undefined constant MIX - assumed 'MIX' E:\xampp\htdocs\thinkphp\ThinkPHP\Library\Think\Cache\Driver\File.class.php 第 104 行.
NOTIC: [8] Undefined variable: roomId E:\xampp\htdocs\thinkphp\Application\Sample_Mjmz\Custom\Jchart\JMChartRoomHandler.class.php 第 125 行.
NOTIC: [8] Undefined variable: userInfo E:\xampp\htdocs\thinkphp\Application\Sample_Mjmz\Custom\Jchart\JMChartRoomHandler.class.php 第 125 行.
NOTIC: [2] key() expects parameter 1 to be array, null given E:\xampp\htdocs\thinkphp\Application\Sample_Mjmz\Controller\BaseController.class.php 第 38 行.
NOTIC: [8] Undefined index: type E:\xampp\htdocs\thinkphp\Application\Sample_Mjmz\Controller\BaseController.class.php 第 56 行.

[ 2018-04-22T11:08:13+08:00 ] ::1 /thinkphp/Sample_Mjmz/JMessage/getChartRoomMemeberList?roomId=10034742&type=0
INFO: [ app_init ] --START--
INFO: Run Behavior\BuildLiteBehavior [ RunTime:0.000030s ]
INFO: [ app_init ] --END-- [ RunTime:0.000932s ]
INFO: [ app_begin ] --START--
INFO: Run Behavior\ReadHtmlCacheBehavior [ RunTime:0.000879s ]
INFO: [ app_begin ] --END-- [ RunTime:0.000987s ]
NOTIC: [8] Use of undefined constant MIX - assumed 'MIX' E:\xampp\htdocs\thinkphp\ThinkPHP\Library\Think\Cache\Driver\File.class.php 第 104 行.
NOTIC: [2] key() expects parameter 1 to be array, null given E:\xampp\htdocs\thinkphp\Application\Sample_Mjmz\Controller\BaseController.class.php 第 38 行.

[ 2018-04-22T11:08:17+08:00 ] ::1 /thinkphp/Sample_Mjmz/JMessage/joinChartRoom?type=0&userName=wys30202&gender=%E7%94%B7&level=12&XDEBUG_SESSION_START=netbeans-xdebug
INFO: [ app_init ] --START--
INFO: Run Behavior\BuildLiteBehavior [ RunTime:0.000026s ]
INFO: [ app_init ] --END-- [ RunTime:0.000712s ]
INFO: [ app_begin ] --START--
INFO: Run Behavior\ReadHtmlCacheBehavior [ RunTime:0.000865s ]
INFO: [ app_begin ] --END-- [ RunTime:0.000961s ]
NOTIC: [8] Use of undefined constant MIX - assumed 'MIX' E:\xampp\htdocs\thinkphp\ThinkPHP\Library\Think\Cache\Driver\File.class.php 第 104 行.
NOTIC: [8] Undefined index: limitLevel E:\xampp\htdocs\thinkphp\Application\Sample_Mjmz\Controller\JMessageController.class.php 第 184 行.

[ 2018-04-22T11:08:25+08:00 ] ::1 /thinkphp/Sample_Mjmz/JMessage/joinChartRoom?type=0&userName=wys30202&gender=%E7%94%B7&level=12&XDEBUG_SESSION_START=netbeans-xdebug
INFO: [ app_init ] --START--
INFO: Run Behavior\BuildLiteBehavior [ RunTime:0.000053s ]
INFO: [ app_init ] --END-- [ RunTime:0.001337s ]
INFO: [ app_begin ] --START--
INFO: Run Behavior\ReadHtmlCacheBehavior [ RunTime:0.001032s ]
INFO: [ app_begin ] --END-- [ RunTime:0.001151s ]
NOTIC: [8] Use of undefined constant MIX - assumed 'MIX' E:\xampp\htdocs\thinkphp\ThinkPHP\Library\Think\Cache\Driver\File.class.php 第 104 行.
NOTIC: [8] Undefined index: limitLevel E:\xampp\htdocs\thinkphp\Application\Sample_Mjmz\Controller\JMessageController.class.php 第 184 行.

[ 2018-04-22T11:11:16+08:00 ] ::1 /thinkphp/Sample_Mjmz/JMessage/joinChartRoom?type=0&userName=wys30202&gender=%E7%94%B7&level=12&XDEBUG_SESSION_START=netbeans-xdebug
INFO: [ app_init ] --START--
INFO: Run Behavior\BuildLiteBehavior [ RunTime:0.000033s ]
INFO: [ app_init ] --END-- [ RunTime:0.000914s ]
INFO: [ app_begin ] --START--
INFO: Run Behavior\ReadHtmlCacheBehavior [ RunTime:0.001318s ]
INFO: [ app_begin ] --END-- [ RunTime:0.001449s ]
NOTIC: [8] Use of undefined constant MIX - assumed 'MIX' E:\xampp\htdocs\thinkphp\ThinkPHP\Library\Think\Cache\Driver\File.class.php 第 104 行.
NOTIC: [8] Undefined index: limitLevel E:\xampp\htdocs\thinkphp\Application\Sample_Mjmz\Controller\JMessageController.class.php 第 184 行.

[ 2018-04-22T11:11:55+08:00 ] ::1 /thinkphp/Sample_Mjmz/JMessage/exitChartRoom?roomId=7930&index=1&XDEBUG_SESSION_START=netbeans-xdebug
INFO: [ app_init ] --START--
INFO: Run Behavior\BuildLiteBehavior [ RunTime:0.000058s ]
INFO: [ app_init ] --END-- [ RunTime:0.000877s ]
INFO: [ app_begin ] --START--
INFO: Run Behavior\ReadHtmlCacheBehavior [ RunTime:0.000959s ]
INFO: [ app_begin ] --END-- [ RunTime:0.001225s ]
NOTIC: [8] Use of undefined constant MIX - assumed 'MIX' E:\xampp\htdocs\thinkphp\ThinkPHP\Library\Think\Cache\Driver\File.class.php 第 104 行.
NOTIC: [8] Undefined index: chartRoom_7930 E:\xampp\htdocs\thinkphp\Application\Sample_Mjmz\Controller\JMessageController.class.php 第 229 行.
NOTIC: [8] Undefined index: chartRoom_7930 E:\xampp\htdocs\thinkphp\Application\Sample_Mjmz\Controller\JMessageController.class.php 第 231 行.
NOTIC: [8] Undefined index: type E:\xampp\htdocs\thinkphp\Application\Sample_Mjmz\Controller\BaseController.class.php 第 56 行.

[ 2018-04-22T11:13:18+08:00 ] ::1 /thinkphp/Sample_Mjmz/JMessage/getChartRoomMemeberList?roomId=10034742&type=0
INFO: [ app_init ] --START--
INFO: Run Behavior\BuildLiteBehavior [ RunTime:0.000056s ]
INFO: [ app_init ] --END-- [ RunTime:0.001042s ]
INFO: [ app_begin ] --START--
INFO: Run Behavior\ReadHtmlCacheBehavior [ RunTime:0.001180s ]
INFO: [ app_begin ] --END-- [ RunTime:0.001433s ]
NOTIC: [8] Use of undefined constant MIX - assumed 'MIX' E:\xampp\htdocs\thinkphp\ThinkPHP\Library\Think\Cache\Driver\File.class.php 第 104 行.
NOTIC: [2] key() expects parameter 1 to be array, null given E:\xampp\htdocs\thinkphp\Application\Sample_Mjmz\Controller\BaseController.class.php 第 38 行.

[ 2018-04-22T11:13:20+08:00 ] ::1 /thinkphp/Sample_Mjmz/JMessage/joinChartRoom?type=0&userName=wys30202&gender=%E7%94%B7&level=12&XDEBUG_SESSION_START=netbeans-xdebug
INFO: [ app_init ] --START--
INFO: Run Behavior\BuildLiteBehavior [ RunTime:0.000058s ]
INFO: [ app_init ] --END-- [ RunTime:0.000902s ]
INFO: [ app_begin ] --START--
INFO: Run Behavior\ReadHtmlCacheBehavior [ RunTime:0.001161s ]
INFO: [ app_begin ] --END-- [ RunTime:0.001401s ]
NOTIC: [8] Use of undefined constant MIX - assumed 'MIX' E:\xampp\htdocs\thinkphp\ThinkPHP\Library\Think\Cache\Driver\File.class.php 第 104 行.
NOTIC: [8] Undefined index: limitLevel E:\xampp\htdocs\thinkphp\Application\Sample_Mjmz\Controller\JMessageController.class.php 第 184 行.

[ 2018-04-22T11:15:37+08:00 ] ::1 /thinkphp/Sample_Mjmz/JMessage/exitChartRoom?roomId=10034742&index=2
INFO: [ app_init ] --START--
INFO: Run Behavior\BuildLiteBehavior [ RunTime:0.000056s ]
INFO: [ app_init ] --END-- [ RunTime:0.000944s ]
INFO: [ app_begin ] --START--
INFO: Run Behavior\ReadHtmlCacheBehavior [ RunTime:0.001204s ]
INFO: [ app_begin ] --END-- [ RunTime:0.001438s ]
NOTIC: [8] Use of undefined constant MIX - assumed 'MIX' E:\xampp\htdocs\thinkphp\ThinkPHP\Library\Think\Cache\Driver\File.class.php 第 104 行.
ERR: Argument 2 passed to JMessage\IM\ChatRoom::removeMembers() must be of the type array, string given, called in E:\xampp\htdocs\thinkphp\Application\Sample_Mjmz\Custom\Jchart\JMChartRoomHandler.class.php on line 126

[ 2018-04-22T11:16:36+08:00 ] ::1 /thinkphp/Sample_Mjmz/JMessage/exitChartRoom?roomId=10034742&index=2
INFO: [ app_init ] --START--
INFO: Run Behavior\BuildLiteBehavior [ RunTime:0.000075s ]
INFO: [ app_init ] --END-- [ RunTime:0.001207s ]
INFO: [ app_begin ] --START--
INFO: Run Behavior\ReadHtmlCacheBehavior [ RunTime:0.001119s ]
INFO: [ app_begin ] --END-- [ RunTime:0.001382s ]
NOTIC: [8] Use of undefined constant MIX - assumed 'MIX' E:\xampp\htdocs\thinkphp\ThinkPHP\Library\Think\Cache\Driver\File.class.php 第 104 行.
NOTIC: [8] Undefined index: type E:\xampp\htdocs\thinkphp\Application\Sample_Mjmz\Controller\BaseController.class.php 第 56 行.

[ 2018-04-22T11:16:57+08:00 ] ::1 /thinkphp/Sample_Mjmz/JMessage/getArrays
INFO: [ app_init ] --START--
INFO: Run Behavior\BuildLiteBehavior [ RunTime:0.000055s ]
INFO: [ app_init ] --END-- [ RunTime:0.000837s ]
INFO: [ app_begin ] --START--
INFO: Run Behavior\ReadHtmlCacheBehavior [ RunTime:0.000894s ]
INFO: [ app_begin ] --END-- [ RunTime:0.001116s ]
NOTIC: [8] Use of undefined constant MIX - assumed 'MIX' E:\xampp\htdocs\thinkphp\ThinkPHP\Library\Think\Cache\Driver\File.class.php 第 104 行.
NOTIC: [2] key() expects parameter 1 to be array, null given E:\xampp\htdocs\thinkphp\Application\Sample_Mjmz\Controller\BaseController.class.php 第 38 行.
NOTIC: [8] Undefined index: type E:\xampp\htdocs\thinkphp\Application\Sample_Mjmz\Controller\BaseController.class.php 第 56 行.

[ 2018-04-22T11:18:58+08:00 ] ::1 /thinkphp/Sample_Mjmz/JMessage/exitChartRoom?roomId=10034742&index=2
INFO: [ app_init ] --START--
INFO: Run Behavior\BuildLiteBehavior [ RunTime:0.000056s ]
INFO: [ app_init ] --END-- [ RunTime:0.000859s ]
INFO: [ app_begin ] --START--
INFO: Run Behavior\ReadHtmlCacheBehavior [ RunTime:0.000964s ]
INFO: [ app_begin ] --END-- [ RunTime:0.001222s ]
NOTIC: [8] Use of undefined constant MIX - assumed 'MIX' E:\xampp\htdocs\thinkphp\ThinkPHP\Library\Think\Cache\Driver\File.class.php 第 104 行.
NOTIC: [2] key() expects parameter 1 to be array, null given E:\xampp\htdocs\thinkphp\Application\Sample_Mjmz\Controller\BaseController.class.php 第 38 行.
NOTIC: [8] Undefined index: type E:\xampp\htdocs\thinkphp\Application\Sample_Mjmz\Controller\BaseController.class.php 第 56 行.

[ 2018-04-22T11:19:06+08:00 ] ::1 /thinkphp/Sample_Mjmz/JMessage/getChartRoomMemeberList?roomId=10034742&type=0
INFO: [ app_init ] --START--
INFO: Run Behavior\BuildLiteBehavior [ RunTime:0.000058s ]
INFO: [ app_init ] --END-- [ RunTime:0.000965s ]
INFO: [ app_begin ] --START--
INFO: Run Behavior\ReadHtmlCacheBehavior [ RunTime:0.001111s ]
INFO: [ app_begin ] --END-- [ RunTime:0.001336s ]
NOTIC: [8] Use of undefined constant MIX - assumed 'MIX' E:\xampp\htdocs\thinkphp\ThinkPHP\Library\Think\Cache\Driver\File.class.php 第 104 行.
NOTIC: [2] key() expects parameter 1 to be array, null given E:\xampp\htdocs\thinkphp\Application\Sample_Mjmz\Controller\BaseController.class.php 第 38 行.

[ 2018-04-22T11:19:13+08:00 ] ::1 /thinkphp/Sample_Mjmz/JMessage/joinChartRoom?type=0&userName=wys30202&gender=%E7%94%B7&level=12&XDEBUG_SESSION_START=netbeans-xdebug
INFO: [ app_init ] --START--
INFO: Run Behavior\BuildLiteBehavior [ RunTime:0.000054s ]
INFO: [ app_init ] --END-- [ RunTime:0.000828s ]
INFO: [ app_begin ] --START--
INFO: Run Behavior\ReadHtmlCacheBehavior [ RunTime:0.001117s ]
INFO: [ app_begin ] --END-- [ RunTime:0.001406s ]
NOTIC: [8] Use of undefined constant MIX - assumed 'MIX' E:\xampp\htdocs\thinkphp\ThinkPHP\Library\Think\Cache\Driver\File.class.php 第 104 行.
NOTIC: [8] Undefined index: limitLevel E:\xampp\htdocs\thinkphp\Application\Sample_Mjmz\Controller\JMessageController.class.php 第 184 行.
NOTIC: [2] key() expects parameter 1 to be array, null given E:\xampp\htdocs\thinkphp\Application\Sample_Mjmz\Controller\BaseController.class.php 第 38 行.

[ 2018-04-22T11:19:34+08:00 ] ::1 /thinkphp/Sample_Mjmz/JMessage/exitChartRoom?roomId=10034742&index=2
INFO: [ app_init ] --START--
INFO: Run Behavior\BuildLiteBehavior [ RunTime:0.000055s ]
INFO: [ app_init ] --END-- [ RunTime:0.000899s ]
INFO: [ app_begin ] --START--
INFO: Run Behavior\ReadHtmlCacheBehavior [ RunTime:0.001025s ]
INFO: [ app_begin ] --END-- [ RunTime:0.001252s ]
NOTIC: [8] Use of undefined constant MIX - assumed 'MIX' E:\xampp\htdocs\thinkphp\ThinkPHP\Library\Think\Cache\Driver\File.class.php 第 104 行.
NOTIC: [8] Undefined variable: roomId E:\xampp\htdocs\thinkphp\Application\Sample_Mjmz\Custom\Jchart\JMChartRoomHandler.class.php 第 125 行.
NOTIC: [8] Undefined variable: userInfo E:\xampp\htdocs\thinkphp\Application\Sample_Mjmz\Custom\Jchart\JMChartRoomHandler.class.php 第 125 行.
NOTIC: [2] key() expects parameter 1 to be array, null given E:\xampp\htdocs\thinkphp\Application\Sample_Mjmz\Controller\BaseController.class.php 第 38 行.
NOTIC: [8] Undefined index: type E:\xampp\htdocs\thinkphp\Application\Sample_Mjmz\Controller\BaseController.class.php 第 56 行.

[ 2018-04-22T11:20:52+08:00 ] ::1 /thinkphp/Sample_Mjmz/JMessage/getChartRoomMemeberList?roomId=10034742&type=0
INFO: [ app_init ] --START--
INFO: Run Behavior\BuildLiteBehavior [ RunTime:0.000067s ]
INFO: [ app_init ] --END-- [ RunTime:0.001254s ]
INFO: [ app_begin ] --START--
INFO: Run Behavior\ReadHtmlCacheBehavior [ RunTime:0.001121s ]
INFO: [ app_begin ] --END-- [ RunTime:0.001377s ]
NOTIC: [8] Use of undefined constant MIX - assumed 'MIX' E:\xampp\htdocs\thinkphp\ThinkPHP\Library\Think\Cache\Driver\File.class.php 第 104 行.
NOTIC: [2] key() expects parameter 1 to be array, null given E:\xampp\htdocs\thinkphp\Application\Sample_Mjmz\Controller\BaseController.class.php 第 38 行.

[ 2018-04-22T11:21:01+08:00 ] ::1 /thinkphp/Sample_Mjmz/JMessage/joinChartRoom?type=0&userName=wys30202&gender=%E7%94%B7&level=12&XDEBUG_SESSION_START=netbeans-xdebug
INFO: [ app_init ] --START--
INFO: Run Behavior\BuildLiteBehavior [ RunTime:0.000092s ]
INFO: [ app_init ] --END-- [ RunTime:0.000871s ]
INFO: [ app_begin ] --START--
INFO: Run Behavior\ReadHtmlCacheBehavior [ RunTime:0.000893s ]
INFO: [ app_begin ] --END-- [ RunTime:0.001121s ]
NOTIC: [8] Use of undefined constant MIX - assumed 'MIX' E:\xampp\htdocs\thinkphp\ThinkPHP\Library\Think\Cache\Driver\File.class.php 第 104 行.
NOTIC: [8] Undefined index: limitLevel E:\xampp\htdocs\thinkphp\Application\Sample_Mjmz\Controller\JMessageController.class.php 第 184 行.

[ 2018-04-22T11:22:04+08:00 ] ::1 /thinkphp/Sample_Mjmz/JMessage/exitChartRoom?roomId=10034742&index=2
INFO: [ app_init ] --START--
INFO: Run Behavior\BuildLiteBehavior [ RunTime:0.000057s ]
INFO: [ app_init ] --END-- [ RunTime:0.000927s ]
INFO: [ app_begin ] --START--
INFO: Run Behavior\ReadHtmlCacheBehavior [ RunTime:0.001011s ]
INFO: [ app_begin ] --END-- [ RunTime:0.001235s ]
NOTIC: [8] Use of undefined constant MIX - assumed 'MIX' E:\xampp\htdocs\thinkphp\ThinkPHP\Library\Think\Cache\Driver\File.class.php 第 104 行.
NOTIC: [2] key() expects parameter 1 to be array, null given E:\xampp\htdocs\thinkphp\Application\Sample_Mjmz\Controller\BaseController.class.php 第 38 行.
NOTIC: [8] Undefined index: type E:\xampp\htdocs\thinkphp\Application\Sample_Mjmz\Controller\BaseController.class.php 第 56 行.

[ 2018-04-22T11:22:17+08:00 ] ::1 /thinkphp/Sample_Mjmz/JMessage/getChartRoomMemeberList?roomId=10034742&type=0
INFO: [ app_init ] --START--
INFO: Run Behavior\BuildLiteBehavior [ RunTime:0.000055s ]
INFO: [ app_init ] --END-- [ RunTime:0.000933s ]
INFO: [ app_begin ] --START--
INFO: Run Behavior\ReadHtmlCacheBehavior [ RunTime:0.001272s ]
INFO: [ app_begin ] --END-- [ RunTime:0.001561s ]
NOTIC: [8] Use of undefined constant MIX - assumed 'MIX' E:\xampp\htdocs\thinkphp\ThinkPHP\Library\Think\Cache\Driver\File.class.php 第 104 行.
NOTIC: [2] key() expects parameter 1 to be array, null given E:\xampp\htdocs\thinkphp\Application\Sample_Mjmz\Controller\BaseController.class.php 第 38 行.

[ 2018-04-22T11:22:25+08:00 ] ::1 /thinkphp/Sample_Mjmz/JMessage/joinChartRoom?type=0&userName=wys30202&gender=%E7%94%B7&level=12&XDEBUG_SESSION_START=netbeans-xdebug
INFO: [ app_init ] --START--
INFO: Run Behavior\BuildLiteBehavior [ RunTime:0.000093s ]
INFO: [ app_init ] --END-- [ RunTime:0.001137s ]
INFO: [ app_begin ] --START--
INFO: Run Behavior\ReadHtmlCacheBehavior [ RunTime:0.001126s ]
INFO: [ app_begin ] --END-- [ RunTime:0.001470s ]
NOTIC: [8] Use of undefined constant MIX - assumed 'MIX' E:\xampp\htdocs\thinkphp\ThinkPHP\Library\Think\Cache\Driver\File.class.php 第 104 行.
NOTIC: [8] Undefined index: limitLevel E:\xampp\htdocs\thinkphp\Application\Sample_Mjmz\Controller\JMessageController.class.php 第 184 行.
NOTIC: [2] key() expects parameter 1 to be array, null given E:\xampp\htdocs\thinkphp\Application\Sample_Mjmz\Controller\BaseController.class.php 第 38 行.

[ 2018-04-22T11:22:36+08:00 ] ::1 /thinkphp/Sample_Mjmz/JMessage/getChartRoomMemeberList?roomId=10034742&type=0
INFO: [ app_init ] --START--
INFO: Run Behavior\BuildLiteBehavior [ RunTime:0.000062s ]
INFO: [ app_init ] --END-- [ RunTime:0.001091s ]
INFO: [ app_begin ] --START--
INFO: Run Behavior\ReadHtmlCacheBehavior [ RunTime:0.001078s ]
INFO: [ app_begin ] --END-- [ RunTime:0.001416s ]
NOTIC: [8] Use of undefined constant MIX - assumed 'MIX' E:\xampp\htdocs\thinkphp\ThinkPHP\Library\Think\Cache\Driver\File.class.php 第 104 行.
NOTIC: [2] key() expects parameter 1 to be array, null given E:\xampp\htdocs\thinkphp\Application\Sample_Mjmz\Controller\BaseController.class.php 第 38 行.

[ 2018-04-22T11:23:23+08:00 ] ::1 /thinkphp/Sample_Mjmz/JMessage/getChartRoomMemeberList?roomId=10034742&type=0
INFO: [ app_init ] --START--
INFO: Run Behavior\BuildLiteBehavior [ RunTime:0.000068s ]
INFO: [ app_init ] --END-- [ RunTime:0.001121s ]
INFO: [ app_begin ] --START--
INFO: Run Behavior\ReadHtmlCacheBehavior [ RunTime:0.001148s ]
INFO: [ app_begin ] --END-- [ RunTime:0.001409s ]
NOTIC: [8] Use of undefined constant MIX - assumed 'MIX' E:\xampp\htdocs\thinkphp\ThinkPHP\Library\Think\Cache\Driver\File.class.php 第 104 行.
NOTIC: [2] key() expects parameter 1 to be array, null given E:\xampp\htdocs\thinkphp\Application\Sample_Mjmz\Controller\BaseController.class.php 第 38 行.

[ 2018-04-22T11:24:34+08:00 ] ::1 /thinkphp/Sample_Mjmz/JMessage/exitChartRoom?roomId=10034742&index=2
INFO: [ app_init ] --START--
INFO: Run Behavior\BuildLiteBehavior [ RunTime:0.000060s ]
INFO: [ app_init ] --END-- [ RunTime:0.000911s ]
INFO: [ app_begin ] --START--
INFO: Run Behavior\ReadHtmlCacheBehavior [ RunTime:0.000929s ]
INFO: [ app_begin ] --END-- [ RunTime:0.001185s ]
NOTIC: [8] Use of undefined constant MIX - assumed 'MIX' E:\xampp\htdocs\thinkphp\ThinkPHP\Library\Think\Cache\Driver\File.class.php 第 104 行.
NOTIC: [2] key() expects parameter 1 to be array, null given E:\xampp\htdocs\thinkphp\Application\Sample_Mjmz\Controller\BaseController.class.php 第 38 行.
NOTIC: [8] Undefined index: type E:\xampp\htdocs\thinkphp\Application\Sample_Mjmz\Controller\BaseController.class.php 第 56 行.

[ 2018-04-22T11:24:47+08:00 ] ::1 /thinkphp/Sample_Mjmz/JMessage/getChartRoomMemeberList?roomId=10034742&type=0
INFO: [ app_init ] --START--
INFO: Run Behavior\BuildLiteBehavior [ RunTime:0.000062s ]
INFO: [ app_init ] --END-- [ RunTime:0.000898s ]
INFO: [ app_begin ] --START--
INFO: Run Behavior\ReadHtmlCacheBehavior [ RunTime:0.001242s ]
INFO: [ app_begin ] --END-- [ RunTime:0.001512s ]
NOTIC: [8] Use of undefined constant MIX - assumed 'MIX' E:\xampp\htdocs\thinkphp\ThinkPHP\Library\Think\Cache\Driver\File.class.php 第 104 行.
NOTIC: [2] key() expects parameter 1 to be array, null given E:\xampp\htdocs\thinkphp\Application\Sample_Mjmz\Controller\BaseController.class.php 第 38 行.

[ 2018-04-22T11:25:11+08:00 ] ::1 /thinkphp/Sample_Mjmz/JMessage/joinChartRoom?type=0&userName=wys30202&gender=%E7%94%B7&level=12&XDEBUG_SESSION_START=netbeans-xdebug
INFO: [ app_init ] --START--
INFO: Run Behavior\BuildLiteBehavior [ RunTime:0.000063s ]
INFO: [ app_init ] --END-- [ RunTime:0.000880s ]
INFO: [ app_begin ] --START--
INFO: Run Behavior\ReadHtmlCacheBehavior [ RunTime:0.001086s ]
INFO: [ app_begin ] --END-- [ RunTime:0.001345s ]
NOTIC: [8] Use of undefined constant MIX - assumed 'MIX' E:\xampp\htdocs\thinkphp\ThinkPHP\Library\Think\Cache\Driver\File.class.php 第 104 行.
NOTIC: [8] Undefined index: limitLevel E:\xampp\htdocs\thinkphp\Application\Sample_Mjmz\Controller\JMessageController.class.php 第 184 行.
NOTIC: [2] key() expects parameter 1 to be array, null given E:\xampp\htdocs\thinkphp\Application\Sample_Mjmz\Controller\BaseController.class.php 第 38 行.

[ 2018-04-22T11:25:19+08:00 ] ::1 /thinkphp/Sample_Mjmz/JMessage/getChartRoomMemeberList?roomId=10034742&type=0
INFO: [ app_init ] --START--
INFO: Run Behavior\BuildLiteBehavior [ RunTime:0.000056s ]
INFO: [ app_init ] --END-- [ RunTime:0.000900s ]
INFO: [ app_begin ] --START--
INFO: Run Behavior\ReadHtmlCacheBehavior [ RunTime:0.000999s ]
INFO: [ app_begin ] --END-- [ RunTime:0.001225s ]
NOTIC: [8] Use of undefined constant MIX - assumed 'MIX' E:\xampp\htdocs\thinkphp\ThinkPHP\Library\Think\Cache\Driver\File.class.php 第 104 行.
NOTIC: [2] key() expects parameter 1 to be array, null given E:\xampp\htdocs\thinkphp\Application\Sample_Mjmz\Controller\BaseController.class.php 第 38 行.

[ 2018-04-22T11:26:26+08:00 ] ::1 /thinkphp/Sample_Mjmz/JMessage/exitChartRoom?roomId=10034742&index=2
INFO: [ app_init ] --START--
INFO: Run Behavior\BuildLiteBehavior [ RunTime:0.000061s ]
INFO: [ app_init ] --END-- [ RunTime:0.000882s ]
INFO: [ app_begin ] --START--
INFO: Run Behavior\ReadHtmlCacheBehavior [ RunTime:0.001027s ]
INFO: [ app_begin ] --END-- [ RunTime:0.001368s ]
NOTIC: [8] Use of undefined constant MIX - assumed 'MIX' E:\xampp\htdocs\thinkphp\ThinkPHP\Library\Think\Cache\Driver\File.class.php 第 104 行.
NOTIC: [8] Undefined variable: roomId E:\xampp\htdocs\thinkphp\Application\Sample_Mjmz\Custom\Jchart\JMChartRoomHandler.class.php 第 125 行.
NOTIC: [8] Undefined variable: userInfo E:\xampp\htdocs\thinkphp\Application\Sample_Mjmz\Custom\Jchart\JMChartRoomHandler.class.php 第 125 行.
NOTIC: [2] key() expects parameter 1 to be array, null given E:\xampp\htdocs\thinkphp\Application\Sample_Mjmz\Controller\BaseController.class.php 第 38 行.
NOTIC: [8] Undefined index: type E:\xampp\htdocs\thinkphp\Application\Sample_Mjmz\Controller\BaseController.class.php 第 56 行.

[ 2018-04-22T11:26:33+08:00 ] ::1 /thinkphp/Sample_Mjmz/JMessage/getChartRoomMemeberList?roomId=10034742&type=0
INFO: [ app_init ] --START--
INFO: Run Behavior\BuildLiteBehavior [ RunTime:0.000194s ]
INFO: [ app_init ] --END-- [ RunTime:0.001932s ]
INFO: [ app_begin ] --START--
INFO: Run Behavior\ReadHtmlCacheBehavior [ RunTime:0.001027s ]
INFO: [ app_begin ] --END-- [ RunTime:0.001364s ]
NOTIC: [8] Use of undefined constant MIX - assumed 'MIX' E:\xampp\htdocs\thinkphp\ThinkPHP\Library\Think\Cache\Driver\File.class.php 第 104 行.
NOTIC: [2] key() expects parameter 1 to be array, null given E:\xampp\htdocs\thinkphp\Application\Sample_Mjmz\Controller\BaseController.class.php 第 38 行.

[ 2018-04-22T11:26:42+08:00 ] ::1 /thinkphp/Sample_Mjmz/JMessage/joinChartRoom?type=0&userName=wys30202&gender=%E7%94%B7&level=12&XDEBUG_SESSION_START=netbeans-xdebug
INFO: [ app_init ] --START--
INFO: Run Behavior\BuildLiteBehavior [ RunTime:0.000054s ]
INFO: [ app_init ] --END-- [ RunTime:0.000831s ]
INFO: [ app_begin ] --START--
INFO: Run Behavior\ReadHtmlCacheBehavior [ RunTime:0.000914s ]
INFO: [ app_begin ] --END-- [ RunTime:0.001139s ]
NOTIC: [8] Use of undefined constant MIX - assumed 'MIX' E:\xampp\htdocs\thinkphp\ThinkPHP\Library\Think\Cache\Driver\File.class.php 第 104 行.
NOTIC: [8] Undefined index: limitLevel E:\xampp\htdocs\thinkphp\Application\Sample_Mjmz\Controller\JMessageController.class.php 第 184 行.

[ 2018-04-22T11:26:50+08:00 ] ::1 /thinkphp/Sample_Mjmz/JMessage/getChartRoomMemeberList?roomId=10034742&type=0
INFO: [ app_init ] --START--
INFO: Run Behavior\BuildLiteBehavior [ RunTime:0.000055s ]
INFO: [ app_init ] --END-- [ RunTime:0.000861s ]
INFO: [ app_begin ] --START--
INFO: Run Behavior\ReadHtmlCacheBehavior [ RunTime:0.000935s ]
INFO: [ app_begin ] --END-- [ RunTime:0.001173s ]
NOTIC: [8] Use of undefined constant MIX - assumed 'MIX' E:\xampp\htdocs\thinkphp\ThinkPHP\Library\Think\Cache\Driver\File.class.php 第 104 行.
NOTIC: [2] key() expects parameter 1 to be array, null given E:\xampp\htdocs\thinkphp\Application\Sample_Mjmz\Controller\BaseController.class.php 第 38 行.

[ 2018-04-22T11:28:22+08:00 ] ::1 /thinkphp/Sample_Mjmz/JMessage/exitChartRoom?roomId=10034742&index=2
INFO: [ app_init ] --START--
INFO: Run Behavior\BuildLiteBehavior [ RunTime:0.000065s ]
INFO: [ app_init ] --END-- [ RunTime:0.001063s ]
INFO: [ app_begin ] --START--
INFO: Run Behavior\ReadHtmlCacheBehavior [ RunTime:0.001073s ]
INFO: [ app_begin ] --END-- [ RunTime:0.001312s ]
NOTIC: [8] Use of undefined constant MIX - assumed 'MIX' E:\xampp\htdocs\thinkphp\ThinkPHP\Library\Think\Cache\Driver\File.class.php 第 104 行.
NOTIC: [2] key() expects parameter 1 to be array, null given E:\xampp\htdocs\thinkphp\Application\Sample_Mjmz\Controller\BaseController.class.php 第 38 行.
NOTIC: [8] Undefined index: type E:\xampp\htdocs\thinkphp\Application\Sample_Mjmz\Controller\BaseController.class.php 第 56 行.

[ 2018-04-22T11:28:42+08:00 ] ::1 /thinkphp/Sample_Mjmz/JMessage/joinChartRoom?type=0&userName=wys30202&gender=%E7%94%B7&level=12&XDEBUG_SESSION_START=netbeans-xdebug
INFO: [ app_init ] --START--
INFO: Run Behavior\BuildLiteBehavior [ RunTime:0.000067s ]
INFO: [ app_init ] --END-- [ RunTime:0.001047s ]
INFO: [ app_begin ] --START--
INFO: Run Behavior\ReadHtmlCacheBehavior [ RunTime:0.001173s ]
INFO: [ app_begin ] --END-- [ RunTime:0.001436s ]
NOTIC: [8] Use of undefined constant MIX - assumed 'MIX' E:\xampp\htdocs\thinkphp\ThinkPHP\Library\Think\Cache\Driver\File.class.php 第 104 行.
NOTIC: [8] Undefined index: limitLevel E:\xampp\htdocs\thinkphp\Application\Sample_Mjmz\Controller\JMessageController.class.php 第 184 行.
NOTIC: [2] key() expects parameter 1 to be array, null given E:\xampp\htdocs\thinkphp\Application\Sample_Mjmz\Controller\BaseController.class.php 第 38 行.

[ 2018-04-22T11:54:54+08:00 ] ::1 /thinkphp/Sample_Mjmz/JMessage/getChartRoomMemeberList?roomId=10034742&type=0
INFO: [ app_init ] --START--
INFO: Run Behavior\BuildLiteBehavior [ RunTime:0.000026s ]
INFO: [ app_init ] --END-- [ RunTime:0.000870s ]
INFO: [ app_begin ] --START--
INFO: Run Behavior\ReadHtmlCacheBehavior [ RunTime:0.000972s ]
INFO: [ app_begin ] --END-- [ RunTime:0.001068s ]
NOTIC: [8] Use of undefined constant MIX - assumed 'MIX' E:\xampp\htdocs\thinkphp\ThinkPHP\Library\Think\Cache\Driver\File.class.php 第 104 行.
NOTIC: [2] key() expects parameter 1 to be array, null given E:\xampp\htdocs\thinkphp\Application\Sample_Mjmz\Controller\BaseController.class.php 第 38 行.

[ 2018-04-22T11:55:02+08:00 ] ::1 /thinkphp/Sample_Mjmz/JMessage/exitChartRoom?roomId=10034742&index=2
INFO: [ app_init ] --START--
INFO: Run Behavior\BuildLiteBehavior [ RunTime:0.000025s ]
INFO: [ app_init ] --END-- [ RunTime:0.000680s ]
INFO: [ app_begin ] --START--
INFO: Run Behavior\ReadHtmlCacheBehavior [ RunTime:0.000916s ]
INFO: [ app_begin ] --END-- [ RunTime:0.001009s ]
NOTIC: [8] Use of undefined constant MIX - assumed 'MIX' E:\xampp\htdocs\thinkphp\ThinkPHP\Library\Think\Cache\Driver\File.class.php 第 104 行.
NOTIC: [8] Undefined index: userName E:\xampp\htdocs\thinkphp\Application\Sample_Mjmz\Controller\JMessageController.class.php 第 238 行.
NOTIC: [8] Undefined index: gender E:\xampp\htdocs\thinkphp\Application\Sample_Mjmz\Controller\JMessageController.class.php 第 239 行.
NOTIC: [8] Undefined index: level E:\xampp\htdocs\thinkphp\Application\Sample_Mjmz\Controller\JMessageController.class.php 第 240 行.
NOTIC: [8] Undefined index: type E:\xampp\htdocs\thinkphp\Application\Sample_Mjmz\Controller\BaseController.class.php 第 56 行.

[ 2018-04-22T11:55:38+08:00 ] ::1 /thinkphp/Sample_Mjmz/JMessage/exitChartRoom?roomId=10034742&index=2&userName=wys30202&gender=%E7%94%B7&level=12
INFO: [ app_init ] --START--
INFO: Run Behavior\BuildLiteBehavior [ RunTime:0.000025s ]
INFO: [ app_init ] --END-- [ RunTime:0.000783s ]
INFO: [ app_begin ] --START--
INFO: Run Behavior\ReadHtmlCacheBehavior [ RunTime:0.000874s ]
INFO: [ app_begin ] --END-- [ RunTime:0.001055s ]
NOTIC: [8] Use of undefined constant MIX - assumed 'MIX' E:\xampp\htdocs\thinkphp\ThinkPHP\Library\Think\Cache\Driver\File.class.php 第 104 行.
NOTIC: [8] Undefined index: type E:\xampp\htdocs\thinkphp\Application\Sample_Mjmz\Controller\BaseController.class.php 第 56 行.

[ 2018-04-22T12:06:07+08:00 ] ::1 /thinkphp/Sample_Mjmz/JMessage/getChartRoomMemeberList?roomId=10034742&type=0
INFO: [ app_init ] --START--
INFO: Run Behavior\BuildLiteBehavior [ RunTime:0.000033s ]
INFO: [ app_init ] --END-- [ RunTime:0.000962s ]
INFO: [ app_begin ] --START--
INFO: Run Behavior\ReadHtmlCacheBehavior [ RunTime:0.001359s ]
INFO: [ app_begin ] --END-- [ RunTime:0.001500s ]
NOTIC: [8] Use of undefined constant MIX - assumed 'MIX' E:\xampp\htdocs\thinkphp\ThinkPHP\Library\Think\Cache\Driver\File.class.php 第 104 行.
NOTIC: [2] key() expects parameter 1 to be array, null given E:\xampp\htdocs\thinkphp\Application\Sample_Mjmz\Controller\BaseController.class.php 第 38 行.

[ 2018-04-22T12:08:17+08:00 ] ::1 /thinkphp/Sample_Mjmz/JMessage/getChartRoomMemeberList?roomId=10034742&type=0
INFO: [ app_init ] --START--
INFO: Run Behavior\BuildLiteBehavior [ RunTime:0.000026s ]
INFO: [ app_init ] --END-- [ RunTime:0.000717s ]
INFO: [ app_begin ] --START--
INFO: Run Behavior\ReadHtmlCacheBehavior [ RunTime:0.000953s ]
INFO: [ app_begin ] --END-- [ RunTime:0.001048s ]
NOTIC: [8] Use of undefined constant MIX - assumed 'MIX' E:\xampp\htdocs\thinkphp\ThinkPHP\Library\Think\Cache\Driver\File.class.php 第 104 行.
NOTIC: [2] key() expects parameter 1 to be array, null given E:\xampp\htdocs\thinkphp\Application\Sample_Mjmz\Controller\BaseController.class.php 第 38 行.

[ 2018-04-22T12:08:22+08:00 ] ::1 /thinkphp/Sample_Mjmz/JMessage/joinChartRoom?type=0&userName=wys30202&gender=%E7%94%B7&level=12&XDEBUG_SESSION_START=netbeans-xdebug
INFO: [ app_init ] --START--
INFO: Run Behavior\BuildLiteBehavior [ RunTime:0.000052s ]
INFO: [ app_init ] --END-- [ RunTime:0.001368s ]
INFO: [ app_begin ] --START--
INFO: Run Behavior\ReadHtmlCacheBehavior [ RunTime:0.002284s ]
INFO: [ app_begin ] --END-- [ RunTime:0.002639s ]
NOTIC: [8] Use of undefined constant MIX - assumed 'MIX' E:\xampp\htdocs\thinkphp\ThinkPHP\Library\Think\Cache\Driver\File.class.php 第 104 行.
NOTIC: [8] Undefined index: limitLevel E:\xampp\htdocs\thinkphp\Application\Sample_Mjmz\Controller\JMessageController.class.php 第 192 行.

[ 2018-04-22T12:08:37+08:00 ] ::1 /thinkphp/Sample_Mjmz/JMessage/exitChartRoom?roomId=10034742&index=2&userName=wys30202
INFO: [ app_init ] --START--
INFO: Run Behavior\BuildLiteBehavior [ RunTime:0.000026s ]
INFO: [ app_init ] --END-- [ RunTime:0.000824s ]
INFO: [ app_begin ] --START--
INFO: Run Behavior\ReadHtmlCacheBehavior [ RunTime:0.001048s ]
INFO: [ app_begin ] --END-- [ RunTime:0.001149s ]
NOTIC: [8] Use of undefined constant MIX - assumed 'MIX' E:\xampp\htdocs\thinkphp\ThinkPHP\Library\Think\Cache\Driver\File.class.php 第 104 行.
NOTIC: [8] Undefined index: type E:\xampp\htdocs\thinkphp\Application\Sample_Mjmz\Controller\BaseController.class.php 第 56 行.

[ 2018-04-22T12:09:23+08:00 ] ::1 /thinkphp/Sample_Mjmz/JMessage/exitChartRoom?roomId=10034742&index=2&userName=wys30202
INFO: [ app_init ] --START--
INFO: Run Behavior\BuildLiteBehavior [ RunTime:0.000033s ]
INFO: [ app_init ] --END-- [ RunTime:0.000785s ]
INFO: [ app_begin ] --START--
INFO: Run Behavior\ReadHtmlCacheBehavior [ RunTime:0.001217s ]
INFO: [ app_begin ] --END-- [ RunTime:0.001361s ]
NOTIC: [8] Use of undefined constant MIX - assumed 'MIX' E:\xampp\htdocs\thinkphp\ThinkPHP\Library\Think\Cache\Driver\File.class.php 第 104 行.
NOTIC: [2] key() expects parameter 1 to be array, null given E:\xampp\htdocs\thinkphp\Application\Sample_Mjmz\Controller\BaseController.class.php 第 38 行.
NOTIC: [8] Undefined index: type E:\xampp\htdocs\thinkphp\Application\Sample_Mjmz\Controller\BaseController.class.php 第 56 行.

[ 2018-04-22T12:09:27+08:00 ] ::1 /thinkphp/Sample_Mjmz/JMessage/getChartRoomMemeberList?roomId=10034742&type=0
INFO: [ app_init ] --START--
INFO: Run Behavior\BuildLiteBehavior [ RunTime:0.000056s ]
INFO: [ app_init ] --END-- [ RunTime:0.001681s ]
INFO: [ app_begin ] --START--
INFO: Run Behavior\ReadHtmlCacheBehavior [ RunTime:0.001018s ]
INFO: [ app_begin ] --END-- [ RunTime:0.001146s ]
NOTIC: [8] Use of undefined constant MIX - assumed 'MIX' E:\xampp\htdocs\thinkphp\ThinkPHP\Library\Think\Cache\Driver\File.class.php 第 104 行.
NOTIC: [2] key() expects parameter 1 to be array, null given E:\xampp\htdocs\thinkphp\Application\Sample_Mjmz\Controller\BaseController.class.php 第 38 行.

[ 2018-04-22T12:09:31+08:00 ] ::1 /thinkphp/Sample_Mjmz/JMessage/joinChartRoom?type=0&userName=wys30202&gender=%E7%94%B7&level=12&XDEBUG_SESSION_START=netbeans-xdebug
INFO: [ app_init ] --START--
INFO: Run Behavior\BuildLiteBehavior [ RunTime:0.000028s ]
INFO: [ app_init ] --END-- [ RunTime:0.000796s ]
INFO: [ app_begin ] --START--
INFO: Run Behavior\ReadHtmlCacheBehavior [ RunTime:0.000960s ]
INFO: [ app_begin ] --END-- [ RunTime:0.001064s ]
NOTIC: [8] Use of undefined constant MIX - assumed 'MIX' E:\xampp\htdocs\thinkphp\ThinkPHP\Library\Think\Cache\Driver\File.class.php 第 104 行.
NOTIC: [8] Undefined index: limitLevel E:\xampp\htdocs\thinkphp\Application\Sample_Mjmz\Controller\JMessageController.class.php 第 192 行.
NOTIC: [2] key() expects parameter 1 to be array, null given E:\xampp\htdocs\thinkphp\Application\Sample_Mjmz\Controller\BaseController.class.php 第 38 行.

[ 2018-04-22T12:09:37+08:00 ] ::1 /thinkphp/Sample_Mjmz/JMessage/getChartRoomMemeberList?roomId=10034742&type=0
INFO: [ app_init ] --START--
INFO: Run Behavior\BuildLiteBehavior [ RunTime:0.000025s ]
INFO: [ app_init ] --END-- [ RunTime:0.000701s ]
INFO: [ app_begin ] --START--
INFO: Run Behavior\ReadHtmlCacheBehavior [ RunTime:0.000889s ]
INFO: [ app_begin ] --END-- [ RunTime:0.000984s ]
NOTIC: [8] Use of undefined constant MIX - assumed 'MIX' E:\xampp\htdocs\thinkphp\ThinkPHP\Library\Think\Cache\Driver\File.class.php 第 104 行.
NOTIC: [2] key() expects parameter 1 to be array, null given E:\xampp\htdocs\thinkphp\Application\Sample_Mjmz\Controller\BaseController.class.php 第 38 行.

[ 2018-04-22T12:09:57+08:00 ] ::1 /thinkphp/Sample_Mjmz/JMessage/exitChartRoom?roomId=10034742&index=2&userName=wys30202
INFO: [ app_init ] --START--
INFO: Run Behavior\BuildLiteBehavior [ RunTime:0.000028s ]
INFO: [ app_init ] --END-- [ RunTime:0.000768s ]
INFO: [ app_begin ] --START--
INFO: Run Behavior\ReadHtmlCacheBehavior [ RunTime:0.000936s ]
INFO: [ app_begin ] --END-- [ RunTime:0.001040s ]
NOTIC: [8] Use of undefined constant MIX - assumed 'MIX' E:\xampp\htdocs\thinkphp\ThinkPHP\Library\Think\Cache\Driver\File.class.php 第 104 行.
NOTIC: [2] key() expects parameter 1 to be array, null given E:\xampp\htdocs\thinkphp\Application\Sample_Mjmz\Controller\BaseController.class.php 第 38 行.
NOTIC: [8] Undefined index: type E:\xampp\htdocs\thinkphp\Application\Sample_Mjmz\Controller\BaseController.class.php 第 56 行.

[ 2018-04-22T12:10:00+08:00 ] ::1 /thinkphp/Sample_Mjmz/JMessage/getChartRoomMemeberList?roomId=10034742&type=0
INFO: [ app_init ] --START--
INFO: Run Behavior\BuildLiteBehavior [ RunTime:0.000029s ]
INFO: [ app_init ] --END-- [ RunTime:0.000847s ]
INFO: [ app_begin ] --START--
INFO: Run Behavior\ReadHtmlCacheBehavior [ RunTime:0.001053s ]
INFO: [ app_begin ] --END-- [ RunTime:0.001214s ]
NOTIC: [8] Use of undefined constant MIX - assumed 'MIX' E:\xampp\htdocs\thinkphp\ThinkPHP\Library\Think\Cache\Driver\File.class.php 第 104 行.
NOTIC: [2] key() expects parameter 1 to be array, null given E:\xampp\htdocs\thinkphp\Application\Sample_Mjmz\Controller\BaseController.class.php 第 38 行.

[ 2018-04-22T12:25:43+08:00 ] ::1 /thinkphp/Sample_Mjmz/JMessage/exitChartRoom?roomId=10034742&index=2&userName=wys30202
INFO: [ app_init ] --START--
INFO: Run Behavior\BuildLiteBehavior [ RunTime:0.000029s ]
INFO: [ app_init ] --END-- [ RunTime:0.000882s ]
INFO: [ app_begin ] --START--
INFO: Run Behavior\ReadHtmlCacheBehavior [ RunTime:0.001155s ]
INFO: [ app_begin ] --END-- [ RunTime:0.001271s ]
NOTIC: [8] Use of undefined constant MIX - assumed 'MIX' E:\xampp\htdocs\thinkphp\ThinkPHP\Library\Think\Cache\Driver\File.class.php 第 104 行.
NOTIC: [8] Undefined index: type E:\xampp\htdocs\thinkphp\Application\Sample_Mjmz\Controller\BaseController.class.php 第 56 行.

