[ 2018-05-16T22:40:18+08:00 ] 192.168.1.103 /thinkphp/Sample_Mjmz/JMessage/getChartRoomMemeberList?roomId=12536521
INFO: [ app_init ] --START--
INFO: Run Behavior\BuildLiteBehavior [ RunTime:0.000051s ]
INFO: [ app_init ] --END-- [ RunTime:0.019972s ]
INFO: [ app_begin ] --START--
INFO: Run Behavior\ReadHtmlCacheBehavior [ RunTime:0.012462s ]
INFO: [ app_begin ] --END-- [ RunTime:0.012649s ]
NOTIC: [8] Undefined index: chartRoom_12536521 E:\xampp\htdocs\thinkphp\Application\Sample_Mjmz\Controller\JMessageController.class.php 第 334 行.
NOTIC: [8] Undefined index: type E:\xampp\htdocs\thinkphp\Application\Sample_Mjmz\Controller\BaseController.class.php 第 57 行.

[ 2018-05-16T22:42:03+08:00 ] 192.168.1.103 /thinkphp/Sample_Mjmz/JMessage/getChartRoomMemeberList?roomId=12536521
INFO: [ app_init ] --START--
INFO: Run Behavior\BuildLiteBehavior [ RunTime:0.000038s ]
INFO: [ app_init ] --END-- [ RunTime:0.000819s ]
INFO: [ app_begin ] --START--
INFO: Run Behavior\ReadHtmlCacheBehavior [ RunTime:0.001091s ]
INFO: [ app_begin ] --END-- [ RunTime:0.001263s ]
NOTIC: [8] Undefined index: chartRoom_12536521 E:\xampp\htdocs\thinkphp\Application\Sample_Mjmz\Controller\JMessageController.class.php 第 334 行.
NOTIC: [8] Undefined index: type E:\xampp\htdocs\thinkphp\Application\Sample_Mjmz\Controller\BaseController.class.php 第 57 行.

[ 2018-05-16T22:52:04+08:00 ] 192.168.1.103 /thinkphp/Sample_Mjmz/JMessage/getChartRoomMemeberList?roomId=12536521
INFO: [ app_init ] --START--
INFO: Run Behavior\BuildLiteBehavior [ RunTime:0.000098s ]
INFO: [ app_init ] --END-- [ RunTime:0.001062s ]
INFO: [ app_begin ] --START--
INFO: Run Behavior\ReadHtmlCacheBehavior [ RunTime:0.004996s ]
INFO: [ app_begin ] --END-- [ RunTime:0.005197s ]
NOTIC: [8] Undefined index: chartRoom_12536521 E:\xampp\htdocs\thinkphp\Application\Sample_Mjmz\Controller\JMessageController.class.php 第 334 行.
NOTIC: [8] Undefined index: type E:\xampp\htdocs\thinkphp\Application\Sample_Mjmz\Controller\BaseController.class.php 第 57 行.

[ 2018-05-16T22:55:16+08:00 ] 192.168.1.103 /thinkphp/Sample_Mjmz/JMessage/getChartRoomMemeberList?roomId=12536521
INFO: [ app_init ] --START--
INFO: Run Behavior\BuildLiteBehavior [ RunTime:0.000041s ]
INFO: [ app_init ] --END-- [ RunTime:0.001245s ]
INFO: [ app_begin ] --START--
INFO: Run Behavior\ReadHtmlCacheBehavior [ RunTime:0.001629s ]
INFO: [ app_begin ] --END-- [ RunTime:0.001815s ]
NOTIC: [8] Undefined index: chartRoom_12536521 E:\xampp\htdocs\thinkphp\Application\Sample_Mjmz\Controller\JMessageController.class.php 第 334 行.
NOTIC: [8] Undefined index: type E:\xampp\htdocs\thinkphp\Application\Sample_Mjmz\Controller\BaseController.class.php 第 57 行.

[ 2018-05-16T23:01:39+08:00 ] 192.168.1.103 /thinkphp/Sample_Mjmz/JMessage/getChartRoomMemeberList?roomId=12536521
INFO: [ app_init ] --START--
INFO: Run Behavior\BuildLiteBehavior [ RunTime:0.000038s ]
INFO: [ app_init ] --END-- [ RunTime:0.001206s ]
INFO: [ app_begin ] --START--
INFO: Run Behavior\ReadHtmlCacheBehavior [ RunTime:0.001541s ]
INFO: [ app_begin ] --END-- [ RunTime:0.001712s ]
NOTIC: [8] Undefined index: chartRoom_12536521 E:\xampp\htdocs\thinkphp\Application\Sample_Mjmz\Controller\JMessageController.class.php 第 334 行.
NOTIC: [8] Undefined index: type E:\xampp\htdocs\thinkphp\Application\Sample_Mjmz\Controller\BaseController.class.php 第 57 行.

[ 2018-05-16T23:02:55+08:00 ] 192.168.1.103 /thinkphp/Sample_Mjmz/JMessage/getChartRoomMemeberList?roomId=12536521
INFO: [ app_init ] --START--
INFO: Run Behavior\BuildLiteBehavior [ RunTime:0.000067s ]
INFO: [ app_init ] --END-- [ RunTime:0.001065s ]
INFO: [ app_begin ] --START--
INFO: Run Behavior\ReadHtmlCacheBehavior [ RunTime:0.001022s ]
INFO: [ app_begin ] --END-- [ RunTime:0.001135s ]
NOTIC: [8] Undefined index: chartRoom_12536521 E:\xampp\htdocs\thinkphp\Application\Sample_Mjmz\Controller\JMessageController.class.php 第 334 行.
NOTIC: [8] Undefined index: type E:\xampp\htdocs\thinkphp\Application\Sample_Mjmz\Controller\BaseController.class.php 第 57 行.

[ 2018-05-16T23:04:09+08:00 ] 192.168.1.103 /thinkphp/Sample_Mjmz/JMessage/getChartRoomMemeberList?roomId=12536521
INFO: [ app_init ] --START--
INFO: Run Behavior\BuildLiteBehavior [ RunTime:0.000041s ]
INFO: [ app_init ] --END-- [ RunTime:0.001105s ]
INFO: [ app_begin ] --START--
INFO: Run Behavior\ReadHtmlCacheBehavior [ RunTime:0.000958s ]
INFO: [ app_begin ] --END-- [ RunTime:0.001162s ]
NOTIC: [8] Undefined index: chartRoom_12536521 E:\xampp\htdocs\thinkphp\Application\Sample_Mjmz\Controller\JMessageController.class.php 第 334 行.
NOTIC: [8] Undefined index: type E:\xampp\htdocs\thinkphp\Application\Sample_Mjmz\Controller\BaseController.class.php 第 57 行.

[ 2018-05-16T23:05:01+08:00 ] 192.168.1.103 /thinkphp/Sample_Mjmz/JMessage/getChartRoomMemeberList?roomId=12536521
INFO: [ app_init ] --START--
INFO: Run Behavior\BuildLiteBehavior [ RunTime:0.000024s ]
INFO: [ app_init ] --END-- [ RunTime:0.000605s ]
INFO: [ app_begin ] --START--
INFO: Run Behavior\ReadHtmlCacheBehavior [ RunTime:0.001105s ]
INFO: [ app_begin ] --END-- [ RunTime:0.001267s ]
NOTIC: [8] Undefined index: chartRoom_12536521 E:\xampp\htdocs\thinkphp\Application\Sample_Mjmz\Controller\JMessageController.class.php 第 334 行.
NOTIC: [8] Undefined index: type E:\xampp\htdocs\thinkphp\Application\Sample_Mjmz\Controller\BaseController.class.php 第 57 行.

[ 2018-05-16T23:09:05+08:00 ] 192.168.1.103 /thinkphp/Sample_Mjmz/JMessage/getChartRoomMemeberList?roomId=12536521
INFO: [ app_init ] --START--
INFO: Run Behavior\BuildLiteBehavior [ RunTime:0.000039s ]
INFO: [ app_init ] --END-- [ RunTime:0.000976s ]
INFO: [ app_begin ] --START--
INFO: Run Behavior\ReadHtmlCacheBehavior [ RunTime:0.001435s ]
INFO: [ app_begin ] --END-- [ RunTime:0.001566s ]
NOTIC: [8] Undefined index: chartRoom_12536521 E:\xampp\htdocs\thinkphp\Application\Sample_Mjmz\Controller\JMessageController.class.php 第 334 行.
NOTIC: [8] Undefined index: type E:\xampp\htdocs\thinkphp\Application\Sample_Mjmz\Controller\BaseController.class.php 第 57 行.

[ 2018-05-16T23:09:21+08:00 ] 192.168.1.103 /thinkphp/Sample_Mjmz/User/regist?userName=wys30201&password=123456
INFO: [ app_init ] --START--
INFO: Run Behavior\BuildLiteBehavior [ RunTime:0.000045s ]
INFO: [ app_init ] --END-- [ RunTime:0.000978s ]
INFO: [ app_begin ] --START--
INFO: Run Behavior\ReadHtmlCacheBehavior [ RunTime:0.001411s ]
INFO: [ app_begin ] --END-- [ RunTime:0.001747s ]
SQL: SHOW COLUMNS FROM `xq_user` [ RunTime:0.2649s ]
SQL: SELECT * FROM `xq_user` WHERE ( user_name='wys30201' )  [ RunTime:0.1367s ]
NOTIC: [8] Undefined index: type E:\xampp\htdocs\thinkphp\Application\Sample_Mjmz\Controller\BaseController.class.php 第 57 行.

[ 2018-05-16T23:09:47+08:00 ] 192.168.1.103 /thinkphp/Sample_Mjmz/JMessage/getChartRoomMemeberList?roomId=12536521
INFO: [ app_init ] --START--
INFO: Run Behavior\BuildLiteBehavior [ RunTime:0.000034s ]
INFO: [ app_init ] --END-- [ RunTime:0.000719s ]
INFO: [ app_begin ] --START--
INFO: Run Behavior\ReadHtmlCacheBehavior [ RunTime:0.000941s ]
INFO: [ app_begin ] --END-- [ RunTime:0.001066s ]
NOTIC: [8] Undefined index: chartRoom_12536521 E:\xampp\htdocs\thinkphp\Application\Sample_Mjmz\Controller\JMessageController.class.php 第 334 行.
NOTIC: [8] Undefined index: type E:\xampp\htdocs\thinkphp\Application\Sample_Mjmz\Controller\BaseController.class.php 第 57 行.

[ 2018-05-16T23:10:22+08:00 ] 192.168.1.103 /thinkphp/Sample_Mjmz/User/regist?userName=wys30201&password=123456
INFO: [ app_init ] --START--
INFO: Run Behavior\BuildLiteBehavior [ RunTime:0.000030s ]
INFO: [ app_init ] --END-- [ RunTime:0.000553s ]
INFO: [ app_begin ] --START--
INFO: Run Behavior\ReadHtmlCacheBehavior [ RunTime:0.000915s ]
INFO: [ app_begin ] --END-- [ RunTime:0.001043s ]
SQL: SHOW COLUMNS FROM `xq_user` [ RunTime:0.0048s ]
SQL: SELECT * FROM `xq_user` WHERE ( user_name='wys30201' )  [ RunTime:0.0004s ]
NOTIC: [8] Undefined index: type E:\xampp\htdocs\thinkphp\Application\Sample_Mjmz\Controller\BaseController.class.php 第 57 行.

[ 2018-05-16T23:21:04+08:00 ] 192.168.1.103 /thinkphp/Sample_Mjmz/JMessage/getChartRoomMemeberList?roomId=12536521
INFO: [ app_init ] --START--
INFO: Run Behavior\BuildLiteBehavior [ RunTime:0.000037s ]
INFO: [ app_init ] --END-- [ RunTime:0.000881s ]
INFO: [ app_begin ] --START--
INFO: Run Behavior\ReadHtmlCacheBehavior [ RunTime:0.001103s ]
INFO: [ app_begin ] --END-- [ RunTime:0.001246s ]
NOTIC: [8] Undefined index: chartRoom_12536521 E:\xampp\htdocs\thinkphp\Application\Sample_Mjmz\Controller\JMessageController.class.php 第 334 行.
NOTIC: [8] Undefined index: type E:\xampp\htdocs\thinkphp\Application\Sample_Mjmz\Controller\BaseController.class.php 第 57 行.

[ 2018-05-16T23:21:20+08:00 ] 192.168.1.103 /thinkphp/Sample_Mjmz/User/regist?userName=wys30201&password=123456
INFO: [ app_init ] --START--
INFO: Run Behavior\BuildLiteBehavior [ RunTime:0.000025s ]
INFO: [ app_init ] --END-- [ RunTime:0.000832s ]
INFO: [ app_begin ] --START--
INFO: Run Behavior\ReadHtmlCacheBehavior [ RunTime:0.000974s ]
INFO: [ app_begin ] --END-- [ RunTime:0.001089s ]
SQL: SHOW COLUMNS FROM `xq_user` [ RunTime:0.0046s ]
SQL: SELECT * FROM `xq_user` WHERE ( user_name='wys30201' )  [ RunTime:0.0004s ]
NOTIC: [8] Undefined index: type E:\xampp\htdocs\thinkphp\Application\Sample_Mjmz\Controller\BaseController.class.php 第 57 行.

[ 2018-05-16T23:21:46+08:00 ] 192.168.1.103 /thinkphp/Sample_Mjmz/User/login?userName=wys30201&password=123456
INFO: [ app_init ] --START--
INFO: Run Behavior\BuildLiteBehavior [ RunTime:0.000022s ]
INFO: [ app_init ] --END-- [ RunTime:0.000576s ]
INFO: [ app_begin ] --START--
INFO: Run Behavior\ReadHtmlCacheBehavior [ RunTime:0.001164s ]
INFO: [ app_begin ] --END-- [ RunTime:0.001364s ]
SQL: SHOW COLUMNS FROM `xq_user` [ RunTime:0.0045s ]
SQL: SELECT * FROM `xq_user` WHERE ( user_name='wys30201' )  [ RunTime:0.0004s ]
SQL: SELECT * FROM `xq_user` WHERE ( user_name='wys30201' )  [ RunTime:0.0009s ]
SQL: SHOW COLUMNS FROM `xq_user_info` [ RunTime:0.0373s ]
SQL: SELECT `user_id`,`user_name`,`nick_name`,`gender`,`level`,`balance`,`head_image`,`create_time`,`modify_time` FROM `xq_user_info` WHERE ( user_name='wys30201' )  [ RunTime:0.0168s ]
NOTIC: [8] Use of undefined constant COM - assumed 'COM' E:\xampp\htdocs\thinkphp\Application\Sample_Mjmz\Controller\BaseController.class.php 第 28 行.
NOTIC: [2] key() expects parameter 1 to be array, null given E:\xampp\htdocs\thinkphp\Application\Sample_Mjmz\Controller\BaseController.class.php 第 39 行.
NOTIC: [8] Undefined index: type E:\xampp\htdocs\thinkphp\Application\Sample_Mjmz\Controller\BaseController.class.php 第 57 行.

[ 2018-05-16T23:23:45+08:00 ] ::1 /thinkphp/Sample_Mjmz/user/login?userName=wys30201&password=1&type=0
INFO: [ app_init ] --START--
INFO: Run Behavior\BuildLiteBehavior [ RunTime:0.000042s ]
INFO: [ app_init ] --END-- [ RunTime:0.001165s ]
INFO: [ app_begin ] --START--
INFO: Run Behavior\ReadHtmlCacheBehavior [ RunTime:0.001147s ]
INFO: [ app_begin ] --END-- [ RunTime:0.001246s ]
SQL: SHOW COLUMNS FROM `xq_user` [ RunTime:0.0520s ]
SQL: SELECT * FROM `xq_user` WHERE ( user_name='wys30201' )  [ RunTime:0.0005s ]
SQL: SELECT * FROM `xq_user` WHERE ( user_name='wys30201' )  [ RunTime:0.0004s ]

[ 2018-05-16T23:23:59+08:00 ] ::1 /thinkphp/Sample_Mjmz/user/login?userName=wys30201&password=123456&type=0
INFO: [ app_init ] --START--
INFO: Run Behavior\BuildLiteBehavior [ RunTime:0.000039s ]
INFO: [ app_init ] --END-- [ RunTime:0.001349s ]
INFO: [ app_begin ] --START--
INFO: Run Behavior\ReadHtmlCacheBehavior [ RunTime:0.001083s ]
INFO: [ app_begin ] --END-- [ RunTime:0.001208s ]
SQL: SHOW COLUMNS FROM `xq_user` [ RunTime:0.0205s ]
SQL: SELECT * FROM `xq_user` WHERE ( user_name='wys30201' )  [ RunTime:0.0006s ]
SQL: SELECT * FROM `xq_user` WHERE ( user_name='wys30201' )  [ RunTime:0.0003s ]
SQL: SHOW COLUMNS FROM `xq_user_info` [ RunTime:0.0554s ]
SQL: SELECT `user_id`,`user_name`,`nick_name`,`gender`,`level`,`balance`,`head_image`,`create_time`,`modify_time` FROM `xq_user_info` WHERE ( user_name='wys30201' )  [ RunTime:0.0004s ]
NOTIC: [8] Use of undefined constant COM - assumed 'COM' E:\xampp\htdocs\thinkphp\Application\Sample_Mjmz\Controller\BaseController.class.php 第 28 行.
NOTIC: [2] key() expects parameter 1 to be array, null given E:\xampp\htdocs\thinkphp\Application\Sample_Mjmz\Controller\BaseController.class.php 第 39 行.

[ 2018-05-16T23:25:07+08:00 ] ::1 /thinkphp/Sample_Mjmz/user/login?userName=wys30201&password=123456&type=1
INFO: [ app_init ] --START--
INFO: Run Behavior\BuildLiteBehavior [ RunTime:0.000065s ]
INFO: [ app_init ] --END-- [ RunTime:0.000928s ]
INFO: [ app_begin ] --START--
INFO: Run Behavior\ReadHtmlCacheBehavior [ RunTime:0.000773s ]
INFO: [ app_begin ] --END-- [ RunTime:0.000865s ]
SQL: SHOW COLUMNS FROM `xq_user` [ RunTime:0.0569s ]
SQL: SELECT * FROM `xq_user` WHERE ( user_name='wys30201' )  [ RunTime:0.0011s ]
SQL: SELECT * FROM `xq_user` WHERE ( user_name='wys30201' )  [ RunTime:0.0007s ]
SQL: SHOW COLUMNS FROM `xq_user_info` [ RunTime:0.1186s ]
SQL: SELECT `user_id`,`user_name`,`nick_name`,`gender`,`level`,`balance`,`head_image`,`create_time`,`modify_time` FROM `xq_user_info` WHERE ( user_name='wys30201' )  [ RunTime:0.0007s ]
NOTIC: [8] Use of undefined constant COM - assumed 'COM' E:\xampp\htdocs\thinkphp\Application\Sample_Mjmz\Controller\BaseController.class.php 第 28 行.
NOTIC: [2] key() expects parameter 1 to be array, null given E:\xampp\htdocs\thinkphp\Application\Sample_Mjmz\Controller\BaseController.class.php 第 39 行.

[ 2018-05-16T23:28:53+08:00 ] 192.168.1.103 /thinkphp/Sample_Mjmz/JMessage/getChartRoomMemeberList?roomId=12536521
INFO: [ app_init ] --START--
INFO: Run Behavior\BuildLiteBehavior [ RunTime:0.000041s ]
INFO: [ app_init ] --END-- [ RunTime:0.001068s ]
INFO: [ app_begin ] --START--
INFO: Run Behavior\ReadHtmlCacheBehavior [ RunTime:0.006017s ]
INFO: [ app_begin ] --END-- [ RunTime:0.007212s ]
NOTIC: [8] Undefined index: chartRoom_12536521 E:\xampp\htdocs\thinkphp\Application\Sample_Mjmz\Controller\JMessageController.class.php 第 334 行.
NOTIC: [8] Undefined index: type E:\xampp\htdocs\thinkphp\Application\Sample_Mjmz\Controller\BaseController.class.php 第 57 行.

[ 2018-05-16T23:29:09+08:00 ] 192.168.1.103 /thinkphp/Sample_Mjmz/User/login?userName=wys30202&password=123456
INFO: [ app_init ] --START--
INFO: Run Behavior\BuildLiteBehavior [ RunTime:0.000026s ]
INFO: [ app_init ] --END-- [ RunTime:0.000903s ]
INFO: [ app_begin ] --START--
INFO: Run Behavior\ReadHtmlCacheBehavior [ RunTime:0.003187s ]
INFO: [ app_begin ] --END-- [ RunTime:0.003433s ]
SQL: SHOW COLUMNS FROM `xq_user` [ RunTime:0.0039s ]
SQL: SELECT * FROM `xq_user` WHERE ( user_name='wys30202' )  [ RunTime:0.0005s ]
NOTIC: [8] Undefined index: type E:\xampp\htdocs\thinkphp\Application\Sample_Mjmz\Controller\BaseController.class.php 第 57 行.

[ 2018-05-16T23:30:53+08:00 ] 192.168.1.103 /thinkphp/Sample_Mjmz/JMessage/getChartRoomMemeberList?roomId=12536521
INFO: [ app_init ] --START--
INFO: Run Behavior\BuildLiteBehavior [ RunTime:0.000040s ]
INFO: [ app_init ] --END-- [ RunTime:0.003623s ]
INFO: [ app_begin ] --START--
INFO: Run Behavior\ReadHtmlCacheBehavior [ RunTime:0.004350s ]
INFO: [ app_begin ] --END-- [ RunTime:0.005836s ]
NOTIC: [8] Undefined index: chartRoom_12536521 E:\xampp\htdocs\thinkphp\Application\Sample_Mjmz\Controller\JMessageController.class.php 第 334 行.
NOTIC: [8] Undefined index: type E:\xampp\htdocs\thinkphp\Application\Sample_Mjmz\Controller\BaseController.class.php 第 57 行.

[ 2018-05-16T23:31:43+08:00 ] 192.168.1.103 /thinkphp/Sample_Mjmz/JMessage/getChartRoomMemeberList?roomId=12536521
INFO: [ app_init ] --START--
INFO: Run Behavior\BuildLiteBehavior [ RunTime:0.000024s ]
INFO: [ app_init ] --END-- [ RunTime:0.000894s ]
INFO: [ app_begin ] --START--
INFO: Run Behavior\ReadHtmlCacheBehavior [ RunTime:0.001304s ]
INFO: [ app_begin ] --END-- [ RunTime:0.001520s ]
NOTIC: [8] Undefined index: chartRoom_12536521 E:\xampp\htdocs\thinkphp\Application\Sample_Mjmz\Controller\JMessageController.class.php 第 334 行.
NOTIC: [8] Undefined index: type E:\xampp\htdocs\thinkphp\Application\Sample_Mjmz\Controller\BaseController.class.php 第 57 行.

[ 2018-05-16T23:32:03+08:00 ] 192.168.1.103 /thinkphp/Sample_Mjmz/User/regist?userName=wys30202&password=123456
INFO: [ app_init ] --START--
INFO: Run Behavior\BuildLiteBehavior [ RunTime:0.000027s ]
INFO: [ app_init ] --END-- [ RunTime:0.000894s ]
INFO: [ app_begin ] --START--
INFO: Run Behavior\ReadHtmlCacheBehavior [ RunTime:0.001186s ]
INFO: [ app_begin ] --END-- [ RunTime:0.001360s ]
SQL: SHOW COLUMNS FROM `xq_user` [ RunTime:0.0168s ]
SQL: SELECT * FROM `xq_user` WHERE ( user_name='wys30202' )  [ RunTime:0.0006s ]
SQL: INSERT INTO `xq_user` (`user_name`,`password`,`create_time`) VALUES ('wys30202','123456','2018-05-16 23:32:00') [ RunTime:2.6685s ]
SQL: SHOW COLUMNS FROM `xq_user_info` [ RunTime:0.0183s ]
SQL: SELECT `user_id`,`user_name`,`nick_name`,`gender`,`level`,`balance`,`head_image`,`create_time`,`modify_time` FROM `xq_user_info` WHERE ( user_name='wys30202' )  [ RunTime:0.0013s ]
NOTIC: [8] Undefined offset: 0 E:\xampp\htdocs\thinkphp\Application\Sample_Mjmz\Utils\SqlManager.class.php 第 57 行.
NOTIC: [8] Use of undefined constant COM - assumed 'COM' E:\xampp\htdocs\thinkphp\Application\Sample_Mjmz\Controller\BaseController.class.php 第 28 行.
NOTIC: [2] key() expects parameter 1 to be array, null given E:\xampp\htdocs\thinkphp\Application\Sample_Mjmz\Controller\BaseController.class.php 第 39 行.
NOTIC: [8] Undefined index: type E:\xampp\htdocs\thinkphp\Application\Sample_Mjmz\Controller\BaseController.class.php 第 57 行.

[ 2018-05-16T23:35:15+08:00 ] ::1 /thinkphp/Sample_Mjmz/user/login?userName=wys30201&password=123456&type=1
INFO: [ app_init ] --START--
INFO: Run Behavior\BuildLiteBehavior [ RunTime:0.000025s ]
INFO: [ app_init ] --END-- [ RunTime:0.000860s ]
INFO: [ app_begin ] --START--
INFO: Run Behavior\ReadHtmlCacheBehavior [ RunTime:0.000923s ]
INFO: [ app_begin ] --END-- [ RunTime:0.001013s ]
SQL: SHOW COLUMNS FROM `xq_user` [ RunTime:0.0243s ]
SQL: SELECT * FROM `xq_user` WHERE ( user_name='wys30201' )  [ RunTime:0.0004s ]
SQL: SELECT * FROM `xq_user` WHERE ( user_name='wys30201' )  [ RunTime:0.0003s ]
SQL: SHOW COLUMNS FROM `xq_user_info` [ RunTime:0.0042s ]
SQL: SELECT `user_id`,`user_name`,`nick_name`,`gender`,`level`,`balance`,`head_image`,`create_time`,`modify_time` FROM `xq_user_info` WHERE ( user_name='wys30201' )  [ RunTime:0.0004s ]
NOTIC: [8] Use of undefined constant COM - assumed 'COM' E:\xampp\htdocs\thinkphp\Application\Sample_Mjmz\Controller\BaseController.class.php 第 28 行.
NOTIC: [2] key() expects parameter 1 to be array, null given E:\xampp\htdocs\thinkphp\Application\Sample_Mjmz\Controller\BaseController.class.php 第 39 行.

[ 2018-05-16T23:35:33+08:00 ] ::1 /thinkphp/Sample_Mjmz/user/regist?userName=aaa&password=123456&type=0
INFO: [ app_init ] --START--
INFO: Run Behavior\BuildLiteBehavior [ RunTime:0.000028s ]
INFO: [ app_init ] --END-- [ RunTime:0.001005s ]
INFO: [ app_begin ] --START--
INFO: Run Behavior\ReadHtmlCacheBehavior [ RunTime:0.000752s ]
INFO: [ app_begin ] --END-- [ RunTime:0.000855s ]
SQL: SHOW COLUMNS FROM `xq_user` [ RunTime:0.0191s ]
SQL: SELECT * FROM `xq_user` WHERE ( user_name='aaa' )  [ RunTime:0.0004s ]

[ 2018-05-16T23:35:43+08:00 ] ::1 /thinkphp/Sample_Mjmz/user/regist?userName=bbb&password=123456&type=0
INFO: [ app_init ] --START--
INFO: Run Behavior\BuildLiteBehavior [ RunTime:0.000036s ]
INFO: [ app_init ] --END-- [ RunTime:0.000668s ]
INFO: [ app_begin ] --START--
INFO: Run Behavior\ReadHtmlCacheBehavior [ RunTime:0.000738s ]
INFO: [ app_begin ] --END-- [ RunTime:0.000833s ]
SQL: SHOW COLUMNS FROM `xq_user` [ RunTime:0.0891s ]
SQL: SELECT * FROM `xq_user` WHERE ( user_name='bbb' )  [ RunTime:0.0006s ]
SQL: INSERT INTO `xq_user` (`user_name`,`password`,`create_time`) VALUES ('bbb','123456','2018-05-16 23:35:43') [ RunTime:0.2969s ]
SQL: SHOW COLUMNS FROM `xq_user_info` [ RunTime:0.1139s ]
SQL: SELECT `user_id`,`user_name`,`nick_name`,`gender`,`level`,`balance`,`head_image`,`create_time`,`modify_time` FROM `xq_user_info` WHERE ( user_name='bbb' )  [ RunTime:0.0010s ]
NOTIC: [8] Undefined offset: 0 E:\xampp\htdocs\thinkphp\Application\Sample_Mjmz\Utils\SqlManager.class.php 第 57 行.
NOTIC: [8] Use of undefined constant COM - assumed 'COM' E:\xampp\htdocs\thinkphp\Application\Sample_Mjmz\Controller\BaseController.class.php 第 28 行.
NOTIC: [2] key() expects parameter 1 to be array, null given E:\xampp\htdocs\thinkphp\Application\Sample_Mjmz\Controller\BaseController.class.php 第 39 行.

[ 2018-05-16T23:40:11+08:00 ] ::1 /thinkphp/Sample_Mjmz/user/regist?userName=bbb&password=123456&type=0
INFO: [ app_init ] --START--
INFO: Run Behavior\BuildLiteBehavior [ RunTime:0.000028s ]
INFO: [ app_init ] --END-- [ RunTime:0.000822s ]
INFO: [ app_begin ] --START--
INFO: Run Behavior\ReadHtmlCacheBehavior [ RunTime:0.000937s ]
INFO: [ app_begin ] --END-- [ RunTime:0.001064s ]
SQL: SHOW COLUMNS FROM `xq_user` [ RunTime:0.0466s ]
SQL: SELECT * FROM `xq_user` WHERE ( user_name='bbb' )  [ RunTime:0.0003s ]
SQL: INSERT INTO `xq_user` (`user_name`,`password`,`create_time`) VALUES ('bbb','123456','2018-05-16 23:40:11') [ RunTime:0.1290s ]
SQL: SHOW COLUMNS FROM `xq_user_info` [ RunTime:0.0141s ]
SQL: SELECT `user_id`,`user_name`,`nick_name`,`gender`,`level`,`balance`,`head_image`,`create_time`,`modify_time` FROM `xq_user_info` WHERE ( user_name='bbb' )  [ RunTime:0.0009s ]
NOTIC: [8] Undefined offset: 0 E:\xampp\htdocs\thinkphp\Application\Sample_Mjmz\Utils\SqlManager.class.php 第 57 行.
NOTIC: [8] Use of undefined constant COM - assumed 'COM' E:\xampp\htdocs\thinkphp\Application\Sample_Mjmz\Controller\BaseController.class.php 第 28 行.
NOTIC: [2] key() expects parameter 1 to be array, null given E:\xampp\htdocs\thinkphp\Application\Sample_Mjmz\Controller\BaseController.class.php 第 39 行.

[ 2018-05-16T23:40:51+08:00 ] ::1 /thinkphp/Sample_Mjmz/JMessage/exitChartRoom?roomId=7930&index=1&XDEBUG_SESSION_START=netbeans-xdebug
INFO: [ app_init ] --START--
INFO: Run Behavior\BuildLiteBehavior [ RunTime:0.000096s ]
INFO: [ app_init ] --END-- [ RunTime:0.001038s ]
INFO: [ app_begin ] --START--
INFO: Run Behavior\ReadHtmlCacheBehavior [ RunTime:0.000997s ]
INFO: [ app_begin ] --END-- [ RunTime:0.001360s ]
NOTIC: [8] Undefined index: userName E:\xampp\htdocs\thinkphp\Application\Sample_Mjmz\Controller\JMessageController.class.php 第 265 行.
NOTIC: [8] Undefined index: type E:\xampp\htdocs\thinkphp\Application\Sample_Mjmz\Controller\BaseController.class.php 第 57 行.

[ 2018-05-16T23:46:54+08:00 ] ::1 /thinkphp/Sample_Mjmz/user/regist?userName=bbb&password=123456&type=0
INFO: [ app_init ] --START--
INFO: Run Behavior\BuildLiteBehavior [ RunTime:0.000118s ]
INFO: [ app_init ] --END-- [ RunTime:0.001566s ]
INFO: [ app_begin ] --START--
INFO: Run Behavior\ReadHtmlCacheBehavior [ RunTime:0.001264s ]
INFO: [ app_begin ] --END-- [ RunTime:0.001586s ]
SQL: SHOW COLUMNS FROM `xq_user` [ RunTime:0.0133s ]
SQL: SELECT * FROM `xq_user` WHERE ( user_name='bbb' )  [ RunTime:0.0010s ]
SQL: INSERT INTO `xq_user` (`user_name`,`password`,`create_time`) VALUES ('bbb','123456','2018-05-16 23:41:13') [ RunTime:0.1383s ]
SQL: SHOW COLUMNS FROM `xq_user_info` [ RunTime:0.0045s ]
SQL: SELECT `user_id`,`user_name`,`nick_name`,`gender`,`level`,`balance`,`head_image`,`create_time`,`modify_time` FROM `xq_user_info` WHERE ( user_name='bbb' )  [ RunTime:0.0004s ]
NOTIC: [8] Undefined offset: 0 E:\xampp\htdocs\thinkphp\Application\Sample_Mjmz\Utils\SqlManager.class.php 第 57 行.
NOTIC: [8] Use of undefined constant COM - assumed 'COM' E:\xampp\htdocs\thinkphp\Application\Sample_Mjmz\Controller\BaseController.class.php 第 28 行.
NOTIC: [2] key() expects parameter 1 to be array, null given E:\xampp\htdocs\thinkphp\Application\Sample_Mjmz\Controller\BaseController.class.php 第 39 行.

[ 2018-05-16T23:47:51+08:00 ] ::1 /thinkphp/Sample_Mjmz/user/regist?userName=bbb&password=123456&type=0
INFO: [ app_init ] --START--
INFO: Run Behavior\BuildLiteBehavior [ RunTime:0.000043s ]
INFO: [ app_init ] --END-- [ RunTime:0.001291s ]
INFO: [ app_begin ] --START--
INFO: Run Behavior\ReadHtmlCacheBehavior [ RunTime:0.000962s ]
INFO: [ app_begin ] --END-- [ RunTime:0.001058s ]
SQL: SHOW COLUMNS FROM `xq_user` [ RunTime:0.0033s ]
SQL: SELECT * FROM `xq_user` WHERE ( user_name='bbb' )  [ RunTime:0.0003s ]
SQL: INSERT INTO `xq_user` (`user_name`,`password`,`create_time`) VALUES ('bbb','123456','2018-05-16 23:47:51') [ RunTime:0.0871s ]
SQL: SELECT `user_id`,`user_name` FROM `xq_user` WHERE ( user_name='bbb' ) LIMIT 1   [ RunTime:0.0005s ]
NOTIC: [8] Use of undefined constant COM - assumed 'COM' E:\xampp\htdocs\thinkphp\Application\Sample_Mjmz\Controller\BaseController.class.php 第 28 行.
NOTIC: [2] key() expects parameter 1 to be array, null given E:\xampp\htdocs\thinkphp\Application\Sample_Mjmz\Controller\BaseController.class.php 第 39 行.

[ 2018-05-16T23:48:18+08:00 ] 192.168.1.103 /thinkphp/Sample_Mjmz/User/regist?userName=wys30202&password=123456
INFO: [ app_init ] --START--
INFO: Run Behavior\BuildLiteBehavior [ RunTime:0.000041s ]
INFO: [ app_init ] --END-- [ RunTime:0.000641s ]
INFO: [ app_begin ] --START--
INFO: Run Behavior\ReadHtmlCacheBehavior [ RunTime:0.001393s ]
INFO: [ app_begin ] --END-- [ RunTime:0.003411s ]
SQL: SHOW COLUMNS FROM `xq_user` [ RunTime:0.0039s ]
SQL: SELECT * FROM `xq_user` WHERE ( user_name='wys30202' )  [ RunTime:0.0004s ]
SQL: INSERT INTO `xq_user` (`user_name`,`password`,`create_time`) VALUES ('wys30202','123456','2018-05-16 23:48:17') [ RunTime:0.6331s ]
SQL: SELECT `user_id`,`user_name` FROM `xq_user` WHERE ( user_name='wys30202' ) LIMIT 1   [ RunTime:0.0008s ]
NOTIC: [8] Use of undefined constant COM - assumed 'COM' E:\xampp\htdocs\thinkphp\Application\Sample_Mjmz\Controller\BaseController.class.php 第 28 行.
NOTIC: [2] key() expects parameter 1 to be array, null given E:\xampp\htdocs\thinkphp\Application\Sample_Mjmz\Controller\BaseController.class.php 第 39 行.
NOTIC: [8] Undefined index: type E:\xampp\htdocs\thinkphp\Application\Sample_Mjmz\Controller\BaseController.class.php 第 57 行.

[ 2018-05-16T23:48:45+08:00 ] 192.168.1.103 /thinkphp/Sample_Mjmz/User/uploadHeadImage
INFO: [ app_init ] --START--
INFO: Run Behavior\BuildLiteBehavior [ RunTime:0.000038s ]
INFO: [ app_init ] --END-- [ RunTime:0.000876s ]
INFO: [ app_begin ] --START--
INFO: Run Behavior\ReadHtmlCacheBehavior [ RunTime:0.001159s ]
INFO: [ app_begin ] --END-- [ RunTime:0.001335s ]
SQL: SHOW COLUMNS FROM `xq_user` [ RunTime:0.0044s ]
SQL: SELECT * FROM `xq_user` WHERE ( user_name='wys30201' )  [ RunTime:0.0006s ]
SQL: SHOW COLUMNS FROM `xq_user_info` [ RunTime:0.0045s ]
SQL: SELECT * FROM `xq_user` WHERE ( user_name='wys30201' )  [ RunTime:0.0003s ]
SQL: SELECT * FROM `xq_user_info` WHERE ( user_name='wys30201' )  [ RunTime:0.0003s ]
SQL: UPDATE `xq_user_info` SET `user_name`='wys30201',`head_image`='http://192.168.1.103/thinkphp/upload/XQ/small_21.png',`user_id`='1',`modify_time`='2018-05-16 23:48:45' WHERE ( user_name='wys30201' ) [ RunTime:0.1241s ]
SQL: SELECT `user_id`,`user_name`,`nick_name`,`gender`,`level`,`balance`,`head_image`,`create_time`,`modify_time` FROM `xq_user_info` WHERE ( user_name='wys30201' )  [ RunTime:0.0005s ]
NOTIC: [8] Use of undefined constant COM - assumed 'COM' E:\xampp\htdocs\thinkphp\Application\Sample_Mjmz\Controller\BaseController.class.php 第 28 行.
NOTIC: [2] key() expects parameter 1 to be array, null given E:\xampp\htdocs\thinkphp\Application\Sample_Mjmz\Controller\BaseController.class.php 第 39 行.
NOTIC: [8] Undefined index: type E:\xampp\htdocs\thinkphp\Application\Sample_Mjmz\Controller\BaseController.class.php 第 57 行.

[ 2018-05-16T23:48:52+08:00 ] 192.168.1.103 /thinkphp/Sample_Mjmz/User/updateUserInfo?gender=%E7%94%B7&nickName=%E9%A3%8E%E9%9B%A8&userName=wys30202
INFO: [ app_init ] --START--
INFO: Run Behavior\BuildLiteBehavior [ RunTime:0.000043s ]
INFO: [ app_init ] --END-- [ RunTime:0.000910s ]
INFO: [ app_begin ] --START--
INFO: Run Behavior\ReadHtmlCacheBehavior [ RunTime:0.000966s ]
INFO: [ app_begin ] --END-- [ RunTime:0.001094s ]
SQL: SHOW COLUMNS FROM `xq_user_info` [ RunTime:0.0045s ]
SQL: SHOW COLUMNS FROM `xq_user` [ RunTime:0.0101s ]
SQL: SELECT * FROM `xq_user` WHERE ( user_name='wys30202' )  [ RunTime:0.0005s ]
SQL: SELECT * FROM `xq_user_info` WHERE ( user_name='wys30202' )  [ RunTime:0.0003s ]
SQL: INSERT INTO `xq_user_info` (`user_name`,`nick_name`,`gender`,`user_id`,`create_time`) VALUES ('wys30202','风雨','男','8','2018-05-16 23:48:52') [ RunTime:0.1308s ]
SQL: SELECT `user_id`,`user_name`,`nick_name`,`gender`,`level`,`balance`,`head_image`,`create_time`,`modify_time` FROM `xq_user_info` WHERE ( user_name='wys30202' )  [ RunTime:0.0011s ]
NOTIC: [8] Use of undefined constant COM - assumed 'COM' E:\xampp\htdocs\thinkphp\Application\Sample_Mjmz\Controller\BaseController.class.php 第 28 行.
NOTIC: [2] key() expects parameter 1 to be array, null given E:\xampp\htdocs\thinkphp\Application\Sample_Mjmz\Controller\BaseController.class.php 第 39 行.
NOTIC: [8] Undefined index: type E:\xampp\htdocs\thinkphp\Application\Sample_Mjmz\Controller\BaseController.class.php 第 57 行.

[ 2018-05-16T23:50:04+08:00 ] 192.168.1.103 /thinkphp/Sample_Mjmz/User/updateUserInfo?gender=%E7%94%B7&nickName=%E5%8F%A4%E6%9C%88&userName=wys30202
INFO: [ app_init ] --START--
INFO: Run Behavior\BuildLiteBehavior [ RunTime:0.000031s ]
INFO: [ app_init ] --END-- [ RunTime:0.000671s ]
INFO: [ app_begin ] --START--
INFO: Run Behavior\ReadHtmlCacheBehavior [ RunTime:0.001108s ]
INFO: [ app_begin ] --END-- [ RunTime:0.001264s ]
SQL: SHOW COLUMNS FROM `xq_user_info` [ RunTime:0.0040s ]
SQL: SHOW COLUMNS FROM `xq_user` [ RunTime:0.0048s ]
SQL: SELECT * FROM `xq_user` WHERE ( user_name='wys30202' )  [ RunTime:0.0004s ]
SQL: SELECT * FROM `xq_user_info` WHERE ( user_name='wys30202' )  [ RunTime:0.0003s ]
SQL: UPDATE `xq_user_info` SET `user_name`='wys30202',`nick_name`='古月',`gender`='男',`user_id`='8',`modify_time`='2018-05-16 23:50:04' WHERE ( user_name='wys30202' ) [ RunTime:0.1018s ]
SQL: SELECT `user_id`,`user_name`,`nick_name`,`gender`,`level`,`balance`,`head_image`,`create_time`,`modify_time` FROM `xq_user_info` WHERE ( user_name='wys30202' )  [ RunTime:0.0005s ]
NOTIC: [8] Use of undefined constant COM - assumed 'COM' E:\xampp\htdocs\thinkphp\Application\Sample_Mjmz\Controller\BaseController.class.php 第 28 行.
NOTIC: [2] key() expects parameter 1 to be array, null given E:\xampp\htdocs\thinkphp\Application\Sample_Mjmz\Controller\BaseController.class.php 第 39 行.
NOTIC: [8] Undefined index: type E:\xampp\htdocs\thinkphp\Application\Sample_Mjmz\Controller\BaseController.class.php 第 57 行.

[ 2018-05-16T23:50:11+08:00 ] 192.168.1.103 /thinkphp/Sample_Mjmz/User/uploadHeadImage
INFO: [ app_init ] --START--
INFO: Run Behavior\BuildLiteBehavior [ RunTime:0.000027s ]
INFO: [ app_init ] --END-- [ RunTime:0.000806s ]
INFO: [ app_begin ] --START--
INFO: Run Behavior\ReadHtmlCacheBehavior [ RunTime:0.000923s ]
INFO: [ app_begin ] --END-- [ RunTime:0.001026s ]
SQL: SHOW COLUMNS FROM `xq_user` [ RunTime:0.0210s ]
SQL: SELECT * FROM `xq_user` WHERE ( user_name='wys30201' )  [ RunTime:0.0005s ]
SQL: SHOW COLUMNS FROM `xq_user_info` [ RunTime:0.0044s ]
SQL: SELECT * FROM `xq_user` WHERE ( user_name='wys30201' )  [ RunTime:0.0004s ]
SQL: SELECT * FROM `xq_user_info` WHERE ( user_name='wys30201' )  [ RunTime:0.0004s ]
SQL: UPDATE `xq_user_info` SET `user_name`='wys30201',`head_image`='http://192.168.1.103/thinkphp/upload/XQ/small_21.png',`user_id`='1',`modify_time`='2018-05-16 23:50:11' WHERE ( user_name='wys30201' ) [ RunTime:0.0888s ]
SQL: SELECT `user_id`,`user_name`,`nick_name`,`gender`,`level`,`balance`,`head_image`,`create_time`,`modify_time` FROM `xq_user_info` WHERE ( user_name='wys30201' )  [ RunTime:0.0010s ]
NOTIC: [8] Use of undefined constant COM - assumed 'COM' E:\xampp\htdocs\thinkphp\Application\Sample_Mjmz\Controller\BaseController.class.php 第 28 行.
NOTIC: [2] key() expects parameter 1 to be array, null given E:\xampp\htdocs\thinkphp\Application\Sample_Mjmz\Controller\BaseController.class.php 第 39 行.
NOTIC: [8] Undefined index: type E:\xampp\htdocs\thinkphp\Application\Sample_Mjmz\Controller\BaseController.class.php 第 57 行.

[ 2018-05-16T23:50:27+08:00 ] 192.168.1.103 /thinkphp/Sample_Mjmz/User/updateUserInfo?gender=%E7%94%B7&nickName=%E5%8F%A4%E6%9C%88&userName=wys30202
INFO: [ app_init ] --START--
INFO: Run Behavior\BuildLiteBehavior [ RunTime:0.000024s ]
INFO: [ app_init ] --END-- [ RunTime:0.000615s ]
INFO: [ app_begin ] --START--
INFO: Run Behavior\ReadHtmlCacheBehavior [ RunTime:0.001065s ]
INFO: [ app_begin ] --END-- [ RunTime:0.001182s ]
SQL: SHOW COLUMNS FROM `xq_user_info` [ RunTime:0.0042s ]
SQL: SHOW COLUMNS FROM `xq_user` [ RunTime:0.0045s ]
SQL: SELECT * FROM `xq_user` WHERE ( user_name='wys30202' )  [ RunTime:0.0004s ]
SQL: SELECT * FROM `xq_user_info` WHERE ( user_name='wys30202' )  [ RunTime:0.0003s ]
SQL: UPDATE `xq_user_info` SET `user_name`='wys30202',`nick_name`='古月',`gender`='男',`user_id`='8',`modify_time`='2018-05-16 23:50:27' WHERE ( user_name='wys30202' ) [ RunTime:0.1079s ]
SQL: SELECT `user_id`,`user_name`,`nick_name`,`gender`,`level`,`balance`,`head_image`,`create_time`,`modify_time` FROM `xq_user_info` WHERE ( user_name='wys30202' )  [ RunTime:0.0004s ]
NOTIC: [8] Use of undefined constant COM - assumed 'COM' E:\xampp\htdocs\thinkphp\Application\Sample_Mjmz\Controller\BaseController.class.php 第 28 行.
NOTIC: [2] key() expects parameter 1 to be array, null given E:\xampp\htdocs\thinkphp\Application\Sample_Mjmz\Controller\BaseController.class.php 第 39 行.
NOTIC: [8] Undefined index: type E:\xampp\htdocs\thinkphp\Application\Sample_Mjmz\Controller\BaseController.class.php 第 57 行.

[ 2018-05-16T23:51:06+08:00 ] 192.168.1.103 /thinkphp/Sample_Mjmz/User/uploadHeadImage
INFO: [ app_init ] --START--
INFO: Run Behavior\BuildLiteBehavior [ RunTime:0.000043s ]
INFO: [ app_init ] --END-- [ RunTime:0.001420s ]
INFO: [ app_begin ] --START--
INFO: Run Behavior\ReadHtmlCacheBehavior [ RunTime:0.001900s ]
INFO: [ app_begin ] --END-- [ RunTime:0.002118s ]
SQL: SHOW COLUMNS FROM `xq_user` [ RunTime:0.0049s ]
SQL: SELECT * FROM `xq_user` WHERE ( user_name='wys30201' )  [ RunTime:0.0004s ]
SQL: SHOW COLUMNS FROM `xq_user_info` [ RunTime:0.0040s ]
SQL: SELECT * FROM `xq_user` WHERE ( user_name='wys30201' )  [ RunTime:0.0004s ]
SQL: SELECT * FROM `xq_user_info` WHERE ( user_name='wys30201' )  [ RunTime:0.0005s ]
SQL: UPDATE `xq_user_info` SET `user_name`='wys30201',`head_image`='http://192.168.1.103/thinkphp/upload/XQ/small_21.png',`user_id`='1',`modify_time`='2018-05-16 23:51:06' WHERE ( user_name='wys30201' ) [ RunTime:0.2398s ]
SQL: SELECT `user_id`,`user_name`,`nick_name`,`gender`,`level`,`balance`,`head_image`,`create_time`,`modify_time` FROM `xq_user_info` WHERE ( user_name='wys30201' )  [ RunTime:0.0006s ]
NOTIC: [8] Use of undefined constant COM - assumed 'COM' E:\xampp\htdocs\thinkphp\Application\Sample_Mjmz\Controller\BaseController.class.php 第 28 行.
NOTIC: [2] key() expects parameter 1 to be array, null given E:\xampp\htdocs\thinkphp\Application\Sample_Mjmz\Controller\BaseController.class.php 第 39 行.
NOTIC: [8] Undefined index: type E:\xampp\htdocs\thinkphp\Application\Sample_Mjmz\Controller\BaseController.class.php 第 57 行.

[ 2018-05-16T23:53:14+08:00 ] 192.168.1.103 /thinkphp/Sample_Mjmz/JMessage/getChartRoomMemeberList?roomId=12536521
INFO: [ app_init ] --START--
INFO: Run Behavior\BuildLiteBehavior [ RunTime:0.000043s ]
INFO: [ app_init ] --END-- [ RunTime:0.001164s ]
INFO: [ app_begin ] --START--
INFO: Run Behavior\ReadHtmlCacheBehavior [ RunTime:0.002467s ]
INFO: [ app_begin ] --END-- [ RunTime:0.002662s ]
NOTIC: [8] Undefined index: chartRoom_12536521 E:\xampp\htdocs\thinkphp\Application\Sample_Mjmz\Controller\JMessageController.class.php 第 334 行.
NOTIC: [8] Undefined index: type E:\xampp\htdocs\thinkphp\Application\Sample_Mjmz\Controller\BaseController.class.php 第 57 行.

[ 2018-05-16T23:53:34+08:00 ] 192.168.1.103 /thinkphp/Sample_Mjmz/JMessage/getChartRoomMemeberList?roomId=12536521
INFO: [ app_init ] --START--
INFO: Run Behavior\BuildLiteBehavior [ RunTime:0.000040s ]
INFO: [ app_init ] --END-- [ RunTime:0.001162s ]
INFO: [ app_begin ] --START--
INFO: Run Behavior\ReadHtmlCacheBehavior [ RunTime:0.001786s ]
INFO: [ app_begin ] --END-- [ RunTime:0.002315s ]
NOTIC: [8] Undefined index: chartRoom_12536521 E:\xampp\htdocs\thinkphp\Application\Sample_Mjmz\Controller\JMessageController.class.php 第 334 行.
NOTIC: [8] Undefined index: type E:\xampp\htdocs\thinkphp\Application\Sample_Mjmz\Controller\BaseController.class.php 第 57 行.

[ 2018-05-16T23:54:17+08:00 ] 192.168.1.103 /thinkphp/Sample_Mjmz/User/regist?userName=wys30202&password=123456
INFO: [ app_init ] --START--
INFO: Run Behavior\BuildLiteBehavior [ RunTime:0.000024s ]
INFO: [ app_init ] --END-- [ RunTime:0.000810s ]
INFO: [ app_begin ] --START--
INFO: Run Behavior\ReadHtmlCacheBehavior [ RunTime:0.001021s ]
INFO: [ app_begin ] --END-- [ RunTime:0.001153s ]
SQL: SHOW COLUMNS FROM `xq_user` [ RunTime:0.0051s ]
SQL: SELECT * FROM `xq_user` WHERE ( user_name='wys30202' )  [ RunTime:0.0005s ]
SQL: INSERT INTO `xq_user` (`user_name`,`password`,`create_time`) VALUES ('wys30202','123456','2018-05-16 23:54:16') [ RunTime:0.0906s ]
SQL: SELECT `user_id`,`user_name` FROM `xq_user` WHERE ( user_name='wys30202' ) LIMIT 1   [ RunTime:0.0004s ]
NOTIC: [8] Use of undefined constant COM - assumed 'COM' E:\xampp\htdocs\thinkphp\Application\Sample_Mjmz\Controller\BaseController.class.php 第 28 行.
NOTIC: [2] key() expects parameter 1 to be array, null given E:\xampp\htdocs\thinkphp\Application\Sample_Mjmz\Controller\BaseController.class.php 第 39 行.
NOTIC: [8] Undefined index: type E:\xampp\htdocs\thinkphp\Application\Sample_Mjmz\Controller\BaseController.class.php 第 57 行.

[ 2018-05-16T23:54:28+08:00 ] 192.168.1.103 /thinkphp/Sample_Mjmz/User/uploadHeadImage
INFO: [ app_init ] --START--
INFO: Run Behavior\BuildLiteBehavior [ RunTime:0.000025s ]
INFO: [ app_init ] --END-- [ RunTime:0.000956s ]
INFO: [ app_begin ] --START--
INFO: Run Behavior\ReadHtmlCacheBehavior [ RunTime:0.001249s ]
INFO: [ app_begin ] --END-- [ RunTime:0.001377s ]
SQL: SHOW COLUMNS FROM `xq_user` [ RunTime:0.0044s ]
SQL: SELECT * FROM `xq_user` WHERE ( user_name='wys30202' )  [ RunTime:0.0004s ]
SQL: SHOW COLUMNS FROM `xq_user_info` [ RunTime:0.0060s ]
SQL: SELECT * FROM `xq_user` WHERE ( user_name='wys30202' )  [ RunTime:0.0004s ]
SQL: SELECT * FROM `xq_user_info` WHERE ( user_name='wys30202' )  [ RunTime:0.0004s ]
SQL: INSERT INTO `xq_user_info` (`user_name`,`head_image`,`user_id`,`create_time`) VALUES ('wys30202','http://192.168.1.103/thinkphp/upload/XQ/small_21.png','9','2018-05-16 23:54:28') [ RunTime:0.1153s ]
SQL: SELECT `user_id`,`user_name`,`nick_name`,`gender`,`level`,`balance`,`head_image`,`create_time`,`modify_time` FROM `xq_user_info` WHERE ( user_name='wys30202' )  [ RunTime:0.0017s ]
NOTIC: [8] Use of undefined constant COM - assumed 'COM' E:\xampp\htdocs\thinkphp\Application\Sample_Mjmz\Controller\BaseController.class.php 第 28 行.
NOTIC: [2] key() expects parameter 1 to be array, null given E:\xampp\htdocs\thinkphp\Application\Sample_Mjmz\Controller\BaseController.class.php 第 39 行.
NOTIC: [8] Undefined index: type E:\xampp\htdocs\thinkphp\Application\Sample_Mjmz\Controller\BaseController.class.php 第 57 行.

[ 2018-05-16T23:54:35+08:00 ] 192.168.1.103 /thinkphp/Sample_Mjmz/User/updateUserInfo?gender=%E7%94%B7&nickName=&userName=wys30202
INFO: [ app_init ] --START--
INFO: Run Behavior\BuildLiteBehavior [ RunTime:0.000041s ]
INFO: [ app_init ] --END-- [ RunTime:0.000782s ]
INFO: [ app_begin ] --START--
INFO: Run Behavior\ReadHtmlCacheBehavior [ RunTime:0.000787s ]
INFO: [ app_begin ] --END-- [ RunTime:0.000878s ]
SQL: SHOW COLUMNS FROM `xq_user_info` [ RunTime:0.0675s ]
SQL: SHOW COLUMNS FROM `xq_user` [ RunTime:0.0874s ]
SQL: SELECT * FROM `xq_user` WHERE ( user_name='wys30202' )  [ RunTime:0.0005s ]
SQL: SELECT * FROM `xq_user_info` WHERE ( user_name='wys30202' )  [ RunTime:0.0005s ]
SQL: UPDATE `xq_user_info` SET `user_name`='wys30202',`nick_name`='',`gender`='男',`user_id`='9',`modify_time`='2018-05-16 23:54:34' WHERE ( user_name='wys30202' ) [ RunTime:0.2393s ]
SQL: SELECT `user_id`,`user_name`,`nick_name`,`gender`,`level`,`balance`,`head_image`,`create_time`,`modify_time` FROM `xq_user_info` WHERE ( user_name='wys30202' )  [ RunTime:0.0004s ]
NOTIC: [8] Use of undefined constant COM - assumed 'COM' E:\xampp\htdocs\thinkphp\Application\Sample_Mjmz\Controller\BaseController.class.php 第 28 行.
NOTIC: [2] key() expects parameter 1 to be array, null given E:\xampp\htdocs\thinkphp\Application\Sample_Mjmz\Controller\BaseController.class.php 第 39 行.
NOTIC: [8] Undefined index: type E:\xampp\htdocs\thinkphp\Application\Sample_Mjmz\Controller\BaseController.class.php 第 57 行.

[ 2018-05-16T23:58:26+08:00 ] 192.168.1.103 /thinkphp/Sample_Mjmz/JMessage/getChartRoomMemeberList?roomId=12536521
INFO: [ app_init ] --START--
INFO: Run Behavior\BuildLiteBehavior [ RunTime:0.000046s ]
INFO: [ app_init ] --END-- [ RunTime:0.001751s ]
INFO: [ app_begin ] --START--
INFO: Run Behavior\ReadHtmlCacheBehavior [ RunTime:0.032461s ]
INFO: [ app_begin ] --END-- [ RunTime:0.032941s ]
NOTIC: [8] Undefined index: chartRoom_12536521 E:\xampp\htdocs\thinkphp\Application\Sample_Mjmz\Controller\JMessageController.class.php 第 334 行.
NOTIC: [8] Undefined index: type E:\xampp\htdocs\thinkphp\Application\Sample_Mjmz\Controller\BaseController.class.php 第 57 行.

[ 2018-05-16T23:58:46+08:00 ] 192.168.1.103 /thinkphp/Sample_Mjmz/User/regist?userName=wys30202&password=123456
INFO: [ app_init ] --START--
INFO: Run Behavior\BuildLiteBehavior [ RunTime:0.000021s ]
INFO: [ app_init ] --END-- [ RunTime:0.000550s ]
INFO: [ app_begin ] --START--
INFO: Run Behavior\ReadHtmlCacheBehavior [ RunTime:0.001315s ]
INFO: [ app_begin ] --END-- [ RunTime:0.001540s ]
SQL: SHOW COLUMNS FROM `xq_user` [ RunTime:0.0083s ]
SQL: SELECT * FROM `xq_user` WHERE ( user_name='wys30202' )  [ RunTime:0.0008s ]
SQL: INSERT INTO `xq_user` (`user_name`,`password`,`create_time`) VALUES ('wys30202','123456','2018-05-16 23:58:46') [ RunTime:0.1129s ]
SQL: SELECT `user_id`,`user_name` FROM `xq_user` WHERE ( user_name='wys30202' ) LIMIT 1   [ RunTime:0.0003s ]
NOTIC: [8] Use of undefined constant COM - assumed 'COM' E:\xampp\htdocs\thinkphp\Application\Sample_Mjmz\Controller\BaseController.class.php 第 28 行.
NOTIC: [2] key() expects parameter 1 to be array, null given E:\xampp\htdocs\thinkphp\Application\Sample_Mjmz\Controller\BaseController.class.php 第 39 行.
NOTIC: [8] Undefined index: type E:\xampp\htdocs\thinkphp\Application\Sample_Mjmz\Controller\BaseController.class.php 第 57 行.

[ 2018-05-16T23:59:16+08:00 ] 192.168.1.103 /thinkphp/Sample_Mjmz/User/uploadHeadImage
INFO: [ app_init ] --START--
INFO: Run Behavior\BuildLiteBehavior [ RunTime:0.000053s ]
INFO: [ app_init ] --END-- [ RunTime:0.001507s ]
INFO: [ app_begin ] --START--
INFO: Run Behavior\ReadHtmlCacheBehavior [ RunTime:0.002565s ]
INFO: [ app_begin ] --END-- [ RunTime:0.002744s ]
SQL: SHOW COLUMNS FROM `xq_user` [ RunTime:0.0055s ]
SQL: SELECT * FROM `xq_user` WHERE ( user_name='wys30202' )  [ RunTime:0.0005s ]
SQL: SHOW COLUMNS FROM `xq_user_info` [ RunTime:0.0057s ]
SQL: SELECT * FROM `xq_user` WHERE ( user_name='wys30202' )  [ RunTime:0.0005s ]
SQL: SELECT * FROM `xq_user_info` WHERE ( user_name='wys30202' )  [ RunTime:0.0006s ]
SQL: INSERT INTO `xq_user_info` (`user_name`,`head_image`,`user_id`,`create_time`) VALUES ('wys30202','http://192.168.1.103/thinkphp/upload/XQ/small_21.png','10','2018-05-16 23:59:15') [ RunTime:0.1000s ]
SQL: SELECT `user_id`,`user_name`,`nick_name`,`gender`,`level`,`balance`,`head_image`,`create_time`,`modify_time` FROM `xq_user_info` WHERE ( user_name='wys30202' )  [ RunTime:0.0014s ]
NOTIC: [8] Use of undefined constant COM - assumed 'COM' E:\xampp\htdocs\thinkphp\Application\Sample_Mjmz\Controller\BaseController.class.php 第 28 行.
NOTIC: [2] key() expects parameter 1 to be array, null given E:\xampp\htdocs\thinkphp\Application\Sample_Mjmz\Controller\BaseController.class.php 第 39 行.
NOTIC: [8] Undefined index: type E:\xampp\htdocs\thinkphp\Application\Sample_Mjmz\Controller\BaseController.class.php 第 57 行.

[ 2018-05-16T23:59:57+08:00 ] 192.168.1.103 /thinkphp/Sample_Mjmz/User/updateUserInfo?gender=%E7%94%B7&nickName=%E5%8F%A4%E6%9C%88&userName=wys30202
INFO: [ app_init ] --START--
INFO: Run Behavior\BuildLiteBehavior [ RunTime:0.000074s ]
INFO: [ app_init ] --END-- [ RunTime:0.001310s ]
INFO: [ app_begin ] --START--
INFO: Run Behavior\ReadHtmlCacheBehavior [ RunTime:0.001229s ]
INFO: [ app_begin ] --END-- [ RunTime:0.001374s ]
SQL: SHOW COLUMNS FROM `xq_user_info` [ RunTime:0.0806s ]
SQL: SHOW COLUMNS FROM `xq_user` [ RunTime:0.0078s ]
SQL: SELECT * FROM `xq_user` WHERE ( user_name='wys30202' )  [ RunTime:0.0008s ]
SQL: SELECT * FROM `xq_user_info` WHERE ( user_name='wys30202' )  [ RunTime:0.0005s ]
SQL: UPDATE `xq_user_info` SET `user_name`='wys30202',`nick_name`='古月',`gender`='男',`user_id`='10',`modify_time`='2018-05-16 23:59:57' WHERE ( user_name='wys30202' ) [ RunTime:0.1061s ]
SQL: SELECT `user_id`,`user_name`,`nick_name`,`gender`,`level`,`balance`,`head_image`,`create_time`,`modify_time` FROM `xq_user_info` WHERE ( user_name='wys30202' )  [ RunTime:0.0005s ]
NOTIC: [8] Use of undefined constant COM - assumed 'COM' E:\xampp\htdocs\thinkphp\Application\Sample_Mjmz\Controller\BaseController.class.php 第 28 行.
NOTIC: [2] key() expects parameter 1 to be array, null given E:\xampp\htdocs\thinkphp\Application\Sample_Mjmz\Controller\BaseController.class.php 第 39 行.
NOTIC: [8] Undefined index: type E:\xampp\htdocs\thinkphp\Application\Sample_Mjmz\Controller\BaseController.class.php 第 57 行.

