[ 2019-01-15T00:18:08+08:00 ] ::1 /thinkphp/Sample_Mjmz/user/reportUser?userName=aaa&type=0&reportType=1&reportMsg=%E8%B0%A9%E9%AA%82&roomId=1458967
INFO: [ app_init ] --START--
INFO: Run Behavior\BuildLiteBehavior [ RunTime:0.000024s ]
INFO: [ app_init ] --END-- [ RunTime:0.000694s ]
INFO: [ app_begin ] --START--
INFO: Run Behavior\ReadHtmlCacheBehavior [ RunTime:0.000856s ]
INFO: [ app_begin ] --END-- [ RunTime:0.000949s ]
NOTIC: [8] Undefined index: user_name E:\xampp\htdocs\thinkphp\Application\Sample_Mjmz\Utils\SqlManager.class.php 第 86 行.
SQL: SHOW COLUMNS FROM `xq_user_report` [ RunTime:0.0738s ]
SQL: SELECT * FROM `xq_user_report` WHERE ( user_name='aaa' )  [ RunTime:0.0932s ]

[ 2019-01-15T00:19:15+08:00 ] ::1 /thinkphp/Sample_Mjmz/user/reportUser?userName=aaa&type=0&reportType=1&reportMsg=%E8%B0%A9%E9%AA%82&roomId=1458967
INFO: [ app_init ] --START--
INFO: Run Behavior\BuildLiteBehavior [ RunTime:0.000053s ]
INFO: [ app_init ] --END-- [ RunTime:0.001331s ]
INFO: [ app_begin ] --START--
INFO: Run Behavior\ReadHtmlCacheBehavior [ RunTime:0.001039s ]
INFO: [ app_begin ] --END-- [ RunTime:0.001140s ]
NOTIC: [8] Undefined index: user_name E:\xampp\htdocs\thinkphp\Application\Sample_Mjmz\Utils\SqlManager.class.php 第 86 行.
SQL: SHOW COLUMNS FROM `xq_user_report` [ RunTime:0.0083s ]
SQL: SELECT * FROM `xq_user_report` WHERE ( user_name='aaa' )  [ RunTime:0.0005s ]

[ 2019-01-15T00:19:22+08:00 ] ::1 /thinkphp/Sample_Mjmz/user/reportUser?userName=%E6%97%A0%E7%96%91%E6%98%AF0201&type=0&reportType=1&reportMsg=%E8%B0%A9%E9%AA%82&roomId=1458967
INFO: [ app_init ] --START--
INFO: Run Behavior\BuildLiteBehavior [ RunTime:0.000023s ]
INFO: [ app_init ] --END-- [ RunTime:0.000619s ]
INFO: [ app_begin ] --START--
INFO: Run Behavior\ReadHtmlCacheBehavior [ RunTime:0.000678s ]
INFO: [ app_begin ] --END-- [ RunTime:0.000762s ]
NOTIC: [8] Undefined index: user_name E:\xampp\htdocs\thinkphp\Application\Sample_Mjmz\Utils\SqlManager.class.php 第 86 行.
SQL: SHOW COLUMNS FROM `xq_user_report` [ RunTime:0.0351s ]
SQL: SELECT * FROM `xq_user_report` WHERE ( user_name='无疑是0201' )  [ RunTime:0.0003s ]

[ 2019-01-15T00:19:30+08:00 ] ::1 /thinkphp/Sample_Mjmz/user/reportUser?userName=wys30201&type=0&reportType=1&reportMsg=%E8%B0%A9%E9%AA%82&roomId=1458967
INFO: [ app_init ] --START--
INFO: Run Behavior\BuildLiteBehavior [ RunTime:0.000022s ]
INFO: [ app_init ] --END-- [ RunTime:0.000521s ]
INFO: [ app_begin ] --START--
INFO: Run Behavior\ReadHtmlCacheBehavior [ RunTime:0.001079s ]
INFO: [ app_begin ] --END-- [ RunTime:0.001239s ]
NOTIC: [8] Undefined index: user_name E:\xampp\htdocs\thinkphp\Application\Sample_Mjmz\Utils\SqlManager.class.php 第 86 行.
SQL: SHOW COLUMNS FROM `xq_user_report` [ RunTime:0.0233s ]
SQL: SELECT * FROM `xq_user_report` WHERE ( user_name='wys30201' )  [ RunTime:0.0005s ]

[ 2019-01-15T00:19:49+08:00 ] ::1 /thinkphp/Sample_Mjmz/user/reportUser?userName=wys30201&type=0&reportType=1&reportMsg=%E8%B0%A9%E9%AA%82&roomId=1458967
INFO: [ app_init ] --START--
INFO: Run Behavior\BuildLiteBehavior [ RunTime:0.000038s ]
INFO: [ app_init ] --END-- [ RunTime:0.000822s ]
INFO: [ app_begin ] --START--
INFO: Run Behavior\ReadHtmlCacheBehavior [ RunTime:0.000879s ]
INFO: [ app_begin ] --END-- [ RunTime:0.001024s ]
NOTIC: [8] Undefined index: user_name E:\xampp\htdocs\thinkphp\Application\Sample_Mjmz\Utils\SqlManager.class.php 第 86 行.
SQL: SHOW COLUMNS FROM `xq_user` [ RunTime:0.0073s ]
SQL: SELECT * FROM `xq_user` WHERE ( user_name='wys30201' )  [ RunTime:0.0186s ]
SQL: SHOW COLUMNS FROM `xq_user_report` [ RunTime:0.0079s ]
SQL: INSERT INTO `xq_user_report` (`user_name`,`report_type`,`report_msg`,`room_id`,`time`) VALUES ('wys30201','1','谩骂','1458967','1547482789') [ RunTime:0.1615s ]
SQL: SELECT * FROM `xq_user_report` WHERE ( room_id='1458967' )  [ RunTime:0.0006s ]
NOTIC: [8] Use of undefined constant COM - assumed 'COM' E:\xampp\htdocs\thinkphp\Application\Sample_Mjmz\Controller\BaseController.class.php 第 28 行.
NOTIC: [2] key() expects parameter 1 to be array, null given E:\xampp\htdocs\thinkphp\Application\Sample_Mjmz\Controller\BaseController.class.php 第 39 行.

[ 2019-01-15T00:20:37+08:00 ] ::1 /thinkphp/Sample_Mjmz/user/reportUser?userName=wys30201&type=0&reportType=2&reportMsg=%E5%93%88%E5%93%88%E5%93%88&roomId=1458967
INFO: [ app_init ] --START--
INFO: Run Behavior\BuildLiteBehavior [ RunTime:0.000024s ]
INFO: [ app_init ] --END-- [ RunTime:0.000616s ]
INFO: [ app_begin ] --START--
INFO: Run Behavior\ReadHtmlCacheBehavior [ RunTime:0.001275s ]
INFO: [ app_begin ] --END-- [ RunTime:0.001447s ]
NOTIC: [8] Undefined index: user_name E:\xampp\htdocs\thinkphp\Application\Sample_Mjmz\Utils\SqlManager.class.php 第 86 行.
SQL: SHOW COLUMNS FROM `xq_user` [ RunTime:0.0750s ]
SQL: SELECT * FROM `xq_user` WHERE ( user_name='wys30201' )  [ RunTime:0.0004s ]
SQL: SHOW COLUMNS FROM `xq_user_report` [ RunTime:0.0467s ]
SQL: INSERT INTO `xq_user_report` (`user_name`,`report_type`,`report_msg`,`room_id`,`time`) VALUES ('wys30201','2','哈哈哈','1458967','1547482837') [ RunTime:0.1146s ]
SQL: SELECT * FROM `xq_user_report` WHERE ( room_id='1458967' )  [ RunTime:0.0006s ]
NOTIC: [8] Use of undefined constant COM - assumed 'COM' E:\xampp\htdocs\thinkphp\Application\Sample_Mjmz\Controller\BaseController.class.php 第 28 行.
NOTIC: [2] key() expects parameter 1 to be array, null given E:\xampp\htdocs\thinkphp\Application\Sample_Mjmz\Controller\BaseController.class.php 第 39 行.

[ 2019-01-15T00:21:01+08:00 ] ::1 /thinkphp/Sample_Mjmz/user/reportUser?userName=wys30201&type=0&reportType=2&reportMsg=%E6%9D%A5%E6%9D%A5&roomId=1458967
INFO: [ app_init ] --START--
INFO: Run Behavior\BuildLiteBehavior [ RunTime:0.000023s ]
INFO: [ app_init ] --END-- [ RunTime:0.000619s ]
INFO: [ app_begin ] --START--
INFO: Run Behavior\ReadHtmlCacheBehavior [ RunTime:0.000688s ]
INFO: [ app_begin ] --END-- [ RunTime:0.000772s ]
NOTIC: [8] Undefined index: user_name E:\xampp\htdocs\thinkphp\Application\Sample_Mjmz\Utils\SqlManager.class.php 第 86 行.
SQL: SHOW COLUMNS FROM `xq_user` [ RunTime:0.5048s ]
SQL: SELECT * FROM `xq_user` WHERE ( user_name='wys30201' )  [ RunTime:0.0009s ]
SQL: SHOW COLUMNS FROM `xq_user_report` [ RunTime:0.0663s ]
SQL: INSERT INTO `xq_user_report` (`user_name`,`report_type`,`report_msg`,`room_id`,`time`) VALUES ('wys30201','2','来来','1458967','1547482861') [ RunTime:0.1883s ]
SQL: SELECT * FROM `xq_user_report` WHERE ( room_id='1458967' )  [ RunTime:0.0008s ]
NOTIC: [8] Use of undefined constant COM - assumed 'COM' E:\xampp\htdocs\thinkphp\Application\Sample_Mjmz\Controller\BaseController.class.php 第 28 行.
NOTIC: [2] key() expects parameter 1 to be array, null given E:\xampp\htdocs\thinkphp\Application\Sample_Mjmz\Controller\BaseController.class.php 第 39 行.

[ 2019-01-15T00:21:07+08:00 ] ::1 /thinkphp/Sample_Mjmz/JMessage/changePassword?userName=aaa&password=a3104028f10587ab4891049563ddddb9
INFO: [ app_init ] --START--
INFO: Run Behavior\BuildLiteBehavior [ RunTime:0.000023s ]
INFO: [ app_init ] --END-- [ RunTime:0.000515s ]
INFO: [ app_begin ] --START--
INFO: Run Behavior\ReadHtmlCacheBehavior [ RunTime:0.000703s ]
INFO: [ app_begin ] --END-- [ RunTime:0.000788s ]
NOTIC: [8] Undefined index: user_name E:\xampp\htdocs\thinkphp\Application\Sample_Mjmz\Utils\SqlManager.class.php 第 86 行.
SQL: SHOW COLUMNS FROM `xq_user` [ RunTime:0.0339s ]
SQL: SELECT * FROM `xq_user` WHERE ( user_name='aaa' )  [ RunTime:0.0004s ]
SQL: UPDATE `xq_user` SET `password`='a3104028f10587ab4891049563ddddb9',`modify_time`='2019-01-15 0:21:07' WHERE ( user_name='aaa' ) [ RunTime:0.0701s ]
NOTIC: [8] Use of undefined constant COM - assumed 'COM' E:\xampp\htdocs\thinkphp\Application\Sample_Mjmz\Controller\BaseController.class.php 第 28 行.
NOTIC: [2] key() expects parameter 1 to be array, null given E:\xampp\htdocs\thinkphp\Application\Sample_Mjmz\Controller\BaseController.class.php 第 39 行.
NOTIC: [8] Undefined index: type E:\xampp\htdocs\thinkphp\Application\Sample_Mjmz\Controller\BaseController.class.php 第 57 行.

[ 2019-01-15T00:21:24+08:00 ] ::1 /thinkphp/Sample_Mjmz/user/reportUser?userName=wys30201&type=0&reportType=2&reportMsg=%E6%9D%A5%E6%9D%A5&roomId=1458967
INFO: [ app_init ] --START--
INFO: Run Behavior\BuildLiteBehavior [ RunTime:0.000045s ]
INFO: [ app_init ] --END-- [ RunTime:0.001181s ]
INFO: [ app_begin ] --START--
INFO: Run Behavior\ReadHtmlCacheBehavior [ RunTime:0.001475s ]
INFO: [ app_begin ] --END-- [ RunTime:0.001654s ]
NOTIC: [8] Undefined index: user_name E:\xampp\htdocs\thinkphp\Application\Sample_Mjmz\Utils\SqlManager.class.php 第 86 行.
SQL: SHOW COLUMNS FROM `xq_user` [ RunTime:0.0061s ]
SQL: SELECT * FROM `xq_user` WHERE ( user_name='wys30201' )  [ RunTime:0.0005s ]
SQL: SHOW COLUMNS FROM `xq_user_report` [ RunTime:0.0089s ]
SQL: INSERT INTO `xq_user_report` (`user_name`,`report_type`,`report_msg`,`room_id`,`time`) VALUES ('wys30201','2','来来','1458967','1547482881') [ RunTime:2.8032s ]
SQL: SELECT * FROM `xq_user_report` WHERE ( room_id='1458967' )  [ RunTime:0.0004s ]
NOTIC: [8] Use of undefined constant COM - assumed 'COM' E:\xampp\htdocs\thinkphp\Application\Sample_Mjmz\Controller\BaseController.class.php 第 28 行.
NOTIC: [2] key() expects parameter 1 to be array, null given E:\xampp\htdocs\thinkphp\Application\Sample_Mjmz\Controller\BaseController.class.php 第 39 行.

[ 2019-01-15T00:22:17+08:00 ] ::1 /thinkphp/Sample_Mjmz/JMessage/exitChartRoom?roomId=7930&index=1&XDEBUG_SESSION_START=netbeans-xdebug
INFO: [ app_init ] --START--
INFO: Run Behavior\BuildLiteBehavior [ RunTime:0.000090s ]
INFO: [ app_init ] --END-- [ RunTime:0.001166s ]
INFO: [ app_begin ] --START--
INFO: Run Behavior\ReadHtmlCacheBehavior [ RunTime:0.001832s ]
INFO: [ app_begin ] --END-- [ RunTime:0.002413s ]
NOTIC: [8] Undefined index: userName E:\xampp\htdocs\thinkphp\Application\Sample_Mjmz\Controller\JMessageController.class.php 第 512 行.
NOTIC: [8] Undefined index: type E:\xampp\htdocs\thinkphp\Application\Sample_Mjmz\Controller\BaseController.class.php 第 57 行.

[ 2019-01-15T00:23:01+08:00 ] ::1 /thinkphp/Sample_Mjmz/user/reportUser?userName=wys30201&type=0&reportType=2&reportMsg=%E6%9D%A5%E6%9D%A5&roomId=1458967
INFO: [ app_init ] --START--
INFO: Run Behavior\BuildLiteBehavior [ RunTime:0.000077s ]
INFO: [ app_init ] --END-- [ RunTime:0.000985s ]
INFO: [ app_begin ] --START--
INFO: Run Behavior\ReadHtmlCacheBehavior [ RunTime:0.001285s ]
INFO: [ app_begin ] --END-- [ RunTime:0.001686s ]
NOTIC: [8] Undefined index: user_name E:\xampp\htdocs\thinkphp\Application\Sample_Mjmz\Utils\SqlManager.class.php 第 86 行.
SQL: SHOW COLUMNS FROM `xq_user` [ RunTime:0.0113s ]
SQL: SELECT * FROM `xq_user` WHERE ( user_name='wys30201' )  [ RunTime:0.0005s ]
SQL: SHOW COLUMNS FROM `xq_user_report` [ RunTime:0.0117s ]
SQL: INSERT INTO `xq_user_report` (`user_name`,`report_type`,`report_msg`,`room_id`,`time`) VALUES ('wys30201','2','来来','1458967','1547482955') [ RunTime:0.1300s ]
SQL: SELECT * FROM `xq_user_report` WHERE ( room_id='1458967' )  [ RunTime:0.0006s ]

[ 2019-01-15T00:23:06+08:00 ] ::1 /thinkphp/Sample_Mjmz/user/reportUser?userName=wys30201&type=0&reportType=2&reportMsg=%E6%9D%A5%E6%9D%A5&roomId=1458967
INFO: [ app_init ] --START--
INFO: Run Behavior\BuildLiteBehavior [ RunTime:0.000024s ]
INFO: [ app_init ] --END-- [ RunTime:0.000539s ]
INFO: [ app_begin ] --START--
INFO: Run Behavior\ReadHtmlCacheBehavior [ RunTime:0.000929s ]
INFO: [ app_begin ] --END-- [ RunTime:0.001053s ]
NOTIC: [8] Undefined index: user_name E:\xampp\htdocs\thinkphp\Application\Sample_Mjmz\Utils\SqlManager.class.php 第 86 行.
SQL: SHOW COLUMNS FROM `xq_user` [ RunTime:0.0079s ]
SQL: SELECT * FROM `xq_user` WHERE ( user_name='wys30201' )  [ RunTime:0.0005s ]
SQL: SHOW COLUMNS FROM `xq_user_report` [ RunTime:0.0100s ]
SQL: INSERT INTO `xq_user_report` (`user_name`,`report_type`,`report_msg`,`room_id`,`time`) VALUES ('wys30201','2','来来','1458967','1547482986') [ RunTime:0.0792s ]
SQL: SELECT * FROM `xq_user_report` WHERE ( room_id='1458967' )  [ RunTime:0.0008s ]
ERR: Using $this when not in object context

[ 2019-01-15T00:23:23+08:00 ] ::1 /thinkphp/Sample_Mjmz/user/reportUser?userName=wys30201&type=0&reportType=2&reportMsg=%E6%9D%A5%E6%9D%A5&roomId=1458967
INFO: [ app_init ] --START--
INFO: Run Behavior\BuildLiteBehavior [ RunTime:0.000036s ]
INFO: [ app_init ] --END-- [ RunTime:0.000977s ]
INFO: [ app_begin ] --START--
INFO: Run Behavior\ReadHtmlCacheBehavior [ RunTime:0.001922s ]
INFO: [ app_begin ] --END-- [ RunTime:0.002442s ]
NOTIC: [8] Undefined index: user_name E:\xampp\htdocs\thinkphp\Application\Sample_Mjmz\Utils\SqlManager.class.php 第 86 行.
SQL: SHOW COLUMNS FROM `xq_user` [ RunTime:0.0082s ]
SQL: SELECT * FROM `xq_user` WHERE ( user_name='wys30201' )  [ RunTime:0.0005s ]
SQL: SHOW COLUMNS FROM `xq_user_report` [ RunTime:0.0064s ]
SQL: INSERT INTO `xq_user_report` (`user_name`,`report_type`,`report_msg`,`room_id`,`time`) VALUES ('wys30201','2','来来','1458967','1547483003') [ RunTime:0.0894s ]
SQL: SELECT * FROM `xq_user_report` WHERE ( room_id='1458967' )  [ RunTime:0.0006s ]
SQL: SHOW COLUMNS FROM `xq_black_user` [ RunTime:0.0105s ]
SQL: INSERT INTO `xq_black_user` (`user_name`,`report_msg`,`room_id`,`start_time`,`end_time`) VALUES ('wys30201','谩骂哈哈哈来来来来来来来来来来','1458967','1547483003','1547742203') [ RunTime:0.0977s ]
NOTIC: [8] Use of undefined constant COM - assumed 'COM' E:\xampp\htdocs\thinkphp\Application\Sample_Mjmz\Controller\BaseController.class.php 第 28 行.
NOTIC: [2] key() expects parameter 1 to be array, null given E:\xampp\htdocs\thinkphp\Application\Sample_Mjmz\Controller\BaseController.class.php 第 39 行.

[ 2019-01-15T00:26:37+08:00 ] ::1 /thinkphp/Sample_Mjmz/user/reportUser?userName=wys30201&type=0&reportType=2&reportMsg=%E6%9D%A5%E6%9D%A5&roomId=1458967
INFO: [ app_init ] --START--
INFO: Run Behavior\BuildLiteBehavior [ RunTime:0.000027s ]
INFO: [ app_init ] --END-- [ RunTime:0.001078s ]
INFO: [ app_begin ] --START--
INFO: Run Behavior\ReadHtmlCacheBehavior [ RunTime:0.001648s ]
INFO: [ app_begin ] --END-- [ RunTime:0.001793s ]
NOTIC: [8] Undefined index: user_name E:\xampp\htdocs\thinkphp\Application\Sample_Mjmz\Utils\SqlManager.class.php 第 86 行.
SQL: SHOW COLUMNS FROM `xq_user` [ RunTime:0.0095s ]
SQL: SELECT * FROM `xq_user` WHERE ( user_name='wys30201' )  [ RunTime:0.0236s ]
SQL: SHOW COLUMNS FROM `xq_user_report` [ RunTime:0.0087s ]
SQL: INSERT INTO `xq_user_report` (`user_name`,`report_type`,`report_msg`,`room_id`,`time`) VALUES ('wys30201','2','来来','1458967','1547483196') [ RunTime:0.1074s ]
SQL: SELECT * FROM `xq_user_report` WHERE ( room_id='1458967' )  [ RunTime:0.0005s ]
NOTIC: [8] Undefined variable: value E:\xampp\htdocs\thinkphp\Application\Sample_Mjmz\Utils\SqlManager.class.php 第 252 行.
NOTIC: [8] Undefined variable: value E:\xampp\htdocs\thinkphp\Application\Sample_Mjmz\Utils\SqlManager.class.php 第 252 行.
NOTIC: [8] Undefined variable: value E:\xampp\htdocs\thinkphp\Application\Sample_Mjmz\Utils\SqlManager.class.php 第 252 行.
NOTIC: [8] Undefined variable: value E:\xampp\htdocs\thinkphp\Application\Sample_Mjmz\Utils\SqlManager.class.php 第 252 行.
NOTIC: [8] Undefined variable: value E:\xampp\htdocs\thinkphp\Application\Sample_Mjmz\Utils\SqlManager.class.php 第 252 行.
NOTIC: [8] Undefined variable: value E:\xampp\htdocs\thinkphp\Application\Sample_Mjmz\Utils\SqlManager.class.php 第 252 行.
NOTIC: [8] Undefined variable: value E:\xampp\htdocs\thinkphp\Application\Sample_Mjmz\Utils\SqlManager.class.php 第 252 行.
NOTIC: [8] Undefined variable: value E:\xampp\htdocs\thinkphp\Application\Sample_Mjmz\Utils\SqlManager.class.php 第 252 行.
SQL: SHOW COLUMNS FROM `xq_black_user` [ RunTime:0.0181s ]
SQL: INSERT INTO `xq_black_user` (`user_name`,`report_msg`,`room_id`,`start_time`,`end_time`) VALUES ('wys30201','0\\n1\\n2\\n3\\n4\\n5\\n6\\n7\\n','1458967','1547483197','1547742397') [ RunTime:0.1109s ]
NOTIC: [8] Use of undefined constant COM - assumed 'COM' E:\xampp\htdocs\thinkphp\Application\Sample_Mjmz\Controller\BaseController.class.php 第 28 行.
NOTIC: [2] key() expects parameter 1 to be array, null given E:\xampp\htdocs\thinkphp\Application\Sample_Mjmz\Controller\BaseController.class.php 第 39 行.

[ 2019-01-15T22:27:05+08:00 ] 192.168.1.100 /thinkphp/Sample_Mjmz/JMessage/getArrays?public=1
INFO: [ app_init ] --START--
INFO: Run Behavior\BuildLiteBehavior [ RunTime:0.000074s ]
INFO: [ app_init ] --END-- [ RunTime:0.001559s ]
INFO: [ app_begin ] --START--
INFO: Run Behavior\ReadHtmlCacheBehavior [ RunTime:0.002457s ]
INFO: [ app_begin ] --END-- [ RunTime:0.002974s ]
NOTIC: [8] Use of undefined constant COM - assumed 'COM' E:\xampp\htdocs\thinkphp\Application\Sample_Mjmz\Controller\BaseController.class.php 第 28 行.
NOTIC: [2] key() expects parameter 1 to be array, null given E:\xampp\htdocs\thinkphp\Application\Sample_Mjmz\Controller\BaseController.class.php 第 39 行.
NOTIC: [8] Undefined index: type E:\xampp\htdocs\thinkphp\Application\Sample_Mjmz\Controller\BaseController.class.php 第 57 行.

[ 2019-01-15T22:27:06+08:00 ] 192.168.1.100 /thinkphp/Sample_Mjmz/User/login?userName=wys30201&password=a3104028f10587ab4891049563ddddb9
INFO: [ app_init ] --START--
INFO: Run Behavior\BuildLiteBehavior [ RunTime:0.000047s ]
INFO: [ app_init ] --END-- [ RunTime:0.030454s ]
INFO: [ app_begin ] --START--
INFO: Run Behavior\ReadHtmlCacheBehavior [ RunTime:0.001794s ]
INFO: [ app_begin ] --END-- [ RunTime:0.001965s ]
SQL: SHOW COLUMNS FROM `xq_user` [ RunTime:0.2133s ]
SQL: SELECT * FROM `xq_user` WHERE ( user_name='wys30201' )  [ RunTime:0.0007s ]
SQL: SELECT * FROM `xq_user` WHERE ( user_name='wys30201' ) LIMIT 1   [ RunTime:0.0005s ]
SQL: SHOW COLUMNS FROM `xq_user_info` [ RunTime:0.3225s ]
SQL: SELECT `user_id`,`user_name`,`nick_name`,`gender`,`role_type`,`level`,`balance`,`age`,`tall`,`scholling`,`professional`,`native_place`,`marrige`,`job_address`,`phone`,`head_image`,`create_time`,`modify_time`,`special_info` FROM `xq_user_info` WHERE ( user_name='wys30201' ) LIMIT 1   [ RunTime:0.0013s ]
NOTIC: [8] Use of undefined constant COM - assumed 'COM' E:\xampp\htdocs\thinkphp\Application\Sample_Mjmz\Controller\BaseController.class.php 第 28 行.
NOTIC: [2] key() expects parameter 1 to be array, null given E:\xampp\htdocs\thinkphp\Application\Sample_Mjmz\Controller\BaseController.class.php 第 39 行.
NOTIC: [8] Undefined index: type E:\xampp\htdocs\thinkphp\Application\Sample_Mjmz\Controller\BaseController.class.php 第 57 行.

[ 2019-01-15T22:27:06+08:00 ] 192.168.1.100 /thinkphp/Sample_Mjmz/JMessage/getArrays?public=1
INFO: [ app_init ] --START--
INFO: Run Behavior\BuildLiteBehavior [ RunTime:0.000040s ]
INFO: [ app_init ] --END-- [ RunTime:0.001055s ]
INFO: [ app_begin ] --START--
INFO: Run Behavior\ReadHtmlCacheBehavior [ RunTime:0.001027s ]
INFO: [ app_begin ] --END-- [ RunTime:0.001198s ]
NOTIC: [8] Use of undefined constant COM - assumed 'COM' E:\xampp\htdocs\thinkphp\Application\Sample_Mjmz\Controller\BaseController.class.php 第 28 行.
NOTIC: [2] key() expects parameter 1 to be array, null given E:\xampp\htdocs\thinkphp\Application\Sample_Mjmz\Controller\BaseController.class.php 第 39 行.
NOTIC: [8] Undefined index: type E:\xampp\htdocs\thinkphp\Application\Sample_Mjmz\Controller\BaseController.class.php 第 57 行.

[ 2019-01-15T22:27:21+08:00 ] 192.168.1.100 /thinkphp/Sample_Mjmz/JMessage/getArrays?public=1
INFO: [ app_init ] --START--
INFO: Run Behavior\BuildLiteBehavior [ RunTime:0.000038s ]
INFO: [ app_init ] --END-- [ RunTime:0.000773s ]
INFO: [ app_begin ] --START--
INFO: Run Behavior\ReadHtmlCacheBehavior [ RunTime:0.000855s ]
INFO: [ app_begin ] --END-- [ RunTime:0.000985s ]
NOTIC: [8] Use of undefined constant COM - assumed 'COM' E:\xampp\htdocs\thinkphp\Application\Sample_Mjmz\Controller\BaseController.class.php 第 28 行.
NOTIC: [2] key() expects parameter 1 to be array, null given E:\xampp\htdocs\thinkphp\Application\Sample_Mjmz\Controller\BaseController.class.php 第 39 行.
NOTIC: [8] Undefined index: type E:\xampp\htdocs\thinkphp\Application\Sample_Mjmz\Controller\BaseController.class.php 第 57 行.

[ 2019-01-15T22:27:21+08:00 ] 192.168.1.103 /thinkphp/Sample_Mjmz/JMessage/getArrays?public=1
INFO: [ app_init ] --START--
INFO: Run Behavior\BuildLiteBehavior [ RunTime:0.000024s ]
INFO: [ app_init ] --END-- [ RunTime:0.000798s ]
INFO: [ app_begin ] --START--
INFO: Run Behavior\ReadHtmlCacheBehavior [ RunTime:0.001247s ]
INFO: [ app_begin ] --END-- [ RunTime:0.001374s ]
NOTIC: [8] Use of undefined constant COM - assumed 'COM' E:\xampp\htdocs\thinkphp\Application\Sample_Mjmz\Controller\BaseController.class.php 第 28 行.
NOTIC: [2] key() expects parameter 1 to be array, null given E:\xampp\htdocs\thinkphp\Application\Sample_Mjmz\Controller\BaseController.class.php 第 39 行.
NOTIC: [8] Undefined index: type E:\xampp\htdocs\thinkphp\Application\Sample_Mjmz\Controller\BaseController.class.php 第 57 行.

[ 2019-01-15T22:27:21+08:00 ] 192.168.1.100 /thinkphp/Sample_Mjmz/JMessage/createChartRoom?public=1&limitAngel=1&describe=%E4%B8%80%E8%B5%B7%E6%9D%A5%E7%9B%B8%E4%BA%B2%E5%90%A7&pushAddress=cnRtcDovLzE5Mi4xNjguMS4xMDEvbGl2ZS9zdHJlYW0x%0A&limitMan=1&gender=%E7%94%B7&userName=wys30201&limitLevel=-1&limitLady=2&level=0&playAddress=cnRtcDovLzE5Mi4xNjguMS4xMDEvbGl2ZS9zdHJlYW0x%0A
INFO: [ app_init ] --START--
INFO: Run Behavior\BuildLiteBehavior [ RunTime:0.000041s ]
INFO: [ app_init ] --END-- [ RunTime:0.000621s ]
INFO: [ app_begin ] --START--
INFO: Run Behavior\ReadHtmlCacheBehavior [ RunTime:0.000808s ]
INFO: [ app_begin ] --END-- [ RunTime:0.000906s ]
SQL: SHOW COLUMNS FROM `xq_user_info` [ RunTime:0.0046s ]
SQL: SELECT `user_id`,`user_name`,`nick_name`,`gender`,`role_type`,`level`,`balance`,`age`,`tall`,`scholling`,`professional`,`native_place`,`marrige`,`job_address`,`phone`,`head_image`,`create_time`,`modify_time`,`special_info` FROM `xq_user_info` WHERE ( user_name='wys30201' ) LIMIT 1   [ RunTime:0.0004s ]
NOTIC: [8] Undefined variable: result E:\xampp\htdocs\thinkphp\Application\Sample_Mjmz\Custom\Jchart\JMChartRoomHandler.class.php 第 137 行.
NOTIC: [8] Undefined variable: result E:\xampp\htdocs\thinkphp\Application\Sample_Mjmz\Custom\Jchart\JMChartRoomHandler.class.php 第 139 行.
NOTIC: [2] Invalid argument supplied for foreach() E:\xampp\htdocs\thinkphp\Application\Sample_Mjmz\Custom\Jchart\JMChartRoomHandler.class.php 第 139 行.
NOTIC: [8] Undefined index: error E:\xampp\htdocs\thinkphp\Application\Sample_Mjmz\Custom\Jchart\JMChartRoomHandler.class.php 第 60 行.
SQL: SHOW COLUMNS FROM `xq_chat_room` [ RunTime:0.2696s ]
SQL: INSERT INTO `xq_chat_room` (`room_id`,`create_time`,`creater`,`describe`,`status`) VALUES ('12984619','1547562441','wys30201','一起来相亲吧','0') [ RunTime:0.1981s ]
SQL: SHOW COLUMNS FROM `xq_room_record` [ RunTime:0.0417s ]
SQL: SELECT * FROM `xq_room_record` WHERE ( user_name='wys30201' and room_id='12984619' ) LIMIT 1   [ RunTime:0.0096s ]
SQL: INSERT INTO `xq_room_record` (`room_id`,`status`,`user_name`,`enter_time`,`room_role_type`) VALUES ('12984619','0','wys30201','1547562441','1') [ RunTime:0.1066s ]
NOTIC: [8] Use of undefined constant COM - assumed 'COM' E:\xampp\htdocs\thinkphp\Application\Sample_Mjmz\Controller\BaseController.class.php 第 28 行.
NOTIC: [2] key() expects parameter 1 to be array, null given E:\xampp\htdocs\thinkphp\Application\Sample_Mjmz\Controller\BaseController.class.php 第 39 行.
NOTIC: [8] Undefined index: type E:\xampp\htdocs\thinkphp\Application\Sample_Mjmz\Controller\BaseController.class.php 第 57 行.

[ 2019-01-15T22:27:59+08:00 ] 192.168.1.100 /thinkphp/Sample_Mjmz/User/reportUser?reportMsg=%E4%B8%8D%E5%B0%8A%E9%87%8D%E4%BA%BA%EF%BC%8C%E4%B9%B1%E8%AF%AD&roomId=12984619&userName=wys30201&reportType=1
INFO: [ app_init ] --START--
INFO: Run Behavior\BuildLiteBehavior [ RunTime:0.000037s ]
INFO: [ app_init ] --END-- [ RunTime:0.000976s ]
INFO: [ app_begin ] --START--
INFO: Run Behavior\ReadHtmlCacheBehavior [ RunTime:0.001712s ]
INFO: [ app_begin ] --END-- [ RunTime:0.001906s ]
NOTIC: [8] Undefined index: user_name E:\xampp\htdocs\thinkphp\Application\Sample_Mjmz\Utils\SqlManager.class.php 第 86 行.
SQL: SHOW COLUMNS FROM `xq_user` [ RunTime:0.0060s ]
SQL: SELECT * FROM `xq_user` WHERE ( user_name='wys30201' )  [ RunTime:0.0005s ]
SQL: SHOW COLUMNS FROM `xq_user_report` [ RunTime:0.1597s ]
SQL: INSERT INTO `xq_user_report` (`user_name`,`report_type`,`report_msg`,`room_id`,`time`) VALUES ('wys30201','1','不尊重人，乱语','12984619','1547562478') [ RunTime:0.1621s ]
SQL: SELECT * FROM `xq_user_report` WHERE ( room_id='12984619' )  [ RunTime:0.0004s ]
NOTIC: [8] Use of undefined constant COM - assumed 'COM' E:\xampp\htdocs\thinkphp\Application\Sample_Mjmz\Controller\BaseController.class.php 第 28 行.
NOTIC: [2] key() expects parameter 1 to be array, null given E:\xampp\htdocs\thinkphp\Application\Sample_Mjmz\Controller\BaseController.class.php 第 39 行.
NOTIC: [8] Undefined index: type E:\xampp\htdocs\thinkphp\Application\Sample_Mjmz\Controller\BaseController.class.php 第 57 行.

[ 2019-01-15T22:28:21+08:00 ] 192.168.1.100 /thinkphp/Sample_Mjmz/JMessage/deleteChartRoom?status=0&userName=wys30201&roomId=12984619
INFO: [ app_init ] --START--
INFO: Run Behavior\BuildLiteBehavior [ RunTime:0.000022s ]
INFO: [ app_init ] --END-- [ RunTime:0.000517s ]
INFO: [ app_begin ] --START--
INFO: Run Behavior\ReadHtmlCacheBehavior [ RunTime:0.000759s ]
INFO: [ app_begin ] --END-- [ RunTime:0.000888s ]
SQL: SHOW COLUMNS FROM `xq_chat_room` [ RunTime:0.0051s ]
SQL: SELECT * FROM `xq_chat_room` WHERE ( room_id='12984619' ) LIMIT 1   [ RunTime:0.0006s ]
SQL: UPDATE `xq_chat_room` SET `id`='15',`room_id`='12984619',`describe`='一起来相亲吧',`creater`='wys30201',`create_time`='1547562441',`delete_time`='1547562498',`status`='0' WHERE ( id='15' ) [ RunTime:1.9279s ]
SQL: SHOW COLUMNS FROM `xq_room_record` [ RunTime:0.0569s ]
SQL: SELECT * FROM `xq_room_record` WHERE ( user_name='wys30201' and room_id='12984619' ) LIMIT 1   [ RunTime:0.0004s ]
SQL: UPDATE `xq_room_record` SET `id`='38',`room_id`='12984619',`user_name`='wys30201',`status`='0',`enter_time`='1547562441',`exit_time`='1547562500',`room_role_type`='1' WHERE ( user_name='wys30201' and room_id='12984619' ) [ RunTime:0.2007s ]
NOTIC: [8] Undefined index: userName E:\xampp\htdocs\thinkphp\Application\Sample_Mjmz\Controller\JMessageController.class.php 第 332 行.
NOTIC: [8] Use of undefined constant COM - assumed 'COM' E:\xampp\htdocs\thinkphp\Application\Sample_Mjmz\Controller\BaseController.class.php 第 28 行.
NOTIC: [2] key() expects parameter 1 to be array, null given E:\xampp\htdocs\thinkphp\Application\Sample_Mjmz\Controller\BaseController.class.php 第 39 行.
NOTIC: [8] Undefined index: type E:\xampp\htdocs\thinkphp\Application\Sample_Mjmz\Controller\BaseController.class.php 第 57 行.

[ 2019-01-15T22:28:21+08:00 ] 192.168.1.100 /thinkphp/Sample_Mjmz/JMessage/getArrays?public=1
INFO: [ app_init ] --START--
INFO: Run Behavior\BuildLiteBehavior [ RunTime:0.000030s ]
INFO: [ app_init ] --END-- [ RunTime:0.000808s ]
INFO: [ app_begin ] --START--
INFO: Run Behavior\ReadHtmlCacheBehavior [ RunTime:0.000914s ]
INFO: [ app_begin ] --END-- [ RunTime:0.001012s ]
NOTIC: [8] Use of undefined constant COM - assumed 'COM' E:\xampp\htdocs\thinkphp\Application\Sample_Mjmz\Controller\BaseController.class.php 第 28 行.
NOTIC: [2] key() expects parameter 1 to be array, null given E:\xampp\htdocs\thinkphp\Application\Sample_Mjmz\Controller\BaseController.class.php 第 39 行.
NOTIC: [8] Undefined index: type E:\xampp\htdocs\thinkphp\Application\Sample_Mjmz\Controller\BaseController.class.php 第 57 行.

[ 2019-01-15T22:28:22+08:00 ] 192.168.1.103 /thinkphp/Sample_Mjmz/JMessage/getArrays?public=1
INFO: [ app_init ] --START--
INFO: Run Behavior\BuildLiteBehavior [ RunTime:0.000035s ]
INFO: [ app_init ] --END-- [ RunTime:0.000912s ]
INFO: [ app_begin ] --START--
INFO: Run Behavior\ReadHtmlCacheBehavior [ RunTime:0.001954s ]
INFO: [ app_begin ] --END-- [ RunTime:0.002191s ]
NOTIC: [8] Use of undefined constant COM - assumed 'COM' E:\xampp\htdocs\thinkphp\Application\Sample_Mjmz\Controller\BaseController.class.php 第 28 行.
NOTIC: [2] key() expects parameter 1 to be array, null given E:\xampp\htdocs\thinkphp\Application\Sample_Mjmz\Controller\BaseController.class.php 第 39 行.
NOTIC: [8] Undefined index: type E:\xampp\htdocs\thinkphp\Application\Sample_Mjmz\Controller\BaseController.class.php 第 57 行.

[ 2019-01-15T22:35:33+08:00 ] 192.168.1.100 /thinkphp/Sample_Mjmz/User/login?userName=wys30201&password=a3104028f10587ab4891049563ddddb9
INFO: [ app_init ] --START--
INFO: Run Behavior\BuildLiteBehavior [ RunTime:0.000028s ]
INFO: [ app_init ] --END-- [ RunTime:0.000780s ]
INFO: [ app_begin ] --START--
INFO: Run Behavior\ReadHtmlCacheBehavior [ RunTime:0.001449s ]
INFO: [ app_begin ] --END-- [ RunTime:0.001606s ]
SQL: SHOW COLUMNS FROM `xq_user` [ RunTime:0.0043s ]
SQL: SELECT * FROM `xq_user` WHERE ( user_name='wys30201' )  [ RunTime:0.0007s ]
SQL: SELECT * FROM `xq_user` WHERE ( user_name='wys30201' ) LIMIT 1   [ RunTime:0.0005s ]
SQL: SHOW COLUMNS FROM `xq_user_info` [ RunTime:0.0090s ]
SQL: SELECT `user_id`,`user_name`,`nick_name`,`gender`,`role_type`,`level`,`balance`,`age`,`tall`,`scholling`,`professional`,`native_place`,`marrige`,`job_address`,`phone`,`head_image`,`create_time`,`modify_time`,`special_info` FROM `xq_user_info` WHERE ( user_name='wys30201' ) LIMIT 1   [ RunTime:0.0005s ]
NOTIC: [8] Use of undefined constant COM - assumed 'COM' E:\xampp\htdocs\thinkphp\Application\Sample_Mjmz\Controller\BaseController.class.php 第 28 行.
NOTIC: [2] key() expects parameter 1 to be array, null given E:\xampp\htdocs\thinkphp\Application\Sample_Mjmz\Controller\BaseController.class.php 第 39 行.
NOTIC: [8] Undefined index: type E:\xampp\htdocs\thinkphp\Application\Sample_Mjmz\Controller\BaseController.class.php 第 57 行.

[ 2019-01-15T22:35:33+08:00 ] 192.168.1.100 /thinkphp/Sample_Mjmz/JMessage/getArrays?public=1
INFO: [ app_init ] --START--
INFO: Run Behavior\BuildLiteBehavior [ RunTime:0.000031s ]
INFO: [ app_init ] --END-- [ RunTime:0.001033s ]
INFO: [ app_begin ] --START--
INFO: Run Behavior\ReadHtmlCacheBehavior [ RunTime:0.001231s ]
INFO: [ app_begin ] --END-- [ RunTime:0.001355s ]
NOTIC: [8] Use of undefined constant COM - assumed 'COM' E:\xampp\htdocs\thinkphp\Application\Sample_Mjmz\Controller\BaseController.class.php 第 28 行.
NOTIC: [2] key() expects parameter 1 to be array, null given E:\xampp\htdocs\thinkphp\Application\Sample_Mjmz\Controller\BaseController.class.php 第 39 行.
NOTIC: [8] Undefined index: type E:\xampp\htdocs\thinkphp\Application\Sample_Mjmz\Controller\BaseController.class.php 第 57 行.

[ 2019-01-15T22:35:33+08:00 ] 192.168.1.100 /thinkphp/Sample_Mjmz/JMessage/getArrays?public=1
INFO: [ app_init ] --START--
INFO: Run Behavior\BuildLiteBehavior [ RunTime:0.000033s ]
INFO: [ app_init ] --END-- [ RunTime:0.000902s ]
INFO: [ app_begin ] --START--
INFO: Run Behavior\ReadHtmlCacheBehavior [ RunTime:0.001234s ]
INFO: [ app_begin ] --END-- [ RunTime:0.001395s ]
NOTIC: [8] Use of undefined constant COM - assumed 'COM' E:\xampp\htdocs\thinkphp\Application\Sample_Mjmz\Controller\BaseController.class.php 第 28 行.
NOTIC: [2] key() expects parameter 1 to be array, null given E:\xampp\htdocs\thinkphp\Application\Sample_Mjmz\Controller\BaseController.class.php 第 39 行.
NOTIC: [8] Undefined index: type E:\xampp\htdocs\thinkphp\Application\Sample_Mjmz\Controller\BaseController.class.php 第 57 行.

[ 2019-01-15T22:35:52+08:00 ] 192.168.1.100 /thinkphp/Sample_Mjmz/JMessage/getArrays?public=1
INFO: [ app_init ] --START--
INFO: Run Behavior\BuildLiteBehavior [ RunTime:0.000039s ]
INFO: [ app_init ] --END-- [ RunTime:0.000841s ]
INFO: [ app_begin ] --START--
INFO: Run Behavior\ReadHtmlCacheBehavior [ RunTime:0.001017s ]
INFO: [ app_begin ] --END-- [ RunTime:0.001177s ]
NOTIC: [8] Use of undefined constant COM - assumed 'COM' E:\xampp\htdocs\thinkphp\Application\Sample_Mjmz\Controller\BaseController.class.php 第 28 行.
NOTIC: [2] key() expects parameter 1 to be array, null given E:\xampp\htdocs\thinkphp\Application\Sample_Mjmz\Controller\BaseController.class.php 第 39 行.
NOTIC: [8] Undefined index: type E:\xampp\htdocs\thinkphp\Application\Sample_Mjmz\Controller\BaseController.class.php 第 57 行.

[ 2019-01-15T22:35:53+08:00 ] 192.168.1.100 /thinkphp/Sample_Mjmz/JMessage/createChartRoom?public=1&limitAngel=1&describe=%E4%B8%80%E8%B5%B7%E6%9D%A5%E7%9B%B8%E4%BA%B2%E5%90%A7&pushAddress=cnRtcDovLzE5Mi4xNjguMS4xMDEvbGl2ZS9zdHJlYW0x%0A&limitMan=1&gender=%E7%94%B7&userName=wys30201&limitLevel=-1&limitLady=2&level=0&playAddress=cnRtcDovLzE5Mi4xNjguMS4xMDEvbGl2ZS9zdHJlYW0x%0A
INFO: [ app_init ] --START--
INFO: Run Behavior\BuildLiteBehavior [ RunTime:0.000038s ]
INFO: [ app_init ] --END-- [ RunTime:0.000842s ]
INFO: [ app_begin ] --START--
INFO: Run Behavior\ReadHtmlCacheBehavior [ RunTime:0.001165s ]
INFO: [ app_begin ] --END-- [ RunTime:0.001312s ]
SQL: SHOW COLUMNS FROM `xq_user_info` [ RunTime:0.0050s ]
SQL: SELECT `user_id`,`user_name`,`nick_name`,`gender`,`role_type`,`level`,`balance`,`age`,`tall`,`scholling`,`professional`,`native_place`,`marrige`,`job_address`,`phone`,`head_image`,`create_time`,`modify_time`,`special_info` FROM `xq_user_info` WHERE ( user_name='wys30201' ) LIMIT 1   [ RunTime:0.0006s ]
NOTIC: [8] Undefined variable: result E:\xampp\htdocs\thinkphp\Application\Sample_Mjmz\Custom\Jchart\JMChartRoomHandler.class.php 第 137 行.
NOTIC: [8] Undefined variable: result E:\xampp\htdocs\thinkphp\Application\Sample_Mjmz\Custom\Jchart\JMChartRoomHandler.class.php 第 139 行.
NOTIC: [2] Invalid argument supplied for foreach() E:\xampp\htdocs\thinkphp\Application\Sample_Mjmz\Custom\Jchart\JMChartRoomHandler.class.php 第 139 行.
NOTIC: [8] Undefined index: error E:\xampp\htdocs\thinkphp\Application\Sample_Mjmz\Custom\Jchart\JMChartRoomHandler.class.php 第 60 行.
SQL: SHOW COLUMNS FROM `xq_chat_room` [ RunTime:0.0063s ]
SQL: INSERT INTO `xq_chat_room` (`room_id`,`create_time`,`creater`,`describe`,`status`) VALUES ('15375938','1547562952','wys30201','一起来相亲吧','0') [ RunTime:0.4392s ]
SQL: SHOW COLUMNS FROM `xq_room_record` [ RunTime:0.0166s ]
SQL: SELECT * FROM `xq_room_record` WHERE ( user_name='wys30201' and room_id='15375938' ) LIMIT 1   [ RunTime:0.0005s ]
SQL: INSERT INTO `xq_room_record` (`room_id`,`status`,`user_name`,`enter_time`,`room_role_type`) VALUES ('15375938','0','wys30201','1547562953','1') [ RunTime:0.1521s ]
NOTIC: [8] Use of undefined constant COM - assumed 'COM' E:\xampp\htdocs\thinkphp\Application\Sample_Mjmz\Controller\BaseController.class.php 第 28 行.
NOTIC: [2] key() expects parameter 1 to be array, null given E:\xampp\htdocs\thinkphp\Application\Sample_Mjmz\Controller\BaseController.class.php 第 39 行.
NOTIC: [8] Undefined index: type E:\xampp\htdocs\thinkphp\Application\Sample_Mjmz\Controller\BaseController.class.php 第 57 行.

[ 2019-01-15T22:35:57+08:00 ] 192.168.1.100 /thinkphp/Sample_Mjmz/User/reportUser?reportMsg=%E4%B8%8D%E5%B0%8A%E9%87%8D%E4%BA%BA%EF%BC%8C%E4%B9%B1%E8%AF%AD&roomId=15375938&userName=wys30201&reportType=1
INFO: [ app_init ] --START--
INFO: Run Behavior\BuildLiteBehavior [ RunTime:0.000037s ]
INFO: [ app_init ] --END-- [ RunTime:0.000958s ]
INFO: [ app_begin ] --START--
INFO: Run Behavior\ReadHtmlCacheBehavior [ RunTime:0.001322s ]
INFO: [ app_begin ] --END-- [ RunTime:0.001487s ]
NOTIC: [8] Undefined index: user_name E:\xampp\htdocs\thinkphp\Application\Sample_Mjmz\Utils\SqlManager.class.php 第 86 行.
SQL: SHOW COLUMNS FROM `xq_user` [ RunTime:0.0050s ]
SQL: SELECT * FROM `xq_user` WHERE ( user_name='wys30201' )  [ RunTime:0.0005s ]
SQL: SHOW COLUMNS FROM `xq_user_report` [ RunTime:0.0059s ]
SQL: INSERT INTO `xq_user_report` (`user_name`,`report_type`,`report_msg`,`room_id`,`time`) VALUES ('wys30201','1','不尊重人，乱语','15375938','2019') [ RunTime:0.1150s ]
SQL: SELECT * FROM `xq_user_report` WHERE ( room_id='15375938' )  [ RunTime:0.0005s ]
NOTIC: [8] Use of undefined constant COM - assumed 'COM' E:\xampp\htdocs\thinkphp\Application\Sample_Mjmz\Controller\BaseController.class.php 第 28 行.
NOTIC: [2] key() expects parameter 1 to be array, null given E:\xampp\htdocs\thinkphp\Application\Sample_Mjmz\Controller\BaseController.class.php 第 39 行.
NOTIC: [8] Undefined index: type E:\xampp\htdocs\thinkphp\Application\Sample_Mjmz\Controller\BaseController.class.php 第 57 行.

[ 2019-01-15T22:36:15+08:00 ] 192.168.1.100 /thinkphp/Sample_Mjmz/JMessage/deleteChartRoom?status=0&userName=wys30201&roomId=15375938
INFO: [ app_init ] --START--
INFO: Run Behavior\BuildLiteBehavior [ RunTime:0.000041s ]
INFO: [ app_init ] --END-- [ RunTime:0.000835s ]
INFO: [ app_begin ] --START--
INFO: Run Behavior\ReadHtmlCacheBehavior [ RunTime:0.001024s ]
INFO: [ app_begin ] --END-- [ RunTime:0.001180s ]
SQL: SHOW COLUMNS FROM `xq_chat_room` [ RunTime:0.0060s ]
SQL: SELECT * FROM `xq_chat_room` WHERE ( room_id='15375938' ) LIMIT 1   [ RunTime:0.0005s ]
SQL: UPDATE `xq_chat_room` SET `id`='16',`room_id`='15375938',`describe`='一起来相亲吧',`creater`='wys30201',`create_time`='1547562952',`delete_time`='1547562975',`status`='0' WHERE ( id='16' ) [ RunTime:0.1377s ]
SQL: SHOW COLUMNS FROM `xq_room_record` [ RunTime:0.0052s ]
SQL: SELECT * FROM `xq_room_record` WHERE ( user_name='wys30201' and room_id='15375938' ) LIMIT 1   [ RunTime:0.0004s ]
SQL: UPDATE `xq_room_record` SET `id`='39',`room_id`='15375938',`user_name`='wys30201',`status`='0',`enter_time`='1547562953',`exit_time`='1547562975',`room_role_type`='1' WHERE ( user_name='wys30201' and room_id='15375938' ) [ RunTime:0.0862s ]
NOTIC: [8] Undefined index: userName E:\xampp\htdocs\thinkphp\Application\Sample_Mjmz\Controller\JMessageController.class.php 第 332 行.
NOTIC: [8] Use of undefined constant COM - assumed 'COM' E:\xampp\htdocs\thinkphp\Application\Sample_Mjmz\Controller\BaseController.class.php 第 28 行.
NOTIC: [2] key() expects parameter 1 to be array, null given E:\xampp\htdocs\thinkphp\Application\Sample_Mjmz\Controller\BaseController.class.php 第 39 行.
NOTIC: [8] Undefined index: type E:\xampp\htdocs\thinkphp\Application\Sample_Mjmz\Controller\BaseController.class.php 第 57 行.

[ 2019-01-15T22:36:16+08:00 ] 192.168.1.100 /thinkphp/Sample_Mjmz/JMessage/getArrays?public=1
INFO: [ app_init ] --START--
INFO: Run Behavior\BuildLiteBehavior [ RunTime:0.000022s ]
INFO: [ app_init ] --END-- [ RunTime:0.000540s ]
INFO: [ app_begin ] --START--
INFO: Run Behavior\ReadHtmlCacheBehavior [ RunTime:0.000714s ]
INFO: [ app_begin ] --END-- [ RunTime:0.000801s ]
NOTIC: [8] Use of undefined constant COM - assumed 'COM' E:\xampp\htdocs\thinkphp\Application\Sample_Mjmz\Controller\BaseController.class.php 第 28 行.
NOTIC: [2] key() expects parameter 1 to be array, null given E:\xampp\htdocs\thinkphp\Application\Sample_Mjmz\Controller\BaseController.class.php 第 39 行.
NOTIC: [8] Undefined index: type E:\xampp\htdocs\thinkphp\Application\Sample_Mjmz\Controller\BaseController.class.php 第 57 行.

[ 2019-01-15T22:40:24+08:00 ] 192.168.1.100 /thinkphp/Sample_Mjmz/JMessage/getArrays?public=1
INFO: [ app_init ] --START--
INFO: Run Behavior\BuildLiteBehavior [ RunTime:0.000023s ]
INFO: [ app_init ] --END-- [ RunTime:0.000602s ]
INFO: [ app_begin ] --START--
INFO: Run Behavior\ReadHtmlCacheBehavior [ RunTime:0.000861s ]
INFO: [ app_begin ] --END-- [ RunTime:0.000943s ]
NOTIC: [8] Use of undefined constant COM - assumed 'COM' E:\xampp\htdocs\thinkphp\Application\Sample_Mjmz\Controller\BaseController.class.php 第 28 行.
NOTIC: [2] key() expects parameter 1 to be array, null given E:\xampp\htdocs\thinkphp\Application\Sample_Mjmz\Controller\BaseController.class.php 第 39 行.
NOTIC: [8] Undefined index: type E:\xampp\htdocs\thinkphp\Application\Sample_Mjmz\Controller\BaseController.class.php 第 57 行.

[ 2019-01-15T22:40:24+08:00 ] 192.168.1.100 /thinkphp/Sample_Mjmz/User/login?userName=wys30201&password=a3104028f10587ab4891049563ddddb9
INFO: [ app_init ] --START--
INFO: Run Behavior\BuildLiteBehavior [ RunTime:0.000031s ]
INFO: [ app_init ] --END-- [ RunTime:0.001157s ]
INFO: [ app_begin ] --START--
INFO: Run Behavior\ReadHtmlCacheBehavior [ RunTime:0.001208s ]
INFO: [ app_begin ] --END-- [ RunTime:0.001358s ]
SQL: SHOW COLUMNS FROM `xq_user` [ RunTime:0.1093s ]
SQL: SELECT * FROM `xq_user` WHERE ( user_name='wys30201' )  [ RunTime:0.0007s ]
SQL: SELECT * FROM `xq_user` WHERE ( user_name='wys30201' ) LIMIT 1   [ RunTime:0.0004s ]
SQL: SHOW COLUMNS FROM `xq_user_info` [ RunTime:0.4139s ]
SQL: SELECT `user_id`,`user_name`,`nick_name`,`gender`,`role_type`,`level`,`balance`,`age`,`tall`,`scholling`,`professional`,`native_place`,`marrige`,`job_address`,`phone`,`head_image`,`create_time`,`modify_time`,`special_info` FROM `xq_user_info` WHERE ( user_name='wys30201' ) LIMIT 1   [ RunTime:0.0010s ]
NOTIC: [8] Use of undefined constant COM - assumed 'COM' E:\xampp\htdocs\thinkphp\Application\Sample_Mjmz\Controller\BaseController.class.php 第 28 行.
NOTIC: [2] key() expects parameter 1 to be array, null given E:\xampp\htdocs\thinkphp\Application\Sample_Mjmz\Controller\BaseController.class.php 第 39 行.
NOTIC: [8] Undefined index: type E:\xampp\htdocs\thinkphp\Application\Sample_Mjmz\Controller\BaseController.class.php 第 57 行.

[ 2019-01-15T22:40:24+08:00 ] 192.168.1.100 /thinkphp/Sample_Mjmz/JMessage/getArrays?public=1
INFO: [ app_init ] --START--
INFO: Run Behavior\BuildLiteBehavior [ RunTime:0.000035s ]
INFO: [ app_init ] --END-- [ RunTime:0.000972s ]
INFO: [ app_begin ] --START--
INFO: Run Behavior\ReadHtmlCacheBehavior [ RunTime:0.001173s ]
INFO: [ app_begin ] --END-- [ RunTime:0.001304s ]
NOTIC: [8] Use of undefined constant COM - assumed 'COM' E:\xampp\htdocs\thinkphp\Application\Sample_Mjmz\Controller\BaseController.class.php 第 28 行.
NOTIC: [2] key() expects parameter 1 to be array, null given E:\xampp\htdocs\thinkphp\Application\Sample_Mjmz\Controller\BaseController.class.php 第 39 行.
NOTIC: [8] Undefined index: type E:\xampp\htdocs\thinkphp\Application\Sample_Mjmz\Controller\BaseController.class.php 第 57 行.

[ 2019-01-15T22:40:35+08:00 ] 192.168.1.100 /thinkphp/Sample_Mjmz/JMessage/getArrays?public=1
INFO: [ app_init ] --START--
INFO: Run Behavior\BuildLiteBehavior [ RunTime:0.000022s ]
INFO: [ app_init ] --END-- [ RunTime:0.000523s ]
INFO: [ app_begin ] --START--
INFO: Run Behavior\ReadHtmlCacheBehavior [ RunTime:0.000710s ]
INFO: [ app_begin ] --END-- [ RunTime:0.000799s ]
NOTIC: [8] Use of undefined constant COM - assumed 'COM' E:\xampp\htdocs\thinkphp\Application\Sample_Mjmz\Controller\BaseController.class.php 第 28 行.
NOTIC: [2] key() expects parameter 1 to be array, null given E:\xampp\htdocs\thinkphp\Application\Sample_Mjmz\Controller\BaseController.class.php 第 39 行.
NOTIC: [8] Undefined index: type E:\xampp\htdocs\thinkphp\Application\Sample_Mjmz\Controller\BaseController.class.php 第 57 行.

[ 2019-01-15T22:40:35+08:00 ] 192.168.1.100 /thinkphp/Sample_Mjmz/JMessage/createChartRoom?public=1&limitAngel=1&describe=%E4%B8%80%E8%B5%B7%E6%9D%A5%E7%9B%B8%E4%BA%B2%E5%90%A7&pushAddress=cnRtcDovLzE5Mi4xNjguMS4xMDEvbGl2ZS9zdHJlYW0x%0A&limitMan=1&gender=%E7%94%B7&userName=wys30201&limitLevel=-1&limitLady=2&level=0&playAddress=cnRtcDovLzE5Mi4xNjguMS4xMDEvbGl2ZS9zdHJlYW0x%0A
INFO: [ app_init ] --START--
INFO: Run Behavior\BuildLiteBehavior [ RunTime:0.000047s ]
INFO: [ app_init ] --END-- [ RunTime:0.001213s ]
INFO: [ app_begin ] --START--
INFO: Run Behavior\ReadHtmlCacheBehavior [ RunTime:0.000772s ]
INFO: [ app_begin ] --END-- [ RunTime:0.000870s ]
SQL: SHOW COLUMNS FROM `xq_user_info` [ RunTime:0.0048s ]
SQL: SELECT `user_id`,`user_name`,`nick_name`,`gender`,`role_type`,`level`,`balance`,`age`,`tall`,`scholling`,`professional`,`native_place`,`marrige`,`job_address`,`phone`,`head_image`,`create_time`,`modify_time`,`special_info` FROM `xq_user_info` WHERE ( user_name='wys30201' ) LIMIT 1   [ RunTime:0.0005s ]
NOTIC: [8] Undefined variable: result E:\xampp\htdocs\thinkphp\Application\Sample_Mjmz\Custom\Jchart\JMChartRoomHandler.class.php 第 137 行.
NOTIC: [8] Undefined variable: result E:\xampp\htdocs\thinkphp\Application\Sample_Mjmz\Custom\Jchart\JMChartRoomHandler.class.php 第 139 行.
NOTIC: [2] Invalid argument supplied for foreach() E:\xampp\htdocs\thinkphp\Application\Sample_Mjmz\Custom\Jchart\JMChartRoomHandler.class.php 第 139 行.
NOTIC: [8] Undefined index: error E:\xampp\htdocs\thinkphp\Application\Sample_Mjmz\Custom\Jchart\JMChartRoomHandler.class.php 第 60 行.
SQL: SHOW COLUMNS FROM `xq_chat_room` [ RunTime:0.0115s ]
SQL: INSERT INTO `xq_chat_room` (`room_id`,`create_time`,`creater`,`describe`,`status`) VALUES ('12984621','1547563235','wys30201','一起来相亲吧','0') [ RunTime:0.4013s ]
SQL: SHOW COLUMNS FROM `xq_room_record` [ RunTime:0.0072s ]
SQL: SELECT * FROM `xq_room_record` WHERE ( user_name='wys30201' and room_id='12984621' ) LIMIT 1   [ RunTime:0.0005s ]
SQL: INSERT INTO `xq_room_record` (`room_id`,`status`,`user_name`,`enter_time`,`room_role_type`) VALUES ('12984621','0','wys30201','1547563235','1') [ RunTime:0.3277s ]
NOTIC: [8] Use of undefined constant COM - assumed 'COM' E:\xampp\htdocs\thinkphp\Application\Sample_Mjmz\Controller\BaseController.class.php 第 28 行.
NOTIC: [2] key() expects parameter 1 to be array, null given E:\xampp\htdocs\thinkphp\Application\Sample_Mjmz\Controller\BaseController.class.php 第 39 行.
NOTIC: [8] Undefined index: type E:\xampp\htdocs\thinkphp\Application\Sample_Mjmz\Controller\BaseController.class.php 第 57 行.

[ 2019-01-15T22:40:48+08:00 ] 192.168.1.100 /thinkphp/Sample_Mjmz/JMessage/deleteChartRoom?status=0&userName=wys30201&roomId=12984621
INFO: [ app_init ] --START--
INFO: Run Behavior\BuildLiteBehavior [ RunTime:0.000044s ]
INFO: [ app_init ] --END-- [ RunTime:0.000824s ]
INFO: [ app_begin ] --START--
INFO: Run Behavior\ReadHtmlCacheBehavior [ RunTime:0.000973s ]
INFO: [ app_begin ] --END-- [ RunTime:0.001088s ]
SQL: SHOW COLUMNS FROM `xq_chat_room` [ RunTime:0.0300s ]
SQL: SELECT * FROM `xq_chat_room` WHERE ( room_id='12984621' ) LIMIT 1   [ RunTime:0.0004s ]
SQL: UPDATE `xq_chat_room` SET `id`='17',`room_id`='12984621',`describe`='一起来相亲吧',`creater`='wys30201',`create_time`='1547563235',`delete_time`='1547563248',`status`='0' WHERE ( id='17' ) [ RunTime:0.2625s ]
SQL: SHOW COLUMNS FROM `xq_room_record` [ RunTime:0.0109s ]
SQL: SELECT * FROM `xq_room_record` WHERE ( user_name='wys30201' and room_id='12984621' ) LIMIT 1   [ RunTime:0.0008s ]
SQL: UPDATE `xq_room_record` SET `id`='40',`room_id`='12984621',`user_name`='wys30201',`status`='0',`enter_time`='1547563235',`exit_time`='1547563248',`room_role_type`='1' WHERE ( user_name='wys30201' and room_id='12984621' ) [ RunTime:0.0743s ]
NOTIC: [8] Undefined index: userName E:\xampp\htdocs\thinkphp\Application\Sample_Mjmz\Controller\JMessageController.class.php 第 332 行.
NOTIC: [8] Use of undefined constant COM - assumed 'COM' E:\xampp\htdocs\thinkphp\Application\Sample_Mjmz\Controller\BaseController.class.php 第 28 行.
NOTIC: [2] key() expects parameter 1 to be array, null given E:\xampp\htdocs\thinkphp\Application\Sample_Mjmz\Controller\BaseController.class.php 第 39 行.
NOTIC: [8] Undefined index: type E:\xampp\htdocs\thinkphp\Application\Sample_Mjmz\Controller\BaseController.class.php 第 57 行.

[ 2019-01-15T22:40:49+08:00 ] 192.168.1.100 /thinkphp/Sample_Mjmz/JMessage/getArrays?public=1
INFO: [ app_init ] --START--
INFO: Run Behavior\BuildLiteBehavior [ RunTime:0.000030s ]
INFO: [ app_init ] --END-- [ RunTime:0.000871s ]
INFO: [ app_begin ] --START--
INFO: Run Behavior\ReadHtmlCacheBehavior [ RunTime:0.001018s ]
INFO: [ app_begin ] --END-- [ RunTime:0.001155s ]
NOTIC: [8] Use of undefined constant COM - assumed 'COM' E:\xampp\htdocs\thinkphp\Application\Sample_Mjmz\Controller\BaseController.class.php 第 28 行.
NOTIC: [2] key() expects parameter 1 to be array, null given E:\xampp\htdocs\thinkphp\Application\Sample_Mjmz\Controller\BaseController.class.php 第 39 行.
NOTIC: [8] Undefined index: type E:\xampp\htdocs\thinkphp\Application\Sample_Mjmz\Controller\BaseController.class.php 第 57 行.

